
=============
== PyTorch ==
=============

NVIDIA Release 19.11 (build 8777600)
PyTorch Version 1.4.0a0+649135b

Container image Copyright (c) 2019, NVIDIA CORPORATION.  All rights reserved.

Copyright (c) 2014-2019 Facebook Inc.
Copyright (c) 2011-2014 Idiap Research Institute (Ronan Collobert)
Copyright (c) 2012-2014 Deepmind Technologies    (Koray Kavukcuoglu)
Copyright (c) 2011-2012 NEC Laboratories America (Koray Kavukcuoglu)
Copyright (c) 2011-2013 NYU                      (Clement Farabet)
Copyright (c) 2006-2010 NEC Laboratories America (Ronan Collobert, Leon Bottou, Iain Melvin, Jason Weston)
Copyright (c) 2006      Idiap Research Institute (Samy Bengio)
Copyright (c) 2001-2004 Idiap Research Institute (Ronan Collobert, Samy Bengio, Johnny Mariethoz)
Copyright (c) 2015      Google Inc.
Copyright (c) 2015      Yangqing Jia
Copyright (c) 2013-2016 The Caffe contributors
All rights reserved.

Various files include modifications (c) NVIDIA CORPORATION.  All rights reserved.
NVIDIA modifications are covered by the license terms that apply to the underlying project or file.

NOTE: MOFED driver for multi-node communication was not detected.
      Multi-node communication performance may be reduced.

NOTE: The SHMEM allocation limit is set to the default of 64MB.  This may be
   insufficient for PyTorch.  NVIDIA recommends the use of the following flags:
   nvidia-docker run --ipc=host ...

chtc_root.txt exist
.:
.
..
.chirp.config
.curl_plugin.in
.curl_plugin.out
.docker_sock
.job.ad
.machine.ad
.update.ad
_condor_stderr
_condor_stdout
chtc_root.txt
chtc_train_model.sh
condor_exec.exe
configs
docker_stderror
output
run
sequence_sets
sequences.tar.gz
source
staging.tar.gz
tmp
var

./configs:
.
..
config_1000_10.yaml
config_1000_100.yaml
config_1000_15.yaml
config_1000_2.yaml
config_1000_20.yaml
config_1000_30.yaml
config_1000_40.yaml
config_1000_5.yaml
config_1000_50.yaml
config_1000_500.yaml
config_200_10.yaml
config_200_100.yaml
config_200_15.yaml
config_200_2.yaml
config_200_20.yaml
config_200_30.yaml
config_200_40.yaml
config_200_5.yaml
config_200_50.yaml
config_200_500.yaml
config_500_10.yaml
config_500_100.yaml
config_500_15.yaml
config_500_2.yaml
config_500_20.yaml
config_500_30.yaml
config_500_40.yaml
config_500_5.yaml
config_500_50.yaml
config_500_500.yaml
configs.txt
make_configs.py

./output:
.
..

./run:
.
..
runmodel.sh

./sequence_sets:
.
..
.gitignore
README.md
cmx_aligned_blank_90.fasta
cmx_foreground.fasta
cmx_sequences.zip
processed_cmx_uniref100_90_80_10_100.fasta
processed_cmx_uniref100_90_80_10_100_small.fasta
test.fasta

./source:
.
..
dataloader.py
examine_model.py
make_dataset
model.py
plot_sequences.py
read_config.py
reweighting.py
train_model.py
utils.py

./source/make_dataset:
.
..
get_msa_stats.py
make_dataset.sh
process_msa.py

./tmp:
.
..

./var:
.
..
tmp

./var/tmp:
.
..
Weights do not exist. No weighted sampling will be done.
Max  memory usage:1316812
Epoch: 0	Time elapsed:0.00 sec
Max  memory usage:1464324
Epoch: 1	Time elapsed:25.81 sec
Max  memory usage:1464452
Epoch: 2	Time elapsed:47.97 sec
Max  memory usage:1468768
Epoch: 3	Time elapsed:70.29 sec
Max  memory usage:1468768
Epoch: 4	Time elapsed:92.13 sec
Max  memory usage:1468800
Epoch: 5	Time elapsed:114.86 sec
Max  memory usage:1468800
Epoch: 6	Time elapsed:139.09 sec
Max  memory usage:1468896
Epoch: 7	Time elapsed:161.96 sec
Max  memory usage:1468896
Epoch: 8	Time elapsed:184.73 sec
Max  memory usage:1468896
Epoch: 9	Time elapsed:207.35 sec
Max  memory usage:1468944
Epoch: 10	Time elapsed:230.12 sec
Max  memory usage:1468944
Epoch: 11	Time elapsed:252.44 sec
Max  memory usage:1468944
Epoch: 12	Time elapsed:275.38 sec
Max  memory usage:1468944
Epoch: 13	Time elapsed:298.51 sec
Max  memory usage:1468944
Epoch: 14	Time elapsed:320.26 sec
Max  memory usage:1468944
Epoch: 15	Time elapsed:342.77 sec
Max  memory usage:1468948
Epoch: 16	Time elapsed:366.05 sec
Max  memory usage:1468948
Epoch: 17	Time elapsed:388.00 sec
Max  memory usage:1468948
Epoch: 18	Time elapsed:410.29 sec
Max  memory usage:1468948
Epoch: 19	Time elapsed:432.33 sec
Max  memory usage:1468960
Epoch: 20	Time elapsed:454.36 sec
Max  memory usage:1468960
Epoch: 21	Time elapsed:476.89 sec
Max  memory usage:1468960
Epoch: 22	Time elapsed:500.39 sec
Max  memory usage:1468960
Epoch: 23	Time elapsed:522.98 sec
Max  memory usage:1469008
Epoch: 24	Time elapsed:545.31 sec
Max  memory usage:1469008
Epoch: 25	Time elapsed:567.46 sec
Max  memory usage:1470212
Epoch: 26	Time elapsed:590.40 sec
Max  memory usage:1470212
Epoch: 27	Time elapsed:612.95 sec
Max  memory usage:1470212
Epoch: 28	Time elapsed:635.36 sec
Max  memory usage:1470212
Epoch: 29	Time elapsed:657.92 sec
Max  memory usage:1470212
Epoch: 30	Time elapsed:684.05 sec
Max  memory usage:1470212
Epoch: 31	Time elapsed:708.51 sec
Max  memory usage:1470212
Epoch: 32	Time elapsed:732.26 sec
Max  memory usage:1470212
Epoch: 33	Time elapsed:755.64 sec
Max  memory usage:1470212
Epoch: 34	Time elapsed:780.27 sec
Max  memory usage:1470212
Epoch: 35	Time elapsed:803.29 sec
Max  memory usage:1470212
Epoch: 36	Time elapsed:826.28 sec
Max  memory usage:1470212
Epoch: 37	Time elapsed:848.88 sec
Max  memory usage:1470212
Epoch: 38	Time elapsed:871.56 sec
Max  memory usage:1470212
Epoch: 39	Time elapsed:894.19 sec
Max  memory usage:1470212
Epoch: 40	Time elapsed:917.19 sec
Max  memory usage:1470212
Epoch: 41	Time elapsed:940.52 sec
Max  memory usage:1470212
Epoch: 42	Time elapsed:963.52 sec
Max  memory usage:1470212
Epoch: 43	Time elapsed:986.75 sec
Max  memory usage:1470216
Epoch: 44	Time elapsed:1009.46 sec
Max  memory usage:1470456
Epoch: 45	Time elapsed:1032.05 sec
Max  memory usage:1470456
Epoch: 46	Time elapsed:1054.66 sec
Max  memory usage:1470456
Epoch: 47	Time elapsed:1077.00 sec
Max  memory usage:1470456
Epoch: 48	Time elapsed:1099.72 sec
Max  memory usage:1470456
Epoch: 49	Time elapsed:1123.40 sec
Max  memory usage:1470456
Epoch: 50	Time elapsed:1146.31 sec
Max  memory usage:1470456
Epoch: 51	Time elapsed:1171.11 sec
Max  memory usage:1470456
Epoch: 52	Time elapsed:1195.24 sec
Max  memory usage:1470456
Epoch: 53	Time elapsed:1218.26 sec
Max  memory usage:1470460
Epoch: 54	Time elapsed:1242.23 sec
Max  memory usage:1470460
Epoch: 55	Time elapsed:1266.02 sec
Max  memory usage:1470460
Epoch: 56	Time elapsed:1290.21 sec
Max  memory usage:1470460
Epoch: 57	Time elapsed:1313.15 sec
Max  memory usage:1470460
Epoch: 58	Time elapsed:1336.76 sec
Max  memory usage:1470460
Epoch: 59	Time elapsed:1361.83 sec
Max  memory usage:1470460
Epoch: 60	Time elapsed:1385.98 sec
Max  memory usage:1470460
Epoch: 61	Time elapsed:1409.65 sec
Max  memory usage:1470460
Epoch: 62	Time elapsed:1433.38 sec
Max  memory usage:1470460
Epoch: 63	Time elapsed:1457.05 sec
Max  memory usage:1470460
Epoch: 64	Time elapsed:1482.35 sec
Max  memory usage:1470460
Epoch: 65	Time elapsed:1508.17 sec
Max  memory usage:1470460
Epoch: 66	Time elapsed:1531.79 sec
Max  memory usage:1470460
Epoch: 67	Time elapsed:1554.81 sec
Max  memory usage:1470460
Epoch: 68	Time elapsed:1577.51 sec
Max  memory usage:1470460
Epoch: 69	Time elapsed:1599.59 sec
Max  memory usage:1470460
Epoch: 70	Time elapsed:1622.26 sec
Max  memory usage:1470460
Epoch: 71	Time elapsed:1644.13 sec
Max  memory usage:1470464
Epoch: 72	Time elapsed:1665.91 sec
Max  memory usage:1470464
Epoch: 73	Time elapsed:1687.17 sec
Max  memory usage:1470464
Epoch: 74	Time elapsed:1709.05 sec
Max  memory usage:1470464
Epoch: 75	Time elapsed:1731.18 sec
Max  memory usage:1470464
Epoch: 76	Time elapsed:1753.14 sec
Max  memory usage:1470464
Epoch: 77	Time elapsed:1775.85 sec
Max  memory usage:1470464
Epoch: 78	Time elapsed:1798.54 sec
Max  memory usage:1470464
Epoch: 79	Time elapsed:1820.91 sec
Max  memory usage:1470464
Epoch: 80	Time elapsed:1842.47 sec
Max  memory usage:1470464
Epoch: 81	Time elapsed:1864.73 sec
Max  memory usage:1470464
Epoch: 82	Time elapsed:1886.78 sec
Max  memory usage:1470464
Epoch: 83	Time elapsed:1908.68 sec
Max  memory usage:1470464
Epoch: 84	Time elapsed:1930.14 sec
Max  memory usage:1470464
Epoch: 85	Time elapsed:1952.08 sec
Max  memory usage:1470464
Epoch: 86	Time elapsed:1974.51 sec
Max  memory usage:1470464
Epoch: 87	Time elapsed:1996.72 sec
Max  memory usage:1470464
Epoch: 88	Time elapsed:2018.40 sec
Max  memory usage:1470464
Epoch: 89	Time elapsed:2040.18 sec
Max  memory usage:1470464
Epoch: 90	Time elapsed:2061.75 sec
Max  memory usage:1470464
Epoch: 91	Time elapsed:2083.34 sec
Max  memory usage:1470464
Epoch: 92	Time elapsed:2104.63 sec
Max  memory usage:1470464
Epoch: 93	Time elapsed:2125.67 sec
Max  memory usage:1470464
Epoch: 94	Time elapsed:2147.50 sec
Max  memory usage:1470464
Epoch: 95	Time elapsed:2169.32 sec
Max  memory usage:1470464
Epoch: 96	Time elapsed:2190.97 sec
Max  memory usage:1470464
Epoch: 97	Time elapsed:2212.56 sec
Max  memory usage:1470464
Epoch: 98	Time elapsed:2234.45 sec
Max  memory usage:1470464
Epoch: 99	Time elapsed:2256.47 sec
Max  memory usage:1470664
Epoch: 100	Time elapsed:2277.55 sec
Max  memory usage:1470664
Epoch: 101	Time elapsed:2298.70 sec
Max  memory usage:1470664
Epoch: 102	Time elapsed:2319.97 sec
Max  memory usage:1470664
Epoch: 103	Time elapsed:2342.60 sec
Max  memory usage:1470664
Epoch: 104	Time elapsed:2364.55 sec
Max  memory usage:1470664
Epoch: 105	Time elapsed:2386.38 sec
Max  memory usage:1470664
Epoch: 106	Time elapsed:2407.82 sec
Max  memory usage:1470664
Epoch: 107	Time elapsed:2430.01 sec
Max  memory usage:1470664
Epoch: 108	Time elapsed:2453.13 sec
Max  memory usage:1470664
Epoch: 109	Time elapsed:2474.52 sec
Max  memory usage:1470664
Epoch: 110	Time elapsed:2495.53 sec
Max  memory usage:1470664
Epoch: 111	Time elapsed:2516.79 sec
Max  memory usage:1470664
Epoch: 112	Time elapsed:2539.11 sec
Max  memory usage:1470664
Epoch: 113	Time elapsed:2561.50 sec
Max  memory usage:1470664
Epoch: 114	Time elapsed:2583.58 sec
Max  memory usage:1470664
Epoch: 115	Time elapsed:2605.34 sec
Max  memory usage:1470664
Epoch: 116	Time elapsed:2628.73 sec
Max  memory usage:1470668
Epoch: 117	Time elapsed:2650.73 sec
Max  memory usage:1470668
Epoch: 118	Time elapsed:2672.78 sec
Max  memory usage:1470668
Epoch: 119	Time elapsed:2694.48 sec
Max  memory usage:1470668
Epoch: 120	Time elapsed:2716.35 sec
Max  memory usage:1470668
Epoch: 121	Time elapsed:2738.28 sec
Max  memory usage:1470668
Epoch: 122	Time elapsed:2760.58 sec
Max  memory usage:1470668
Epoch: 123	Time elapsed:2782.34 sec
Max  memory usage:1470668
Epoch: 124	Time elapsed:2803.60 sec
Max  memory usage:1470668
Epoch: 125	Time elapsed:2824.63 sec
Max  memory usage:1470668
Epoch: 126	Time elapsed:2846.48 sec
Max  memory usage:1470668
Epoch: 127	Time elapsed:2867.88 sec
Max  memory usage:1470672
Epoch: 128	Time elapsed:2889.66 sec
Max  memory usage:1470672
Epoch: 129	Time elapsed:2910.94 sec
Max  memory usage:1470672
Epoch: 130	Time elapsed:2931.99 sec
Max  memory usage:1470672
Epoch: 131	Time elapsed:2953.99 sec
Max  memory usage:1470672
Epoch: 132	Time elapsed:2975.67 sec
Max  memory usage:1470672
Epoch: 133	Time elapsed:2997.08 sec
Max  memory usage:1470672
Epoch: 134	Time elapsed:3019.20 sec
Max  memory usage:1470672
Epoch: 135	Time elapsed:3040.82 sec
Max  memory usage:1470672
Epoch: 136	Time elapsed:3062.44 sec
Max  memory usage:1470672
Epoch: 137	Time elapsed:3083.81 sec
Max  memory usage:1470672
Epoch: 138	Time elapsed:3105.17 sec
Max  memory usage:1470676
Epoch: 139	Time elapsed:3126.39 sec
Max  memory usage:1470676
Epoch: 140	Time elapsed:3146.81 sec
Max  memory usage:1470676
Epoch: 141	Time elapsed:3167.77 sec
Max  memory usage:1470676
Epoch: 142	Time elapsed:3190.56 sec
Max  memory usage:1470676
Epoch: 143	Time elapsed:3211.53 sec
Max  memory usage:1470676
Epoch: 144	Time elapsed:3232.49 sec
Max  memory usage:1470676
Epoch: 145	Time elapsed:3253.88 sec
Max  memory usage:1470676
Epoch: 146	Time elapsed:3275.05 sec
Max  memory usage:1470676
Epoch: 147	Time elapsed:3296.24 sec
Max  memory usage:1470676
Epoch: 148	Time elapsed:3317.18 sec
Max  memory usage:1470676
Epoch: 149	Time elapsed:3338.60 sec
Max  memory usage:1470676
Epoch: 150	Time elapsed:3359.89 sec
Max  memory usage:1470676
Epoch: 151	Time elapsed:3381.07 sec
Max  memory usage:1470676
Epoch: 152	Time elapsed:3402.22 sec
Max  memory usage:1470676
Epoch: 153	Time elapsed:3422.99 sec
Max  memory usage:1476084
Epoch: 154	Time elapsed:3443.92 sec
Max  memory usage:1476084
Epoch: 155	Time elapsed:3464.91 sec
Max  memory usage:1476084
Epoch: 156	Time elapsed:3487.01 sec
Max  memory usage:1476084
Epoch: 157	Time elapsed:3508.24 sec
Max  memory usage:1476084
Epoch: 158	Time elapsed:3529.96 sec
Max  memory usage:1476084
Epoch: 159	Time elapsed:3552.52 sec
Max  memory usage:1476084
Epoch: 160	Time elapsed:3573.92 sec
Max  memory usage:1476084
Epoch: 161	Time elapsed:3594.94 sec
Max  memory usage:1476084
Epoch: 162	Time elapsed:3617.46 sec
Max  memory usage:1476084
Epoch: 163	Time elapsed:3639.54 sec
Max  memory usage:1476084
Epoch: 164	Time elapsed:3662.31 sec
Max  memory usage:1476084
Epoch: 165	Time elapsed:3684.66 sec
Max  memory usage:1476084
Epoch: 166	Time elapsed:3707.38 sec
Max  memory usage:1476084
Epoch: 167	Time elapsed:3729.69 sec
Max  memory usage:1476084
Epoch: 168	Time elapsed:3753.48 sec
Max  memory usage:1476084
Epoch: 169	Time elapsed:3777.25 sec
Max  memory usage:1476084
Epoch: 170	Time elapsed:3799.54 sec
Max  memory usage:1476084
Epoch: 171	Time elapsed:3821.49 sec
Max  memory usage:1476084
Epoch: 172	Time elapsed:3844.42 sec
Max  memory usage:1476084
Epoch: 173	Time elapsed:3866.81 sec
Max  memory usage:1476084
Epoch: 174	Time elapsed:3889.27 sec
Max  memory usage:1476084
Epoch: 175	Time elapsed:3911.62 sec
Max  memory usage:1476084
Epoch: 176	Time elapsed:3933.46 sec
Max  memory usage:1476084
Epoch: 177	Time elapsed:3956.13 sec
Max  memory usage:1476084
Epoch: 178	Time elapsed:3979.21 sec
Max  memory usage:1476084
Epoch: 179	Time elapsed:4002.17 sec
Max  memory usage:1476084
Epoch: 180	Time elapsed:4025.50 sec
Max  memory usage:1476084
Epoch: 181	Time elapsed:4048.52 sec
Max  memory usage:1476084
Epoch: 182	Time elapsed:4071.60 sec
Max  memory usage:1476084
Epoch: 183	Time elapsed:4094.17 sec
Max  memory usage:1476084
Epoch: 184	Time elapsed:4117.12 sec
Max  memory usage:1476084
Epoch: 185	Time elapsed:4139.51 sec
Max  memory usage:1476084
Epoch: 186	Time elapsed:4162.11 sec
Max  memory usage:1476084
Epoch: 187	Time elapsed:4184.97 sec
Max  memory usage:1476084
Epoch: 188	Time elapsed:4207.26 sec
Max  memory usage:1476132
Epoch: 189	Time elapsed:4230.61 sec
Max  memory usage:1476132
Epoch: 190	Time elapsed:4254.20 sec
Max  memory usage:1476132
Epoch: 191	Time elapsed:4278.54 sec
Max  memory usage:1476132
Epoch: 192	Time elapsed:4302.65 sec
Max  memory usage:1476132
Epoch: 193	Time elapsed:4325.14 sec
Max  memory usage:1476132
Epoch: 194	Time elapsed:4347.17 sec
Max  memory usage:1476132
Epoch: 195	Time elapsed:4369.46 sec
Max  memory usage:1476132
Epoch: 196	Time elapsed:4392.64 sec
Max  memory usage:1476260
Epoch: 197	Time elapsed:4414.49 sec
Max  memory usage:1477748
Epoch: 198	Time elapsed:4436.02 sec
Max  memory usage:1477768
Epoch: 199	Time elapsed:4457.50 sec
Max  memory usage:1477772
Epoch: 200	Time elapsed:4479.43 sec
Max  memory usage:1477796
Epoch: 201	Time elapsed:4501.23 sec
Max  memory usage:1477796
Epoch: 202	Time elapsed:4523.02 sec
Max  memory usage:1477836
Epoch: 203	Time elapsed:4545.87 sec
Max  memory usage:1477844
Epoch: 204	Time elapsed:4567.78 sec
Max  memory usage:1477848
Epoch: 205	Time elapsed:4589.18 sec
Max  memory usage:1477848
Epoch: 206	Time elapsed:4611.12 sec
Max  memory usage:1477864
Epoch: 207	Time elapsed:4633.61 sec
Max  memory usage:1477868
Epoch: 208	Time elapsed:4655.48 sec
Max  memory usage:1477876
Epoch: 209	Time elapsed:4677.36 sec
Max  memory usage:1477880
Epoch: 210	Time elapsed:4699.10 sec
Max  memory usage:1477880
Epoch: 211	Time elapsed:4720.81 sec
Max  memory usage:1477896
Epoch: 212	Time elapsed:4742.53 sec
Max  memory usage:1477908
Epoch: 213	Time elapsed:4764.31 sec
Max  memory usage:1477940
Epoch: 214	Time elapsed:4786.02 sec
Max  memory usage:1477960
Epoch: 215	Time elapsed:4807.66 sec
Max  memory usage:1477968
Epoch: 216	Time elapsed:4829.09 sec
Max  memory usage:1477984
Epoch: 217	Time elapsed:4850.63 sec
Max  memory usage:1477988
Epoch: 218	Time elapsed:4872.69 sec
Max  memory usage:1477996
Epoch: 219	Time elapsed:4894.73 sec
Max  memory usage:1478004
Epoch: 220	Time elapsed:4915.88 sec
Max  memory usage:1478008
Epoch: 221	Time elapsed:4936.86 sec
Max  memory usage:1478008
Epoch: 222	Time elapsed:4958.27 sec
Max  memory usage:1478008
Epoch: 223	Time elapsed:4980.41 sec
Max  memory usage:1478008
Epoch: 224	Time elapsed:5001.88 sec
Max  memory usage:1478008
Epoch: 225	Time elapsed:5023.89 sec
Max  memory usage:1480048
Epoch: 226	Time elapsed:5045.93 sec
Max  memory usage:1480048
Epoch: 227	Time elapsed:5067.33 sec
Max  memory usage:1480048
Epoch: 228	Time elapsed:5089.50 sec
Max  memory usage:1480048
Epoch: 229	Time elapsed:5112.48 sec
Max  memory usage:1480048
Epoch: 230	Time elapsed:5134.06 sec
Max  memory usage:1480048
Epoch: 231	Time elapsed:5155.20 sec
Max  memory usage:1480048
Epoch: 232	Time elapsed:5177.01 sec
Max  memory usage:1480048
Epoch: 233	Time elapsed:5197.84 sec
Max  memory usage:1480048
Epoch: 234	Time elapsed:5218.97 sec
Max  memory usage:1480048
Epoch: 235	Time elapsed:5239.30 sec
Max  memory usage:1480048
Epoch: 236	Time elapsed:5259.84 sec
Max  memory usage:1480048
Epoch: 237	Time elapsed:5280.81 sec
Max  memory usage:1480048
Epoch: 238	Time elapsed:5301.34 sec
Max  memory usage:1480048
Epoch: 239	Time elapsed:5321.50 sec
Max  memory usage:1480048
Epoch: 240	Time elapsed:5341.96 sec
Max  memory usage:1480048
Epoch: 241	Time elapsed:5362.95 sec
Max  memory usage:1480048
Epoch: 242	Time elapsed:5385.44 sec
Max  memory usage:1480048
Epoch: 243	Time elapsed:5406.67 sec
Max  memory usage:1480048
Epoch: 244	Time elapsed:5428.24 sec
Max  memory usage:1480048
Epoch: 245	Time elapsed:5449.75 sec
Max  memory usage:1480048
Epoch: 246	Time elapsed:5469.94 sec
Max  memory usage:1480048
Epoch: 247	Time elapsed:5490.23 sec
Max  memory usage:1480048
Epoch: 248	Time elapsed:5510.77 sec
Max  memory usage:1480052
Epoch: 249	Time elapsed:5532.10 sec
Max  memory usage:1480052
Epoch: 250	Time elapsed:5552.78 sec
Max  memory usage:1480052
Epoch: 251	Time elapsed:5573.90 sec
Max  memory usage:1480052
Epoch: 252	Time elapsed:5595.05 sec
Max  memory usage:1480052
Epoch: 253	Time elapsed:5616.67 sec
Max  memory usage:1480052
Epoch: 254	Time elapsed:5638.12 sec
Max  memory usage:1480052
Epoch: 255	Time elapsed:5659.69 sec
Max  memory usage:1480060
Epoch: 256	Time elapsed:5680.96 sec
Max  memory usage:1480156
Epoch: 257	Time elapsed:5702.24 sec
Max  memory usage:1480156
Epoch: 258	Time elapsed:5722.58 sec
Max  memory usage:1480156
Epoch: 259	Time elapsed:5743.51 sec
Max  memory usage:1480156
Epoch: 260	Time elapsed:5764.06 sec
Max  memory usage:1480156
Epoch: 261	Time elapsed:5784.54 sec
Max  memory usage:1480156
Epoch: 262	Time elapsed:5805.25 sec
Max  memory usage:1480156
Epoch: 263	Time elapsed:5825.85 sec
Max  memory usage:1480156
Epoch: 264	Time elapsed:5846.47 sec
Max  memory usage:1480156
Epoch: 265	Time elapsed:5867.38 sec
Max  memory usage:1480156
Epoch: 266	Time elapsed:5888.05 sec
Max  memory usage:1480156
Epoch: 267	Time elapsed:5909.41 sec
Max  memory usage:1480156
Epoch: 268	Time elapsed:5930.62 sec
Max  memory usage:1480156
Epoch: 269	Time elapsed:5953.36 sec
Max  memory usage:1480156
Epoch: 270	Time elapsed:5974.95 sec
Max  memory usage:1480156
Epoch: 271	Time elapsed:5996.56 sec
Max  memory usage:1480156
Epoch: 272	Time elapsed:6018.12 sec
Max  memory usage:1480156
Epoch: 273	Time elapsed:6040.29 sec
Max  memory usage:1480156
Epoch: 274	Time elapsed:6062.05 sec
Max  memory usage:1480156
Epoch: 275	Time elapsed:6083.35 sec
Max  memory usage:1480156
Epoch: 276	Time elapsed:6103.79 sec
Max  memory usage:1480156
Epoch: 277	Time elapsed:6125.20 sec
Max  memory usage:1480156
Epoch: 278	Time elapsed:6147.14 sec
Max  memory usage:1480156
Epoch: 279	Time elapsed:6170.02 sec
Max  memory usage:1480156
Epoch: 280	Time elapsed:6192.50 sec
Max  memory usage:1480156
Epoch: 281	Time elapsed:6214.32 sec
Max  memory usage:1480156
Epoch: 282	Time elapsed:6236.16 sec
Max  memory usage:1480156
Epoch: 283	Time elapsed:6257.40 sec
Max  memory usage:1480156
Epoch: 284	Time elapsed:6278.64 sec
Max  memory usage:1480156
Epoch: 285	Time elapsed:6300.26 sec
Max  memory usage:1480156
Epoch: 286	Time elapsed:6322.35 sec
Max  memory usage:1480156
Epoch: 287	Time elapsed:6345.01 sec
Max  memory usage:1480156
Epoch: 288	Time elapsed:6366.76 sec
Max  memory usage:1480156
Epoch: 289	Time elapsed:6388.91 sec
Max  memory usage:1480156
Epoch: 290	Time elapsed:6411.52 sec
Max  memory usage:1480156
Epoch: 291	Time elapsed:6433.59 sec
Max  memory usage:1480156
Epoch: 292	Time elapsed:6455.31 sec
Max  memory usage:1480156
Epoch: 293	Time elapsed:6477.26 sec
Max  memory usage:1480156
Epoch: 294	Time elapsed:6499.39 sec
Max  memory usage:1480156
Epoch: 295	Time elapsed:6522.05 sec
Max  memory usage:1480156
Epoch: 296	Time elapsed:6543.98 sec
Max  memory usage:1480156
Epoch: 297	Time elapsed:6565.78 sec
Max  memory usage:1480156
Epoch: 298	Time elapsed:6587.22 sec
Max  memory usage:1480156
Epoch: 299	Time elapsed:6608.34 sec
Max  memory usage:1480156
Epoch: 300	Time elapsed:6629.54 sec
Max  memory usage:1480156
Epoch: 301	Time elapsed:6651.24 sec
Max  memory usage:1480156
Epoch: 302	Time elapsed:6673.03 sec
Max  memory usage:1480156
Epoch: 303	Time elapsed:6694.65 sec
Max  memory usage:1480156
Epoch: 304	Time elapsed:6716.36 sec
Max  memory usage:1480156
Epoch: 305	Time elapsed:6737.66 sec
Max  memory usage:1480156
Epoch: 306	Time elapsed:6758.44 sec
Max  memory usage:1480156
Epoch: 307	Time elapsed:6779.61 sec
Max  memory usage:1480156
Epoch: 308	Time elapsed:6800.77 sec
Max  memory usage:1480156
Epoch: 309	Time elapsed:6821.93 sec
Max  memory usage:1480156
Epoch: 310	Time elapsed:6843.57 sec
Max  memory usage:1480156
Epoch: 311	Time elapsed:6864.53 sec
Max  memory usage:1480156
Epoch: 312	Time elapsed:6885.60 sec
Max  memory usage:1480156
Epoch: 313	Time elapsed:6907.10 sec
Max  memory usage:1480156
Epoch: 314	Time elapsed:6928.68 sec
Max  memory usage:1480156
Epoch: 315	Time elapsed:6950.67 sec
Max  memory usage:1480156
Epoch: 316	Time elapsed:6972.54 sec
Max  memory usage:1480156
Epoch: 317	Time elapsed:6993.99 sec
Max  memory usage:1480156
Epoch: 318	Time elapsed:7015.59 sec
Max  memory usage:1480156
Epoch: 319	Time elapsed:7037.19 sec
Max  memory usage:1480156
Epoch: 320	Time elapsed:7059.50 sec
Max  memory usage:1480156
Epoch: 321	Time elapsed:7081.27 sec
Max  memory usage:1480156
Epoch: 322	Time elapsed:7102.93 sec
Max  memory usage:1480156
Epoch: 323	Time elapsed:7124.67 sec
Max  memory usage:1480592
Epoch: 324	Time elapsed:7145.89 sec
Max  memory usage:1480592
Epoch: 325	Time elapsed:7167.38 sec
Max  memory usage:1480592
Epoch: 326	Time elapsed:7188.96 sec
Max  memory usage:1480592
Epoch: 327	Time elapsed:7210.51 sec
Max  memory usage:1480592
Epoch: 328	Time elapsed:7231.92 sec
Max  memory usage:1480592
Epoch: 329	Time elapsed:7253.17 sec
Max  memory usage:1480592
Epoch: 330	Time elapsed:7274.84 sec
Max  memory usage:1480592
Epoch: 331	Time elapsed:7296.05 sec
Max  memory usage:1480592
Epoch: 332	Time elapsed:7317.61 sec
Max  memory usage:1480592
Epoch: 333	Time elapsed:7339.24 sec
Max  memory usage:1480592
Epoch: 334	Time elapsed:7361.10 sec
Max  memory usage:1480592
Epoch: 335	Time elapsed:7382.74 sec
Max  memory usage:1480592
Epoch: 336	Time elapsed:7404.60 sec
Max  memory usage:1480592
Epoch: 337	Time elapsed:7426.18 sec
Max  memory usage:1480592
Epoch: 338	Time elapsed:7448.07 sec
Max  memory usage:1480592
Epoch: 339	Time elapsed:7469.75 sec
Max  memory usage:1480592
Epoch: 340	Time elapsed:7491.68 sec
Max  memory usage:1480592
Epoch: 341	Time elapsed:7513.62 sec
Max  memory usage:1480592
Epoch: 342	Time elapsed:7535.71 sec
Max  memory usage:1480592
Epoch: 343	Time elapsed:7557.59 sec
Max  memory usage:1480592
Epoch: 344	Time elapsed:7578.62 sec
Max  memory usage:1480592
Epoch: 345	Time elapsed:7600.26 sec
Max  memory usage:1480592
Epoch: 346	Time elapsed:7622.20 sec
Max  memory usage:1480592
Epoch: 347	Time elapsed:7643.77 sec
Max  memory usage:1480592
Epoch: 348	Time elapsed:7665.31 sec
Max  memory usage:1480592
Epoch: 349	Time elapsed:7686.46 sec
Max  memory usage:1480592
Epoch: 350	Time elapsed:7707.83 sec
Max  memory usage:1480592
Epoch: 351	Time elapsed:7729.33 sec
Max  memory usage:1480592
Epoch: 352	Time elapsed:7750.62 sec
Max  memory usage:1480600
Epoch: 353	Time elapsed:7771.90 sec
Max  memory usage:1480600
Epoch: 354	Time elapsed:7792.78 sec
Max  memory usage:1480600
Epoch: 355	Time elapsed:7813.71 sec
Max  memory usage:1480600
Epoch: 356	Time elapsed:7835.30 sec
Max  memory usage:1480600
Epoch: 357	Time elapsed:7857.66 sec
Max  memory usage:1480640
Epoch: 358	Time elapsed:7879.86 sec
Max  memory usage:1480640
Epoch: 359	Time elapsed:7901.33 sec
Max  memory usage:1480640
Epoch: 360	Time elapsed:7922.72 sec
Max  memory usage:1480640
Epoch: 361	Time elapsed:7944.07 sec
Max  memory usage:1480640
Epoch: 362	Time elapsed:7965.36 sec
Max  memory usage:1480640
Epoch: 363	Time elapsed:7986.61 sec
Max  memory usage:1480640
Epoch: 364	Time elapsed:8007.78 sec
Max  memory usage:1480640
Epoch: 365	Time elapsed:8028.78 sec
Max  memory usage:1480640
Epoch: 366	Time elapsed:8050.01 sec
Max  memory usage:1480640
Epoch: 367	Time elapsed:8071.48 sec
Max  memory usage:1480640
Epoch: 368	Time elapsed:8093.06 sec
Max  memory usage:1480640
Epoch: 369	Time elapsed:8114.48 sec
Max  memory usage:1480640
Epoch: 370	Time elapsed:8136.57 sec
Max  memory usage:1480644
Epoch: 371	Time elapsed:8158.17 sec
Max  memory usage:1480644
Epoch: 372	Time elapsed:8179.67 sec
Max  memory usage:1480644
Epoch: 373	Time elapsed:8201.20 sec
Max  memory usage:1480836
Epoch: 374	Time elapsed:8222.89 sec
Max  memory usage:1480836
Epoch: 375	Time elapsed:8244.41 sec
Max  memory usage:1480836
Epoch: 376	Time elapsed:8266.23 sec
Max  memory usage:1480836
Epoch: 377	Time elapsed:8287.57 sec
Max  memory usage:1480836
Epoch: 378	Time elapsed:8309.23 sec
Max  memory usage:1480836
Epoch: 379	Time elapsed:8330.73 sec
Max  memory usage:1480836
Epoch: 380	Time elapsed:8352.41 sec
Max  memory usage:1480836
Epoch: 381	Time elapsed:8373.56 sec
Max  memory usage:1480836
Epoch: 382	Time elapsed:8394.83 sec
Max  memory usage:1480836
Epoch: 383	Time elapsed:8417.21 sec
Max  memory usage:1480836
Epoch: 384	Time elapsed:8439.37 sec
Max  memory usage:1480836
Epoch: 385	Time elapsed:8461.36 sec
Max  memory usage:1480836
Epoch: 386	Time elapsed:8483.26 sec
Max  memory usage:1480836
Epoch: 387	Time elapsed:8504.69 sec
Max  memory usage:1480836
Epoch: 388	Time elapsed:8525.83 sec
Max  memory usage:1480840
Epoch: 389	Time elapsed:8547.43 sec
Max  memory usage:1480840
Epoch: 390	Time elapsed:8568.49 sec
Max  memory usage:1480840
Epoch: 391	Time elapsed:8589.76 sec
Max  memory usage:1480840
Epoch: 392	Time elapsed:8611.25 sec
Max  memory usage:1480840
Epoch: 393	Time elapsed:8633.04 sec
Max  memory usage:1480840
Epoch: 394	Time elapsed:8654.86 sec
Max  memory usage:1480840
Epoch: 395	Time elapsed:8676.39 sec
Max  memory usage:1480840
Epoch: 396	Time elapsed:8697.93 sec
Max  memory usage:1480840
Epoch: 397	Time elapsed:8719.08 sec
Max  memory usage:1480840
Epoch: 398	Time elapsed:8741.22 sec
Max  memory usage:1480840
Epoch: 399	Time elapsed:8763.36 sec
Max  memory usage:1480840
Epoch: 400	Time elapsed:8784.64 sec
Max  memory usage:1480840
Epoch: 401	Time elapsed:8805.84 sec
Max  memory usage:1480840
Epoch: 402	Time elapsed:8827.57 sec
Max  memory usage:1480840
Epoch: 403	Time elapsed:8849.51 sec
Max  memory usage:1480840
Epoch: 404	Time elapsed:8871.04 sec
Max  memory usage:1480840
Epoch: 405	Time elapsed:8892.73 sec
Max  memory usage:1480840
Epoch: 406	Time elapsed:8914.46 sec
Max  memory usage:1480840
Epoch: 407	Time elapsed:8936.60 sec
Max  memory usage:1480840
Epoch: 408	Time elapsed:8958.18 sec
Max  memory usage:1480840
Epoch: 409	Time elapsed:8979.64 sec
Max  memory usage:1480840
Epoch: 410	Time elapsed:9001.34 sec
Max  memory usage:1480840
Epoch: 411	Time elapsed:9023.02 sec
Max  memory usage:1480840
Epoch: 412	Time elapsed:9044.60 sec
Max  memory usage:1480840
Epoch: 413	Time elapsed:9066.14 sec
Max  memory usage:1480840
Epoch: 414	Time elapsed:9087.92 sec
Max  memory usage:1480840
Epoch: 415	Time elapsed:9109.18 sec
Max  memory usage:1480840
Epoch: 416	Time elapsed:9130.78 sec
Max  memory usage:1480840
Epoch: 417	Time elapsed:9152.42 sec
Max  memory usage:1480840
Epoch: 418	Time elapsed:9174.06 sec
Max  memory usage:1480840
Epoch: 419	Time elapsed:9195.76 sec
Max  memory usage:1480840
Epoch: 420	Time elapsed:9217.93 sec
Max  memory usage:1480840
Epoch: 421	Time elapsed:9239.42 sec
Max  memory usage:1480840
Epoch: 422	Time elapsed:9261.42 sec
Max  memory usage:1480840
Epoch: 423	Time elapsed:9283.82 sec
Max  memory usage:1480840
Epoch: 424	Time elapsed:9305.54 sec
Max  memory usage:1480840
Epoch: 425	Time elapsed:9327.53 sec
Max  memory usage:1480840
Epoch: 426	Time elapsed:9350.15 sec
Max  memory usage:1480840
Epoch: 427	Time elapsed:9372.28 sec
Max  memory usage:1480840
Epoch: 428	Time elapsed:9395.05 sec
Max  memory usage:1480840
Epoch: 429	Time elapsed:9416.79 sec
Max  memory usage:1480840
Epoch: 430	Time elapsed:9438.44 sec
Max  memory usage:1480840
Epoch: 431	Time elapsed:9459.65 sec
Max  memory usage:1480840
Epoch: 432	Time elapsed:9481.01 sec
Max  memory usage:1480840
Epoch: 433	Time elapsed:9502.37 sec
Max  memory usage:1480840
Epoch: 434	Time elapsed:9523.96 sec
Max  memory usage:1480840
Epoch: 435	Time elapsed:9545.13 sec
Max  memory usage:1480840
Epoch: 436	Time elapsed:9566.41 sec
Max  memory usage:1480840
Epoch: 437	Time elapsed:9587.78 sec
Max  memory usage:1480840
Epoch: 438	Time elapsed:9609.21 sec
Max  memory usage:1480840
Epoch: 439	Time elapsed:9630.47 sec
Max  memory usage:1480840
Epoch: 440	Time elapsed:9651.76 sec
Max  memory usage:1480840
Epoch: 441	Time elapsed:9672.87 sec
Max  memory usage:1480840
Epoch: 442	Time elapsed:9694.78 sec
Max  memory usage:1480840
Epoch: 443	Time elapsed:9715.72 sec
Max  memory usage:1480840
Epoch: 444	Time elapsed:9737.42 sec
Max  memory usage:1480840
Epoch: 445	Time elapsed:9758.86 sec
Max  memory usage:1480840
Epoch: 446	Time elapsed:9780.48 sec
Max  memory usage:1480840
Epoch: 447	Time elapsed:9801.76 sec
Max  memory usage:1480840
Epoch: 448	Time elapsed:9822.79 sec
Max  memory usage:1480840
Epoch: 449	Time elapsed:9844.30 sec
Max  memory usage:1480840
Epoch: 450	Time elapsed:9865.89 sec
Max  memory usage:1480840
Epoch: 451	Time elapsed:9887.27 sec
Max  memory usage:1480840
Epoch: 452	Time elapsed:9908.74 sec
Max  memory usage:1480840
Epoch: 453	Time elapsed:9929.82 sec
Max  memory usage:1480840
Epoch: 454	Time elapsed:9952.23 sec
Max  memory usage:1480840
Epoch: 455	Time elapsed:9973.49 sec
Max  memory usage:1480840
Epoch: 456	Time elapsed:9994.65 sec
Max  memory usage:1480840
Epoch: 457	Time elapsed:10016.03 sec
Max  memory usage:1480840
Epoch: 458	Time elapsed:10038.24 sec
Max  memory usage:1480840
Epoch: 459	Time elapsed:10059.70 sec
Max  memory usage:1480840
Epoch: 460	Time elapsed:10081.40 sec
Max  memory usage:1480840
Epoch: 461	Time elapsed:10102.18 sec
Max  memory usage:1480840
Epoch: 462	Time elapsed:10123.55 sec
Max  memory usage:1480840
Epoch: 463	Time elapsed:10144.27 sec
Max  memory usage:1480840
Epoch: 464	Time elapsed:10165.94 sec
Max  memory usage:1480840
Epoch: 465	Time elapsed:10187.98 sec
Max  memory usage:1480840
Epoch: 466	Time elapsed:10209.43 sec
Max  memory usage:1480840
Epoch: 467	Time elapsed:10230.86 sec
Max  memory usage:1480840
Epoch: 468	Time elapsed:10252.14 sec
Max  memory usage:1480840
Epoch: 469	Time elapsed:10273.91 sec
Max  memory usage:1480840
Epoch: 470	Time elapsed:10295.09 sec
Max  memory usage:1480840
Epoch: 471	Time elapsed:10316.27 sec
Max  memory usage:1480840
Epoch: 472	Time elapsed:10337.69 sec
Max  memory usage:1480840
Epoch: 473	Time elapsed:10359.38 sec
Max  memory usage:1480840
Epoch: 474	Time elapsed:10380.87 sec
Max  memory usage:1480840
Epoch: 475	Time elapsed:10402.12 sec
Max  memory usage:1480840
Epoch: 476	Time elapsed:10423.22 sec
Max  memory usage:1480840
Epoch: 477	Time elapsed:10445.06 sec
Max  memory usage:1480840
Epoch: 478	Time elapsed:10466.12 sec
Max  memory usage:1480840
Epoch: 479	Time elapsed:10487.54 sec
Max  memory usage:1480840
Epoch: 480	Time elapsed:10509.75 sec
Max  memory usage:1480840
Epoch: 481	Time elapsed:10532.05 sec
Max  memory usage:1480840
Epoch: 482	Time elapsed:10554.07 sec
Max  memory usage:1480840
Epoch: 483	Time elapsed:10576.00 sec
Max  memory usage:1480840
Epoch: 484	Time elapsed:10597.48 sec
Max  memory usage:1480840
Epoch: 485	Time elapsed:10619.20 sec
Max  memory usage:1480840
Epoch: 486	Time elapsed:10640.87 sec
Max  memory usage:1480840
Epoch: 487	Time elapsed:10662.09 sec
Max  memory usage:1480840
Epoch: 488	Time elapsed:10684.09 sec
Max  memory usage:1480840
Epoch: 489	Time elapsed:10705.45 sec
Max  memory usage:1480840
Epoch: 490	Time elapsed:10727.00 sec
Max  memory usage:1480840
Epoch: 491	Time elapsed:10748.89 sec
Max  memory usage:1480840
Epoch: 492	Time elapsed:10770.59 sec
Max  memory usage:1480844
Epoch: 493	Time elapsed:10792.30 sec
Max  memory usage:1480844
Epoch: 494	Time elapsed:10814.18 sec
Max  memory usage:1480844
Epoch: 495	Time elapsed:10835.69 sec
Max  memory usage:1480844
Epoch: 496	Time elapsed:10857.59 sec
Max  memory usage:1480844
Epoch: 497	Time elapsed:10879.02 sec
Max  memory usage:1480844
Epoch: 498	Time elapsed:10900.53 sec
Max  memory usage:1480844
Epoch: 499	Time elapsed:10921.43 sec
Saving Graph of loss function
Saving Latent space
Loading saved model...
