000 (6203219.012.000) 2020-05-26 09:44:28 Job submitted from host: <128.104.101.92:9618?addrs=128.104.101.92-9618+[2607-f388-107c-501-a236-9fff-fe3c-caa8]-9618&alias=submit2.chtc.wisc.edu&noUDP&sock=schedd_3841921_d3c3>
...
040 (6203219.012.000) 2020-05-27 04:59:59 Started transferring input files
	Transferring to host: <128.105.244.149:9618?addrs=128.105.244.149-9618&alias=gpulab2003.chtc.wisc.edu&noUDP&sock=slot1_5_6111_8092_1778>
...
040 (6203219.012.000) 2020-05-27 04:59:59 Finished transferring input files
...
001 (6203219.012.000) 2020-05-27 05:00:00 Job executing on host: <128.105.244.149:9618?addrs=128.105.244.149-9618&alias=gpulab2003.chtc.wisc.edu&noUDP&sock=startd_4749_ff5a>
...
006 (6203219.012.000) 2020-05-27 05:00:09 Image size of job updated: 724
	724  -  MemoryUsage of job (MB)
	741976  -  ResidentSetSize of job (KB)
...
006 (6203219.012.000) 2020-05-27 05:05:11 Image size of job updated: 1043
	1043  -  MemoryUsage of job (MB)
	1068612  -  ResidentSetSize of job (KB)
...
006 (6203219.012.000) 2020-05-27 05:10:11 Image size of job updated: 1045
	1045  -  MemoryUsage of job (MB)
	1070260  -  ResidentSetSize of job (KB)
...
006 (6203219.012.000) 2020-05-27 05:15:11 Image size of job updated: 1046
	1046  -  MemoryUsage of job (MB)
	1071488  -  ResidentSetSize of job (KB)
...
006 (6203219.012.000) 2020-05-27 05:20:11 Image size of job updated: 1046
	1046  -  MemoryUsage of job (MB)
	1071496  -  ResidentSetSize of job (KB)
...
006 (6203219.012.000) 2020-05-27 05:25:12 Image size of job updated: 1046
	1046  -  MemoryUsage of job (MB)
	1071688  -  ResidentSetSize of job (KB)
...
006 (6203219.012.000) 2020-05-27 05:30:13 Image size of job updated: 1046
	1046  -  MemoryUsage of job (MB)
	1071692  -  ResidentSetSize of job (KB)
...
006 (6203219.012.000) 2020-05-27 05:35:14 Image size of job updated: 1046
	1046  -  MemoryUsage of job (MB)
	1071696  -  ResidentSetSize of job (KB)
...
006 (6203219.012.000) 2020-05-27 05:50:14 Image size of job updated: 1046
	1046  -  MemoryUsage of job (MB)
	1071700  -  ResidentSetSize of job (KB)
...
006 (6203219.012.000) 2020-05-27 05:55:15 Image size of job updated: 1046
	1046  -  MemoryUsage of job (MB)
	1071704  -  ResidentSetSize of job (KB)
...
006 (6203219.012.000) 2020-05-27 06:00:15 Image size of job updated: 1046
	1046  -  MemoryUsage of job (MB)
	1071708  -  ResidentSetSize of job (KB)
...
006 (6203219.012.000) 2020-05-27 06:05:16 Image size of job updated: 1046
	1046  -  MemoryUsage of job (MB)
	1071712  -  ResidentSetSize of job (KB)
...
006 (6203219.012.000) 2020-05-27 07:00:24 Image size of job updated: 1046
	1046  -  MemoryUsage of job (MB)
	1071716  -  ResidentSetSize of job (KB)
...
006 (6203219.012.000) 2020-05-27 07:05:25 Image size of job updated: 1046
	1046  -  MemoryUsage of job (MB)
	1071720  -  ResidentSetSize of job (KB)
...
006 (6203219.012.000) 2020-05-27 07:45:29 Image size of job updated: 1046
	1046  -  MemoryUsage of job (MB)
	1071728  -  ResidentSetSize of job (KB)
...
006 (6203219.012.000) 2020-05-27 07:55:31 Image size of job updated: 1046
	1046  -  MemoryUsage of job (MB)
	1071732  -  ResidentSetSize of job (KB)
...
006 (6203219.012.000) 2020-05-27 08:05:31 Image size of job updated: 1048
	1048  -  MemoryUsage of job (MB)
	1073444  -  ResidentSetSize of job (KB)
...
006 (6203219.012.000) 2020-05-27 08:10:32 Image size of job updated: 1048
	1048  -  MemoryUsage of job (MB)
	1073588  -  ResidentSetSize of job (KB)
...
006 (6203219.012.000) 2020-05-27 08:15:32 Image size of job updated: 1050
	1050  -  MemoryUsage of job (MB)
	1075648  -  ResidentSetSize of job (KB)
...
006 (6203219.012.000) 2020-05-27 08:50:34 Image size of job updated: 1050
	1050  -  MemoryUsage of job (MB)
	1075652  -  ResidentSetSize of job (KB)
...
006 (6203219.012.000) 2020-05-27 08:54:33 Image size of job updated: 5726
	5726  -  MemoryUsage of job (MB)
	5863432  -  ResidentSetSize of job (KB)
...
040 (6203219.012.000) 2020-05-27 08:54:34 Started transferring output files
...
040 (6203219.012.000) 2020-05-27 08:55:06 Finished transferring output files
...
005 (6203219.012.000) 2020-05-27 08:55:07 Job terminated.
	(1) Normal termination (return value 0)
		Usr 0 00:00:00, Sys 0 00:00:00  -  Run Remote Usage
		Usr 0 00:00:00, Sys 0 00:00:00  -  Run Local Usage
		Usr 0 00:00:00, Sys 0 00:00:00  -  Total Remote Usage
		Usr 0 00:00:00, Sys 0 00:00:00  -  Total Local Usage
	2159845888  -  Run Bytes Sent By Job
	16282  -  Run Bytes Received By Job
	2159845888  -  Total Bytes Sent By Job
	16282  -  Total Bytes Received By Job
	Partitionable Resources :      Usage  Request Allocated Assigned
	   Cpus                 :       0.00        1         1 
	   Disk (KB)            : 2132279    10485760  16517554 
	   Gpus (Average)       :       0.05        1         1 "CUDA4"
	   GpusMemory (MB)      :     829                       
	   IoHeavy              :                             0 
	   Memory (MB)          :    5726       20480     20480 

	Job terminated of its own accord at 2020-05-27T13:54:33Z.
...
