
=============
== PyTorch ==
=============

NVIDIA Release 19.11 (build 8777600)
PyTorch Version 1.4.0a0+649135b

Container image Copyright (c) 2019, NVIDIA CORPORATION.  All rights reserved.

Copyright (c) 2014-2019 Facebook Inc.
Copyright (c) 2011-2014 Idiap Research Institute (Ronan Collobert)
Copyright (c) 2012-2014 Deepmind Technologies    (Koray Kavukcuoglu)
Copyright (c) 2011-2012 NEC Laboratories America (Koray Kavukcuoglu)
Copyright (c) 2011-2013 NYU                      (Clement Farabet)
Copyright (c) 2006-2010 NEC Laboratories America (Ronan Collobert, Leon Bottou, Iain Melvin, Jason Weston)
Copyright (c) 2006      Idiap Research Institute (Samy Bengio)
Copyright (c) 2001-2004 Idiap Research Institute (Ronan Collobert, Samy Bengio, Johnny Mariethoz)
Copyright (c) 2015      Google Inc.
Copyright (c) 2015      Yangqing Jia
Copyright (c) 2013-2016 The Caffe contributors
All rights reserved.

Various files include modifications (c) NVIDIA CORPORATION.  All rights reserved.
NVIDIA modifications are covered by the license terms that apply to the underlying project or file.

NOTE: MOFED driver for multi-node communication was not detected.
      Multi-node communication performance may be reduced.

NOTE: The SHMEM allocation limit is set to the default of 64MB.  This may be
   insufficient for PyTorch.  NVIDIA recommends the use of the following flags:
   nvidia-docker run --ipc=host ...

chtc_root.txt exist
.:
.
..
.chirp.config
.curl_plugin.in
.curl_plugin.out
.docker_sock
.job.ad
.machine.ad
.update.ad
_condor_stderr
_condor_stdout
chtc_root.txt
chtc_train_model.sh
condor_exec.exe
configs
docker_stderror
output
run
sequence_sets
sequences.tar.gz
source
staging.tar.gz
tmp
var

./configs:
.
..
config_1000_10.yaml
config_1000_100.yaml
config_1000_15.yaml
config_1000_2.yaml
config_1000_20.yaml
config_1000_30.yaml
config_1000_40.yaml
config_1000_5.yaml
config_1000_50.yaml
config_1000_500.yaml
config_200_10.yaml
config_200_100.yaml
config_200_15.yaml
config_200_2.yaml
config_200_20.yaml
config_200_30.yaml
config_200_40.yaml
config_200_5.yaml
config_200_50.yaml
config_200_500.yaml
config_500_10.yaml
config_500_100.yaml
config_500_15.yaml
config_500_2.yaml
config_500_20.yaml
config_500_30.yaml
config_500_40.yaml
config_500_5.yaml
config_500_50.yaml
config_500_500.yaml
configs.txt
make_configs.py

./output:
.
..

./run:
.
..
runmodel.sh

./sequence_sets:
.
..
.gitignore
README.md
cmx_aligned_blank_90.fasta
cmx_foreground.fasta
cmx_sequences.zip
processed_cmx_uniref100_90_80_10_100.fasta
processed_cmx_uniref100_90_80_10_100_small.fasta
test.fasta

./source:
.
..
dataloader.py
examine_model.py
make_dataset
model.py
plot_sequences.py
read_config.py
reweighting.py
train_model.py
utils.py

./source/make_dataset:
.
..
get_msa_stats.py
make_dataset.sh
process_msa.py

./tmp:
.
..

./var:
.
..
tmp

./var/tmp:
.
..
Weights do not exist. No weighted sampling will be done.
Max  memory usage:1250940
Epoch: 0	Time elapsed:0.00 sec
Max  memory usage:1471008
Epoch: 1	Time elapsed:27.76 sec
Max  memory usage:1471036
Epoch: 2	Time elapsed:55.21 sec
Max  memory usage:1471048
Epoch: 3	Time elapsed:86.01 sec
Max  memory usage:1477232
Epoch: 4	Time elapsed:114.35 sec
Max  memory usage:1477232
Epoch: 5	Time elapsed:141.47 sec
Max  memory usage:1477232
Epoch: 6	Time elapsed:169.32 sec
Max  memory usage:1477232
Epoch: 7	Time elapsed:195.85 sec
Max  memory usage:1477232
Epoch: 8	Time elapsed:221.14 sec
Max  memory usage:1477232
Epoch: 9	Time elapsed:244.92 sec
Max  memory usage:1477268
Epoch: 10	Time elapsed:271.13 sec
Max  memory usage:1477268
Epoch: 11	Time elapsed:298.33 sec
Max  memory usage:1477268
Epoch: 12	Time elapsed:325.69 sec
Max  memory usage:1477268
Epoch: 13	Time elapsed:352.89 sec
Max  memory usage:1477268
Epoch: 14	Time elapsed:379.65 sec
Max  memory usage:1477268
Epoch: 15	Time elapsed:407.33 sec
Max  memory usage:1477272
Epoch: 16	Time elapsed:434.39 sec
Max  memory usage:1477272
Epoch: 17	Time elapsed:461.29 sec
Max  memory usage:1477272
Epoch: 18	Time elapsed:490.26 sec
Max  memory usage:1477272
Epoch: 19	Time elapsed:517.20 sec
Max  memory usage:1477280
Epoch: 20	Time elapsed:544.55 sec
Max  memory usage:1477280
Epoch: 21	Time elapsed:572.63 sec
Max  memory usage:1477280
Epoch: 22	Time elapsed:600.50 sec
Max  memory usage:1477280
Epoch: 23	Time elapsed:629.36 sec
Max  memory usage:1477280
Epoch: 24	Time elapsed:660.82 sec
Max  memory usage:1477280
Epoch: 25	Time elapsed:692.94 sec
Max  memory usage:1477280
Epoch: 26	Time elapsed:723.08 sec
Max  memory usage:1477280
Epoch: 27	Time elapsed:752.33 sec
Max  memory usage:1477280
Epoch: 28	Time elapsed:781.12 sec
Max  memory usage:1477280
Epoch: 29	Time elapsed:811.40 sec
Max  memory usage:1477280
Epoch: 30	Time elapsed:841.35 sec
Max  memory usage:1477280
Epoch: 31	Time elapsed:871.87 sec
Max  memory usage:1477280
Epoch: 32	Time elapsed:902.06 sec
Max  memory usage:1477280
Epoch: 33	Time elapsed:930.01 sec
Max  memory usage:1477280
Epoch: 34	Time elapsed:958.52 sec
Max  memory usage:1477280
Epoch: 35	Time elapsed:986.77 sec
Max  memory usage:1477280
Epoch: 36	Time elapsed:1016.51 sec
Max  memory usage:1477284
Epoch: 37	Time elapsed:1049.62 sec
Max  memory usage:1477284
Epoch: 38	Time elapsed:1081.74 sec
Max  memory usage:1477284
Epoch: 39	Time elapsed:1113.96 sec
Max  memory usage:1477284
Epoch: 40	Time elapsed:1143.95 sec
Max  memory usage:1477284
Epoch: 41	Time elapsed:1175.05 sec
Max  memory usage:1477284
Epoch: 42	Time elapsed:1205.40 sec
Max  memory usage:1477284
Epoch: 43	Time elapsed:1235.11 sec
Max  memory usage:1477288
Epoch: 44	Time elapsed:1266.49 sec
Max  memory usage:1477288
Epoch: 45	Time elapsed:1297.70 sec
Max  memory usage:1477288
Epoch: 46	Time elapsed:1328.27 sec
Max  memory usage:1477288
Epoch: 47	Time elapsed:1358.93 sec
Max  memory usage:1477288
Epoch: 48	Time elapsed:1387.52 sec
Max  memory usage:1477288
Epoch: 49	Time elapsed:1417.58 sec
Max  memory usage:1477288
Epoch: 50	Time elapsed:1446.58 sec
Max  memory usage:1477288
Epoch: 51	Time elapsed:1477.17 sec
Max  memory usage:1477288
Epoch: 52	Time elapsed:1508.23 sec
Max  memory usage:1477288
Epoch: 53	Time elapsed:1537.52 sec
Max  memory usage:1477288
Epoch: 54	Time elapsed:1566.16 sec
Max  memory usage:1477292
Epoch: 55	Time elapsed:1595.83 sec
Max  memory usage:1477292
Epoch: 56	Time elapsed:1626.23 sec
Max  memory usage:1477292
Epoch: 57	Time elapsed:1656.27 sec
Max  memory usage:1477292
Epoch: 58	Time elapsed:1685.45 sec
Max  memory usage:1477292
Epoch: 59	Time elapsed:1714.17 sec
Max  memory usage:1477292
Epoch: 60	Time elapsed:1743.78 sec
Max  memory usage:1477292
Epoch: 61	Time elapsed:1776.08 sec
Max  memory usage:1477292
Epoch: 62	Time elapsed:1805.95 sec
Max  memory usage:1477292
Epoch: 63	Time elapsed:1832.74 sec
Max  memory usage:1477292
Epoch: 64	Time elapsed:1861.20 sec
Max  memory usage:1477292
Epoch: 65	Time elapsed:1891.08 sec
Max  memory usage:1477292
Epoch: 66	Time elapsed:1920.60 sec
Max  memory usage:1477292
Epoch: 67	Time elapsed:1948.99 sec
Max  memory usage:1477292
Epoch: 68	Time elapsed:1977.36 sec
Max  memory usage:1477292
Epoch: 69	Time elapsed:2006.38 sec
Max  memory usage:1477292
Epoch: 70	Time elapsed:2034.66 sec
Max  memory usage:1477292
Epoch: 71	Time elapsed:2063.08 sec
Max  memory usage:1477296
Epoch: 72	Time elapsed:2090.29 sec
Max  memory usage:1477296
Epoch: 73	Time elapsed:2119.10 sec
Max  memory usage:1477296
Epoch: 74	Time elapsed:2147.04 sec
Max  memory usage:1477296
Epoch: 75	Time elapsed:2176.21 sec
Max  memory usage:1477296
Epoch: 76	Time elapsed:2205.84 sec
Max  memory usage:1477296
Epoch: 77	Time elapsed:2236.23 sec
Max  memory usage:1477296
Epoch: 78	Time elapsed:2265.17 sec
Max  memory usage:1477296
Epoch: 79	Time elapsed:2294.71 sec
Max  memory usage:1477296
Epoch: 80	Time elapsed:2324.56 sec
Max  memory usage:1477296
Epoch: 81	Time elapsed:2354.08 sec
Max  memory usage:1477296
Epoch: 82	Time elapsed:2385.57 sec
Max  memory usage:1477296
Epoch: 83	Time elapsed:2415.12 sec
Max  memory usage:1477296
Epoch: 84	Time elapsed:2444.03 sec
Max  memory usage:1477296
Epoch: 85	Time elapsed:2470.51 sec
Max  memory usage:1477296
Epoch: 86	Time elapsed:2498.24 sec
Max  memory usage:1477296
Epoch: 87	Time elapsed:2527.26 sec
Max  memory usage:1477296
Epoch: 88	Time elapsed:2554.70 sec
Max  memory usage:1477296
Epoch: 89	Time elapsed:2584.66 sec
Max  memory usage:1477296
Epoch: 90	Time elapsed:2615.38 sec
Max  memory usage:1477296
Epoch: 91	Time elapsed:2644.85 sec
Max  memory usage:1477296
Epoch: 92	Time elapsed:2674.80 sec
Max  memory usage:1477296
Epoch: 93	Time elapsed:2704.06 sec
Max  memory usage:1477296
Epoch: 94	Time elapsed:2733.30 sec
Max  memory usage:1477296
Epoch: 95	Time elapsed:2762.96 sec
Max  memory usage:1477296
Epoch: 96	Time elapsed:2792.77 sec
Max  memory usage:1477296
Epoch: 97	Time elapsed:2821.99 sec
Max  memory usage:1477296
Epoch: 98	Time elapsed:2851.34 sec
Max  memory usage:1477296
Epoch: 99	Time elapsed:2881.11 sec
Max  memory usage:1477300
Epoch: 100	Time elapsed:2911.30 sec
Max  memory usage:1477300
Epoch: 101	Time elapsed:2941.33 sec
Max  memory usage:1477300
Epoch: 102	Time elapsed:2972.42 sec
Max  memory usage:1477300
Epoch: 103	Time elapsed:3002.59 sec
Max  memory usage:1477300
Epoch: 104	Time elapsed:3032.14 sec
Max  memory usage:1477300
Epoch: 105	Time elapsed:3062.14 sec
Max  memory usage:1477300
Epoch: 106	Time elapsed:3085.78 sec
Max  memory usage:1477300
Epoch: 107	Time elapsed:3114.85 sec
Max  memory usage:1477300
Epoch: 108	Time elapsed:3145.53 sec
Max  memory usage:1477300
Epoch: 109	Time elapsed:3175.59 sec
Max  memory usage:1477300
Epoch: 110	Time elapsed:3205.62 sec
Max  memory usage:1477300
Epoch: 111	Time elapsed:3235.65 sec
Max  memory usage:1477300
Epoch: 112	Time elapsed:3263.47 sec
Max  memory usage:1477300
Epoch: 113	Time elapsed:3290.65 sec
Max  memory usage:1477300
Epoch: 114	Time elapsed:3318.57 sec
Max  memory usage:1477300
Epoch: 115	Time elapsed:3346.64 sec
Max  memory usage:1477300
Epoch: 116	Time elapsed:3372.27 sec
Max  memory usage:1477300
Epoch: 117	Time elapsed:3399.18 sec
Max  memory usage:1477304
Epoch: 118	Time elapsed:3424.62 sec
Max  memory usage:1477304
Epoch: 119	Time elapsed:3451.52 sec
Max  memory usage:1477304
Epoch: 120	Time elapsed:3478.30 sec
Max  memory usage:1477304
Epoch: 121	Time elapsed:3504.94 sec
Max  memory usage:1477304
Epoch: 122	Time elapsed:3530.62 sec
Max  memory usage:1477304
Epoch: 123	Time elapsed:3556.45 sec
Max  memory usage:1477304
Epoch: 124	Time elapsed:3582.21 sec
Max  memory usage:1477304
Epoch: 125	Time elapsed:3607.26 sec
Max  memory usage:1477304
Epoch: 126	Time elapsed:3633.25 sec
Max  memory usage:1477304
Epoch: 127	Time elapsed:3658.81 sec
Max  memory usage:1477308
Epoch: 128	Time elapsed:3684.24 sec
Max  memory usage:1477308
Epoch: 129	Time elapsed:3710.43 sec
Max  memory usage:1477308
Epoch: 130	Time elapsed:3736.12 sec
Max  memory usage:1477308
Epoch: 131	Time elapsed:3762.23 sec
Max  memory usage:1477308
Epoch: 132	Time elapsed:3788.16 sec
Max  memory usage:1477308
Epoch: 133	Time elapsed:3812.87 sec
Max  memory usage:1477308
Epoch: 134	Time elapsed:3838.10 sec
Max  memory usage:1477308
Epoch: 135	Time elapsed:3862.26 sec
Max  memory usage:1477308
Epoch: 136	Time elapsed:3886.62 sec
Max  memory usage:1477308
Epoch: 137	Time elapsed:3911.43 sec
Max  memory usage:1477308
Epoch: 138	Time elapsed:3936.21 sec
Max  memory usage:1477308
Epoch: 139	Time elapsed:3961.66 sec
Max  memory usage:1477308
Epoch: 140	Time elapsed:3986.35 sec
Max  memory usage:1477308
Epoch: 141	Time elapsed:4009.79 sec
Max  memory usage:1477308
Epoch: 142	Time elapsed:4035.19 sec
Max  memory usage:1477308
Epoch: 143	Time elapsed:4060.19 sec
Max  memory usage:1477308
Epoch: 144	Time elapsed:4085.70 sec
Max  memory usage:1477308
Epoch: 145	Time elapsed:4110.38 sec
Max  memory usage:1477308
Epoch: 146	Time elapsed:4134.58 sec
Max  memory usage:1477308
Epoch: 147	Time elapsed:4158.50 sec
Max  memory usage:1477308
Epoch: 148	Time elapsed:4183.46 sec
Max  memory usage:1477308
Epoch: 149	Time elapsed:4207.26 sec
Max  memory usage:1477308
Epoch: 150	Time elapsed:4231.50 sec
Max  memory usage:1477308
Epoch: 151	Time elapsed:4256.38 sec
Max  memory usage:1477308
Epoch: 152	Time elapsed:4281.75 sec
Max  memory usage:1477308
Epoch: 153	Time elapsed:4306.16 sec
Max  memory usage:1477308
Epoch: 154	Time elapsed:4331.51 sec
Max  memory usage:1477308
Epoch: 155	Time elapsed:4357.65 sec
Max  memory usage:1477308
Epoch: 156	Time elapsed:4384.01 sec
Max  memory usage:1477308
Epoch: 157	Time elapsed:4409.77 sec
Max  memory usage:1477308
Epoch: 158	Time elapsed:4435.01 sec
Max  memory usage:1477308
Epoch: 159	Time elapsed:4460.69 sec
Max  memory usage:1477308
Epoch: 160	Time elapsed:4487.61 sec
Max  memory usage:1477308
Epoch: 161	Time elapsed:4512.31 sec
Max  memory usage:1477308
Epoch: 162	Time elapsed:4536.80 sec
Max  memory usage:1477308
Epoch: 163	Time elapsed:4560.71 sec
Max  memory usage:1477308
Epoch: 164	Time elapsed:4585.66 sec
Max  memory usage:1477308
Epoch: 165	Time elapsed:4610.44 sec
Max  memory usage:1477308
Epoch: 166	Time elapsed:4634.18 sec
Max  memory usage:1477308
Epoch: 167	Time elapsed:4659.04 sec
Max  memory usage:1477308
Epoch: 168	Time elapsed:4683.91 sec
Max  memory usage:1477308
Epoch: 169	Time elapsed:4709.35 sec
Max  memory usage:1477308
Epoch: 170	Time elapsed:4733.81 sec
Max  memory usage:1477308
Epoch: 171	Time elapsed:4757.43 sec
Max  memory usage:1477308
Epoch: 172	Time elapsed:4781.32 sec
Max  memory usage:1477308
Epoch: 173	Time elapsed:4805.56 sec
Max  memory usage:1477308
Epoch: 174	Time elapsed:4829.25 sec
Max  memory usage:1477308
Epoch: 175	Time elapsed:4853.60 sec
Max  memory usage:1477308
Epoch: 176	Time elapsed:4877.70 sec
Max  memory usage:1477308
Epoch: 177	Time elapsed:4901.90 sec
Max  memory usage:1477308
Epoch: 178	Time elapsed:4926.34 sec
Max  memory usage:1477308
Epoch: 179	Time elapsed:4950.65 sec
Max  memory usage:1477308
Epoch: 180	Time elapsed:4974.92 sec
Max  memory usage:1477308
Epoch: 181	Time elapsed:4999.22 sec
Max  memory usage:1477308
Epoch: 182	Time elapsed:5023.39 sec
Max  memory usage:1477308
Epoch: 183	Time elapsed:5047.32 sec
Max  memory usage:1477308
Epoch: 184	Time elapsed:5071.61 sec
Max  memory usage:1477308
Epoch: 185	Time elapsed:5096.20 sec
Max  memory usage:1477312
Epoch: 186	Time elapsed:5119.77 sec
Max  memory usage:1477312
Epoch: 187	Time elapsed:5143.65 sec
Max  memory usage:1477312
Epoch: 188	Time elapsed:5168.18 sec
Max  memory usage:1477312
Epoch: 189	Time elapsed:5192.10 sec
Max  memory usage:1477312
Epoch: 190	Time elapsed:5216.08 sec
Max  memory usage:1477312
Epoch: 191	Time elapsed:5240.43 sec
Max  memory usage:1477312
Epoch: 192	Time elapsed:5264.04 sec
Max  memory usage:1477312
Epoch: 193	Time elapsed:5290.05 sec
Max  memory usage:1477312
Epoch: 194	Time elapsed:5313.90 sec
Max  memory usage:1477312
Epoch: 195	Time elapsed:5338.12 sec
Max  memory usage:1477312
Epoch: 196	Time elapsed:5361.70 sec
Max  memory usage:1477312
Epoch: 197	Time elapsed:5386.75 sec
Max  memory usage:1477312
Epoch: 198	Time elapsed:5411.72 sec
Max  memory usage:1477312
Epoch: 199	Time elapsed:5435.69 sec
Max  memory usage:1477312
Epoch: 200	Time elapsed:5460.55 sec
Max  memory usage:1477312
Epoch: 201	Time elapsed:5484.59 sec
Max  memory usage:1477312
Epoch: 202	Time elapsed:5510.10 sec
Max  memory usage:1477312
Epoch: 203	Time elapsed:5534.95 sec
Max  memory usage:1477312
Epoch: 204	Time elapsed:5559.79 sec
Max  memory usage:1477312
Epoch: 205	Time elapsed:5584.53 sec
Max  memory usage:1477312
Epoch: 206	Time elapsed:5609.11 sec
Max  memory usage:1477312
Epoch: 207	Time elapsed:5633.36 sec
Max  memory usage:1477312
Epoch: 208	Time elapsed:5658.49 sec
Max  memory usage:1477312
Epoch: 209	Time elapsed:5684.14 sec
Max  memory usage:1477312
Epoch: 210	Time elapsed:5708.70 sec
Max  memory usage:1477312
Epoch: 211	Time elapsed:5732.10 sec
Max  memory usage:1477312
Epoch: 212	Time elapsed:5757.42 sec
Max  memory usage:1477312
Epoch: 213	Time elapsed:5781.57 sec
Max  memory usage:1477312
Epoch: 214	Time elapsed:5805.58 sec
Max  memory usage:1477312
Epoch: 215	Time elapsed:5829.66 sec
Max  memory usage:1477312
Epoch: 216	Time elapsed:5853.48 sec
Max  memory usage:1477312
Epoch: 217	Time elapsed:5877.73 sec
Max  memory usage:1477312
Epoch: 218	Time elapsed:5902.92 sec
Max  memory usage:1477312
Epoch: 219	Time elapsed:5927.49 sec
Max  memory usage:1477312
Epoch: 220	Time elapsed:5951.37 sec
Max  memory usage:1477312
Epoch: 221	Time elapsed:5975.70 sec
Max  memory usage:1477312
Epoch: 222	Time elapsed:5999.90 sec
Max  memory usage:1477312
Epoch: 223	Time elapsed:6024.39 sec
Max  memory usage:1477312
Epoch: 224	Time elapsed:6050.37 sec
Max  memory usage:1477312
Epoch: 225	Time elapsed:6076.25 sec
Max  memory usage:1477312
Epoch: 226	Time elapsed:6100.69 sec
Max  memory usage:1477312
Epoch: 227	Time elapsed:6124.71 sec
Max  memory usage:1477312
Epoch: 228	Time elapsed:6149.09 sec
Max  memory usage:1477312
Epoch: 229	Time elapsed:6173.46 sec
Max  memory usage:1477312
Epoch: 230	Time elapsed:6198.07 sec
Max  memory usage:1477312
Epoch: 231	Time elapsed:6222.80 sec
Max  memory usage:1477312
Epoch: 232	Time elapsed:6248.40 sec
Max  memory usage:1477312
Epoch: 233	Time elapsed:6273.10 sec
Max  memory usage:1477312
Epoch: 234	Time elapsed:6297.00 sec
Max  memory usage:1477312
Epoch: 235	Time elapsed:6321.71 sec
Max  memory usage:1477312
Epoch: 236	Time elapsed:6346.08 sec
Max  memory usage:1477312
Epoch: 237	Time elapsed:6371.11 sec
Max  memory usage:1477312
Epoch: 238	Time elapsed:6396.19 sec
Max  memory usage:1477312
Epoch: 239	Time elapsed:6422.14 sec
Max  memory usage:1477312
Epoch: 240	Time elapsed:6447.75 sec
Max  memory usage:1477312
Epoch: 241	Time elapsed:6472.92 sec
Max  memory usage:1477312
Epoch: 242	Time elapsed:6498.58 sec
Max  memory usage:1477312
Epoch: 243	Time elapsed:6524.66 sec
Max  memory usage:1477312
Epoch: 244	Time elapsed:6549.40 sec
Max  memory usage:1477312
Epoch: 245	Time elapsed:6573.62 sec
Max  memory usage:1477312
Epoch: 246	Time elapsed:6598.38 sec
Max  memory usage:1477312
Epoch: 247	Time elapsed:6623.40 sec
Max  memory usage:1477312
Epoch: 248	Time elapsed:6647.94 sec
Max  memory usage:1477316
Epoch: 249	Time elapsed:6672.74 sec
Max  memory usage:1477316
Epoch: 250	Time elapsed:6697.36 sec
Max  memory usage:1477316
Epoch: 251	Time elapsed:6722.04 sec
Max  memory usage:1477316
Epoch: 252	Time elapsed:6747.64 sec
Max  memory usage:1477316
Epoch: 253	Time elapsed:6771.49 sec
Max  memory usage:1477316
Epoch: 254	Time elapsed:6796.01 sec
Max  memory usage:1477316
Epoch: 255	Time elapsed:6820.65 sec
Max  memory usage:1477320
Epoch: 256	Time elapsed:6844.88 sec
Max  memory usage:1477320
Epoch: 257	Time elapsed:6869.41 sec
Max  memory usage:1477320
Epoch: 258	Time elapsed:6893.44 sec
Max  memory usage:1477320
Epoch: 259	Time elapsed:6917.76 sec
Max  memory usage:1477320
Epoch: 260	Time elapsed:6941.85 sec
Max  memory usage:1477320
Epoch: 261	Time elapsed:6966.66 sec
Max  memory usage:1477320
Epoch: 262	Time elapsed:6992.26 sec
Max  memory usage:1477320
Epoch: 263	Time elapsed:7017.33 sec
Max  memory usage:1477320
Epoch: 264	Time elapsed:7042.66 sec
Max  memory usage:1477320
Epoch: 265	Time elapsed:7067.38 sec
Max  memory usage:1477320
Epoch: 266	Time elapsed:7093.13 sec
Max  memory usage:1477320
Epoch: 267	Time elapsed:7117.80 sec
Max  memory usage:1477320
Epoch: 268	Time elapsed:7143.02 sec
Max  memory usage:1477320
Epoch: 269	Time elapsed:7168.09 sec
Max  memory usage:1477320
Epoch: 270	Time elapsed:7192.80 sec
Max  memory usage:1477320
Epoch: 271	Time elapsed:7216.76 sec
Max  memory usage:1477320
Epoch: 272	Time elapsed:7240.92 sec
Max  memory usage:1477320
Epoch: 273	Time elapsed:7264.98 sec
Max  memory usage:1477320
Epoch: 274	Time elapsed:7289.48 sec
Max  memory usage:1477320
Epoch: 275	Time elapsed:7314.10 sec
Max  memory usage:1477320
Epoch: 276	Time elapsed:7338.41 sec
Max  memory usage:1477320
Epoch: 277	Time elapsed:7362.82 sec
Max  memory usage:1477320
Epoch: 278	Time elapsed:7386.65 sec
Max  memory usage:1477320
Epoch: 279	Time elapsed:7412.00 sec
Max  memory usage:1477320
Epoch: 280	Time elapsed:7436.23 sec
Max  memory usage:1477320
Epoch: 281	Time elapsed:7462.13 sec
Max  memory usage:1477320
Epoch: 282	Time elapsed:7487.67 sec
Max  memory usage:1477320
Epoch: 283	Time elapsed:7512.11 sec
Max  memory usage:1477320
Epoch: 284	Time elapsed:7536.47 sec
Max  memory usage:1477320
Epoch: 285	Time elapsed:7561.22 sec
Max  memory usage:1477320
Epoch: 286	Time elapsed:7586.78 sec
Max  memory usage:1477320
Epoch: 287	Time elapsed:7611.67 sec
Max  memory usage:1477320
Epoch: 288	Time elapsed:7636.17 sec
Max  memory usage:1477320
Epoch: 289	Time elapsed:7661.36 sec
Max  memory usage:1477320
Epoch: 290	Time elapsed:7686.51 sec
Max  memory usage:1477320
Epoch: 291	Time elapsed:7710.56 sec
Max  memory usage:1477320
Epoch: 292	Time elapsed:7735.47 sec
Max  memory usage:1477320
Epoch: 293	Time elapsed:7759.55 sec
Max  memory usage:1477320
Epoch: 294	Time elapsed:7784.53 sec
Max  memory usage:1477320
Epoch: 295	Time elapsed:7809.24 sec
Max  memory usage:1477320
Epoch: 296	Time elapsed:7832.94 sec
Max  memory usage:1477320
Epoch: 297	Time elapsed:7856.97 sec
Max  memory usage:1477320
Epoch: 298	Time elapsed:7881.26 sec
Max  memory usage:1477320
Epoch: 299	Time elapsed:7905.63 sec
Max  memory usage:1477320
Epoch: 300	Time elapsed:7929.95 sec
Max  memory usage:1477320
Epoch: 301	Time elapsed:7954.34 sec
Max  memory usage:1477320
Epoch: 302	Time elapsed:7978.60 sec
Max  memory usage:1477320
Epoch: 303	Time elapsed:8002.65 sec
Max  memory usage:1477320
Epoch: 304	Time elapsed:8027.20 sec
Max  memory usage:1477320
Epoch: 305	Time elapsed:8052.16 sec
Max  memory usage:1477320
Epoch: 306	Time elapsed:8077.11 sec
Max  memory usage:1477320
Epoch: 307	Time elapsed:8101.82 sec
Max  memory usage:1477320
Epoch: 308	Time elapsed:8127.14 sec
Max  memory usage:1477320
Epoch: 309	Time elapsed:8152.21 sec
Max  memory usage:1477320
Epoch: 310	Time elapsed:8176.74 sec
Max  memory usage:1477320
Epoch: 311	Time elapsed:8201.17 sec
Max  memory usage:1477320
Epoch: 312	Time elapsed:8226.69 sec
Max  memory usage:1477320
Epoch: 313	Time elapsed:8251.28 sec
Max  memory usage:1477320
Epoch: 314	Time elapsed:8275.61 sec
Max  memory usage:1477320
Epoch: 315	Time elapsed:8301.34 sec
Max  memory usage:1477320
Epoch: 316	Time elapsed:8325.11 sec
Max  memory usage:1477320
Epoch: 317	Time elapsed:8350.33 sec
Max  memory usage:1477320
Epoch: 318	Time elapsed:8373.98 sec
Max  memory usage:1477320
Epoch: 319	Time elapsed:8398.23 sec
Max  memory usage:1477320
Epoch: 320	Time elapsed:8422.39 sec
Max  memory usage:1477320
Epoch: 321	Time elapsed:8447.04 sec
Max  memory usage:1477320
Epoch: 322	Time elapsed:8471.72 sec
Max  memory usage:1477320
Epoch: 323	Time elapsed:8496.40 sec
Max  memory usage:1477320
Epoch: 324	Time elapsed:8520.53 sec
Max  memory usage:1477320
Epoch: 325	Time elapsed:8544.05 sec
Max  memory usage:1477320
Epoch: 326	Time elapsed:8567.81 sec
Max  memory usage:1477320
Epoch: 327	Time elapsed:8591.52 sec
Max  memory usage:1477320
Epoch: 328	Time elapsed:8615.42 sec
Max  memory usage:1477320
Epoch: 329	Time elapsed:8639.60 sec
Max  memory usage:1477320
Epoch: 330	Time elapsed:8663.30 sec
Max  memory usage:1477320
Epoch: 331	Time elapsed:8687.35 sec
Max  memory usage:1477320
Epoch: 332	Time elapsed:8711.34 sec
Max  memory usage:1477320
Epoch: 333	Time elapsed:8735.92 sec
Max  memory usage:1477320
Epoch: 334	Time elapsed:8760.39 sec
Max  memory usage:1477320
Epoch: 335	Time elapsed:8784.19 sec
Max  memory usage:1477320
Epoch: 336	Time elapsed:8807.88 sec
Max  memory usage:1477320
Epoch: 337	Time elapsed:8832.41 sec
Max  memory usage:1477320
Epoch: 338	Time elapsed:8857.92 sec
Max  memory usage:1477320
Epoch: 339	Time elapsed:8882.49 sec
Max  memory usage:1477320
Epoch: 340	Time elapsed:8907.79 sec
Max  memory usage:1477320
Epoch: 341	Time elapsed:8934.40 sec
Max  memory usage:1477320
Epoch: 342	Time elapsed:8958.98 sec
Max  memory usage:1477320
Epoch: 343	Time elapsed:8983.87 sec
Max  memory usage:1477320
Epoch: 344	Time elapsed:9008.25 sec
Max  memory usage:1477320
Epoch: 345	Time elapsed:9033.63 sec
Max  memory usage:1477320
Epoch: 346	Time elapsed:9057.75 sec
Max  memory usage:1477320
Epoch: 347	Time elapsed:9082.86 sec
Max  memory usage:1477320
Epoch: 348	Time elapsed:9107.26 sec
Max  memory usage:1477324
Epoch: 349	Time elapsed:9132.54 sec
Max  memory usage:1477324
Epoch: 350	Time elapsed:9157.59 sec
Max  memory usage:1477324
Epoch: 351	Time elapsed:9182.92 sec
Max  memory usage:1477448
Epoch: 352	Time elapsed:9208.51 sec
Max  memory usage:1477448
Epoch: 353	Time elapsed:9233.63 sec
Max  memory usage:1478940
Epoch: 354	Time elapsed:9258.08 sec
Max  memory usage:1478944
Epoch: 355	Time elapsed:9282.46 sec
Max  memory usage:1478960
Epoch: 356	Time elapsed:9306.70 sec
Max  memory usage:1478972
Epoch: 357	Time elapsed:9331.90 sec
Max  memory usage:1479036
Epoch: 358	Time elapsed:9356.84 sec
Max  memory usage:1479048
Epoch: 359	Time elapsed:9381.16 sec
Max  memory usage:1479052
Epoch: 360	Time elapsed:9405.78 sec
Max  memory usage:1479056
Epoch: 361	Time elapsed:9430.47 sec
Max  memory usage:1479060
Epoch: 362	Time elapsed:9455.61 sec
Max  memory usage:1479100
Epoch: 363	Time elapsed:9480.60 sec
Max  memory usage:1479108
Epoch: 364	Time elapsed:9505.84 sec
Max  memory usage:1479116
Epoch: 365	Time elapsed:9530.76 sec
Max  memory usage:1479152
Epoch: 366	Time elapsed:9554.90 sec
Max  memory usage:1479164
Epoch: 367	Time elapsed:9579.53 sec
Max  memory usage:1479180
Epoch: 368	Time elapsed:9604.79 sec
Max  memory usage:1479200
Epoch: 369	Time elapsed:9629.10 sec
Max  memory usage:1479208
Epoch: 370	Time elapsed:9653.76 sec
Max  memory usage:1479224
Epoch: 371	Time elapsed:9678.23 sec
Max  memory usage:1479232
Epoch: 372	Time elapsed:9702.64 sec
Max  memory usage:1479236
Epoch: 373	Time elapsed:9727.59 sec
Max  memory usage:1479240
Epoch: 374	Time elapsed:9751.99 sec
Max  memory usage:1479240
Epoch: 375	Time elapsed:9776.29 sec
Max  memory usage:1479240
Epoch: 376	Time elapsed:9800.22 sec
Max  memory usage:1479240
Epoch: 377	Time elapsed:9823.50 sec
Max  memory usage:1479240
Epoch: 378	Time elapsed:9847.68 sec
Max  memory usage:1481280
Epoch: 379	Time elapsed:9872.09 sec
Max  memory usage:1481280
Epoch: 380	Time elapsed:9896.52 sec
Max  memory usage:1481280
Epoch: 381	Time elapsed:9920.28 sec
Max  memory usage:1481280
Epoch: 382	Time elapsed:9944.14 sec
Max  memory usage:1481280
Epoch: 383	Time elapsed:9968.32 sec
Max  memory usage:1481280
Epoch: 384	Time elapsed:9992.36 sec
Max  memory usage:1481280
Epoch: 385	Time elapsed:10016.41 sec
Max  memory usage:1481280
Epoch: 386	Time elapsed:10040.34 sec
Max  memory usage:1481280
Epoch: 387	Time elapsed:10064.91 sec
Max  memory usage:1481280
Epoch: 388	Time elapsed:10089.72 sec
Max  memory usage:1481284
Epoch: 389	Time elapsed:10113.82 sec
Max  memory usage:1481284
Epoch: 390	Time elapsed:10137.90 sec
Max  memory usage:1481284
Epoch: 391	Time elapsed:10161.59 sec
Max  memory usage:1481284
Epoch: 392	Time elapsed:10185.60 sec
Max  memory usage:1481284
Epoch: 393	Time elapsed:10210.44 sec
Max  memory usage:1481284
Epoch: 394	Time elapsed:10234.29 sec
Max  memory usage:1481284
Epoch: 395	Time elapsed:10258.16 sec
Max  memory usage:1481284
Epoch: 396	Time elapsed:10281.83 sec
Max  memory usage:1481284
Epoch: 397	Time elapsed:10305.90 sec
Max  memory usage:1481284
Epoch: 398	Time elapsed:10329.73 sec
Max  memory usage:1481284
Epoch: 399	Time elapsed:10354.23 sec
Max  memory usage:1481284
Epoch: 400	Time elapsed:10378.42 sec
Max  memory usage:1481284
Epoch: 401	Time elapsed:10402.88 sec
Max  memory usage:1481284
Epoch: 402	Time elapsed:10427.86 sec
Max  memory usage:1481284
Epoch: 403	Time elapsed:10451.75 sec
Max  memory usage:1481284
Epoch: 404	Time elapsed:10476.22 sec
Max  memory usage:1481284
Epoch: 405	Time elapsed:10501.17 sec
Max  memory usage:1481284
Epoch: 406	Time elapsed:10525.97 sec
Max  memory usage:1481284
Epoch: 407	Time elapsed:10551.63 sec
Max  memory usage:1481284
Epoch: 408	Time elapsed:10576.42 sec
Max  memory usage:1481284
Epoch: 409	Time elapsed:10601.44 sec
Max  memory usage:1481284
Epoch: 410	Time elapsed:10626.03 sec
Max  memory usage:1481284
Epoch: 411	Time elapsed:10651.96 sec
Max  memory usage:1481284
Epoch: 412	Time elapsed:10677.68 sec
Max  memory usage:1481284
Epoch: 413	Time elapsed:10704.75 sec
Max  memory usage:1481284
Epoch: 414	Time elapsed:10732.08 sec
Max  memory usage:1481284
Epoch: 415	Time elapsed:10758.72 sec
Max  memory usage:1481284
Epoch: 416	Time elapsed:10785.33 sec
Max  memory usage:1481284
Epoch: 417	Time elapsed:10812.08 sec
Max  memory usage:1481284
Epoch: 418	Time elapsed:10839.65 sec
Max  memory usage:1481284
Epoch: 419	Time elapsed:10865.41 sec
Max  memory usage:1481284
Epoch: 420	Time elapsed:10891.99 sec
Max  memory usage:1481284
Epoch: 421	Time elapsed:10920.22 sec
Max  memory usage:1481284
Epoch: 422	Time elapsed:10947.53 sec
Max  memory usage:1481284
Epoch: 423	Time elapsed:10974.07 sec
Max  memory usage:1481284
Epoch: 424	Time elapsed:11001.30 sec
Max  memory usage:1481284
Epoch: 425	Time elapsed:11029.46 sec
Max  memory usage:1481284
Epoch: 426	Time elapsed:11056.11 sec
Max  memory usage:1481284
Epoch: 427	Time elapsed:11083.69 sec
Max  memory usage:1481284
Epoch: 428	Time elapsed:11112.20 sec
Max  memory usage:1481284
Epoch: 429	Time elapsed:11139.73 sec
Max  memory usage:1481284
Epoch: 430	Time elapsed:11166.48 sec
Max  memory usage:1481284
Epoch: 431	Time elapsed:11192.71 sec
Max  memory usage:1481284
Epoch: 432	Time elapsed:11219.72 sec
Max  memory usage:1481284
Epoch: 433	Time elapsed:11244.81 sec
Max  memory usage:1481284
Epoch: 434	Time elapsed:11271.83 sec
Max  memory usage:1481284
Epoch: 435	Time elapsed:11296.99 sec
Max  memory usage:1481284
Epoch: 436	Time elapsed:11323.58 sec
Max  memory usage:1481284
Epoch: 437	Time elapsed:11350.93 sec
Max  memory usage:1481284
Epoch: 438	Time elapsed:11378.13 sec
Max  memory usage:1481284
Epoch: 439	Time elapsed:11405.04 sec
Max  memory usage:1481284
Epoch: 440	Time elapsed:11431.06 sec
Max  memory usage:1481284
Epoch: 441	Time elapsed:11458.25 sec
Max  memory usage:1481284
Epoch: 442	Time elapsed:11483.32 sec
Max  memory usage:1481284
Epoch: 443	Time elapsed:11506.60 sec
Max  memory usage:1481284
Epoch: 444	Time elapsed:11533.61 sec
Max  memory usage:1481284
Epoch: 445	Time elapsed:11561.58 sec
Max  memory usage:1481284
Epoch: 446	Time elapsed:11589.14 sec
Max  memory usage:1481284
Epoch: 447	Time elapsed:11616.64 sec
Max  memory usage:1481284
Epoch: 448	Time elapsed:11644.68 sec
Max  memory usage:1481284
Epoch: 449	Time elapsed:11672.12 sec
Max  memory usage:1481284
Epoch: 450	Time elapsed:11699.69 sec
Max  memory usage:1481284
Epoch: 451	Time elapsed:11725.29 sec
Max  memory usage:1481284
Epoch: 452	Time elapsed:11752.02 sec
Max  memory usage:1481284
Epoch: 453	Time elapsed:11778.49 sec
Max  memory usage:1481284
Epoch: 454	Time elapsed:11805.39 sec
Max  memory usage:1481284
Epoch: 455	Time elapsed:11832.02 sec
Max  memory usage:1481284
Epoch: 456	Time elapsed:11858.81 sec
Max  memory usage:1481284
Epoch: 457	Time elapsed:11885.90 sec
Max  memory usage:1481284
Epoch: 458	Time elapsed:11913.10 sec
Max  memory usage:1481284
Epoch: 459	Time elapsed:11940.34 sec
Max  memory usage:1481284
Epoch: 460	Time elapsed:11968.31 sec
Max  memory usage:1481284
Epoch: 461	Time elapsed:11995.76 sec
Max  memory usage:1481284
Epoch: 462	Time elapsed:12022.15 sec
Max  memory usage:1481284
Epoch: 463	Time elapsed:12048.35 sec
Max  memory usage:1481284
Epoch: 464	Time elapsed:12075.71 sec
Max  memory usage:1481284
Epoch: 465	Time elapsed:12102.79 sec
Max  memory usage:1481284
Epoch: 466	Time elapsed:12128.52 sec
Max  memory usage:1481284
Epoch: 467	Time elapsed:12153.58 sec
Max  memory usage:1481284
Epoch: 468	Time elapsed:12179.98 sec
Max  memory usage:1481284
Epoch: 469	Time elapsed:12206.55 sec
Max  memory usage:1481284
Epoch: 470	Time elapsed:12231.61 sec
Max  memory usage:1481284
Epoch: 471	Time elapsed:12257.90 sec
Max  memory usage:1481284
Epoch: 472	Time elapsed:12283.96 sec
Max  memory usage:1481284
Epoch: 473	Time elapsed:12311.27 sec
Max  memory usage:1481284
Epoch: 474	Time elapsed:12337.07 sec
Max  memory usage:1481284
Epoch: 475	Time elapsed:12363.62 sec
Max  memory usage:1481284
Epoch: 476	Time elapsed:12388.82 sec
Max  memory usage:1481284
Epoch: 477	Time elapsed:12413.32 sec
Max  memory usage:1481284
Epoch: 478	Time elapsed:12437.59 sec
Max  memory usage:1481284
Epoch: 479	Time elapsed:12462.42 sec
Max  memory usage:1481284
Epoch: 480	Time elapsed:12488.37 sec
Max  memory usage:1481284
Epoch: 481	Time elapsed:12515.00 sec
Max  memory usage:1481284
Epoch: 482	Time elapsed:12540.50 sec
Max  memory usage:1481284
Epoch: 483	Time elapsed:12565.14 sec
Max  memory usage:1481284
Epoch: 484	Time elapsed:12589.66 sec
Max  memory usage:1481284
Epoch: 485	Time elapsed:12614.40 sec
Max  memory usage:1481284
Epoch: 486	Time elapsed:12639.81 sec
Max  memory usage:1481284
Epoch: 487	Time elapsed:12665.72 sec
Max  memory usage:1481284
Epoch: 488	Time elapsed:12693.15 sec
Max  memory usage:1481284
Epoch: 489	Time elapsed:12720.95 sec
Max  memory usage:1481284
Epoch: 490	Time elapsed:12748.20 sec
Max  memory usage:1481284
Epoch: 491	Time elapsed:12773.03 sec
Max  memory usage:1481284
Epoch: 492	Time elapsed:12799.45 sec
Max  memory usage:1481288
Epoch: 493	Time elapsed:12827.70 sec
Max  memory usage:1481288
Epoch: 494	Time elapsed:12853.63 sec
Max  memory usage:1481288
Epoch: 495	Time elapsed:12879.77 sec
Max  memory usage:1481288
Epoch: 496	Time elapsed:12907.99 sec
Max  memory usage:1481288
Epoch: 497	Time elapsed:12933.75 sec
Max  memory usage:1481288
Epoch: 498	Time elapsed:12959.52 sec
Max  memory usage:1481288
Epoch: 499	Time elapsed:12984.00 sec
Saving Graph of loss function
Saving Latent space
Loading saved model...
