
=============
== PyTorch ==
=============

NVIDIA Release 19.11 (build 8777600)
PyTorch Version 1.4.0a0+649135b

Container image Copyright (c) 2019, NVIDIA CORPORATION.  All rights reserved.

Copyright (c) 2014-2019 Facebook Inc.
Copyright (c) 2011-2014 Idiap Research Institute (Ronan Collobert)
Copyright (c) 2012-2014 Deepmind Technologies    (Koray Kavukcuoglu)
Copyright (c) 2011-2012 NEC Laboratories America (Koray Kavukcuoglu)
Copyright (c) 2011-2013 NYU                      (Clement Farabet)
Copyright (c) 2006-2010 NEC Laboratories America (Ronan Collobert, Leon Bottou, Iain Melvin, Jason Weston)
Copyright (c) 2006      Idiap Research Institute (Samy Bengio)
Copyright (c) 2001-2004 Idiap Research Institute (Ronan Collobert, Samy Bengio, Johnny Mariethoz)
Copyright (c) 2015      Google Inc.
Copyright (c) 2015      Yangqing Jia
Copyright (c) 2013-2016 The Caffe contributors
All rights reserved.

Various files include modifications (c) NVIDIA CORPORATION.  All rights reserved.
NVIDIA modifications are covered by the license terms that apply to the underlying project or file.

NOTE: MOFED driver for multi-node communication was not detected.
      Multi-node communication performance may be reduced.

NOTE: The SHMEM allocation limit is set to the default of 64MB.  This may be
   insufficient for PyTorch.  NVIDIA recommends the use of the following flags:
   nvidia-docker run --ipc=host ...

chtc_root.txt exist
.:
.
..
.chirp.config
.curl_plugin.in
.curl_plugin.out
.docker_sock
.job.ad
.machine.ad
.update.ad
_condor_stderr
_condor_stdout
chtc_root.txt
chtc_train_model.sh
condor_exec.exe
configs
docker_stderror
output
run
sequence_sets
sequences.tar.gz
source
staging.tar.gz
tmp
var

./configs:
.
..
config_1000_10.yaml
config_1000_100.yaml
config_1000_15.yaml
config_1000_2.yaml
config_1000_20.yaml
config_1000_30.yaml
config_1000_40.yaml
config_1000_5.yaml
config_1000_50.yaml
config_1000_500.yaml
config_200_10.yaml
config_200_100.yaml
config_200_15.yaml
config_200_2.yaml
config_200_20.yaml
config_200_30.yaml
config_200_40.yaml
config_200_5.yaml
config_200_50.yaml
config_200_500.yaml
config_500_10.yaml
config_500_100.yaml
config_500_15.yaml
config_500_2.yaml
config_500_20.yaml
config_500_30.yaml
config_500_40.yaml
config_500_5.yaml
config_500_50.yaml
config_500_500.yaml
configs.txt
make_configs.py

./output:
.
..

./run:
.
..
runmodel.sh

./sequence_sets:
.
..
.gitignore
README.md
cmx_aligned_blank_90.fasta
cmx_foreground.fasta
cmx_sequences.zip
processed_cmx_uniref100_90_80_10_100.fasta
processed_cmx_uniref100_90_80_10_100_small.fasta
test.fasta

./source:
.
..
dataloader.py
examine_model.py
make_dataset
model.py
plot_sequences.py
read_config.py
reweighting.py
train_model.py
utils.py

./source/make_dataset:
.
..
get_msa_stats.py
make_dataset.sh
process_msa.py

./tmp:
.
..

./var:
.
..
tmp

./var/tmp:
.
..
Weights do not exist. No weighted sampling will be done.
Max  memory usage:1289048
Epoch: 0	Time elapsed:0.00 sec
Max  memory usage:1462876
Epoch: 1	Time elapsed:30.60 sec
Max  memory usage:1462972
Epoch: 2	Time elapsed:58.88 sec
Max  memory usage:1462984
Epoch: 3	Time elapsed:90.62 sec
Max  memory usage:1462984
Epoch: 4	Time elapsed:118.83 sec
Max  memory usage:1462984
Epoch: 5	Time elapsed:149.07 sec
Max  memory usage:1465936
Epoch: 6	Time elapsed:179.92 sec
Max  memory usage:1466516
Epoch: 7	Time elapsed:211.08 sec
Max  memory usage:1466516
Epoch: 8	Time elapsed:241.78 sec
Max  memory usage:1466516
Epoch: 9	Time elapsed:270.02 sec
Max  memory usage:1466516
Epoch: 10	Time elapsed:301.20 sec
Max  memory usage:1466516
Epoch: 11	Time elapsed:331.08 sec
Max  memory usage:1466552
Epoch: 12	Time elapsed:361.30 sec
Max  memory usage:1466552
Epoch: 13	Time elapsed:390.93 sec
Max  memory usage:1468628
Epoch: 14	Time elapsed:421.05 sec
Max  memory usage:1468628
Epoch: 15	Time elapsed:450.89 sec
Max  memory usage:1468628
Epoch: 16	Time elapsed:480.16 sec
Max  memory usage:1469204
Epoch: 17	Time elapsed:510.19 sec
Max  memory usage:1469204
Epoch: 18	Time elapsed:541.29 sec
Max  memory usage:1469208
Epoch: 19	Time elapsed:569.74 sec
Max  memory usage:1469216
Epoch: 20	Time elapsed:598.33 sec
Max  memory usage:1469216
Epoch: 21	Time elapsed:627.77 sec
Max  memory usage:1469216
Epoch: 22	Time elapsed:657.78 sec
Max  memory usage:1469216
Epoch: 23	Time elapsed:686.81 sec
Max  memory usage:1469216
Epoch: 24	Time elapsed:717.11 sec
Max  memory usage:1469216
Epoch: 25	Time elapsed:747.90 sec
Max  memory usage:1469216
Epoch: 26	Time elapsed:775.23 sec
Max  memory usage:1469216
Epoch: 27	Time elapsed:805.55 sec
Max  memory usage:1469216
Epoch: 28	Time elapsed:835.36 sec
Max  memory usage:1469216
Epoch: 29	Time elapsed:865.03 sec
Max  memory usage:1469216
Epoch: 30	Time elapsed:896.59 sec
Max  memory usage:1469216
Epoch: 31	Time elapsed:926.94 sec
Max  memory usage:1469216
Epoch: 32	Time elapsed:956.35 sec
Max  memory usage:1469216
Epoch: 33	Time elapsed:985.56 sec
Max  memory usage:1469216
Epoch: 34	Time elapsed:1015.37 sec
Max  memory usage:1469216
Epoch: 35	Time elapsed:1046.71 sec
Max  memory usage:1469216
Epoch: 36	Time elapsed:1081.68 sec
Max  memory usage:1469216
Epoch: 37	Time elapsed:1112.90 sec
Max  memory usage:1469216
Epoch: 38	Time elapsed:1143.92 sec
Max  memory usage:1469216
Epoch: 39	Time elapsed:1174.48 sec
Max  memory usage:1469216
Epoch: 40	Time elapsed:1204.55 sec
Max  memory usage:1469216
Epoch: 41	Time elapsed:1234.46 sec
Max  memory usage:1469216
Epoch: 42	Time elapsed:1262.99 sec
Max  memory usage:1469216
Epoch: 43	Time elapsed:1291.29 sec
Max  memory usage:1469216
Epoch: 44	Time elapsed:1322.27 sec
Max  memory usage:1469216
Epoch: 45	Time elapsed:1355.84 sec
Max  memory usage:1469216
Epoch: 46	Time elapsed:1386.54 sec
Max  memory usage:1469220
Epoch: 47	Time elapsed:1418.02 sec
Max  memory usage:1469220
Epoch: 48	Time elapsed:1450.63 sec
Max  memory usage:1469220
Epoch: 49	Time elapsed:1480.12 sec
Max  memory usage:1469220
Epoch: 50	Time elapsed:1511.19 sec
Max  memory usage:1469220
Epoch: 51	Time elapsed:1544.21 sec
Max  memory usage:1469220
Epoch: 52	Time elapsed:1575.10 sec
Max  memory usage:1469220
Epoch: 53	Time elapsed:1604.81 sec
Max  memory usage:1469220
Epoch: 54	Time elapsed:1634.06 sec
Max  memory usage:1469224
Epoch: 55	Time elapsed:1665.46 sec
Max  memory usage:1469224
Epoch: 56	Time elapsed:1693.00 sec
Max  memory usage:1469224
Epoch: 57	Time elapsed:1723.33 sec
Max  memory usage:1469224
Epoch: 58	Time elapsed:1754.56 sec
Max  memory usage:1469224
Epoch: 59	Time elapsed:1783.99 sec
Max  memory usage:1471740
Epoch: 60	Time elapsed:1811.76 sec
Max  memory usage:1471740
Epoch: 61	Time elapsed:1840.14 sec
Max  memory usage:1471740
Epoch: 62	Time elapsed:1870.01 sec
Max  memory usage:1471740
Epoch: 63	Time elapsed:1899.61 sec
Max  memory usage:1471740
Epoch: 64	Time elapsed:1930.04 sec
Max  memory usage:1471740
Epoch: 65	Time elapsed:1961.86 sec
Max  memory usage:1471740
Epoch: 66	Time elapsed:1992.68 sec
Max  memory usage:1471740
Epoch: 67	Time elapsed:2022.70 sec
Max  memory usage:1471740
Epoch: 68	Time elapsed:2050.89 sec
Max  memory usage:1471740
Epoch: 69	Time elapsed:2080.40 sec
Max  memory usage:1471740
Epoch: 70	Time elapsed:2109.00 sec
Max  memory usage:1471740
Epoch: 71	Time elapsed:2138.19 sec
Max  memory usage:1471740
Epoch: 72	Time elapsed:2170.27 sec
Max  memory usage:1471740
Epoch: 73	Time elapsed:2197.92 sec
Max  memory usage:1471740
Epoch: 74	Time elapsed:2226.27 sec
Max  memory usage:1471744
Epoch: 75	Time elapsed:2257.83 sec
Max  memory usage:1471744
Epoch: 76	Time elapsed:2287.34 sec
Max  memory usage:1471744
Epoch: 77	Time elapsed:2316.39 sec
Max  memory usage:1471744
Epoch: 78	Time elapsed:2346.35 sec
Max  memory usage:1471744
Epoch: 79	Time elapsed:2375.67 sec
Max  memory usage:1471744
Epoch: 80	Time elapsed:2404.47 sec
Max  memory usage:1471744
Epoch: 81	Time elapsed:2433.56 sec
Max  memory usage:1471744
Epoch: 82	Time elapsed:2461.48 sec
Max  memory usage:1471744
Epoch: 83	Time elapsed:2490.68 sec
Max  memory usage:1471744
Epoch: 84	Time elapsed:2519.12 sec
Max  memory usage:1471744
Epoch: 85	Time elapsed:2549.14 sec
Max  memory usage:1471744
Epoch: 86	Time elapsed:2578.22 sec
Max  memory usage:1471744
Epoch: 87	Time elapsed:2606.11 sec
Max  memory usage:1471744
Epoch: 88	Time elapsed:2635.59 sec
Max  memory usage:1472468
Epoch: 89	Time elapsed:2665.14 sec
Max  memory usage:1472468
Epoch: 90	Time elapsed:2694.69 sec
Max  memory usage:1472468
Epoch: 91	Time elapsed:2723.38 sec
Max  memory usage:1472468
Epoch: 92	Time elapsed:2751.49 sec
Max  memory usage:1472468
Epoch: 93	Time elapsed:2779.66 sec
Max  memory usage:1472468
Epoch: 94	Time elapsed:2808.46 sec
Max  memory usage:1472468
Epoch: 95	Time elapsed:2839.57 sec
Max  memory usage:1472468
Epoch: 96	Time elapsed:2868.92 sec
Max  memory usage:1472468
Epoch: 97	Time elapsed:2897.81 sec
Max  memory usage:1472468
Epoch: 98	Time elapsed:2927.18 sec
Max  memory usage:1472468
Epoch: 99	Time elapsed:2957.64 sec
Max  memory usage:1472468
Epoch: 100	Time elapsed:2986.88 sec
Max  memory usage:1472468
Epoch: 101	Time elapsed:3015.80 sec
Max  memory usage:1472468
Epoch: 102	Time elapsed:3044.31 sec
Max  memory usage:1472472
Epoch: 103	Time elapsed:3074.44 sec
Max  memory usage:1472472
Epoch: 104	Time elapsed:3102.45 sec
Max  memory usage:1472472
Epoch: 105	Time elapsed:3131.01 sec
Max  memory usage:1472472
Epoch: 106	Time elapsed:3159.79 sec
Max  memory usage:1472472
Epoch: 107	Time elapsed:3189.65 sec
Max  memory usage:1472472
Epoch: 108	Time elapsed:3220.84 sec
Max  memory usage:1472472
Epoch: 109	Time elapsed:3250.37 sec
Max  memory usage:1472472
Epoch: 110	Time elapsed:3278.07 sec
Max  memory usage:1472472
Epoch: 111	Time elapsed:3308.06 sec
Max  memory usage:1472472
Epoch: 112	Time elapsed:3337.43 sec
Max  memory usage:1472476
Epoch: 113	Time elapsed:3366.67 sec
Max  memory usage:1472476
Epoch: 114	Time elapsed:3395.58 sec
Max  memory usage:1472476
Epoch: 115	Time elapsed:3425.80 sec
Max  memory usage:1472476
Epoch: 116	Time elapsed:3457.03 sec
Max  memory usage:1472476
Epoch: 117	Time elapsed:3488.58 sec
Max  memory usage:1472480
Epoch: 118	Time elapsed:3516.78 sec
Max  memory usage:1472480
Epoch: 119	Time elapsed:3547.10 sec
Max  memory usage:1472480
Epoch: 120	Time elapsed:3577.26 sec
Max  memory usage:1472480
Epoch: 121	Time elapsed:3607.76 sec
Max  memory usage:1472480
Epoch: 122	Time elapsed:3636.21 sec
Max  memory usage:1472480
Epoch: 123	Time elapsed:3665.68 sec
Max  memory usage:1472480
Epoch: 124	Time elapsed:3694.80 sec
Max  memory usage:1472480
Epoch: 125	Time elapsed:3723.84 sec
Max  memory usage:1472480
Epoch: 126	Time elapsed:3752.13 sec
Max  memory usage:1472480
Epoch: 127	Time elapsed:3782.33 sec
Max  memory usage:1472480
Epoch: 128	Time elapsed:3812.32 sec
Max  memory usage:1472480
Epoch: 129	Time elapsed:3842.19 sec
Max  memory usage:1472480
Epoch: 130	Time elapsed:3870.69 sec
Max  memory usage:1475428
Epoch: 131	Time elapsed:3899.05 sec
Max  memory usage:1475428
Epoch: 132	Time elapsed:3928.15 sec
Max  memory usage:1475428
Epoch: 133	Time elapsed:3957.47 sec
Max  memory usage:1475428
Epoch: 134	Time elapsed:3987.10 sec
Max  memory usage:1475428
Epoch: 135	Time elapsed:4015.64 sec
Max  memory usage:1475428
Epoch: 136	Time elapsed:4047.07 sec
Max  memory usage:1475428
Epoch: 137	Time elapsed:4075.72 sec
Max  memory usage:1475428
Epoch: 138	Time elapsed:4105.56 sec
Max  memory usage:1475428
Epoch: 139	Time elapsed:4134.16 sec
Max  memory usage:1475428
Epoch: 140	Time elapsed:4162.83 sec
Max  memory usage:1475428
Epoch: 141	Time elapsed:4192.48 sec
Max  memory usage:1475428
Epoch: 142	Time elapsed:4222.53 sec
Max  memory usage:1475428
Epoch: 143	Time elapsed:4252.06 sec
Max  memory usage:1475428
Epoch: 144	Time elapsed:4280.00 sec
Max  memory usage:1475428
Epoch: 145	Time elapsed:4307.40 sec
Max  memory usage:1475428
Epoch: 146	Time elapsed:4335.41 sec
Max  memory usage:1475428
Epoch: 147	Time elapsed:4365.38 sec
Max  memory usage:1475428
Epoch: 148	Time elapsed:4395.44 sec
Max  memory usage:1475428
Epoch: 149	Time elapsed:4423.89 sec
Max  memory usage:1475428
Epoch: 150	Time elapsed:4453.07 sec
Max  memory usage:1475428
Epoch: 151	Time elapsed:4482.63 sec
Max  memory usage:1475428
Epoch: 152	Time elapsed:4512.24 sec
Max  memory usage:1475428
Epoch: 153	Time elapsed:4541.50 sec
Max  memory usage:1475428
Epoch: 154	Time elapsed:4572.70 sec
Max  memory usage:1475428
Epoch: 155	Time elapsed:4601.94 sec
Max  memory usage:1475428
Epoch: 156	Time elapsed:4631.74 sec
Max  memory usage:1475428
Epoch: 157	Time elapsed:4665.10 sec
Max  memory usage:1475428
Epoch: 158	Time elapsed:4694.20 sec
Max  memory usage:1475428
Epoch: 159	Time elapsed:4725.85 sec
Max  memory usage:1475428
Epoch: 160	Time elapsed:4753.78 sec
Max  memory usage:1475428
Epoch: 161	Time elapsed:4782.93 sec
Max  memory usage:1475428
Epoch: 162	Time elapsed:4814.78 sec
Max  memory usage:1475428
Epoch: 163	Time elapsed:4843.52 sec
Max  memory usage:1475428
Epoch: 164	Time elapsed:4872.49 sec
Max  memory usage:1475428
Epoch: 165	Time elapsed:4900.66 sec
Max  memory usage:1475428
Epoch: 166	Time elapsed:4928.81 sec
Max  memory usage:1475428
Epoch: 167	Time elapsed:4958.19 sec
Max  memory usage:1475428
Epoch: 168	Time elapsed:4986.37 sec
Max  memory usage:1475428
Epoch: 169	Time elapsed:5014.74 sec
Max  memory usage:1475428
Epoch: 170	Time elapsed:5043.37 sec
Max  memory usage:1475428
Epoch: 171	Time elapsed:5072.70 sec
Max  memory usage:1475428
Epoch: 172	Time elapsed:5102.50 sec
Max  memory usage:1475428
Epoch: 173	Time elapsed:5131.25 sec
Max  memory usage:1475428
Epoch: 174	Time elapsed:5159.17 sec
Max  memory usage:1475428
Epoch: 175	Time elapsed:5189.36 sec
Max  memory usage:1475428
Epoch: 176	Time elapsed:5218.97 sec
Max  memory usage:1475428
Epoch: 177	Time elapsed:5250.04 sec
Max  memory usage:1475428
Epoch: 178	Time elapsed:5279.76 sec
Max  memory usage:1475428
Epoch: 179	Time elapsed:5309.30 sec
Max  memory usage:1475428
Epoch: 180	Time elapsed:5337.76 sec
Max  memory usage:1475428
Epoch: 181	Time elapsed:5367.19 sec
Max  memory usage:1475428
Epoch: 182	Time elapsed:5396.26 sec
Max  memory usage:1475428
Epoch: 183	Time elapsed:5425.51 sec
Max  memory usage:1475428
Epoch: 184	Time elapsed:5454.21 sec
Max  memory usage:1475428
Epoch: 185	Time elapsed:5483.75 sec
Max  memory usage:1475428
Epoch: 186	Time elapsed:5513.90 sec
Max  memory usage:1475428
Epoch: 187	Time elapsed:5543.93 sec
Max  memory usage:1475428
Epoch: 188	Time elapsed:5574.05 sec
Max  memory usage:1475428
Epoch: 189	Time elapsed:5604.00 sec
Max  memory usage:1475428
Epoch: 190	Time elapsed:5632.25 sec
Max  memory usage:1475428
Epoch: 191	Time elapsed:5660.18 sec
Max  memory usage:1475428
Epoch: 192	Time elapsed:5690.01 sec
Max  memory usage:1475428
Epoch: 193	Time elapsed:5719.70 sec
Max  memory usage:1475428
Epoch: 194	Time elapsed:5749.01 sec
Max  memory usage:1475428
Epoch: 195	Time elapsed:5777.05 sec
Max  memory usage:1475428
Epoch: 196	Time elapsed:5806.89 sec
Max  memory usage:1475428
Epoch: 197	Time elapsed:5835.38 sec
Max  memory usage:1475428
Epoch: 198	Time elapsed:5866.53 sec
Max  memory usage:1475428
Epoch: 199	Time elapsed:5895.74 sec
Max  memory usage:1475428
Epoch: 200	Time elapsed:5925.46 sec
Max  memory usage:1475428
Epoch: 201	Time elapsed:5955.06 sec
Max  memory usage:1475428
Epoch: 202	Time elapsed:5984.72 sec
Max  memory usage:1475428
Epoch: 203	Time elapsed:6013.50 sec
Max  memory usage:1475428
Epoch: 204	Time elapsed:6043.76 sec
Max  memory usage:1475428
Epoch: 205	Time elapsed:6076.12 sec
Max  memory usage:1475428
Epoch: 206	Time elapsed:6105.06 sec
Max  memory usage:1475428
Epoch: 207	Time elapsed:6133.92 sec
Max  memory usage:1475428
Epoch: 208	Time elapsed:6163.42 sec
Max  memory usage:1475428
Epoch: 209	Time elapsed:6192.88 sec
Max  memory usage:1475428
Epoch: 210	Time elapsed:6222.68 sec
Max  memory usage:1475428
Epoch: 211	Time elapsed:6251.79 sec
Max  memory usage:1475428
Epoch: 212	Time elapsed:6279.95 sec
Max  memory usage:1475428
Epoch: 213	Time elapsed:6309.14 sec
Max  memory usage:1475428
Epoch: 214	Time elapsed:6340.32 sec
Max  memory usage:1475428
Epoch: 215	Time elapsed:6368.54 sec
Max  memory usage:1475428
Epoch: 216	Time elapsed:6397.63 sec
Max  memory usage:1475428
Epoch: 217	Time elapsed:6427.59 sec
Max  memory usage:1475428
Epoch: 218	Time elapsed:6461.13 sec
Max  memory usage:1475428
Epoch: 219	Time elapsed:6491.40 sec
Max  memory usage:1475428
Epoch: 220	Time elapsed:6520.61 sec
Max  memory usage:1475428
Epoch: 221	Time elapsed:6550.63 sec
Max  memory usage:1475428
Epoch: 222	Time elapsed:6579.01 sec
Max  memory usage:1475428
Epoch: 223	Time elapsed:6608.56 sec
Max  memory usage:1475428
Epoch: 224	Time elapsed:6638.34 sec
Max  memory usage:1475428
Epoch: 225	Time elapsed:6671.06 sec
Max  memory usage:1475428
Epoch: 226	Time elapsed:6700.92 sec
Max  memory usage:1475428
Epoch: 227	Time elapsed:6730.94 sec
Max  memory usage:1475428
Epoch: 228	Time elapsed:6762.95 sec
Max  memory usage:1475428
Epoch: 229	Time elapsed:6792.89 sec
Max  memory usage:1475428
Epoch: 230	Time elapsed:6823.01 sec
Max  memory usage:1475428
Epoch: 231	Time elapsed:6851.97 sec
Max  memory usage:1475428
Epoch: 232	Time elapsed:6882.39 sec
Max  memory usage:1475428
Epoch: 233	Time elapsed:6910.41 sec
Max  memory usage:1475428
Epoch: 234	Time elapsed:6941.12 sec
Max  memory usage:1475428
Epoch: 235	Time elapsed:6969.49 sec
Max  memory usage:1475428
Epoch: 236	Time elapsed:6998.70 sec
Max  memory usage:1475428
Epoch: 237	Time elapsed:7028.08 sec
Max  memory usage:1475428
Epoch: 238	Time elapsed:7059.00 sec
Max  memory usage:1475428
Epoch: 239	Time elapsed:7089.05 sec
Max  memory usage:1475428
Epoch: 240	Time elapsed:7119.15 sec
Max  memory usage:1475428
Epoch: 241	Time elapsed:7148.93 sec
Max  memory usage:1475428
Epoch: 242	Time elapsed:7178.93 sec
Max  memory usage:1475428
Epoch: 243	Time elapsed:7208.88 sec
Max  memory usage:1475428
Epoch: 244	Time elapsed:7238.33 sec
Max  memory usage:1475428
Epoch: 245	Time elapsed:7269.18 sec
Max  memory usage:1475428
Epoch: 246	Time elapsed:7297.89 sec
Max  memory usage:1475428
Epoch: 247	Time elapsed:7328.00 sec
Max  memory usage:1475428
Epoch: 248	Time elapsed:7358.33 sec
Max  memory usage:1475428
Epoch: 249	Time elapsed:7388.29 sec
Max  memory usage:1475428
Epoch: 250	Time elapsed:7418.14 sec
Max  memory usage:1475428
Epoch: 251	Time elapsed:7447.22 sec
Max  memory usage:1475432
Epoch: 252	Time elapsed:7476.24 sec
Max  memory usage:1475432
Epoch: 253	Time elapsed:7505.08 sec
Max  memory usage:1475432
Epoch: 254	Time elapsed:7535.32 sec
Max  memory usage:1475432
Epoch: 255	Time elapsed:7565.17 sec
Max  memory usage:1475436
Epoch: 256	Time elapsed:7595.08 sec
Max  memory usage:1475436
Epoch: 257	Time elapsed:7624.86 sec
Max  memory usage:1475436
Epoch: 258	Time elapsed:7655.42 sec
Max  memory usage:1475436
Epoch: 259	Time elapsed:7685.28 sec
Max  memory usage:1475436
Epoch: 260	Time elapsed:7714.41 sec
Max  memory usage:1475436
Epoch: 261	Time elapsed:7743.00 sec
Max  memory usage:1475436
Epoch: 262	Time elapsed:7772.45 sec
Max  memory usage:1475436
Epoch: 263	Time elapsed:7801.85 sec
Max  memory usage:1475436
Epoch: 264	Time elapsed:7831.74 sec
Max  memory usage:1475436
Epoch: 265	Time elapsed:7860.94 sec
Max  memory usage:1475436
Epoch: 266	Time elapsed:7890.44 sec
Max  memory usage:1475436
Epoch: 267	Time elapsed:7921.03 sec
Max  memory usage:1475436
Epoch: 268	Time elapsed:7951.83 sec
Max  memory usage:1475436
Epoch: 269	Time elapsed:7980.87 sec
Max  memory usage:1475436
Epoch: 270	Time elapsed:8011.18 sec
Max  memory usage:1475436
Epoch: 271	Time elapsed:8041.51 sec
Max  memory usage:1475436
Epoch: 272	Time elapsed:8071.72 sec
Max  memory usage:1475436
Epoch: 273	Time elapsed:8100.53 sec
Max  memory usage:1475436
Epoch: 274	Time elapsed:8129.45 sec
Max  memory usage:1475436
Epoch: 275	Time elapsed:8158.44 sec
Max  memory usage:1475436
Epoch: 276	Time elapsed:8187.04 sec
Max  memory usage:1475436
Epoch: 277	Time elapsed:8216.51 sec
Max  memory usage:1475436
Epoch: 278	Time elapsed:8247.79 sec
Max  memory usage:1475436
Epoch: 279	Time elapsed:8277.75 sec
Max  memory usage:1475436
Epoch: 280	Time elapsed:8307.86 sec
Max  memory usage:1475436
Epoch: 281	Time elapsed:8337.58 sec
Max  memory usage:1475436
Epoch: 282	Time elapsed:8367.58 sec
Max  memory usage:1475436
Epoch: 283	Time elapsed:8397.52 sec
Max  memory usage:1475436
Epoch: 284	Time elapsed:8427.30 sec
Max  memory usage:1475436
Epoch: 285	Time elapsed:8456.63 sec
Max  memory usage:1475436
Epoch: 286	Time elapsed:8485.76 sec
Max  memory usage:1475436
Epoch: 287	Time elapsed:8514.41 sec
Max  memory usage:1475436
Epoch: 288	Time elapsed:8545.23 sec
Max  memory usage:1475436
Epoch: 289	Time elapsed:8575.70 sec
Max  memory usage:1475436
Epoch: 290	Time elapsed:8605.20 sec
Max  memory usage:1475436
Epoch: 291	Time elapsed:8633.94 sec
Max  memory usage:1475436
Epoch: 292	Time elapsed:8662.76 sec
Max  memory usage:1475436
Epoch: 293	Time elapsed:8692.15 sec
Max  memory usage:1475436
Epoch: 294	Time elapsed:8721.09 sec
Max  memory usage:1475436
Epoch: 295	Time elapsed:8752.55 sec
Max  memory usage:1475436
Epoch: 296	Time elapsed:8782.42 sec
Max  memory usage:1475436
Epoch: 297	Time elapsed:8812.05 sec
Max  memory usage:1475436
Epoch: 298	Time elapsed:8842.96 sec
Max  memory usage:1475436
Epoch: 299	Time elapsed:8872.73 sec
Max  memory usage:1475436
Epoch: 300	Time elapsed:8903.67 sec
Max  memory usage:1475436
Epoch: 301	Time elapsed:8933.55 sec
Max  memory usage:1475436
Epoch: 302	Time elapsed:8963.35 sec
Max  memory usage:1475436
Epoch: 303	Time elapsed:8992.88 sec
Max  memory usage:1475436
Epoch: 304	Time elapsed:9021.95 sec
Max  memory usage:1475436
Epoch: 305	Time elapsed:9052.17 sec
Max  memory usage:1475436
Epoch: 306	Time elapsed:9082.46 sec
Max  memory usage:1475436
Epoch: 307	Time elapsed:9113.29 sec
Max  memory usage:1475436
Epoch: 308	Time elapsed:9144.31 sec
Max  memory usage:1475436
Epoch: 309	Time elapsed:9174.18 sec
Max  memory usage:1475436
Epoch: 310	Time elapsed:9205.40 sec
Max  memory usage:1475436
Epoch: 311	Time elapsed:9234.93 sec
Max  memory usage:1475436
Epoch: 312	Time elapsed:9265.51 sec
Max  memory usage:1475436
Epoch: 313	Time elapsed:9295.29 sec
Max  memory usage:1475436
Epoch: 314	Time elapsed:9324.48 sec
Max  memory usage:1475436
Epoch: 315	Time elapsed:9355.00 sec
Max  memory usage:1475436
Epoch: 316	Time elapsed:9385.95 sec
Max  memory usage:1475436
Epoch: 317	Time elapsed:9414.71 sec
Max  memory usage:1475436
Epoch: 318	Time elapsed:9446.01 sec
Max  memory usage:1475436
Epoch: 319	Time elapsed:9474.94 sec
Max  memory usage:1475436
Epoch: 320	Time elapsed:9505.68 sec
Max  memory usage:1475436
Epoch: 321	Time elapsed:9535.02 sec
Max  memory usage:1475436
Epoch: 322	Time elapsed:9564.78 sec
Max  memory usage:1475436
Epoch: 323	Time elapsed:9593.75 sec
Max  memory usage:1475436
Epoch: 324	Time elapsed:9622.27 sec
Max  memory usage:1475436
Epoch: 325	Time elapsed:9653.75 sec
Max  memory usage:1475436
Epoch: 326	Time elapsed:9683.64 sec
Max  memory usage:1475436
Epoch: 327	Time elapsed:9715.09 sec
Max  memory usage:1475436
Epoch: 328	Time elapsed:9745.22 sec
Max  memory usage:1475436
Epoch: 329	Time elapsed:9778.35 sec
Max  memory usage:1475436
Epoch: 330	Time elapsed:9807.03 sec
Max  memory usage:1475440
Epoch: 331	Time elapsed:9837.31 sec
Max  memory usage:1475440
Epoch: 332	Time elapsed:9867.83 sec
Max  memory usage:1475440
Epoch: 333	Time elapsed:9898.79 sec
Max  memory usage:1475440
Epoch: 334	Time elapsed:9928.44 sec
Max  memory usage:1475440
Epoch: 335	Time elapsed:9957.37 sec
Max  memory usage:1475440
Epoch: 336	Time elapsed:9986.29 sec
Max  memory usage:1475440
Epoch: 337	Time elapsed:10015.68 sec
Max  memory usage:1475440
Epoch: 338	Time elapsed:10046.33 sec
Max  memory usage:1475440
Epoch: 339	Time elapsed:10075.84 sec
Max  memory usage:1475440
Epoch: 340	Time elapsed:10104.89 sec
Max  memory usage:1475440
Epoch: 341	Time elapsed:10133.95 sec
Max  memory usage:1475440
Epoch: 342	Time elapsed:10162.67 sec
Max  memory usage:1475440
Epoch: 343	Time elapsed:10192.88 sec
Max  memory usage:1475440
Epoch: 344	Time elapsed:10222.06 sec
Max  memory usage:1475440
Epoch: 345	Time elapsed:10251.66 sec
Max  memory usage:1475440
Epoch: 346	Time elapsed:10281.47 sec
Max  memory usage:1475440
Epoch: 347	Time elapsed:10311.76 sec
Max  memory usage:1475440
Epoch: 348	Time elapsed:10342.11 sec
Max  memory usage:1475444
Epoch: 349	Time elapsed:10372.77 sec
Max  memory usage:1475444
Epoch: 350	Time elapsed:10402.70 sec
Max  memory usage:1475444
Epoch: 351	Time elapsed:10432.39 sec
Max  memory usage:1475444
Epoch: 352	Time elapsed:10463.44 sec
Max  memory usage:1475444
Epoch: 353	Time elapsed:10492.57 sec
Max  memory usage:1475444
Epoch: 354	Time elapsed:10522.13 sec
Max  memory usage:1475444
Epoch: 355	Time elapsed:10551.61 sec
Max  memory usage:1475444
Epoch: 356	Time elapsed:10580.81 sec
Max  memory usage:1475444
Epoch: 357	Time elapsed:10611.13 sec
Max  memory usage:1475484
Epoch: 358	Time elapsed:10641.70 sec
Max  memory usage:1475484
Epoch: 359	Time elapsed:10671.50 sec
Max  memory usage:1475484
Epoch: 360	Time elapsed:10701.56 sec
Max  memory usage:1475484
Epoch: 361	Time elapsed:10731.85 sec
Max  memory usage:1475484
Epoch: 362	Time elapsed:10761.32 sec
Max  memory usage:1475484
Epoch: 363	Time elapsed:10791.44 sec
Max  memory usage:1475592
Epoch: 364	Time elapsed:10822.68 sec
Max  memory usage:1477116
Epoch: 365	Time elapsed:10852.63 sec
Max  memory usage:1477116
Epoch: 366	Time elapsed:10880.88 sec
Max  memory usage:1477128
Epoch: 367	Time elapsed:10910.10 sec
Max  memory usage:1477144
Epoch: 368	Time elapsed:10939.51 sec
Max  memory usage:1477168
Epoch: 369	Time elapsed:10968.76 sec
Max  memory usage:1477176
Epoch: 370	Time elapsed:10998.93 sec
Max  memory usage:1477200
Epoch: 371	Time elapsed:11028.66 sec
Max  memory usage:1477216
Epoch: 372	Time elapsed:11057.60 sec
Max  memory usage:1477228
Epoch: 373	Time elapsed:11088.19 sec
Max  memory usage:1477260
Epoch: 374	Time elapsed:11118.22 sec
Max  memory usage:1477272
Epoch: 375	Time elapsed:11149.55 sec
Max  memory usage:1477276
Epoch: 376	Time elapsed:11178.67 sec
Max  memory usage:1477300
Epoch: 377	Time elapsed:11207.05 sec
Max  memory usage:1477316
Epoch: 378	Time elapsed:11236.07 sec
Max  memory usage:1477324
Epoch: 379	Time elapsed:11268.35 sec
Max  memory usage:1477332
Epoch: 380	Time elapsed:11297.23 sec
Max  memory usage:1477352
Epoch: 381	Time elapsed:11326.40 sec
Max  memory usage:1477360
Epoch: 382	Time elapsed:11356.35 sec
Max  memory usage:1477360
Epoch: 383	Time elapsed:11386.45 sec
Max  memory usage:1477360
Epoch: 384	Time elapsed:11415.89 sec
Max  memory usage:1479372
Epoch: 385	Time elapsed:11444.41 sec
Max  memory usage:1481412
Epoch: 386	Time elapsed:11473.75 sec
Max  memory usage:1481412
Epoch: 387	Time elapsed:11503.89 sec
Max  memory usage:1481412
Epoch: 388	Time elapsed:11533.13 sec
Max  memory usage:1481416
Epoch: 389	Time elapsed:11562.00 sec
Max  memory usage:1481416
Epoch: 390	Time elapsed:11590.47 sec
Max  memory usage:1481416
Epoch: 391	Time elapsed:11619.65 sec
Max  memory usage:1481416
Epoch: 392	Time elapsed:11648.94 sec
Max  memory usage:1481416
Epoch: 393	Time elapsed:11677.70 sec
Max  memory usage:1481416
Epoch: 394	Time elapsed:11709.69 sec
Max  memory usage:1481416
Epoch: 395	Time elapsed:11739.69 sec
Max  memory usage:1481416
Epoch: 396	Time elapsed:11768.93 sec
Max  memory usage:1481416
Epoch: 397	Time elapsed:11797.27 sec
Max  memory usage:1481416
Epoch: 398	Time elapsed:11828.05 sec
Max  memory usage:1481416
Epoch: 399	Time elapsed:11857.72 sec
Max  memory usage:1481416
Epoch: 400	Time elapsed:11887.80 sec
Max  memory usage:1481416
Epoch: 401	Time elapsed:11916.92 sec
Max  memory usage:1481416
Epoch: 402	Time elapsed:11945.23 sec
Max  memory usage:1481416
Epoch: 403	Time elapsed:11972.25 sec
Max  memory usage:1481416
Epoch: 404	Time elapsed:12001.40 sec
Max  memory usage:1481416
Epoch: 405	Time elapsed:12031.28 sec
Max  memory usage:1481416
Epoch: 406	Time elapsed:12059.22 sec
Max  memory usage:1481416
Epoch: 407	Time elapsed:12087.59 sec
Max  memory usage:1481416
Epoch: 408	Time elapsed:12118.74 sec
Max  memory usage:1481416
Epoch: 409	Time elapsed:12148.84 sec
Max  memory usage:1481416
Epoch: 410	Time elapsed:12178.32 sec
Max  memory usage:1481416
Epoch: 411	Time elapsed:12208.02 sec
Max  memory usage:1481416
Epoch: 412	Time elapsed:12237.22 sec
Max  memory usage:1481416
Epoch: 413	Time elapsed:12266.30 sec
Max  memory usage:1481416
Epoch: 414	Time elapsed:12295.18 sec
Max  memory usage:1481416
Epoch: 415	Time elapsed:12324.04 sec
Max  memory usage:1481416
Epoch: 416	Time elapsed:12352.88 sec
Max  memory usage:1481416
Epoch: 417	Time elapsed:12381.67 sec
Max  memory usage:1481416
Epoch: 418	Time elapsed:12411.32 sec
Max  memory usage:1481416
Epoch: 419	Time elapsed:12440.40 sec
Max  memory usage:1481416
Epoch: 420	Time elapsed:12470.35 sec
Max  memory usage:1481416
Epoch: 421	Time elapsed:12499.80 sec
Max  memory usage:1481416
Epoch: 422	Time elapsed:12529.37 sec
Max  memory usage:1481416
Epoch: 423	Time elapsed:12559.08 sec
Max  memory usage:1481416
Epoch: 424	Time elapsed:12587.39 sec
Max  memory usage:1481416
Epoch: 425	Time elapsed:12617.07 sec
Max  memory usage:1481416
Epoch: 426	Time elapsed:12647.53 sec
Max  memory usage:1481416
Epoch: 427	Time elapsed:12677.65 sec
Max  memory usage:1481416
Epoch: 428	Time elapsed:12708.45 sec
Max  memory usage:1481416
Epoch: 429	Time elapsed:12737.70 sec
Max  memory usage:1481416
Epoch: 430	Time elapsed:12766.64 sec
Max  memory usage:1481416
Epoch: 431	Time elapsed:12795.73 sec
Max  memory usage:1481416
Epoch: 432	Time elapsed:12824.20 sec
Max  memory usage:1481416
Epoch: 433	Time elapsed:12853.02 sec
Max  memory usage:1481416
Epoch: 434	Time elapsed:12881.89 sec
Max  memory usage:1481416
Epoch: 435	Time elapsed:12911.58 sec
Max  memory usage:1481416
Epoch: 436	Time elapsed:12940.71 sec
Max  memory usage:1481416
Epoch: 437	Time elapsed:12970.83 sec
Max  memory usage:1481416
Epoch: 438	Time elapsed:12999.83 sec
Max  memory usage:1481416
Epoch: 439	Time elapsed:13031.60 sec
Max  memory usage:1481416
Epoch: 440	Time elapsed:13063.88 sec
Max  memory usage:1481416
Epoch: 441	Time elapsed:13093.59 sec
Max  memory usage:1481416
Epoch: 442	Time elapsed:13122.56 sec
Max  memory usage:1481416
Epoch: 443	Time elapsed:13150.93 sec
Max  memory usage:1481416
Epoch: 444	Time elapsed:13180.01 sec
Max  memory usage:1481416
Epoch: 445	Time elapsed:13208.07 sec
Max  memory usage:1481416
Epoch: 446	Time elapsed:13236.31 sec
Max  memory usage:1481416
Epoch: 447	Time elapsed:13264.75 sec
Max  memory usage:1481416
Epoch: 448	Time elapsed:13292.93 sec
Max  memory usage:1481416
Epoch: 449	Time elapsed:13322.74 sec
Max  memory usage:1481416
Epoch: 450	Time elapsed:13352.10 sec
Max  memory usage:1481416
Epoch: 451	Time elapsed:13379.49 sec
Max  memory usage:1481416
Epoch: 452	Time elapsed:13408.75 sec
Max  memory usage:1481416
Epoch: 453	Time elapsed:13437.63 sec
Max  memory usage:1481416
Epoch: 454	Time elapsed:13465.97 sec
Max  memory usage:1481416
Epoch: 455	Time elapsed:13494.08 sec
Max  memory usage:1481416
Epoch: 456	Time elapsed:13522.40 sec
Max  memory usage:1481416
Epoch: 457	Time elapsed:13551.08 sec
Max  memory usage:1481416
Epoch: 458	Time elapsed:13579.22 sec
Max  memory usage:1481416
Epoch: 459	Time elapsed:13607.16 sec
Max  memory usage:1481416
Epoch: 460	Time elapsed:13634.49 sec
Max  memory usage:1481416
Epoch: 461	Time elapsed:13663.62 sec
Max  memory usage:1481416
Epoch: 462	Time elapsed:13691.99 sec
Max  memory usage:1481416
Epoch: 463	Time elapsed:13719.15 sec
Max  memory usage:1481416
Epoch: 464	Time elapsed:13746.70 sec
Max  memory usage:1481416
Epoch: 465	Time elapsed:13774.66 sec
Max  memory usage:1481416
Epoch: 466	Time elapsed:13804.04 sec
Max  memory usage:1481416
Epoch: 467	Time elapsed:13834.00 sec
Max  memory usage:1481416
Epoch: 468	Time elapsed:13867.15 sec
Max  memory usage:1481416
Epoch: 469	Time elapsed:13905.93 sec
Max  memory usage:1481416
Epoch: 470	Time elapsed:13944.62 sec
Max  memory usage:1481416
Epoch: 471	Time elapsed:13985.88 sec
Max  memory usage:1481416
Epoch: 472	Time elapsed:14025.72 sec
Max  memory usage:1481416
Epoch: 473	Time elapsed:14066.07 sec
Max  memory usage:1481416
Epoch: 474	Time elapsed:14106.41 sec
Max  memory usage:1481416
Epoch: 475	Time elapsed:14143.15 sec
Max  memory usage:1481416
Epoch: 476	Time elapsed:14179.35 sec
Max  memory usage:1481416
Epoch: 477	Time elapsed:14216.81 sec
Max  memory usage:1481416
Epoch: 478	Time elapsed:14254.61 sec
Max  memory usage:1481416
Epoch: 479	Time elapsed:14289.94 sec
Max  memory usage:1481416
Epoch: 480	Time elapsed:14326.14 sec
Max  memory usage:1481416
Epoch: 481	Time elapsed:14366.41 sec
Max  memory usage:1481416
Epoch: 482	Time elapsed:14403.62 sec
Max  memory usage:1481416
Epoch: 483	Time elapsed:14440.95 sec
Max  memory usage:1481416
Epoch: 484	Time elapsed:14478.32 sec
Max  memory usage:1487600
Epoch: 485	Time elapsed:14512.94 sec
Max  memory usage:1487600
Epoch: 486	Time elapsed:14550.15 sec
Max  memory usage:1487600
Epoch: 487	Time elapsed:14587.13 sec
Max  memory usage:1487600
Epoch: 488	Time elapsed:14622.65 sec
Max  memory usage:1487600
Epoch: 489	Time elapsed:14655.75 sec
Max  memory usage:1487600
Epoch: 490	Time elapsed:14691.67 sec
Max  memory usage:1487600
Epoch: 491	Time elapsed:14726.78 sec
Max  memory usage:1487600
Epoch: 492	Time elapsed:14761.56 sec
Max  memory usage:1487600
Epoch: 493	Time elapsed:14795.81 sec
Max  memory usage:1487600
Epoch: 494	Time elapsed:14830.96 sec
Max  memory usage:1487600
Epoch: 495	Time elapsed:14865.56 sec
Max  memory usage:1487604
Epoch: 496	Time elapsed:14899.22 sec
Max  memory usage:1487604
Epoch: 497	Time elapsed:14936.96 sec
Max  memory usage:1487604
Epoch: 498	Time elapsed:14976.35 sec
Max  memory usage:1487604
Epoch: 499	Time elapsed:15013.14 sec
Saving Graph of loss function
Saving Latent space
Loading saved model...
