000 (6203219.015.000) 2020-05-26 09:44:28 Job submitted from host: <128.104.101.92:9618?addrs=128.104.101.92-9618+[2607-f388-107c-501-a236-9fff-fe3c-caa8]-9618&alias=submit2.chtc.wisc.edu&noUDP&sock=schedd_3841921_d3c3>
...
040 (6203219.015.000) 2020-05-27 05:01:05 Started transferring input files
	Transferring to host: <128.105.244.146:9618?addrs=128.105.244.146-9618&alias=gpulab2002.chtc.wisc.edu&noUDP&sock=slot1_4_6135_6993_1716>
...
040 (6203219.015.000) 2020-05-27 05:01:05 Finished transferring input files
...
001 (6203219.015.000) 2020-05-27 05:01:06 Job executing on host: <128.105.244.146:9618?addrs=128.105.244.146-9618&alias=gpulab2002.chtc.wisc.edu&noUDP&sock=startd_4871_ade8>
...
006 (6203219.015.000) 2020-05-27 05:01:15 Image size of job updated: 917
	917  -  MemoryUsage of job (MB)
	939524  -  ResidentSetSize of job (KB)
...
006 (6203219.015.000) 2020-05-27 05:06:15 Image size of job updated: 1049
	1049  -  MemoryUsage of job (MB)
	1075064  -  ResidentSetSize of job (KB)
...
006 (6203219.015.000) 2020-05-27 05:11:16 Image size of job updated: 1049
	1049  -  MemoryUsage of job (MB)
	1075068  -  ResidentSetSize of job (KB)
...
006 (6203219.015.000) 2020-05-27 05:21:18 Image size of job updated: 1049
	1049  -  MemoryUsage of job (MB)
	1075076  -  ResidentSetSize of job (KB)
...
006 (6203219.015.000) 2020-05-27 05:26:19 Image size of job updated: 1050
	1050  -  MemoryUsage of job (MB)
	1075560  -  ResidentSetSize of job (KB)
...
006 (6203219.015.000) 2020-05-27 05:31:20 Image size of job updated: 1050
	1050  -  MemoryUsage of job (MB)
	1075564  -  ResidentSetSize of job (KB)
...
006 (6203219.015.000) 2020-05-27 05:41:22 Image size of job updated: 1051
	1051  -  MemoryUsage of job (MB)
	1076436  -  ResidentSetSize of job (KB)
...
006 (6203219.015.000) 2020-05-27 05:46:23 Image size of job updated: 1051
	1051  -  MemoryUsage of job (MB)
	1076440  -  ResidentSetSize of job (KB)
...
006 (6203219.015.000) 2020-05-27 05:51:23 Image size of job updated: 1051
	1051  -  MemoryUsage of job (MB)
	1076448  -  ResidentSetSize of job (KB)
...
006 (6203219.015.000) 2020-05-27 06:26:24 Image size of job updated: 1056
	1056  -  MemoryUsage of job (MB)
	1081764  -  ResidentSetSize of job (KB)
...
006 (6203219.015.000) 2020-05-27 06:31:25 Image size of job updated: 1056
	1056  -  MemoryUsage of job (MB)
	1081768  -  ResidentSetSize of job (KB)
...
006 (6203219.015.000) 2020-05-27 06:36:25 Image size of job updated: 1056
	1056  -  MemoryUsage of job (MB)
	1081772  -  ResidentSetSize of job (KB)
...
006 (6203219.015.000) 2020-05-27 06:41:25 Image size of job updated: 1058
	1058  -  MemoryUsage of job (MB)
	1083444  -  ResidentSetSize of job (KB)
...
006 (6203219.015.000) 2020-05-27 06:46:26 Image size of job updated: 1058
	1058  -  MemoryUsage of job (MB)
	1083604  -  ResidentSetSize of job (KB)
...
006 (6203219.015.000) 2020-05-27 06:51:26 Image size of job updated: 1060
	1060  -  MemoryUsage of job (MB)
	1085660  -  ResidentSetSize of job (KB)
...
006 (6203219.015.000) 2020-05-27 07:11:28 Image size of job updated: 1060
	1060  -  MemoryUsage of job (MB)
	1085664  -  ResidentSetSize of job (KB)
...
006 (6203219.015.000) 2020-05-27 07:16:29 Image size of job updated: 1060
	1060  -  MemoryUsage of job (MB)
	1085668  -  ResidentSetSize of job (KB)
...
006 (6203219.015.000) 2020-05-27 07:26:30 Image size of job updated: 1060
	1060  -  MemoryUsage of job (MB)
	1085672  -  ResidentSetSize of job (KB)
...
006 (6203219.015.000) 2020-05-27 08:01:33 Image size of job updated: 1060
	1060  -  MemoryUsage of job (MB)
	1085676  -  ResidentSetSize of job (KB)
...
006 (6203219.015.000) 2020-05-27 08:04:37 Image size of job updated: 3081
	3081  -  MemoryUsage of job (MB)
	3155860  -  ResidentSetSize of job (KB)
...
040 (6203219.015.000) 2020-05-27 08:04:37 Started transferring output files
...
040 (6203219.015.000) 2020-05-27 08:04:38 Finished transferring output files
...
005 (6203219.015.000) 2020-05-27 08:04:40 Job terminated.
	(1) Normal termination (return value 0)
		Usr 0 00:00:00, Sys 0 00:00:00  -  Run Remote Usage
		Usr 0 00:00:00, Sys 0 00:00:00  -  Run Local Usage
		Usr 0 00:00:00, Sys 0 00:00:00  -  Total Remote Usage
		Usr 0 00:00:00, Sys 0 00:00:00  -  Total Local Usage
	63612320  -  Run Bytes Sent By Job
	16282  -  Run Bytes Received By Job
	63612320  -  Total Bytes Sent By Job
	16282  -  Total Bytes Received By Job
	Partitionable Resources :    Usage  Request Allocated Assigned
	   Cpus                 :     0.02        1         1 
	   Disk (KB)            : 85176    10485760  16518131 
	   Gpus (Average)       :     0.07        1         1 "CUDA3"
	   GpusMemory (MB)      :   829                       
	   IoHeavy              :                           0 
	   Memory (MB)          :  3081       20480     20480 

	Job terminated of its own accord at 2020-05-27T13:04:37Z.
...
