
=============
== PyTorch ==
=============

NVIDIA Release 19.11 (build 8777600)
PyTorch Version 1.4.0a0+649135b

Container image Copyright (c) 2019, NVIDIA CORPORATION.  All rights reserved.

Copyright (c) 2014-2019 Facebook Inc.
Copyright (c) 2011-2014 Idiap Research Institute (Ronan Collobert)
Copyright (c) 2012-2014 Deepmind Technologies    (Koray Kavukcuoglu)
Copyright (c) 2011-2012 NEC Laboratories America (Koray Kavukcuoglu)
Copyright (c) 2011-2013 NYU                      (Clement Farabet)
Copyright (c) 2006-2010 NEC Laboratories America (Ronan Collobert, Leon Bottou, Iain Melvin, Jason Weston)
Copyright (c) 2006      Idiap Research Institute (Samy Bengio)
Copyright (c) 2001-2004 Idiap Research Institute (Ronan Collobert, Samy Bengio, Johnny Mariethoz)
Copyright (c) 2015      Google Inc.
Copyright (c) 2015      Yangqing Jia
Copyright (c) 2013-2016 The Caffe contributors
All rights reserved.

Various files include modifications (c) NVIDIA CORPORATION.  All rights reserved.
NVIDIA modifications are covered by the license terms that apply to the underlying project or file.

NOTE: MOFED driver for multi-node communication was not detected.
      Multi-node communication performance may be reduced.

NOTE: The SHMEM allocation limit is set to the default of 64MB.  This may be
   insufficient for PyTorch.  NVIDIA recommends the use of the following flags:
   nvidia-docker run --ipc=host ...

chtc_root.txt exist
.:
.
..
.chirp.config
.curl_plugin.in
.curl_plugin.out
.docker_sock
.job.ad
.machine.ad
.update.ad
_condor_stderr
_condor_stdout
chtc_root.txt
chtc_train_model.sh
condor_exec.exe
configs
docker_stderror
output
run
sequence_sets
sequences.tar.gz
source
staging.tar.gz
tmp
var

./configs:
.
..
config_1000_10.yaml
config_1000_100.yaml
config_1000_15.yaml
config_1000_2.yaml
config_1000_20.yaml
config_1000_30.yaml
config_1000_40.yaml
config_1000_5.yaml
config_1000_50.yaml
config_1000_500.yaml
config_200_10.yaml
config_200_100.yaml
config_200_15.yaml
config_200_2.yaml
config_200_20.yaml
config_200_30.yaml
config_200_40.yaml
config_200_5.yaml
config_200_50.yaml
config_200_500.yaml
config_500_10.yaml
config_500_100.yaml
config_500_15.yaml
config_500_2.yaml
config_500_20.yaml
config_500_30.yaml
config_500_40.yaml
config_500_5.yaml
config_500_50.yaml
config_500_500.yaml
configs.txt
make_configs.py

./output:
.
..

./run:
.
..
runmodel.sh

./sequence_sets:
.
..
.gitignore
README.md
cmx_aligned_blank_90.fasta
cmx_foreground.fasta
cmx_sequences.zip
processed_cmx_uniref100_90_80_10_100.fasta
processed_cmx_uniref100_90_80_10_100_small.fasta
test.fasta

./source:
.
..
dataloader.py
examine_model.py
make_dataset
model.py
plot_sequences.py
read_config.py
reweighting.py
train_model.py
utils.py

./source/make_dataset:
.
..
get_msa_stats.py
make_dataset.sh
process_msa.py

./tmp:
.
..

./var:
.
..
tmp

./var/tmp:
.
..
Weights do not exist. No weighted sampling will be done.
Max  memory usage:1289420
Epoch: 0	Time elapsed:0.00 sec
Max  memory usage:1465404
Epoch: 1	Time elapsed:34.86 sec
Max  memory usage:1465504
Epoch: 2	Time elapsed:63.73 sec
Max  memory usage:1469628
Epoch: 3	Time elapsed:95.67 sec
Max  memory usage:1469628
Epoch: 4	Time elapsed:128.09 sec
Max  memory usage:1469628
Epoch: 5	Time elapsed:162.21 sec
Max  memory usage:1469628
Epoch: 6	Time elapsed:193.81 sec
Max  memory usage:1469628
Epoch: 7	Time elapsed:226.48 sec
Max  memory usage:1469628
Epoch: 8	Time elapsed:258.91 sec
Max  memory usage:1469628
Epoch: 9	Time elapsed:290.41 sec
Max  memory usage:1469628
Epoch: 10	Time elapsed:322.73 sec
Max  memory usage:1469628
Epoch: 11	Time elapsed:353.68 sec
Max  memory usage:1469628
Epoch: 12	Time elapsed:387.07 sec
Max  memory usage:1469628
Epoch: 13	Time elapsed:418.91 sec
Max  memory usage:1469660
Epoch: 14	Time elapsed:449.68 sec
Max  memory usage:1469660
Epoch: 15	Time elapsed:479.54 sec
Max  memory usage:1469660
Epoch: 16	Time elapsed:510.42 sec
Max  memory usage:1469660
Epoch: 17	Time elapsed:542.93 sec
Max  memory usage:1469660
Epoch: 18	Time elapsed:572.87 sec
Max  memory usage:1469664
Epoch: 19	Time elapsed:606.09 sec
Max  memory usage:1469672
Epoch: 20	Time elapsed:638.43 sec
Max  memory usage:1469672
Epoch: 21	Time elapsed:673.79 sec
Max  memory usage:1469672
Epoch: 22	Time elapsed:706.33 sec
Max  memory usage:1469672
Epoch: 23	Time elapsed:735.57 sec
Max  memory usage:1469672
Epoch: 24	Time elapsed:768.90 sec
Max  memory usage:1469672
Epoch: 25	Time elapsed:801.02 sec
Max  memory usage:1469672
Epoch: 26	Time elapsed:832.83 sec
Max  memory usage:1469672
Epoch: 27	Time elapsed:865.05 sec
Max  memory usage:1470008
Epoch: 28	Time elapsed:897.74 sec
Max  memory usage:1470008
Epoch: 29	Time elapsed:931.73 sec
Max  memory usage:1470008
Epoch: 30	Time elapsed:961.46 sec
Max  memory usage:1470008
Epoch: 31	Time elapsed:993.05 sec
Max  memory usage:1470008
Epoch: 32	Time elapsed:1026.91 sec
Max  memory usage:1470008
Epoch: 33	Time elapsed:1058.93 sec
Max  memory usage:1470008
Epoch: 34	Time elapsed:1087.93 sec
Max  memory usage:1470008
Epoch: 35	Time elapsed:1117.23 sec
Max  memory usage:1470008
Epoch: 36	Time elapsed:1148.84 sec
Max  memory usage:1470008
Epoch: 37	Time elapsed:1179.06 sec
Max  memory usage:1470008
Epoch: 38	Time elapsed:1214.01 sec
Max  memory usage:1470008
Epoch: 39	Time elapsed:1247.64 sec
Max  memory usage:1471744
Epoch: 40	Time elapsed:1281.30 sec
Max  memory usage:1471748
Epoch: 41	Time elapsed:1312.53 sec
Max  memory usage:1471748
Epoch: 42	Time elapsed:1343.25 sec
Max  memory usage:1471748
Epoch: 43	Time elapsed:1373.63 sec
Max  memory usage:1471748
Epoch: 44	Time elapsed:1407.20 sec
Max  memory usage:1471748
Epoch: 45	Time elapsed:1439.17 sec
Max  memory usage:1471748
Epoch: 46	Time elapsed:1469.07 sec
Max  memory usage:1471752
Epoch: 47	Time elapsed:1501.24 sec
Max  memory usage:1471752
Epoch: 48	Time elapsed:1533.37 sec
Max  memory usage:1471752
Epoch: 49	Time elapsed:1563.58 sec
Max  memory usage:1471752
Epoch: 50	Time elapsed:1594.90 sec
Max  memory usage:1471752
Epoch: 51	Time elapsed:1624.36 sec
Max  memory usage:1471752
Epoch: 52	Time elapsed:1654.60 sec
Max  memory usage:1471752
Epoch: 53	Time elapsed:1684.38 sec
Max  memory usage:1471752
Epoch: 54	Time elapsed:1713.83 sec
Max  memory usage:1471756
Epoch: 55	Time elapsed:1745.83 sec
Max  memory usage:1471756
Epoch: 56	Time elapsed:1777.98 sec
Max  memory usage:1471756
Epoch: 57	Time elapsed:1810.95 sec
Max  memory usage:1471756
Epoch: 58	Time elapsed:1843.45 sec
Max  memory usage:1471756
Epoch: 59	Time elapsed:1874.77 sec
Max  memory usage:1471756
Epoch: 60	Time elapsed:1908.21 sec
Max  memory usage:1471756
Epoch: 61	Time elapsed:1938.12 sec
Max  memory usage:1471756
Epoch: 62	Time elapsed:1969.00 sec
Max  memory usage:1471756
Epoch: 63	Time elapsed:2002.91 sec
Max  memory usage:1471756
Epoch: 64	Time elapsed:2031.37 sec
Max  memory usage:1471756
Epoch: 65	Time elapsed:2059.76 sec
Max  memory usage:1471756
Epoch: 66	Time elapsed:2092.58 sec
Max  memory usage:1471756
Epoch: 67	Time elapsed:2126.94 sec
Max  memory usage:1471756
Epoch: 68	Time elapsed:2163.38 sec
Max  memory usage:1471756
Epoch: 69	Time elapsed:2195.73 sec
Max  memory usage:1471756
Epoch: 70	Time elapsed:2225.74 sec
Max  memory usage:1471756
Epoch: 71	Time elapsed:2255.11 sec
Max  memory usage:1471756
Epoch: 72	Time elapsed:2288.12 sec
Max  memory usage:1471756
Epoch: 73	Time elapsed:2320.44 sec
Max  memory usage:1471756
Epoch: 74	Time elapsed:2351.80 sec
Max  memory usage:1471760
Epoch: 75	Time elapsed:2383.29 sec
Max  memory usage:1471760
Epoch: 76	Time elapsed:2416.59 sec
Max  memory usage:1471760
Epoch: 77	Time elapsed:2450.45 sec
Max  memory usage:1471760
Epoch: 78	Time elapsed:2484.46 sec
Max  memory usage:1471760
Epoch: 79	Time elapsed:2515.72 sec
Max  memory usage:1471760
Epoch: 80	Time elapsed:2545.27 sec
Max  memory usage:1471760
Epoch: 81	Time elapsed:2578.24 sec
Max  memory usage:1471760
Epoch: 82	Time elapsed:2608.40 sec
Max  memory usage:1471760
Epoch: 83	Time elapsed:2638.02 sec
Max  memory usage:1471760
Epoch: 84	Time elapsed:2669.78 sec
Max  memory usage:1471760
Epoch: 85	Time elapsed:2700.43 sec
Max  memory usage:1471760
Epoch: 86	Time elapsed:2729.78 sec
Max  memory usage:1471760
Epoch: 87	Time elapsed:2761.89 sec
Max  memory usage:1471760
Epoch: 88	Time elapsed:2793.18 sec
Max  memory usage:1471760
Epoch: 89	Time elapsed:2825.33 sec
Max  memory usage:1471760
Epoch: 90	Time elapsed:2855.26 sec
Max  memory usage:1471760
Epoch: 91	Time elapsed:2886.85 sec
Max  memory usage:1471760
Epoch: 92	Time elapsed:2918.38 sec
Max  memory usage:1471760
Epoch: 93	Time elapsed:2952.83 sec
Max  memory usage:1471760
Epoch: 94	Time elapsed:2986.47 sec
Max  memory usage:1471760
Epoch: 95	Time elapsed:3017.34 sec
Max  memory usage:1471760
Epoch: 96	Time elapsed:3048.07 sec
Max  memory usage:1471760
Epoch: 97	Time elapsed:3077.34 sec
Max  memory usage:1471760
Epoch: 98	Time elapsed:3108.92 sec
Max  memory usage:1471760
Epoch: 99	Time elapsed:3141.12 sec
Max  memory usage:1471760
Epoch: 100	Time elapsed:3171.11 sec
Max  memory usage:1471760
Epoch: 101	Time elapsed:3204.08 sec
Max  memory usage:1471760
Epoch: 102	Time elapsed:3238.00 sec
Max  memory usage:1471764
Epoch: 103	Time elapsed:3270.18 sec
Max  memory usage:1471764
Epoch: 104	Time elapsed:3303.99 sec
Max  memory usage:1471764
Epoch: 105	Time elapsed:3335.70 sec
Max  memory usage:1471764
Epoch: 106	Time elapsed:3369.04 sec
Max  memory usage:1471764
Epoch: 107	Time elapsed:3402.84 sec
Max  memory usage:1471764
Epoch: 108	Time elapsed:3437.02 sec
Max  memory usage:1471764
Epoch: 109	Time elapsed:3470.09 sec
Max  memory usage:1471764
Epoch: 110	Time elapsed:3505.59 sec
Max  memory usage:1471764
Epoch: 111	Time elapsed:3541.75 sec
Max  memory usage:1471764
Epoch: 112	Time elapsed:3575.65 sec
Max  memory usage:1471764
Epoch: 113	Time elapsed:3609.46 sec
Max  memory usage:1471764
Epoch: 114	Time elapsed:3642.34 sec
Max  memory usage:1471764
Epoch: 115	Time elapsed:3672.36 sec
Max  memory usage:1471764
Epoch: 116	Time elapsed:3706.43 sec
Max  memory usage:1471764
Epoch: 117	Time elapsed:3740.81 sec
Max  memory usage:1471768
Epoch: 118	Time elapsed:3774.98 sec
Max  memory usage:1471768
Epoch: 119	Time elapsed:3807.09 sec
Max  memory usage:1471768
Epoch: 120	Time elapsed:3841.97 sec
Max  memory usage:1471768
Epoch: 121	Time elapsed:3875.61 sec
Max  memory usage:1471768
Epoch: 122	Time elapsed:3908.79 sec
Max  memory usage:1471768
Epoch: 123	Time elapsed:3941.36 sec
Max  memory usage:1471768
Epoch: 124	Time elapsed:3978.60 sec
Max  memory usage:1471768
Epoch: 125	Time elapsed:4014.16 sec
Max  memory usage:1471768
Epoch: 126	Time elapsed:4047.23 sec
Max  memory usage:1471768
Epoch: 127	Time elapsed:4079.83 sec
Max  memory usage:1471768
Epoch: 128	Time elapsed:4114.66 sec
Max  memory usage:1471768
Epoch: 129	Time elapsed:4149.66 sec
Max  memory usage:1471768
Epoch: 130	Time elapsed:4183.36 sec
Max  memory usage:1471772
Epoch: 131	Time elapsed:4218.24 sec
Max  memory usage:1471772
Epoch: 132	Time elapsed:4254.59 sec
Max  memory usage:1471772
Epoch: 133	Time elapsed:4289.76 sec
Max  memory usage:1471772
Epoch: 134	Time elapsed:4321.99 sec
Max  memory usage:1471772
Epoch: 135	Time elapsed:4352.56 sec
Max  memory usage:1471772
Epoch: 136	Time elapsed:4381.89 sec
Max  memory usage:1471772
Epoch: 137	Time elapsed:4411.65 sec
Max  memory usage:1471772
Epoch: 138	Time elapsed:4441.64 sec
Max  memory usage:1471776
Epoch: 139	Time elapsed:4473.68 sec
Max  memory usage:1471776
Epoch: 140	Time elapsed:4505.17 sec
Max  memory usage:1471776
Epoch: 141	Time elapsed:4537.98 sec
Max  memory usage:1471776
Epoch: 142	Time elapsed:4570.27 sec
Max  memory usage:1471776
Epoch: 143	Time elapsed:4598.08 sec
Max  memory usage:1471776
Epoch: 144	Time elapsed:4627.31 sec
Max  memory usage:1471776
Epoch: 145	Time elapsed:4660.93 sec
Max  memory usage:1471776
Epoch: 146	Time elapsed:4693.06 sec
Max  memory usage:1471776
Epoch: 147	Time elapsed:4721.52 sec
Max  memory usage:1471776
Epoch: 148	Time elapsed:4753.66 sec
Max  memory usage:1471776
Epoch: 149	Time elapsed:4782.87 sec
Max  memory usage:1471776
Epoch: 150	Time elapsed:4813.11 sec
Max  memory usage:1471776
Epoch: 151	Time elapsed:4846.83 sec
Max  memory usage:1471776
Epoch: 152	Time elapsed:4879.06 sec
Max  memory usage:1471776
Epoch: 153	Time elapsed:4910.28 sec
Max  memory usage:1471776
Epoch: 154	Time elapsed:4941.01 sec
Max  memory usage:1471776
Epoch: 155	Time elapsed:4970.19 sec
Max  memory usage:1471776
Epoch: 156	Time elapsed:5000.32 sec
Max  memory usage:1471776
Epoch: 157	Time elapsed:5030.05 sec
Max  memory usage:1471776
Epoch: 158	Time elapsed:5058.32 sec
Max  memory usage:1471776
Epoch: 159	Time elapsed:5087.44 sec
Max  memory usage:1471776
Epoch: 160	Time elapsed:5117.55 sec
Max  memory usage:1471776
Epoch: 161	Time elapsed:5146.45 sec
Max  memory usage:1471776
Epoch: 162	Time elapsed:5175.31 sec
Max  memory usage:1471776
Epoch: 163	Time elapsed:5206.86 sec
Max  memory usage:1471776
Epoch: 164	Time elapsed:5236.94 sec
Max  memory usage:1471776
Epoch: 165	Time elapsed:5265.95 sec
Max  memory usage:1471776
Epoch: 166	Time elapsed:5294.88 sec
Max  memory usage:1471776
Epoch: 167	Time elapsed:5322.99 sec
Max  memory usage:1471776
Epoch: 168	Time elapsed:5352.20 sec
Max  memory usage:1471776
Epoch: 169	Time elapsed:5382.09 sec
Max  memory usage:1471776
Epoch: 170	Time elapsed:5412.32 sec
Max  memory usage:1471776
Epoch: 171	Time elapsed:5440.45 sec
Max  memory usage:1471776
Epoch: 172	Time elapsed:5469.27 sec
Max  memory usage:1471776
Epoch: 173	Time elapsed:5499.48 sec
Max  memory usage:1471776
Epoch: 174	Time elapsed:5529.29 sec
Max  memory usage:1471776
Epoch: 175	Time elapsed:5557.74 sec
Max  memory usage:1471776
Epoch: 176	Time elapsed:5586.41 sec
Max  memory usage:1471776
Epoch: 177	Time elapsed:5613.33 sec
Max  memory usage:1471776
Epoch: 178	Time elapsed:5642.44 sec
Max  memory usage:1471776
Epoch: 179	Time elapsed:5673.26 sec
Max  memory usage:1471776
Epoch: 180	Time elapsed:5701.86 sec
Max  memory usage:1471776
Epoch: 181	Time elapsed:5728.97 sec
Max  memory usage:1471776
Epoch: 182	Time elapsed:5756.07 sec
Max  memory usage:1471776
Epoch: 183	Time elapsed:5781.74 sec
Max  memory usage:1471776
Epoch: 184	Time elapsed:5808.90 sec
Max  memory usage:1471776
Epoch: 185	Time elapsed:5834.65 sec
Max  memory usage:1471776
Epoch: 186	Time elapsed:5861.00 sec
Max  memory usage:1471776
Epoch: 187	Time elapsed:5886.17 sec
Max  memory usage:1471776
Epoch: 188	Time elapsed:5911.46 sec
Max  memory usage:1471776
Epoch: 189	Time elapsed:5937.04 sec
Max  memory usage:1471776
Epoch: 190	Time elapsed:5962.60 sec
Max  memory usage:1471776
Epoch: 191	Time elapsed:5987.87 sec
Max  memory usage:1471776
Epoch: 192	Time elapsed:6014.53 sec
Max  memory usage:1471776
Epoch: 193	Time elapsed:6039.52 sec
Max  memory usage:1471776
Epoch: 194	Time elapsed:6063.80 sec
Max  memory usage:1471776
Epoch: 195	Time elapsed:6089.03 sec
Max  memory usage:1471776
Epoch: 196	Time elapsed:6116.68 sec
Max  memory usage:1471776
Epoch: 197	Time elapsed:6145.05 sec
Max  memory usage:1471776
Epoch: 198	Time elapsed:6170.64 sec
Max  memory usage:1471776
Epoch: 199	Time elapsed:6196.37 sec
Max  memory usage:1471776
Epoch: 200	Time elapsed:6223.92 sec
Max  memory usage:1471776
Epoch: 201	Time elapsed:6250.72 sec
Max  memory usage:1471776
Epoch: 202	Time elapsed:6277.40 sec
Max  memory usage:1471776
Epoch: 203	Time elapsed:6306.61 sec
Max  memory usage:1471776
Epoch: 204	Time elapsed:6334.86 sec
Max  memory usage:1471776
Epoch: 205	Time elapsed:6363.83 sec
Max  memory usage:1471776
Epoch: 206	Time elapsed:6392.35 sec
Max  memory usage:1471776
Epoch: 207	Time elapsed:6422.38 sec
Max  memory usage:1471776
Epoch: 208	Time elapsed:6450.76 sec
Max  memory usage:1471776
Epoch: 209	Time elapsed:6479.60 sec
Max  memory usage:1471776
Epoch: 210	Time elapsed:6508.70 sec
Max  memory usage:1471776
Epoch: 211	Time elapsed:6538.16 sec
Max  memory usage:1471776
Epoch: 212	Time elapsed:6568.31 sec
Max  memory usage:1471776
Epoch: 213	Time elapsed:6598.50 sec
Max  memory usage:1471776
Epoch: 214	Time elapsed:6629.04 sec
Max  memory usage:1471776
Epoch: 215	Time elapsed:6657.12 sec
Max  memory usage:1471776
Epoch: 216	Time elapsed:6686.26 sec
Max  memory usage:1471776
Epoch: 217	Time elapsed:6713.70 sec
Max  memory usage:1471776
Epoch: 218	Time elapsed:6742.92 sec
Max  memory usage:1471776
Epoch: 219	Time elapsed:6771.14 sec
Max  memory usage:1471776
Epoch: 220	Time elapsed:6800.90 sec
Max  memory usage:1471776
Epoch: 221	Time elapsed:6831.03 sec
Max  memory usage:1471776
Epoch: 222	Time elapsed:6860.07 sec
Max  memory usage:1471776
Epoch: 223	Time elapsed:6889.52 sec
Max  memory usage:1471776
Epoch: 224	Time elapsed:6921.44 sec
Max  memory usage:1471776
Epoch: 225	Time elapsed:6952.87 sec
Max  memory usage:1471776
Epoch: 226	Time elapsed:6983.83 sec
Max  memory usage:1471776
Epoch: 227	Time elapsed:7012.95 sec
Max  memory usage:1471776
Epoch: 228	Time elapsed:7042.31 sec
Max  memory usage:1471776
Epoch: 229	Time elapsed:7072.70 sec
Max  memory usage:1471776
Epoch: 230	Time elapsed:7102.19 sec
Max  memory usage:1471776
Epoch: 231	Time elapsed:7132.73 sec
Max  memory usage:1471776
Epoch: 232	Time elapsed:7161.46 sec
Max  memory usage:1471776
Epoch: 233	Time elapsed:7191.97 sec
Max  memory usage:1471776
Epoch: 234	Time elapsed:7219.89 sec
Max  memory usage:1471776
Epoch: 235	Time elapsed:7248.83 sec
Max  memory usage:1471776
Epoch: 236	Time elapsed:7277.42 sec
Max  memory usage:1471776
Epoch: 237	Time elapsed:7305.41 sec
Max  memory usage:1471776
Epoch: 238	Time elapsed:7334.19 sec
Max  memory usage:1471776
Epoch: 239	Time elapsed:7362.72 sec
Max  memory usage:1471776
Epoch: 240	Time elapsed:7389.41 sec
Max  memory usage:1471776
Epoch: 241	Time elapsed:7416.22 sec
Max  memory usage:1471776
Epoch: 242	Time elapsed:7444.14 sec
Max  memory usage:1471776
Epoch: 243	Time elapsed:7470.53 sec
Max  memory usage:1471776
Epoch: 244	Time elapsed:7499.06 sec
Max  memory usage:1471776
Epoch: 245	Time elapsed:7527.14 sec
Max  memory usage:1471776
Epoch: 246	Time elapsed:7554.05 sec
Max  memory usage:1471776
Epoch: 247	Time elapsed:7581.37 sec
Max  memory usage:1471776
Epoch: 248	Time elapsed:7606.67 sec
Max  memory usage:1471776
Epoch: 249	Time elapsed:7631.36 sec
Max  memory usage:1471776
Epoch: 250	Time elapsed:7656.62 sec
Max  memory usage:1471776
Epoch: 251	Time elapsed:7682.11 sec
Max  memory usage:1471780
Epoch: 252	Time elapsed:7708.60 sec
Max  memory usage:1471780
Epoch: 253	Time elapsed:7734.93 sec
Max  memory usage:1471780
Epoch: 254	Time elapsed:7761.43 sec
Max  memory usage:1471780
Epoch: 255	Time elapsed:7789.38 sec
Max  memory usage:1471784
Epoch: 256	Time elapsed:7819.19 sec
Max  memory usage:1471784
Epoch: 257	Time elapsed:7849.95 sec
Max  memory usage:1471784
Epoch: 258	Time elapsed:7881.91 sec
Max  memory usage:1471784
Epoch: 259	Time elapsed:7910.95 sec
Max  memory usage:1471784
Epoch: 260	Time elapsed:7939.09 sec
Max  memory usage:1471784
Epoch: 261	Time elapsed:7967.59 sec
Max  memory usage:1471784
Epoch: 262	Time elapsed:7998.34 sec
Max  memory usage:1471784
Epoch: 263	Time elapsed:8030.12 sec
Max  memory usage:1471784
Epoch: 264	Time elapsed:8060.11 sec
Max  memory usage:1471784
Epoch: 265	Time elapsed:8090.25 sec
Max  memory usage:1471784
Epoch: 266	Time elapsed:8120.00 sec
Max  memory usage:1471784
Epoch: 267	Time elapsed:8149.58 sec
Max  memory usage:1471784
Epoch: 268	Time elapsed:8180.18 sec
Max  memory usage:1471784
Epoch: 269	Time elapsed:8212.03 sec
Max  memory usage:1471784
Epoch: 270	Time elapsed:8240.99 sec
Max  memory usage:1471784
Epoch: 271	Time elapsed:8271.26 sec
Max  memory usage:1471784
Epoch: 272	Time elapsed:8297.91 sec
Max  memory usage:1471784
Epoch: 273	Time elapsed:8327.75 sec
Max  memory usage:1471784
Epoch: 274	Time elapsed:8357.76 sec
Max  memory usage:1471784
Epoch: 275	Time elapsed:8387.29 sec
Max  memory usage:1471784
Epoch: 276	Time elapsed:8417.64 sec
Max  memory usage:1471784
Epoch: 277	Time elapsed:8448.01 sec
Max  memory usage:1471784
Epoch: 278	Time elapsed:8477.72 sec
Max  memory usage:1471784
Epoch: 279	Time elapsed:8505.49 sec
Max  memory usage:1471784
Epoch: 280	Time elapsed:8534.98 sec
Max  memory usage:1471784
Epoch: 281	Time elapsed:8566.03 sec
Max  memory usage:1471784
Epoch: 282	Time elapsed:8597.21 sec
Max  memory usage:1471784
Epoch: 283	Time elapsed:8625.43 sec
Max  memory usage:1471784
Epoch: 284	Time elapsed:8655.65 sec
Max  memory usage:1471784
Epoch: 285	Time elapsed:8684.79 sec
Max  memory usage:1471784
Epoch: 286	Time elapsed:8715.75 sec
Max  memory usage:1471784
Epoch: 287	Time elapsed:8748.57 sec
Max  memory usage:1471784
Epoch: 288	Time elapsed:8777.67 sec
Max  memory usage:1471784
Epoch: 289	Time elapsed:8807.94 sec
Max  memory usage:1471784
Epoch: 290	Time elapsed:8839.89 sec
Max  memory usage:1471784
Epoch: 291	Time elapsed:8867.32 sec
Max  memory usage:1471784
Epoch: 292	Time elapsed:8894.49 sec
Max  memory usage:1471784
Epoch: 293	Time elapsed:8923.14 sec
Max  memory usage:1471784
Epoch: 294	Time elapsed:8952.33 sec
Max  memory usage:1471784
Epoch: 295	Time elapsed:8981.61 sec
Max  memory usage:1471784
Epoch: 296	Time elapsed:9011.00 sec
Max  memory usage:1471784
Epoch: 297	Time elapsed:9042.12 sec
Max  memory usage:1471784
Epoch: 298	Time elapsed:9073.97 sec
Max  memory usage:1471784
Epoch: 299	Time elapsed:9106.53 sec
Max  memory usage:1471784
Epoch: 300	Time elapsed:9135.89 sec
Max  memory usage:1471784
Epoch: 301	Time elapsed:9164.73 sec
Max  memory usage:1471784
Epoch: 302	Time elapsed:9193.84 sec
Max  memory usage:1471784
Epoch: 303	Time elapsed:9220.34 sec
Max  memory usage:1471784
Epoch: 304	Time elapsed:9247.07 sec
Max  memory usage:1471784
Epoch: 305	Time elapsed:9275.28 sec
Max  memory usage:1471784
Epoch: 306	Time elapsed:9307.78 sec
Max  memory usage:1471784
Epoch: 307	Time elapsed:9335.76 sec
Max  memory usage:1471784
Epoch: 308	Time elapsed:9363.85 sec
Max  memory usage:1471784
Epoch: 309	Time elapsed:9391.97 sec
Max  memory usage:1471784
Epoch: 310	Time elapsed:9420.77 sec
Max  memory usage:1471784
Epoch: 311	Time elapsed:9448.42 sec
Max  memory usage:1471784
Epoch: 312	Time elapsed:9474.86 sec
Max  memory usage:1477968
Epoch: 313	Time elapsed:9501.77 sec
Max  memory usage:1477968
Epoch: 314	Time elapsed:9531.20 sec
Max  memory usage:1477968
Epoch: 315	Time elapsed:9559.23 sec
Max  memory usage:1477968
Epoch: 316	Time elapsed:9588.15 sec
Max  memory usage:1477968
Epoch: 317	Time elapsed:9615.86 sec
Max  memory usage:1477968
Epoch: 318	Time elapsed:9644.14 sec
Max  memory usage:1477968
Epoch: 319	Time elapsed:9670.86 sec
Max  memory usage:1477968
Epoch: 320	Time elapsed:9697.69 sec
Max  memory usage:1477968
Epoch: 321	Time elapsed:9723.69 sec
Max  memory usage:1477968
Epoch: 322	Time elapsed:9750.04 sec
Max  memory usage:1477968
Epoch: 323	Time elapsed:9776.18 sec
Max  memory usage:1477968
Epoch: 324	Time elapsed:9804.55 sec
Max  memory usage:1477968
Epoch: 325	Time elapsed:9831.38 sec
Max  memory usage:1477968
Epoch: 326	Time elapsed:9861.06 sec
Max  memory usage:1477968
Epoch: 327	Time elapsed:9886.60 sec
Max  memory usage:1477968
Epoch: 328	Time elapsed:9916.69 sec
Max  memory usage:1477968
Epoch: 329	Time elapsed:9947.92 sec
Max  memory usage:1477968
Epoch: 330	Time elapsed:9976.82 sec
Max  memory usage:1477968
Epoch: 331	Time elapsed:10002.79 sec
Max  memory usage:1477968
Epoch: 332	Time elapsed:10032.20 sec
Max  memory usage:1477968
Epoch: 333	Time elapsed:10061.40 sec
Max  memory usage:1477968
Epoch: 334	Time elapsed:10088.61 sec
Max  memory usage:1477968
Epoch: 335	Time elapsed:10116.36 sec
Max  memory usage:1477968
Epoch: 336	Time elapsed:10142.25 sec
Max  memory usage:1477968
Epoch: 337	Time elapsed:10170.94 sec
Max  memory usage:1477968
Epoch: 338	Time elapsed:10199.36 sec
Max  memory usage:1477968
Epoch: 339	Time elapsed:10226.41 sec
Max  memory usage:1477968
Epoch: 340	Time elapsed:10254.14 sec
Max  memory usage:1477968
Epoch: 341	Time elapsed:10281.39 sec
Max  memory usage:1477968
Epoch: 342	Time elapsed:10309.59 sec
Max  memory usage:1477968
Epoch: 343	Time elapsed:10337.60 sec
Max  memory usage:1477968
Epoch: 344	Time elapsed:10366.34 sec
Max  memory usage:1477968
Epoch: 345	Time elapsed:10392.32 sec
Max  memory usage:1477968
Epoch: 346	Time elapsed:10421.95 sec
Max  memory usage:1477968
Epoch: 347	Time elapsed:10448.98 sec
Max  memory usage:1477968
Epoch: 348	Time elapsed:10476.47 sec
Max  memory usage:1477968
Epoch: 349	Time elapsed:10506.61 sec
Max  memory usage:1477972
Epoch: 350	Time elapsed:10535.01 sec
Max  memory usage:1477972
Epoch: 351	Time elapsed:10562.41 sec
Max  memory usage:1477972
Epoch: 352	Time elapsed:10590.23 sec
Max  memory usage:1477972
Epoch: 353	Time elapsed:10617.47 sec
Max  memory usage:1477972
Epoch: 354	Time elapsed:10645.62 sec
Max  memory usage:1477972
Epoch: 355	Time elapsed:10674.21 sec
Max  memory usage:1477972
Epoch: 356	Time elapsed:10704.64 sec
Max  memory usage:1477972
Epoch: 357	Time elapsed:10732.64 sec
Max  memory usage:1478016
Epoch: 358	Time elapsed:10760.10 sec
Max  memory usage:1478016
Epoch: 359	Time elapsed:10788.87 sec
Max  memory usage:1478016
Epoch: 360	Time elapsed:10814.98 sec
Max  memory usage:1478016
Epoch: 361	Time elapsed:10841.92 sec
Max  memory usage:1478016
Epoch: 362	Time elapsed:10869.35 sec
Max  memory usage:1478016
Epoch: 363	Time elapsed:10898.08 sec
Max  memory usage:1478016
Epoch: 364	Time elapsed:10928.08 sec
Max  memory usage:1478016
Epoch: 365	Time elapsed:10957.21 sec
Max  memory usage:1478016
Epoch: 366	Time elapsed:10987.35 sec
Max  memory usage:1478016
Epoch: 367	Time elapsed:11016.16 sec
Max  memory usage:1478016
Epoch: 368	Time elapsed:11045.08 sec
Max  memory usage:1478016
Epoch: 369	Time elapsed:11074.02 sec
Max  memory usage:1478016
Epoch: 370	Time elapsed:11103.90 sec
Max  memory usage:1478016
Epoch: 371	Time elapsed:11131.37 sec
Max  memory usage:1478016
Epoch: 372	Time elapsed:11159.61 sec
Max  memory usage:1478016
Epoch: 373	Time elapsed:11190.47 sec
Max  memory usage:1478020
Epoch: 374	Time elapsed:11219.69 sec
Max  memory usage:1478020
Epoch: 375	Time elapsed:11246.80 sec
Max  memory usage:1478020
Epoch: 376	Time elapsed:11277.48 sec
Max  memory usage:1478020
Epoch: 377	Time elapsed:11307.13 sec
Max  memory usage:1478020
Epoch: 378	Time elapsed:11336.96 sec
Max  memory usage:1478020
Epoch: 379	Time elapsed:11368.39 sec
Max  memory usage:1478020
Epoch: 380	Time elapsed:11396.56 sec
Max  memory usage:1478020
Epoch: 381	Time elapsed:11426.05 sec
Max  memory usage:1478020
Epoch: 382	Time elapsed:11455.93 sec
Max  memory usage:1478020
Epoch: 383	Time elapsed:11486.53 sec
Max  memory usage:1478020
Epoch: 384	Time elapsed:11515.61 sec
Max  memory usage:1478020
Epoch: 385	Time elapsed:11544.40 sec
Max  memory usage:1478020
Epoch: 386	Time elapsed:11572.87 sec
Max  memory usage:1478020
Epoch: 387	Time elapsed:11604.50 sec
Max  memory usage:1478020
Epoch: 388	Time elapsed:11633.00 sec
Max  memory usage:1478024
Epoch: 389	Time elapsed:11661.69 sec
Max  memory usage:1478024
Epoch: 390	Time elapsed:11690.38 sec
Max  memory usage:1478024
Epoch: 391	Time elapsed:11719.82 sec
Max  memory usage:1478024
Epoch: 392	Time elapsed:11749.88 sec
Max  memory usage:1478024
Epoch: 393	Time elapsed:11779.64 sec
Max  memory usage:1478024
Epoch: 394	Time elapsed:11810.81 sec
Max  memory usage:1478024
Epoch: 395	Time elapsed:11842.83 sec
Max  memory usage:1478024
Epoch: 396	Time elapsed:11873.12 sec
Max  memory usage:1478024
Epoch: 397	Time elapsed:11903.81 sec
Max  memory usage:1478024
Epoch: 398	Time elapsed:11933.49 sec
Max  memory usage:1478024
Epoch: 399	Time elapsed:11963.92 sec
Max  memory usage:1478024
Epoch: 400	Time elapsed:11994.59 sec
Max  memory usage:1478024
Epoch: 401	Time elapsed:12025.15 sec
Max  memory usage:1478024
Epoch: 402	Time elapsed:12057.05 sec
Max  memory usage:1478024
Epoch: 403	Time elapsed:12086.35 sec
Max  memory usage:1478024
Epoch: 404	Time elapsed:12114.86 sec
Max  memory usage:1478024
Epoch: 405	Time elapsed:12143.39 sec
Max  memory usage:1478024
Epoch: 406	Time elapsed:12171.28 sec
Max  memory usage:1478024
Epoch: 407	Time elapsed:12200.39 sec
Max  memory usage:1478160
Epoch: 408	Time elapsed:12227.00 sec
Max  memory usage:1479652
Epoch: 409	Time elapsed:12255.82 sec
Max  memory usage:1479668
Epoch: 410	Time elapsed:12282.10 sec
Max  memory usage:1479688
Epoch: 411	Time elapsed:12309.10 sec
Max  memory usage:1479696
Epoch: 412	Time elapsed:12341.45 sec
Max  memory usage:1479700
Epoch: 413	Time elapsed:12369.88 sec
Max  memory usage:1479720
Epoch: 414	Time elapsed:12400.55 sec
Max  memory usage:1479724
Epoch: 415	Time elapsed:12426.86 sec
Max  memory usage:1479724
Epoch: 416	Time elapsed:12452.60 sec
Max  memory usage:1479748
Epoch: 417	Time elapsed:12478.76 sec
Max  memory usage:1479760
Epoch: 418	Time elapsed:12506.64 sec
Max  memory usage:1479760
Epoch: 419	Time elapsed:12533.34 sec
Max  memory usage:1479772
Epoch: 420	Time elapsed:12559.60 sec
Max  memory usage:1479784
Epoch: 421	Time elapsed:12587.80 sec
Max  memory usage:1479800
Epoch: 422	Time elapsed:12615.06 sec
Max  memory usage:1479812
Epoch: 423	Time elapsed:12642.73 sec
Max  memory usage:1479836
Epoch: 424	Time elapsed:12668.00 sec
Max  memory usage:1479852
Epoch: 425	Time elapsed:12693.96 sec
Max  memory usage:1479856
Epoch: 426	Time elapsed:12719.73 sec
Max  memory usage:1479868
Epoch: 427	Time elapsed:12747.74 sec
Max  memory usage:1479872
Epoch: 428	Time elapsed:12774.26 sec
Max  memory usage:1479876
Epoch: 429	Time elapsed:12801.03 sec
Max  memory usage:1479876
Epoch: 430	Time elapsed:12827.83 sec
Max  memory usage:1479876
Epoch: 431	Time elapsed:12855.91 sec
Max  memory usage:1481916
Epoch: 432	Time elapsed:12881.34 sec
Max  memory usage:1481916
Epoch: 433	Time elapsed:12907.52 sec
Max  memory usage:1481916
Epoch: 434	Time elapsed:12932.39 sec
Max  memory usage:1481916
Epoch: 435	Time elapsed:12959.53 sec
Max  memory usage:1481916
Epoch: 436	Time elapsed:12985.73 sec
Max  memory usage:1481916
Epoch: 437	Time elapsed:13010.80 sec
Max  memory usage:1481916
Epoch: 438	Time elapsed:13036.96 sec
Max  memory usage:1481916
Epoch: 439	Time elapsed:13062.20 sec
Max  memory usage:1481916
Epoch: 440	Time elapsed:13088.64 sec
Max  memory usage:1481916
Epoch: 441	Time elapsed:13115.37 sec
Max  memory usage:1481916
Epoch: 442	Time elapsed:13143.99 sec
Max  memory usage:1481916
Epoch: 443	Time elapsed:13170.27 sec
Max  memory usage:1481916
Epoch: 444	Time elapsed:13197.13 sec
Max  memory usage:1481916
Epoch: 445	Time elapsed:13226.02 sec
Max  memory usage:1481916
Epoch: 446	Time elapsed:13255.57 sec
Max  memory usage:1481916
Epoch: 447	Time elapsed:13282.75 sec
Max  memory usage:1481916
Epoch: 448	Time elapsed:13310.69 sec
Max  memory usage:1481916
Epoch: 449	Time elapsed:13339.81 sec
Max  memory usage:1481916
Epoch: 450	Time elapsed:13368.00 sec
Max  memory usage:1481916
Epoch: 451	Time elapsed:13395.37 sec
Max  memory usage:1481916
Epoch: 452	Time elapsed:13422.51 sec
Max  memory usage:1481916
Epoch: 453	Time elapsed:13450.82 sec
Max  memory usage:1481916
Epoch: 454	Time elapsed:13479.26 sec
Max  memory usage:1481916
Epoch: 455	Time elapsed:13509.06 sec
Max  memory usage:1481916
Epoch: 456	Time elapsed:13536.60 sec
Max  memory usage:1481916
Epoch: 457	Time elapsed:13565.00 sec
Max  memory usage:1481916
Epoch: 458	Time elapsed:13591.78 sec
Max  memory usage:1481916
Epoch: 459	Time elapsed:13619.72 sec
Max  memory usage:1481916
Epoch: 460	Time elapsed:13646.98 sec
Max  memory usage:1481916
Epoch: 461	Time elapsed:13673.43 sec
Max  memory usage:1481916
Epoch: 462	Time elapsed:13702.03 sec
Max  memory usage:1481916
Epoch: 463	Time elapsed:13729.08 sec
Max  memory usage:1481916
Epoch: 464	Time elapsed:13754.55 sec
Max  memory usage:1481916
Epoch: 465	Time elapsed:13780.18 sec
Max  memory usage:1481916
Epoch: 466	Time elapsed:13805.66 sec
Max  memory usage:1481916
Epoch: 467	Time elapsed:13832.81 sec
Max  memory usage:1481916
Epoch: 468	Time elapsed:13861.87 sec
Max  memory usage:1481916
Epoch: 469	Time elapsed:13887.88 sec
Max  memory usage:1481916
Epoch: 470	Time elapsed:13917.22 sec
Max  memory usage:1481916
Epoch: 471	Time elapsed:13945.06 sec
Max  memory usage:1481916
Epoch: 472	Time elapsed:13973.61 sec
Max  memory usage:1481916
Epoch: 473	Time elapsed:13999.55 sec
Max  memory usage:1481916
Epoch: 474	Time elapsed:14026.64 sec
Max  memory usage:1481916
Epoch: 475	Time elapsed:14055.12 sec
Max  memory usage:1481916
Epoch: 476	Time elapsed:14084.07 sec
Max  memory usage:1481916
Epoch: 477	Time elapsed:14114.26 sec
Max  memory usage:1481916
Epoch: 478	Time elapsed:14142.16 sec
Max  memory usage:1481916
Epoch: 479	Time elapsed:14169.48 sec
Max  memory usage:1481916
Epoch: 480	Time elapsed:14197.83 sec
Max  memory usage:1481916
Epoch: 481	Time elapsed:14226.85 sec
Max  memory usage:1481916
Epoch: 482	Time elapsed:14253.25 sec
Max  memory usage:1481916
Epoch: 483	Time elapsed:14279.44 sec
Max  memory usage:1481916
Epoch: 484	Time elapsed:14306.59 sec
Max  memory usage:1481916
Epoch: 485	Time elapsed:14335.18 sec
Max  memory usage:1481916
Epoch: 486	Time elapsed:14364.99 sec
Max  memory usage:1481916
Epoch: 487	Time elapsed:14391.76 sec
Max  memory usage:1481916
Epoch: 488	Time elapsed:14419.62 sec
Max  memory usage:1481916
Epoch: 489	Time elapsed:14446.01 sec
Max  memory usage:1481916
Epoch: 490	Time elapsed:14472.51 sec
Max  memory usage:1481916
Epoch: 491	Time elapsed:14498.25 sec
Max  memory usage:1481916
Epoch: 492	Time elapsed:14523.13 sec
Max  memory usage:1481916
Epoch: 493	Time elapsed:14549.23 sec
Max  memory usage:1481916
Epoch: 494	Time elapsed:14574.54 sec
Max  memory usage:1481916
Epoch: 495	Time elapsed:14601.75 sec
Max  memory usage:1481920
Epoch: 496	Time elapsed:14628.15 sec
Max  memory usage:1481920
Epoch: 497	Time elapsed:14654.97 sec
Max  memory usage:1481920
Epoch: 498	Time elapsed:14681.06 sec
Max  memory usage:1481920
Epoch: 499	Time elapsed:14709.30 sec
Saving Graph of loss function
Saving Latent space
Loading saved model...
