000 (6203219.019.000) 2020-05-26 09:44:28 Job submitted from host: <128.104.101.92:9618?addrs=128.104.101.92-9618+[2607-f388-107c-501-a236-9fff-fe3c-caa8]-9618&alias=submit2.chtc.wisc.edu&noUDP&sock=schedd_3841921_d3c3>
...
040 (6203219.019.000) 2020-05-27 05:32:10 Started transferring input files
	Transferring to host: <128.105.244.149:9618?addrs=128.105.244.149-9618&alias=gpulab2003.chtc.wisc.edu&noUDP&sock=slot1_6_6111_8092_1905>
...
040 (6203219.019.000) 2020-05-27 05:32:10 Finished transferring input files
...
001 (6203219.019.000) 2020-05-27 05:32:11 Job executing on host: <128.105.244.149:9618?addrs=128.105.244.149-9618&alias=gpulab2003.chtc.wisc.edu&noUDP&sock=startd_4749_ff5a>
...
006 (6203219.019.000) 2020-05-27 05:32:21 Image size of job updated: 764
	764  -  MemoryUsage of job (MB)
	782428  -  ResidentSetSize of job (KB)
...
006 (6203219.019.000) 2020-05-27 05:37:21 Image size of job updated: 1046
	1046  -  MemoryUsage of job (MB)
	1071580  -  ResidentSetSize of job (KB)
...
006 (6203219.019.000) 2020-05-27 05:42:22 Image size of job updated: 1046
	1046  -  MemoryUsage of job (MB)
	1071584  -  ResidentSetSize of job (KB)
...
006 (6203219.019.000) 2020-05-27 05:52:23 Image size of job updated: 1046
	1046  -  MemoryUsage of job (MB)
	1071592  -  ResidentSetSize of job (KB)
...
006 (6203219.019.000) 2020-05-27 05:57:23 Image size of job updated: 1046
	1046  -  MemoryUsage of job (MB)
	1071596  -  ResidentSetSize of job (KB)
...
006 (6203219.019.000) 2020-05-27 06:07:24 Image size of job updated: 1046
	1046  -  MemoryUsage of job (MB)
	1071600  -  ResidentSetSize of job (KB)
...
006 (6203219.019.000) 2020-05-27 06:22:25 Image size of job updated: 1046
	1046  -  MemoryUsage of job (MB)
	1071604  -  ResidentSetSize of job (KB)
...
006 (6203219.019.000) 2020-05-27 06:32:25 Image size of job updated: 1046
	1046  -  MemoryUsage of job (MB)
	1071608  -  ResidentSetSize of job (KB)
...
006 (6203219.019.000) 2020-05-27 06:37:25 Image size of job updated: 1046
	1046  -  MemoryUsage of job (MB)
	1071612  -  ResidentSetSize of job (KB)
...
006 (6203219.019.000) 2020-05-27 06:42:25 Image size of job updated: 1046
	1046  -  MemoryUsage of job (MB)
	1071616  -  ResidentSetSize of job (KB)
...
006 (6203219.019.000) 2020-05-27 07:32:30 Image size of job updated: 1046
	1046  -  MemoryUsage of job (MB)
	1071620  -  ResidentSetSize of job (KB)
...
006 (6203219.019.000) 2020-05-27 07:37:31 Image size of job updated: 1046
	1046  -  MemoryUsage of job (MB)
	1071624  -  ResidentSetSize of job (KB)
...
006 (6203219.019.000) 2020-05-27 08:17:36 Image size of job updated: 1046
	1046  -  MemoryUsage of job (MB)
	1071628  -  ResidentSetSize of job (KB)
...
006 (6203219.019.000) 2020-05-27 08:27:37 Image size of job updated: 1052
	1052  -  MemoryUsage of job (MB)
	1077820  -  ResidentSetSize of job (KB)
...
006 (6203219.019.000) 2020-05-27 08:37:38 Image size of job updated: 1052
	1052  -  MemoryUsage of job (MB)
	1077824  -  ResidentSetSize of job (KB)
...
006 (6203219.019.000) 2020-05-27 08:47:38 Image size of job updated: 1054
	1054  -  MemoryUsage of job (MB)
	1079520  -  ResidentSetSize of job (KB)
...
006 (6203219.019.000) 2020-05-27 08:52:39 Image size of job updated: 1054
	1054  -  MemoryUsage of job (MB)
	1079724  -  ResidentSetSize of job (KB)
...
006 (6203219.019.000) 2020-05-27 08:57:40 Image size of job updated: 1056
	1056  -  MemoryUsage of job (MB)
	1081780  -  ResidentSetSize of job (KB)
...
006 (6203219.019.000) 2020-05-27 09:27:43 Image size of job updated: 1056
	1056  -  MemoryUsage of job (MB)
	1081784  -  ResidentSetSize of job (KB)
...
006 (6203219.019.000) 2020-05-27 09:29:49 Image size of job updated: 1599
	1599  -  MemoryUsage of job (MB)
	1637992  -  ResidentSetSize of job (KB)
...
040 (6203219.019.000) 2020-05-27 09:29:49 Started transferring output files
...
040 (6203219.019.000) 2020-05-27 09:29:50 Finished transferring output files
...
005 (6203219.019.000) 2020-05-27 09:29:50 Job terminated.
	(1) Normal termination (return value 0)
		Usr 0 00:00:00, Sys 0 00:00:00  -  Run Remote Usage
		Usr 0 00:00:00, Sys 0 00:00:00  -  Run Local Usage
		Usr 0 00:00:00, Sys 0 00:00:00  -  Total Remote Usage
		Usr 0 00:00:00, Sys 0 00:00:00  -  Total Local Usage
	50500984  -  Run Bytes Sent By Job
	16282  -  Run Bytes Received By Job
	50500984  -  Total Bytes Sent By Job
	16282  -  Total Bytes Received By Job
	Partitionable Resources :    Usage  Request Allocated Assigned
	   Cpus                 :     0.00        1         1 
	   Disk (KB)            : 72372    10485760  16517554 
	   Gpus (Average)       :     0.05        1         1 "CUDA5"
	   GpusMemory (MB)      :   827                       
	   IoHeavy              :                           0 
	   Memory (MB)          :  1599       20480     20480 

	Job terminated of its own accord at 2020-05-27T14:29:49Z.
...
