
=============
== PyTorch ==
=============

NVIDIA Release 19.11 (build 8777600)
PyTorch Version 1.4.0a0+649135b

Container image Copyright (c) 2019, NVIDIA CORPORATION.  All rights reserved.

Copyright (c) 2014-2019 Facebook Inc.
Copyright (c) 2011-2014 Idiap Research Institute (Ronan Collobert)
Copyright (c) 2012-2014 Deepmind Technologies    (Koray Kavukcuoglu)
Copyright (c) 2011-2012 NEC Laboratories America (Koray Kavukcuoglu)
Copyright (c) 2011-2013 NYU                      (Clement Farabet)
Copyright (c) 2006-2010 NEC Laboratories America (Ronan Collobert, Leon Bottou, Iain Melvin, Jason Weston)
Copyright (c) 2006      Idiap Research Institute (Samy Bengio)
Copyright (c) 2001-2004 Idiap Research Institute (Ronan Collobert, Samy Bengio, Johnny Mariethoz)
Copyright (c) 2015      Google Inc.
Copyright (c) 2015      Yangqing Jia
Copyright (c) 2013-2016 The Caffe contributors
All rights reserved.

Various files include modifications (c) NVIDIA CORPORATION.  All rights reserved.
NVIDIA modifications are covered by the license terms that apply to the underlying project or file.

NOTE: MOFED driver for multi-node communication was not detected.
      Multi-node communication performance may be reduced.

NOTE: The SHMEM allocation limit is set to the default of 64MB.  This may be
   insufficient for PyTorch.  NVIDIA recommends the use of the following flags:
   nvidia-docker run --ipc=host ...

chtc_root.txt exist
.:
.
..
.chirp.config
.curl_plugin.in
.curl_plugin.out
.docker_sock
.job.ad
.machine.ad
.update.ad
_condor_stderr
_condor_stdout
chtc_root.txt
chtc_train_model.sh
condor_exec.exe
configs
docker_stderror
output
run
sequence_sets
sequences.tar.gz
source
staging.tar.gz
tmp
var

./configs:
.
..
config_1000_10.yaml
config_1000_100.yaml
config_1000_15.yaml
config_1000_2.yaml
config_1000_20.yaml
config_1000_30.yaml
config_1000_40.yaml
config_1000_5.yaml
config_1000_50.yaml
config_1000_500.yaml
config_200_10.yaml
config_200_100.yaml
config_200_15.yaml
config_200_2.yaml
config_200_20.yaml
config_200_30.yaml
config_200_40.yaml
config_200_5.yaml
config_200_50.yaml
config_200_500.yaml
config_500_10.yaml
config_500_100.yaml
config_500_15.yaml
config_500_2.yaml
config_500_20.yaml
config_500_30.yaml
config_500_40.yaml
config_500_5.yaml
config_500_50.yaml
config_500_500.yaml
configs.txt
make_configs.py

./output:
.
..

./run:
.
..
runmodel.sh

./sequence_sets:
.
..
.gitignore
README.md
cmx_aligned_blank_90.fasta
cmx_foreground.fasta
cmx_sequences.zip
processed_cmx_uniref100_90_80_10_100.fasta
processed_cmx_uniref100_90_80_10_100_small.fasta
test.fasta

./source:
.
..
dataloader.py
examine_model.py
make_dataset
model.py
plot_sequences.py
read_config.py
reweighting.py
train_model.py
utils.py

./source/make_dataset:
.
..
get_msa_stats.py
make_dataset.sh
process_msa.py

./tmp:
.
..

./var:
.
..
tmp

./var/tmp:
.
..
Weights do not exist. No weighted sampling will be done.
Max  memory usage:1281748
Epoch: 0	Time elapsed:0.00 sec
Max  memory usage:1466388
Epoch: 1	Time elapsed:30.02 sec
Max  memory usage:1466488
Epoch: 2	Time elapsed:59.06 sec
Max  memory usage:1466596
Epoch: 3	Time elapsed:86.51 sec
Max  memory usage:1466596
Epoch: 4	Time elapsed:115.75 sec
Max  memory usage:1466628
Epoch: 5	Time elapsed:143.32 sec
Max  memory usage:1466628
Epoch: 6	Time elapsed:170.38 sec
Max  memory usage:1466628
Epoch: 7	Time elapsed:197.01 sec
Max  memory usage:1466628
Epoch: 8	Time elapsed:224.02 sec
Max  memory usage:1466628
Epoch: 9	Time elapsed:252.12 sec
Max  memory usage:1469820
Epoch: 10	Time elapsed:282.14 sec
Max  memory usage:1469820
Epoch: 11	Time elapsed:307.96 sec
Max  memory usage:1469820
Epoch: 12	Time elapsed:336.48 sec
Max  memory usage:1469820
Epoch: 13	Time elapsed:367.89 sec
Max  memory usage:1469820
Epoch: 14	Time elapsed:397.71 sec
Max  memory usage:1469824
Epoch: 15	Time elapsed:425.42 sec
Max  memory usage:1469824
Epoch: 16	Time elapsed:453.65 sec
Max  memory usage:1471272
Epoch: 17	Time elapsed:483.26 sec
Max  memory usage:1471468
Epoch: 18	Time elapsed:511.89 sec
Max  memory usage:1471468
Epoch: 19	Time elapsed:541.00 sec
Max  memory usage:1471476
Epoch: 20	Time elapsed:569.44 sec
Max  memory usage:1471476
Epoch: 21	Time elapsed:599.69 sec
Max  memory usage:1471476
Epoch: 22	Time elapsed:631.43 sec
Max  memory usage:1471476
Epoch: 23	Time elapsed:660.72 sec
Max  memory usage:1471476
Epoch: 24	Time elapsed:689.81 sec
Max  memory usage:1471476
Epoch: 25	Time elapsed:717.96 sec
Max  memory usage:1472316
Epoch: 26	Time elapsed:743.87 sec
Max  memory usage:1472704
Epoch: 27	Time elapsed:771.85 sec
Max  memory usage:1472704
Epoch: 28	Time elapsed:799.83 sec
Max  memory usage:1472704
Epoch: 29	Time elapsed:828.64 sec
Max  memory usage:1472704
Epoch: 30	Time elapsed:856.20 sec
Max  memory usage:1472704
Epoch: 31	Time elapsed:882.40 sec
Max  memory usage:1472704
Epoch: 32	Time elapsed:908.31 sec
Max  memory usage:1472704
Epoch: 33	Time elapsed:936.73 sec
Max  memory usage:1472704
Epoch: 34	Time elapsed:965.67 sec
Max  memory usage:1472704
Epoch: 35	Time elapsed:995.39 sec
Max  memory usage:1472704
Epoch: 36	Time elapsed:1023.57 sec
Max  memory usage:1472708
Epoch: 37	Time elapsed:1053.16 sec
Max  memory usage:1472708
Epoch: 38	Time elapsed:1081.58 sec
Max  memory usage:1472708
Epoch: 39	Time elapsed:1110.99 sec
Max  memory usage:1472708
Epoch: 40	Time elapsed:1137.98 sec
Max  memory usage:1472708
Epoch: 41	Time elapsed:1167.62 sec
Max  memory usage:1472708
Epoch: 42	Time elapsed:1197.71 sec
Max  memory usage:1472712
Epoch: 43	Time elapsed:1228.53 sec
Max  memory usage:1472712
Epoch: 44	Time elapsed:1256.86 sec
Max  memory usage:1472712
Epoch: 45	Time elapsed:1284.00 sec
Max  memory usage:1472712
Epoch: 46	Time elapsed:1312.53 sec
Max  memory usage:1472712
Epoch: 47	Time elapsed:1342.02 sec
Max  memory usage:1472712
Epoch: 48	Time elapsed:1371.67 sec
Max  memory usage:1472712
Epoch: 49	Time elapsed:1399.30 sec
Max  memory usage:1472712
Epoch: 50	Time elapsed:1427.50 sec
Max  memory usage:1472904
Epoch: 51	Time elapsed:1456.33 sec
Max  memory usage:1472904
Epoch: 52	Time elapsed:1486.29 sec
Max  memory usage:1472904
Epoch: 53	Time elapsed:1514.88 sec
Max  memory usage:1472904
Epoch: 54	Time elapsed:1542.97 sec
Max  memory usage:1472908
Epoch: 55	Time elapsed:1569.27 sec
Max  memory usage:1472908
Epoch: 56	Time elapsed:1596.83 sec
Max  memory usage:1472908
Epoch: 57	Time elapsed:1623.59 sec
Max  memory usage:1472908
Epoch: 58	Time elapsed:1650.10 sec
Max  memory usage:1472908
Epoch: 59	Time elapsed:1676.87 sec
Max  memory usage:1472908
Epoch: 60	Time elapsed:1703.99 sec
Max  memory usage:1472908
Epoch: 61	Time elapsed:1731.63 sec
Max  memory usage:1472908
Epoch: 62	Time elapsed:1758.51 sec
Max  memory usage:1472908
Epoch: 63	Time elapsed:1786.31 sec
Max  memory usage:1472908
Epoch: 64	Time elapsed:1813.08 sec
Max  memory usage:1472908
Epoch: 65	Time elapsed:1842.82 sec
Max  memory usage:1472908
Epoch: 66	Time elapsed:1871.91 sec
Max  memory usage:1472908
Epoch: 67	Time elapsed:1899.35 sec
Max  memory usage:1472908
Epoch: 68	Time elapsed:1926.17 sec
Max  memory usage:1472908
Epoch: 69	Time elapsed:1952.35 sec
Max  memory usage:1472908
Epoch: 70	Time elapsed:1981.19 sec
Max  memory usage:1472912
Epoch: 71	Time elapsed:2010.92 sec
Max  memory usage:1472912
Epoch: 72	Time elapsed:2036.74 sec
Max  memory usage:1472912
Epoch: 73	Time elapsed:2063.44 sec
Max  memory usage:1472912
Epoch: 74	Time elapsed:2090.13 sec
Max  memory usage:1472912
Epoch: 75	Time elapsed:2118.30 sec
Max  memory usage:1472912
Epoch: 76	Time elapsed:2145.60 sec
Max  memory usage:1472912
Epoch: 77	Time elapsed:2172.38 sec
Max  memory usage:1472912
Epoch: 78	Time elapsed:2200.18 sec
Max  memory usage:1472912
Epoch: 79	Time elapsed:2228.26 sec
Max  memory usage:1472912
Epoch: 80	Time elapsed:2257.39 sec
Max  memory usage:1472912
Epoch: 81	Time elapsed:2285.95 sec
Max  memory usage:1472912
Epoch: 82	Time elapsed:2315.29 sec
Max  memory usage:1472912
Epoch: 83	Time elapsed:2343.25 sec
Max  memory usage:1472912
Epoch: 84	Time elapsed:2371.21 sec
Max  memory usage:1472912
Epoch: 85	Time elapsed:2399.94 sec
Max  memory usage:1472912
Epoch: 86	Time elapsed:2430.76 sec
Max  memory usage:1472912
Epoch: 87	Time elapsed:2458.89 sec
Max  memory usage:1472912
Epoch: 88	Time elapsed:2485.36 sec
Max  memory usage:1472912
Epoch: 89	Time elapsed:2511.82 sec
Max  memory usage:1472912
Epoch: 90	Time elapsed:2539.39 sec
Max  memory usage:1472912
Epoch: 91	Time elapsed:2567.46 sec
Max  memory usage:1472912
Epoch: 92	Time elapsed:2595.85 sec
Max  memory usage:1472912
Epoch: 93	Time elapsed:2622.44 sec
Max  memory usage:1472912
Epoch: 94	Time elapsed:2650.79 sec
Max  memory usage:1472912
Epoch: 95	Time elapsed:2678.54 sec
Max  memory usage:1472912
Epoch: 96	Time elapsed:2706.07 sec
Max  memory usage:1472912
Epoch: 97	Time elapsed:2733.98 sec
Max  memory usage:1472912
Epoch: 98	Time elapsed:2759.87 sec
Max  memory usage:1472916
Epoch: 99	Time elapsed:2786.16 sec
Max  memory usage:1472916
Epoch: 100	Time elapsed:2812.76 sec
Max  memory usage:1472916
Epoch: 101	Time elapsed:2838.65 sec
Max  memory usage:1472916
Epoch: 102	Time elapsed:2864.31 sec
Max  memory usage:1472916
Epoch: 103	Time elapsed:2890.54 sec
Max  memory usage:1472916
Epoch: 104	Time elapsed:2918.42 sec
Max  memory usage:1472916
Epoch: 105	Time elapsed:2945.70 sec
Max  memory usage:1472916
Epoch: 106	Time elapsed:2971.54 sec
Max  memory usage:1472916
Epoch: 107	Time elapsed:2999.03 sec
Max  memory usage:1472916
Epoch: 108	Time elapsed:3026.61 sec
Max  memory usage:1472916
Epoch: 109	Time elapsed:3056.25 sec
Max  memory usage:1472916
Epoch: 110	Time elapsed:3084.96 sec
Max  memory usage:1472916
Epoch: 111	Time elapsed:3110.66 sec
Max  memory usage:1472916
Epoch: 112	Time elapsed:3135.81 sec
Max  memory usage:1472916
Epoch: 113	Time elapsed:3161.77 sec
Max  memory usage:1472916
Epoch: 114	Time elapsed:3188.29 sec
Max  memory usage:1472916
Epoch: 115	Time elapsed:3214.46 sec
Max  memory usage:1472916
Epoch: 116	Time elapsed:3240.52 sec
Max  memory usage:1472916
Epoch: 117	Time elapsed:3266.37 sec
Max  memory usage:1472920
Epoch: 118	Time elapsed:3292.00 sec
Max  memory usage:1472920
Epoch: 119	Time elapsed:3320.28 sec
Max  memory usage:1472920
Epoch: 120	Time elapsed:3349.35 sec
Max  memory usage:1472920
Epoch: 121	Time elapsed:3380.81 sec
Max  memory usage:1472920
Epoch: 122	Time elapsed:3408.86 sec
Max  memory usage:1472920
Epoch: 123	Time elapsed:3437.45 sec
Max  memory usage:1472920
Epoch: 124	Time elapsed:3464.61 sec
Max  memory usage:1472920
Epoch: 125	Time elapsed:3493.74 sec
Max  memory usage:1472920
Epoch: 126	Time elapsed:3523.01 sec
Max  memory usage:1472924
Epoch: 127	Time elapsed:3551.90 sec
Max  memory usage:1472924
Epoch: 128	Time elapsed:3579.58 sec
Max  memory usage:1472924
Epoch: 129	Time elapsed:3605.31 sec
Max  memory usage:1472924
Epoch: 130	Time elapsed:3633.01 sec
Max  memory usage:1472924
Epoch: 131	Time elapsed:3663.62 sec
Max  memory usage:1472924
Epoch: 132	Time elapsed:3693.80 sec
Max  memory usage:1472924
Epoch: 133	Time elapsed:3723.26 sec
Max  memory usage:1472924
Epoch: 134	Time elapsed:3753.94 sec
Max  memory usage:1472924
Epoch: 135	Time elapsed:3786.03 sec
Max  memory usage:1472924
Epoch: 136	Time elapsed:3818.62 sec
Max  memory usage:1472924
Epoch: 137	Time elapsed:3851.14 sec
Max  memory usage:1472924
Epoch: 138	Time elapsed:3886.02 sec
Max  memory usage:1472928
Epoch: 139	Time elapsed:3918.13 sec
Max  memory usage:1472928
Epoch: 140	Time elapsed:3950.48 sec
Max  memory usage:1472928
Epoch: 141	Time elapsed:3983.68 sec
Max  memory usage:1472928
Epoch: 142	Time elapsed:4015.93 sec
Max  memory usage:1472928
Epoch: 143	Time elapsed:4049.00 sec
Max  memory usage:1472928
Epoch: 144	Time elapsed:4080.74 sec
Max  memory usage:1472928
Epoch: 145	Time elapsed:4114.37 sec
Max  memory usage:1472928
Epoch: 146	Time elapsed:4146.80 sec
Max  memory usage:1472928
Epoch: 147	Time elapsed:4177.31 sec
Max  memory usage:1472928
Epoch: 148	Time elapsed:4210.57 sec
Max  memory usage:1472928
Epoch: 149	Time elapsed:4242.43 sec
Max  memory usage:1472928
Epoch: 150	Time elapsed:4274.71 sec
Max  memory usage:1472928
Epoch: 151	Time elapsed:4305.02 sec
Max  memory usage:1472928
Epoch: 152	Time elapsed:4333.55 sec
Max  memory usage:1472928
Epoch: 153	Time elapsed:4362.11 sec
Max  memory usage:1472928
Epoch: 154	Time elapsed:4389.89 sec
Max  memory usage:1472928
Epoch: 155	Time elapsed:4422.09 sec
Max  memory usage:1472928
Epoch: 156	Time elapsed:4452.18 sec
Max  memory usage:1472928
Epoch: 157	Time elapsed:4479.81 sec
Max  memory usage:1472928
Epoch: 158	Time elapsed:4512.10 sec
Max  memory usage:1472928
Epoch: 159	Time elapsed:4543.29 sec
Max  memory usage:1472928
Epoch: 160	Time elapsed:4575.82 sec
Max  memory usage:1472928
Epoch: 161	Time elapsed:4605.54 sec
Max  memory usage:1472928
Epoch: 162	Time elapsed:4636.38 sec
Max  memory usage:1472928
Epoch: 163	Time elapsed:4665.86 sec
Max  memory usage:1472928
Epoch: 164	Time elapsed:4694.43 sec
Max  memory usage:1472928
Epoch: 165	Time elapsed:4724.84 sec
Max  memory usage:1472928
Epoch: 166	Time elapsed:4755.94 sec
Max  memory usage:1472928
Epoch: 167	Time elapsed:4787.50 sec
Max  memory usage:1472928
Epoch: 168	Time elapsed:4817.32 sec
Max  memory usage:1472928
Epoch: 169	Time elapsed:4847.86 sec
Max  memory usage:1472928
Epoch: 170	Time elapsed:4877.39 sec
Max  memory usage:1472928
Epoch: 171	Time elapsed:4908.42 sec
Max  memory usage:1472928
Epoch: 172	Time elapsed:4939.17 sec
Max  memory usage:1472928
Epoch: 173	Time elapsed:4973.02 sec
Max  memory usage:1472928
Epoch: 174	Time elapsed:5003.86 sec
Max  memory usage:1472928
Epoch: 175	Time elapsed:5031.68 sec
Max  memory usage:1472928
Epoch: 176	Time elapsed:5060.76 sec
Max  memory usage:1472928
Epoch: 177	Time elapsed:5092.92 sec
Max  memory usage:1472928
Epoch: 178	Time elapsed:5122.99 sec
Max  memory usage:1472928
Epoch: 179	Time elapsed:5152.76 sec
Max  memory usage:1472928
Epoch: 180	Time elapsed:5184.32 sec
Max  memory usage:1472928
Epoch: 181	Time elapsed:5214.46 sec
Max  memory usage:1472928
Epoch: 182	Time elapsed:5244.68 sec
Max  memory usage:1472928
Epoch: 183	Time elapsed:5273.44 sec
Max  memory usage:1472928
Epoch: 184	Time elapsed:5302.44 sec
Max  memory usage:1472928
Epoch: 185	Time elapsed:5332.77 sec
Max  memory usage:1472928
Epoch: 186	Time elapsed:5363.53 sec
Max  memory usage:1472928
Epoch: 187	Time elapsed:5395.36 sec
Max  memory usage:1472928
Epoch: 188	Time elapsed:5426.70 sec
Max  memory usage:1472928
Epoch: 189	Time elapsed:5458.93 sec
Max  memory usage:1472928
Epoch: 190	Time elapsed:5492.39 sec
Max  memory usage:1472928
Epoch: 191	Time elapsed:5520.70 sec
Max  memory usage:1472928
Epoch: 192	Time elapsed:5549.55 sec
Max  memory usage:1472928
Epoch: 193	Time elapsed:5579.10 sec
Max  memory usage:1472928
Epoch: 194	Time elapsed:5608.26 sec
Max  memory usage:1472928
Epoch: 195	Time elapsed:5637.92 sec
Max  memory usage:1472928
Epoch: 196	Time elapsed:5664.58 sec
Max  memory usage:1472928
Epoch: 197	Time elapsed:5693.80 sec
Max  memory usage:1472928
Epoch: 198	Time elapsed:5722.57 sec
Max  memory usage:1472928
Epoch: 199	Time elapsed:5753.02 sec
Max  memory usage:1472928
Epoch: 200	Time elapsed:5784.36 sec
Max  memory usage:1472928
Epoch: 201	Time elapsed:5813.67 sec
Max  memory usage:1472928
Epoch: 202	Time elapsed:5843.61 sec
Max  memory usage:1472928
Epoch: 203	Time elapsed:5873.29 sec
Max  memory usage:1472928
Epoch: 204	Time elapsed:5904.25 sec
Max  memory usage:1472928
Epoch: 205	Time elapsed:5935.79 sec
Max  memory usage:1472928
Epoch: 206	Time elapsed:5963.15 sec
Max  memory usage:1472928
Epoch: 207	Time elapsed:5993.06 sec
Max  memory usage:1472928
Epoch: 208	Time elapsed:6020.68 sec
Max  memory usage:1472928
Epoch: 209	Time elapsed:6049.55 sec
Max  memory usage:1472928
Epoch: 210	Time elapsed:6076.93 sec
Max  memory usage:1472928
Epoch: 211	Time elapsed:6105.05 sec
Max  memory usage:1472928
Epoch: 212	Time elapsed:6135.69 sec
Max  memory usage:1472928
Epoch: 213	Time elapsed:6165.18 sec
Max  memory usage:1472928
Epoch: 214	Time elapsed:6192.78 sec
Max  memory usage:1472928
Epoch: 215	Time elapsed:6221.84 sec
Max  memory usage:1472928
Epoch: 216	Time elapsed:6249.97 sec
Max  memory usage:1472928
Epoch: 217	Time elapsed:6276.01 sec
Max  memory usage:1472928
Epoch: 218	Time elapsed:6303.80 sec
Max  memory usage:1472928
Epoch: 219	Time elapsed:6331.28 sec
Max  memory usage:1472928
Epoch: 220	Time elapsed:6360.24 sec
Max  memory usage:1472928
Epoch: 221	Time elapsed:6388.51 sec
Max  memory usage:1472928
Epoch: 222	Time elapsed:6417.60 sec
Max  memory usage:1472928
Epoch: 223	Time elapsed:6448.51 sec
Max  memory usage:1472928
Epoch: 224	Time elapsed:6479.78 sec
Max  memory usage:1472928
Epoch: 225	Time elapsed:6507.36 sec
Max  memory usage:1472928
Epoch: 226	Time elapsed:6533.76 sec
Max  memory usage:1472928
Epoch: 227	Time elapsed:6563.19 sec
Max  memory usage:1472928
Epoch: 228	Time elapsed:6591.75 sec
Max  memory usage:1472928
Epoch: 229	Time elapsed:6619.90 sec
Max  memory usage:1472928
Epoch: 230	Time elapsed:6649.33 sec
Max  memory usage:1472928
Epoch: 231	Time elapsed:6674.57 sec
Max  memory usage:1472928
Epoch: 232	Time elapsed:6699.73 sec
Max  memory usage:1472928
Epoch: 233	Time elapsed:6725.50 sec
Max  memory usage:1472928
Epoch: 234	Time elapsed:6752.61 sec
Max  memory usage:1472928
Epoch: 235	Time elapsed:6779.37 sec
Max  memory usage:1472928
Epoch: 236	Time elapsed:6805.20 sec
Max  memory usage:1472928
Epoch: 237	Time elapsed:6830.93 sec
Max  memory usage:1472928
Epoch: 238	Time elapsed:6856.46 sec
Max  memory usage:1472928
Epoch: 239	Time elapsed:6883.24 sec
Max  memory usage:1472928
Epoch: 240	Time elapsed:6908.18 sec
Max  memory usage:1472928
Epoch: 241	Time elapsed:6933.96 sec
Max  memory usage:1472928
Epoch: 242	Time elapsed:6959.38 sec
Max  memory usage:1472928
Epoch: 243	Time elapsed:6984.89 sec
Max  memory usage:1472928
Epoch: 244	Time elapsed:7010.43 sec
Max  memory usage:1472928
Epoch: 245	Time elapsed:7036.87 sec
Max  memory usage:1472928
Epoch: 246	Time elapsed:7064.71 sec
Max  memory usage:1472928
Epoch: 247	Time elapsed:7091.83 sec
Max  memory usage:1472932
Epoch: 248	Time elapsed:7117.70 sec
Max  memory usage:1472932
Epoch: 249	Time elapsed:7144.65 sec
Max  memory usage:1472932
Epoch: 250	Time elapsed:7171.75 sec
Max  memory usage:1472932
Epoch: 251	Time elapsed:7199.05 sec
Max  memory usage:1472932
Epoch: 252	Time elapsed:7225.84 sec
Max  memory usage:1472932
Epoch: 253	Time elapsed:7251.77 sec
Max  memory usage:1472932
Epoch: 254	Time elapsed:7277.98 sec
Max  memory usage:1472932
Epoch: 255	Time elapsed:7304.43 sec
Max  memory usage:1472936
Epoch: 256	Time elapsed:7331.67 sec
Max  memory usage:1472936
Epoch: 257	Time elapsed:7359.15 sec
Max  memory usage:1472936
Epoch: 258	Time elapsed:7385.58 sec
Max  memory usage:1472936
Epoch: 259	Time elapsed:7411.19 sec
Max  memory usage:1472936
Epoch: 260	Time elapsed:7437.72 sec
Max  memory usage:1472936
Epoch: 261	Time elapsed:7463.68 sec
Max  memory usage:1472936
Epoch: 262	Time elapsed:7490.40 sec
Max  memory usage:1472936
Epoch: 263	Time elapsed:7516.72 sec
Max  memory usage:1472936
Epoch: 264	Time elapsed:7545.35 sec
Max  memory usage:1472936
Epoch: 265	Time elapsed:7571.75 sec
Max  memory usage:1472936
Epoch: 266	Time elapsed:7597.37 sec
Max  memory usage:1472936
Epoch: 267	Time elapsed:7624.85 sec
Max  memory usage:1472936
Epoch: 268	Time elapsed:7651.37 sec
Max  memory usage:1472936
Epoch: 269	Time elapsed:7677.44 sec
Max  memory usage:1472936
Epoch: 270	Time elapsed:7704.78 sec
Max  memory usage:1472936
Epoch: 271	Time elapsed:7732.09 sec
Max  memory usage:1472936
Epoch: 272	Time elapsed:7758.82 sec
Max  memory usage:1472936
Epoch: 273	Time elapsed:7785.16 sec
Max  memory usage:1472936
Epoch: 274	Time elapsed:7810.49 sec
Max  memory usage:1472936
Epoch: 275	Time elapsed:7838.03 sec
Max  memory usage:1472936
Epoch: 276	Time elapsed:7863.33 sec
Max  memory usage:1472936
Epoch: 277	Time elapsed:7889.17 sec
Max  memory usage:1472936
Epoch: 278	Time elapsed:7914.85 sec
Max  memory usage:1472936
Epoch: 279	Time elapsed:7940.46 sec
Max  memory usage:1472936
Epoch: 280	Time elapsed:7965.51 sec
Max  memory usage:1472936
Epoch: 281	Time elapsed:7991.40 sec
Max  memory usage:1472936
Epoch: 282	Time elapsed:8016.38 sec
Max  memory usage:1472936
Epoch: 283	Time elapsed:8041.28 sec
Max  memory usage:1472936
Epoch: 284	Time elapsed:8068.00 sec
Max  memory usage:1472936
Epoch: 285	Time elapsed:8095.27 sec
Max  memory usage:1472936
Epoch: 286	Time elapsed:8122.25 sec
Max  memory usage:1472936
Epoch: 287	Time elapsed:8148.43 sec
Max  memory usage:1472936
Epoch: 288	Time elapsed:8177.48 sec
Max  memory usage:1472936
Epoch: 289	Time elapsed:8203.83 sec
Max  memory usage:1472936
Epoch: 290	Time elapsed:8229.81 sec
Max  memory usage:1472936
Epoch: 291	Time elapsed:8257.66 sec
Max  memory usage:1472936
Epoch: 292	Time elapsed:8284.52 sec
Max  memory usage:1472936
Epoch: 293	Time elapsed:8309.94 sec
Max  memory usage:1472936
Epoch: 294	Time elapsed:8335.97 sec
Max  memory usage:1472936
Epoch: 295	Time elapsed:8364.24 sec
Max  memory usage:1472936
Epoch: 296	Time elapsed:8393.43 sec
Max  memory usage:1472936
Epoch: 297	Time elapsed:8421.30 sec
Max  memory usage:1472936
Epoch: 298	Time elapsed:8448.64 sec
Max  memory usage:1472936
Epoch: 299	Time elapsed:8476.85 sec
Max  memory usage:1472936
Epoch: 300	Time elapsed:8503.46 sec
Max  memory usage:1472936
Epoch: 301	Time elapsed:8531.25 sec
Max  memory usage:1472936
Epoch: 302	Time elapsed:8558.53 sec
Max  memory usage:1472936
Epoch: 303	Time elapsed:8585.06 sec
Max  memory usage:1472936
Epoch: 304	Time elapsed:8611.64 sec
Max  memory usage:1472936
Epoch: 305	Time elapsed:8639.92 sec
Max  memory usage:1472936
Epoch: 306	Time elapsed:8667.32 sec
Max  memory usage:1472936
Epoch: 307	Time elapsed:8693.46 sec
Max  memory usage:1472936
Epoch: 308	Time elapsed:8720.26 sec
Max  memory usage:1472936
Epoch: 309	Time elapsed:8747.88 sec
Max  memory usage:1472936
Epoch: 310	Time elapsed:8776.43 sec
Max  memory usage:1472936
Epoch: 311	Time elapsed:8802.88 sec
Max  memory usage:1472936
Epoch: 312	Time elapsed:8831.23 sec
Max  memory usage:1472936
Epoch: 313	Time elapsed:8860.69 sec
Max  memory usage:1472936
Epoch: 314	Time elapsed:8888.86 sec
Max  memory usage:1472936
Epoch: 315	Time elapsed:8916.15 sec
Max  memory usage:1472936
Epoch: 316	Time elapsed:8943.53 sec
Max  memory usage:1472936
Epoch: 317	Time elapsed:8970.50 sec
Max  memory usage:1472936
Epoch: 318	Time elapsed:8997.41 sec
Max  memory usage:1472936
Epoch: 319	Time elapsed:9027.71 sec
Max  memory usage:1472936
Epoch: 320	Time elapsed:9058.05 sec
Max  memory usage:1472936
Epoch: 321	Time elapsed:9083.90 sec
Max  memory usage:1472936
Epoch: 322	Time elapsed:9111.03 sec
Max  memory usage:1472936
Epoch: 323	Time elapsed:9138.74 sec
Max  memory usage:1472936
Epoch: 324	Time elapsed:9166.08 sec
Max  memory usage:1472936
Epoch: 325	Time elapsed:9194.80 sec
Max  memory usage:1472936
Epoch: 326	Time elapsed:9226.02 sec
Max  memory usage:1472936
Epoch: 327	Time elapsed:9255.06 sec
Max  memory usage:1472936
Epoch: 328	Time elapsed:9284.83 sec
Max  memory usage:1472936
Epoch: 329	Time elapsed:9315.62 sec
Max  memory usage:1472936
Epoch: 330	Time elapsed:9346.19 sec
Max  memory usage:1472936
Epoch: 331	Time elapsed:9376.71 sec
Max  memory usage:1472936
Epoch: 332	Time elapsed:9406.92 sec
Max  memory usage:1472936
Epoch: 333	Time elapsed:9433.99 sec
Max  memory usage:1472936
Epoch: 334	Time elapsed:9460.36 sec
Max  memory usage:1472936
Epoch: 335	Time elapsed:9486.85 sec
Max  memory usage:1472936
Epoch: 336	Time elapsed:9513.73 sec
Max  memory usage:1472936
Epoch: 337	Time elapsed:9540.43 sec
Max  memory usage:1472936
Epoch: 338	Time elapsed:9567.02 sec
Max  memory usage:1472936
Epoch: 339	Time elapsed:9595.57 sec
Max  memory usage:1472936
Epoch: 340	Time elapsed:9622.46 sec
Max  memory usage:1472936
Epoch: 341	Time elapsed:9650.15 sec
Max  memory usage:1472936
Epoch: 342	Time elapsed:9675.79 sec
Max  memory usage:1472936
Epoch: 343	Time elapsed:9702.69 sec
Max  memory usage:1472936
Epoch: 344	Time elapsed:9728.80 sec
Max  memory usage:1472936
Epoch: 345	Time elapsed:9758.73 sec
Max  memory usage:1472936
Epoch: 346	Time elapsed:9784.72 sec
Max  memory usage:1472936
Epoch: 347	Time elapsed:9810.21 sec
Max  memory usage:1472936
Epoch: 348	Time elapsed:9836.02 sec
Max  memory usage:1472936
Epoch: 349	Time elapsed:9861.59 sec
Max  memory usage:1472944
Epoch: 350	Time elapsed:9887.14 sec
Max  memory usage:1472944
Epoch: 351	Time elapsed:9914.48 sec
Max  memory usage:1472944
Epoch: 352	Time elapsed:9942.44 sec
Max  memory usage:1472944
Epoch: 353	Time elapsed:9970.84 sec
Max  memory usage:1472944
Epoch: 354	Time elapsed:9999.04 sec
Max  memory usage:1472944
Epoch: 355	Time elapsed:10026.33 sec
Max  memory usage:1472944
Epoch: 356	Time elapsed:10054.27 sec
Max  memory usage:1472944
Epoch: 357	Time elapsed:10084.04 sec
Max  memory usage:1472984
Epoch: 358	Time elapsed:10109.35 sec
Max  memory usage:1472984
Epoch: 359	Time elapsed:10134.77 sec
Max  memory usage:1472984
Epoch: 360	Time elapsed:10160.73 sec
Max  memory usage:1472984
Epoch: 361	Time elapsed:10186.12 sec
Max  memory usage:1472984
Epoch: 362	Time elapsed:10212.36 sec
Max  memory usage:1472984
Epoch: 363	Time elapsed:10241.06 sec
Max  memory usage:1472984
Epoch: 364	Time elapsed:10268.20 sec
Max  memory usage:1472984
Epoch: 365	Time elapsed:10294.59 sec
Max  memory usage:1472984
Epoch: 366	Time elapsed:10320.51 sec
Max  memory usage:1472984
Epoch: 367	Time elapsed:10346.95 sec
Max  memory usage:1472984
Epoch: 368	Time elapsed:10373.44 sec
Max  memory usage:1472984
Epoch: 369	Time elapsed:10398.94 sec
Max  memory usage:1472988
Epoch: 370	Time elapsed:10424.69 sec
Max  memory usage:1472988
Epoch: 371	Time elapsed:10449.83 sec
Max  memory usage:1472988
Epoch: 372	Time elapsed:10475.96 sec
Max  memory usage:1472988
Epoch: 373	Time elapsed:10504.99 sec
Max  memory usage:1472988
Epoch: 374	Time elapsed:10532.48 sec
Max  memory usage:1472988
Epoch: 375	Time elapsed:10559.96 sec
Max  memory usage:1472988
Epoch: 376	Time elapsed:10585.83 sec
Max  memory usage:1472988
Epoch: 377	Time elapsed:10611.65 sec
Max  memory usage:1472988
Epoch: 378	Time elapsed:10640.03 sec
Max  memory usage:1472988
Epoch: 379	Time elapsed:10666.67 sec
Max  memory usage:1472988
Epoch: 380	Time elapsed:10694.38 sec
Max  memory usage:1472988
Epoch: 381	Time elapsed:10719.82 sec
Max  memory usage:1472988
Epoch: 382	Time elapsed:10746.35 sec
Max  memory usage:1472988
Epoch: 383	Time elapsed:10771.56 sec
Max  memory usage:1472988
Epoch: 384	Time elapsed:10796.75 sec
Max  memory usage:1472988
Epoch: 385	Time elapsed:10826.03 sec
Max  memory usage:1472988
Epoch: 386	Time elapsed:10852.84 sec
Max  memory usage:1472988
Epoch: 387	Time elapsed:10877.82 sec
Max  memory usage:1473068
Epoch: 388	Time elapsed:10903.77 sec
Max  memory usage:1473132
Epoch: 389	Time elapsed:10929.79 sec
Max  memory usage:1474624
Epoch: 390	Time elapsed:10955.98 sec
Max  memory usage:1474640
Epoch: 391	Time elapsed:10982.44 sec
Max  memory usage:1474648
Epoch: 392	Time elapsed:11010.12 sec
Max  memory usage:1474664
Epoch: 393	Time elapsed:11037.07 sec
Max  memory usage:1474672
Epoch: 394	Time elapsed:11062.90 sec
Max  memory usage:1474684
Epoch: 395	Time elapsed:11088.70 sec
Max  memory usage:1474700
Epoch: 396	Time elapsed:11114.66 sec
Max  memory usage:1474712
Epoch: 397	Time elapsed:11141.31 sec
Max  memory usage:1474720
Epoch: 398	Time elapsed:11167.69 sec
Max  memory usage:1474728
Epoch: 399	Time elapsed:11193.74 sec
Max  memory usage:1474728
Epoch: 400	Time elapsed:11218.25 sec
Max  memory usage:1474736
Epoch: 401	Time elapsed:11244.92 sec
Max  memory usage:1474752
Epoch: 402	Time elapsed:11271.63 sec
Max  memory usage:1474788
Epoch: 403	Time elapsed:11297.86 sec
Max  memory usage:1474808
Epoch: 404	Time elapsed:11326.55 sec
Max  memory usage:1474816
Epoch: 405	Time elapsed:11354.62 sec
Max  memory usage:1474828
Epoch: 406	Time elapsed:11383.79 sec
Max  memory usage:1474844
Epoch: 407	Time elapsed:11412.93 sec
Max  memory usage:1474856
Epoch: 408	Time elapsed:11440.44 sec
Max  memory usage:1474856
Epoch: 409	Time elapsed:11467.32 sec
Max  memory usage:1474864
Epoch: 410	Time elapsed:11492.92 sec
Max  memory usage:1474864
Epoch: 411	Time elapsed:11518.59 sec
Max  memory usage:1474864
Epoch: 412	Time elapsed:11545.04 sec
Max  memory usage:1476904
Epoch: 413	Time elapsed:11570.80 sec
Max  memory usage:1476904
Epoch: 414	Time elapsed:11595.94 sec
Max  memory usage:1476904
Epoch: 415	Time elapsed:11624.63 sec
Max  memory usage:1476904
Epoch: 416	Time elapsed:11651.63 sec
Max  memory usage:1476904
Epoch: 417	Time elapsed:11677.29 sec
Max  memory usage:1476904
Epoch: 418	Time elapsed:11701.86 sec
Max  memory usage:1476904
Epoch: 419	Time elapsed:11727.13 sec
Max  memory usage:1476904
Epoch: 420	Time elapsed:11752.45 sec
Max  memory usage:1476904
Epoch: 421	Time elapsed:11778.01 sec
Max  memory usage:1476904
Epoch: 422	Time elapsed:11805.22 sec
Max  memory usage:1476904
Epoch: 423	Time elapsed:11831.52 sec
Max  memory usage:1476904
Epoch: 424	Time elapsed:11856.60 sec
Max  memory usage:1476904
Epoch: 425	Time elapsed:11883.54 sec
Max  memory usage:1476904
Epoch: 426	Time elapsed:11910.41 sec
Max  memory usage:1476904
Epoch: 427	Time elapsed:11939.29 sec
Max  memory usage:1476904
Epoch: 428	Time elapsed:11967.45 sec
Max  memory usage:1476904
Epoch: 429	Time elapsed:11997.62 sec
Max  memory usage:1476904
Epoch: 430	Time elapsed:12024.65 sec
Max  memory usage:1476904
Epoch: 431	Time elapsed:12052.34 sec
Max  memory usage:1476904
Epoch: 432	Time elapsed:12077.79 sec
Max  memory usage:1476904
Epoch: 433	Time elapsed:12105.93 sec
Max  memory usage:1476904
Epoch: 434	Time elapsed:12131.68 sec
Max  memory usage:1476904
Epoch: 435	Time elapsed:12158.04 sec
Max  memory usage:1476904
Epoch: 436	Time elapsed:12186.54 sec
Max  memory usage:1476904
Epoch: 437	Time elapsed:12210.76 sec
Max  memory usage:1476904
Epoch: 438	Time elapsed:12237.77 sec
Max  memory usage:1476904
Epoch: 439	Time elapsed:12262.60 sec
Max  memory usage:1476904
Epoch: 440	Time elapsed:12288.07 sec
Max  memory usage:1476904
Epoch: 441	Time elapsed:12312.76 sec
Max  memory usage:1476904
Epoch: 442	Time elapsed:12337.53 sec
Max  memory usage:1476904
Epoch: 443	Time elapsed:12363.12 sec
Max  memory usage:1476904
Epoch: 444	Time elapsed:12387.94 sec
Max  memory usage:1476904
Epoch: 445	Time elapsed:12413.21 sec
Max  memory usage:1476904
Epoch: 446	Time elapsed:12438.67 sec
Max  memory usage:1476904
Epoch: 447	Time elapsed:12466.85 sec
Max  memory usage:1476904
Epoch: 448	Time elapsed:12494.99 sec
Max  memory usage:1476904
Epoch: 449	Time elapsed:12520.68 sec
Max  memory usage:1476904
Epoch: 450	Time elapsed:12546.52 sec
Max  memory usage:1476904
Epoch: 451	Time elapsed:12571.85 sec
Max  memory usage:1476904
Epoch: 452	Time elapsed:12598.67 sec
Max  memory usage:1476904
Epoch: 453	Time elapsed:12625.36 sec
Max  memory usage:1476904
Epoch: 454	Time elapsed:12650.99 sec
Max  memory usage:1476904
Epoch: 455	Time elapsed:12674.89 sec
Max  memory usage:1476904
Epoch: 456	Time elapsed:12698.85 sec
Max  memory usage:1476904
Epoch: 457	Time elapsed:12724.16 sec
Max  memory usage:1476904
Epoch: 458	Time elapsed:12749.14 sec
Max  memory usage:1476904
Epoch: 459	Time elapsed:12774.56 sec
Max  memory usage:1476904
Epoch: 460	Time elapsed:12800.53 sec
Max  memory usage:1476904
Epoch: 461	Time elapsed:12825.59 sec
Max  memory usage:1476904
Epoch: 462	Time elapsed:12851.39 sec
Max  memory usage:1476904
Epoch: 463	Time elapsed:12878.58 sec
Max  memory usage:1476904
Epoch: 464	Time elapsed:12904.77 sec
Max  memory usage:1476904
Epoch: 465	Time elapsed:12931.43 sec
Max  memory usage:1476904
Epoch: 466	Time elapsed:12955.87 sec
Max  memory usage:1476904
Epoch: 467	Time elapsed:12982.41 sec
Max  memory usage:1476904
Epoch: 468	Time elapsed:13008.80 sec
Max  memory usage:1476904
Epoch: 469	Time elapsed:13035.92 sec
Max  memory usage:1476904
Epoch: 470	Time elapsed:13060.26 sec
Max  memory usage:1476904
Epoch: 471	Time elapsed:13084.71 sec
Max  memory usage:1476904
Epoch: 472	Time elapsed:13110.11 sec
Max  memory usage:1476904
Epoch: 473	Time elapsed:13137.02 sec
Max  memory usage:1476904
Epoch: 474	Time elapsed:13162.97 sec
Max  memory usage:1476904
Epoch: 475	Time elapsed:13189.30 sec
Max  memory usage:1476904
Epoch: 476	Time elapsed:13215.23 sec
Max  memory usage:1476904
Epoch: 477	Time elapsed:13244.10 sec
Max  memory usage:1476904
Epoch: 478	Time elapsed:13270.14 sec
Max  memory usage:1476904
Epoch: 479	Time elapsed:13296.77 sec
Max  memory usage:1476904
Epoch: 480	Time elapsed:13321.82 sec
Max  memory usage:1476904
Epoch: 481	Time elapsed:13351.49 sec
Max  memory usage:1476904
Epoch: 482	Time elapsed:13378.87 sec
Max  memory usage:1476904
Epoch: 483	Time elapsed:13404.46 sec
Max  memory usage:1476904
Epoch: 484	Time elapsed:13430.56 sec
Max  memory usage:1476904
Epoch: 485	Time elapsed:13457.54 sec
Max  memory usage:1476904
Epoch: 486	Time elapsed:13485.26 sec
Max  memory usage:1476904
Epoch: 487	Time elapsed:13513.55 sec
Max  memory usage:1476904
Epoch: 488	Time elapsed:13539.03 sec
Max  memory usage:1476904
Epoch: 489	Time elapsed:13567.62 sec
Max  memory usage:1476904
Epoch: 490	Time elapsed:13596.76 sec
Max  memory usage:1476904
Epoch: 491	Time elapsed:13623.42 sec
Max  memory usage:1476908
Epoch: 492	Time elapsed:13650.93 sec
Max  memory usage:1476908
Epoch: 493	Time elapsed:13678.40 sec
Max  memory usage:1476908
Epoch: 494	Time elapsed:13704.43 sec
Max  memory usage:1476908
Epoch: 495	Time elapsed:13733.08 sec
Max  memory usage:1476908
Epoch: 496	Time elapsed:13758.18 sec
Max  memory usage:1476908
Epoch: 497	Time elapsed:13785.20 sec
Max  memory usage:1476908
Epoch: 498	Time elapsed:13811.08 sec
Max  memory usage:1476908
Epoch: 499	Time elapsed:13837.36 sec
Saving Graph of loss function
Saving Latent space
Loading saved model...
