000 (6203219.026.000) 2020-05-26 09:44:28 Job submitted from host: <128.104.101.92:9618?addrs=128.104.101.92-9618+[2607-f388-107c-501-a236-9fff-fe3c-caa8]-9618&alias=submit2.chtc.wisc.edu&noUDP&sock=schedd_3841921_d3c3>
...
040 (6203219.026.000) 2020-05-27 07:13:51 Started transferring input files
	Transferring to host: <128.105.244.143:9618?addrs=128.105.244.143-9618&alias=gpulab2001.chtc.wisc.edu&noUDP&sock=slot1_3_6100_c071_2145>
...
040 (6203219.026.000) 2020-05-27 07:13:51 Finished transferring input files
...
001 (6203219.026.000) 2020-05-27 07:13:52 Job executing on host: <128.105.244.143:9618?addrs=128.105.244.143-9618&alias=gpulab2001.chtc.wisc.edu&noUDP&sock=startd_4761_3a7d>
...
006 (6203219.026.000) 2020-05-27 07:14:01 Image size of job updated: 637
	637  -  MemoryUsage of job (MB)
	652740  -  ResidentSetSize of job (KB)
...
006 (6203219.026.000) 2020-05-27 07:19:01 Image size of job updated: 1045
	1045  -  MemoryUsage of job (MB)
	1071044  -  ResidentSetSize of job (KB)
...
006 (6203219.026.000) 2020-05-27 07:24:01 Image size of job updated: 1045
	1045  -  MemoryUsage of job (MB)
	1071048  -  ResidentSetSize of job (KB)
...
006 (6203219.026.000) 2020-05-27 07:29:02 Image size of job updated: 1045
	1045  -  MemoryUsage of job (MB)
	1071052  -  ResidentSetSize of job (KB)
...
006 (6203219.026.000) 2020-05-27 07:34:02 Image size of job updated: 1045
	1045  -  MemoryUsage of job (MB)
	1071056  -  ResidentSetSize of job (KB)
...
006 (6203219.026.000) 2020-05-27 07:39:03 Image size of job updated: 1045
	1045  -  MemoryUsage of job (MB)
	1071060  -  ResidentSetSize of job (KB)
...
006 (6203219.026.000) 2020-05-27 07:44:04 Image size of job updated: 1045
	1045  -  MemoryUsage of job (MB)
	1071064  -  ResidentSetSize of job (KB)
...
006 (6203219.026.000) 2020-05-27 07:59:05 Image size of job updated: 1048
	1048  -  MemoryUsage of job (MB)
	1073772  -  ResidentSetSize of job (KB)
...
006 (6203219.026.000) 2020-05-27 08:04:06 Image size of job updated: 1048
	1048  -  MemoryUsage of job (MB)
	1073776  -  ResidentSetSize of job (KB)
...
006 (6203219.026.000) 2020-05-27 08:09:06 Image size of job updated: 1048
	1048  -  MemoryUsage of job (MB)
	1073780  -  ResidentSetSize of job (KB)
...
006 (6203219.026.000) 2020-05-27 08:14:07 Image size of job updated: 1054
	1054  -  MemoryUsage of job (MB)
	1079968  -  ResidentSetSize of job (KB)
...
006 (6203219.026.000) 2020-05-27 08:59:12 Image size of job updated: 1054
	1054  -  MemoryUsage of job (MB)
	1079976  -  ResidentSetSize of job (KB)
...
006 (6203219.026.000) 2020-05-27 09:29:15 Image size of job updated: 1056
	1056  -  MemoryUsage of job (MB)
	1081600  -  ResidentSetSize of job (KB)
...
006 (6203219.026.000) 2020-05-27 09:34:15 Image size of job updated: 1057
	1057  -  MemoryUsage of job (MB)
	1082832  -  ResidentSetSize of job (KB)
...
006 (6203219.026.000) 2020-05-27 09:44:16 Image size of job updated: 1058
	1058  -  MemoryUsage of job (MB)
	1083924  -  ResidentSetSize of job (KB)
...
