000 (6203219.008.000) 2020-05-26 09:44:28 Job submitted from host: <128.104.101.92:9618?addrs=128.104.101.92-9618+[2607-f388-107c-501-a236-9fff-fe3c-caa8]-9618&alias=submit2.chtc.wisc.edu&noUDP&sock=schedd_3841921_d3c3>
...
040 (6203219.008.000) 2020-05-27 01:25:25 Started transferring input files
	Transferring to host: <128.105.244.149:9618?addrs=128.105.244.149-9618&alias=gpulab2003.chtc.wisc.edu&noUDP&sock=slot1_6_6111_8092_1316>
...
040 (6203219.008.000) 2020-05-27 01:25:25 Finished transferring input files
...
001 (6203219.008.000) 2020-05-27 01:25:26 Job executing on host: <128.105.244.149:9618?addrs=128.105.244.149-9618&alias=gpulab2003.chtc.wisc.edu&noUDP&sock=startd_4749_ff5a>
...
006 (6203219.008.000) 2020-05-27 01:25:35 Image size of job updated: 161
	161  -  MemoryUsage of job (MB)
	165812  -  ResidentSetSize of job (KB)
...
006 (6203219.008.000) 2020-05-27 01:30:35 Image size of job updated: 1043
	1043  -  MemoryUsage of job (MB)
	1068452  -  ResidentSetSize of job (KB)
...
006 (6203219.008.000) 2020-05-27 01:35:35 Image size of job updated: 1043
	1043  -  MemoryUsage of job (MB)
	1068456  -  ResidentSetSize of job (KB)
...
006 (6203219.008.000) 2020-05-27 01:40:35 Image size of job updated: 1043
	1043  -  MemoryUsage of job (MB)
	1068792  -  ResidentSetSize of job (KB)
...
006 (6203219.008.000) 2020-05-27 01:50:36 Image size of job updated: 1045
	1045  -  MemoryUsage of job (MB)
	1070536  -  ResidentSetSize of job (KB)
...
006 (6203219.008.000) 2020-05-27 01:55:36 Image size of job updated: 1045
	1045  -  MemoryUsage of job (MB)
	1070540  -  ResidentSetSize of job (KB)
...
006 (6203219.008.000) 2020-05-27 02:05:37 Image size of job updated: 1045
	1045  -  MemoryUsage of job (MB)
	1070544  -  ResidentSetSize of job (KB)
...
006 (6203219.008.000) 2020-05-27 02:20:38 Image size of job updated: 1045
	1045  -  MemoryUsage of job (MB)
	1070548  -  ResidentSetSize of job (KB)
...
006 (6203219.008.000) 2020-05-27 02:30:38 Image size of job updated: 1045
	1045  -  MemoryUsage of job (MB)
	1070552  -  ResidentSetSize of job (KB)
...
006 (6203219.008.000) 2020-05-27 02:35:38 Image size of job updated: 1045
	1045  -  MemoryUsage of job (MB)
	1070556  -  ResidentSetSize of job (KB)
...
006 (6203219.008.000) 2020-05-27 02:40:38 Image size of job updated: 1045
	1045  -  MemoryUsage of job (MB)
	1070560  -  ResidentSetSize of job (KB)
...
006 (6203219.008.000) 2020-05-27 03:35:45 Image size of job updated: 1045
	1045  -  MemoryUsage of job (MB)
	1070568  -  ResidentSetSize of job (KB)
...
006 (6203219.008.000) 2020-05-27 04:05:49 Image size of job updated: 1051
	1051  -  MemoryUsage of job (MB)
	1076752  -  ResidentSetSize of job (KB)
...
006 (6203219.008.000) 2020-05-27 04:20:50 Image size of job updated: 1051
	1051  -  MemoryUsage of job (MB)
	1076756  -  ResidentSetSize of job (KB)
...
006 (6203219.008.000) 2020-05-27 04:25:50 Image size of job updated: 1051
	1051  -  MemoryUsage of job (MB)
	1076760  -  ResidentSetSize of job (KB)
...
006 (6203219.008.000) 2020-05-27 04:35:52 Image size of job updated: 1051
	1051  -  MemoryUsage of job (MB)
	1076764  -  ResidentSetSize of job (KB)
...
006 (6203219.008.000) 2020-05-27 04:40:53 Image size of job updated: 1051
	1051  -  MemoryUsage of job (MB)
	1076768  -  ResidentSetSize of job (KB)
...
006 (6203219.008.000) 2020-05-27 04:50:54 Image size of job updated: 1053
	1053  -  MemoryUsage of job (MB)
	1078436  -  ResidentSetSize of job (KB)
...
006 (6203219.008.000) 2020-05-27 04:55:55 Image size of job updated: 1053
	1053  -  MemoryUsage of job (MB)
	1078544  -  ResidentSetSize of job (KB)
...
006 (6203219.008.000) 2020-05-27 05:00:55 Image size of job updated: 1055
	1055  -  MemoryUsage of job (MB)
	1080660  -  ResidentSetSize of job (KB)
...
006 (6203219.008.000) 2020-05-27 05:30:58 Image size of job updated: 1055
	1055  -  MemoryUsage of job (MB)
	1080664  -  ResidentSetSize of job (KB)
...
006 (6203219.008.000) 2020-05-27 05:32:05 Image size of job updated: 1486
	1486  -  MemoryUsage of job (MB)
	1522648  -  ResidentSetSize of job (KB)
...
040 (6203219.008.000) 2020-05-27 05:32:05 Started transferring output files
...
040 (6203219.008.000) 2020-05-27 05:32:07 Finished transferring output files
...
005 (6203219.008.000) 2020-05-27 05:32:08 Job terminated.
	(1) Normal termination (return value 0)
		Usr 0 00:00:00, Sys 0 00:00:00  -  Run Remote Usage
		Usr 0 00:00:00, Sys 0 00:00:00  -  Run Local Usage
		Usr 0 00:00:00, Sys 0 00:00:00  -  Total Remote Usage
		Usr 0 00:00:00, Sys 0 00:00:00  -  Total Local Usage
	98810808  -  Run Bytes Sent By Job
	16282  -  Run Bytes Received By Job
	98810808  -  Total Bytes Sent By Job
	16282  -  Total Bytes Received By Job
	Partitionable Resources :     Usage  Request Allocated Assigned
	   Cpus                 :      0.00        1         1 
	   Disk (KB)            : 119549    10485760  16517554 
	   Gpus (Average)       :      0.08        1         1 "CUDA5"
	   GpusMemory (MB)      :   1069                       
	   IoHeavy              :                            0 
	   Memory (MB)          :   1486       20480     20480 

	Job terminated of its own accord at 2020-05-27T10:32:05Z.
...
