
=============
== PyTorch ==
=============

NVIDIA Release 19.11 (build 8777600)
PyTorch Version 1.4.0a0+649135b

Container image Copyright (c) 2019, NVIDIA CORPORATION.  All rights reserved.

Copyright (c) 2014-2019 Facebook Inc.
Copyright (c) 2011-2014 Idiap Research Institute (Ronan Collobert)
Copyright (c) 2012-2014 Deepmind Technologies    (Koray Kavukcuoglu)
Copyright (c) 2011-2012 NEC Laboratories America (Koray Kavukcuoglu)
Copyright (c) 2011-2013 NYU                      (Clement Farabet)
Copyright (c) 2006-2010 NEC Laboratories America (Ronan Collobert, Leon Bottou, Iain Melvin, Jason Weston)
Copyright (c) 2006      Idiap Research Institute (Samy Bengio)
Copyright (c) 2001-2004 Idiap Research Institute (Ronan Collobert, Samy Bengio, Johnny Mariethoz)
Copyright (c) 2015      Google Inc.
Copyright (c) 2015      Yangqing Jia
Copyright (c) 2013-2016 The Caffe contributors
All rights reserved.

Various files include modifications (c) NVIDIA CORPORATION.  All rights reserved.
NVIDIA modifications are covered by the license terms that apply to the underlying project or file.

NOTE: MOFED driver for multi-node communication was not detected.
      Multi-node communication performance may be reduced.

NOTE: The SHMEM allocation limit is set to the default of 64MB.  This may be
   insufficient for PyTorch.  NVIDIA recommends the use of the following flags:
   nvidia-docker run --ipc=host ...

chtc_root.txt exist
.:
.
..
.chirp.config
.curl_plugin.in
.curl_plugin.out
.docker_sock
.job.ad
.machine.ad
.update.ad
_condor_stderr
_condor_stdout
chtc_root.txt
chtc_train_model.sh
condor_exec.exe
configs
docker_stderror
output
run
sequence_sets
sequences.tar.gz
source
staging.tar.gz
tmp
var

./configs:
.
..
config_1000_10.yaml
config_1000_100.yaml
config_1000_15.yaml
config_1000_2.yaml
config_1000_20.yaml
config_1000_30.yaml
config_1000_40.yaml
config_1000_5.yaml
config_1000_50.yaml
config_1000_500.yaml
config_200_10.yaml
config_200_100.yaml
config_200_15.yaml
config_200_2.yaml
config_200_20.yaml
config_200_30.yaml
config_200_40.yaml
config_200_5.yaml
config_200_50.yaml
config_200_500.yaml
config_500_10.yaml
config_500_100.yaml
config_500_15.yaml
config_500_2.yaml
config_500_20.yaml
config_500_30.yaml
config_500_40.yaml
config_500_5.yaml
config_500_50.yaml
config_500_500.yaml
configs.txt
make_configs.py

./output:
.
..

./run:
.
..
runmodel.sh

./sequence_sets:
.
..
.gitignore
README.md
cmx_aligned_blank_90.fasta
cmx_foreground.fasta
cmx_sequences.zip
processed_cmx_uniref100_90_80_10_100.fasta
processed_cmx_uniref100_90_80_10_100_small.fasta
test.fasta

./source:
.
..
dataloader.py
examine_model.py
make_dataset
model.py
plot_sequences.py
read_config.py
reweighting.py
train_model.py
utils.py

./source/make_dataset:
.
..
get_msa_stats.py
make_dataset.sh
process_msa.py

./tmp:
.
..

./var:
.
..
tmp

./var/tmp:
.
..
Weights do not exist. No weighted sampling will be done.
Max  memory usage:1248256
Epoch: 0	Time elapsed:0.00 sec
Max  memory usage:1464588
Epoch: 1	Time elapsed:29.87 sec
Max  memory usage:1464692
Epoch: 2	Time elapsed:58.91 sec
Max  memory usage:1470692
Epoch: 3	Time elapsed:89.59 sec
Max  memory usage:1470692
Epoch: 4	Time elapsed:117.08 sec
Max  memory usage:1470692
Epoch: 5	Time elapsed:145.12 sec
Max  memory usage:1470728
Epoch: 6	Time elapsed:173.85 sec
Max  memory usage:1470728
Epoch: 7	Time elapsed:202.54 sec
Max  memory usage:1470728
Epoch: 8	Time elapsed:231.19 sec
Max  memory usage:1470728
Epoch: 9	Time elapsed:259.76 sec
Max  memory usage:1476576
Epoch: 10	Time elapsed:288.50 sec
Max  memory usage:1476576
Epoch: 11	Time elapsed:316.99 sec
Max  memory usage:1476576
Epoch: 12	Time elapsed:345.26 sec
Max  memory usage:1476576
Epoch: 13	Time elapsed:374.10 sec
Max  memory usage:1476576
Epoch: 14	Time elapsed:402.05 sec
Max  memory usage:1476576
Epoch: 15	Time elapsed:430.50 sec
Max  memory usage:1476580
Epoch: 16	Time elapsed:459.39 sec
Max  memory usage:1476580
Epoch: 17	Time elapsed:488.82 sec
Max  memory usage:1476580
Epoch: 18	Time elapsed:517.66 sec
Max  memory usage:1476580
Epoch: 19	Time elapsed:547.31 sec
Max  memory usage:1476588
Epoch: 20	Time elapsed:576.18 sec
Max  memory usage:1476588
Epoch: 21	Time elapsed:604.67 sec
Max  memory usage:1476588
Epoch: 22	Time elapsed:634.67 sec
Max  memory usage:1476588
Epoch: 23	Time elapsed:666.65 sec
Max  memory usage:1476588
Epoch: 24	Time elapsed:698.64 sec
Max  memory usage:1476588
Epoch: 25	Time elapsed:729.26 sec
Max  memory usage:1476588
Epoch: 26	Time elapsed:758.32 sec
Max  memory usage:1476588
Epoch: 27	Time elapsed:789.10 sec
Max  memory usage:1476588
Epoch: 28	Time elapsed:820.65 sec
Max  memory usage:1476588
Epoch: 29	Time elapsed:852.52 sec
Max  memory usage:1476588
Epoch: 30	Time elapsed:881.55 sec
Max  memory usage:1476588
Epoch: 31	Time elapsed:910.59 sec
Max  memory usage:1476588
Epoch: 32	Time elapsed:939.18 sec
Max  memory usage:1476588
Epoch: 33	Time elapsed:968.68 sec
Max  memory usage:1476588
Epoch: 34	Time elapsed:998.75 sec
Max  memory usage:1476588
Epoch: 35	Time elapsed:1032.19 sec
Max  memory usage:1476588
Epoch: 36	Time elapsed:1064.15 sec
Max  memory usage:1476592
Epoch: 37	Time elapsed:1094.76 sec
Max  memory usage:1476592
Epoch: 38	Time elapsed:1124.04 sec
Max  memory usage:1476592
Epoch: 39	Time elapsed:1155.37 sec
Max  memory usage:1476592
Epoch: 40	Time elapsed:1184.76 sec
Max  memory usage:1476592
Epoch: 41	Time elapsed:1215.40 sec
Max  memory usage:1476592
Epoch: 42	Time elapsed:1244.69 sec
Max  memory usage:1476592
Epoch: 43	Time elapsed:1276.28 sec
Max  memory usage:1476596
Epoch: 44	Time elapsed:1305.15 sec
Max  memory usage:1476596
Epoch: 45	Time elapsed:1335.96 sec
Max  memory usage:1476596
Epoch: 46	Time elapsed:1364.12 sec
Max  memory usage:1476596
Epoch: 47	Time elapsed:1393.01 sec
Max  memory usage:1476596
Epoch: 48	Time elapsed:1421.49 sec
Max  memory usage:1476596
Epoch: 49	Time elapsed:1450.53 sec
Max  memory usage:1476596
Epoch: 50	Time elapsed:1481.43 sec
Max  memory usage:1476596
Epoch: 51	Time elapsed:1510.79 sec
Max  memory usage:1476596
Epoch: 52	Time elapsed:1538.88 sec
Max  memory usage:1476596
Epoch: 53	Time elapsed:1568.88 sec
Max  memory usage:1476596
Epoch: 54	Time elapsed:1598.62 sec
Max  memory usage:1476600
Epoch: 55	Time elapsed:1627.92 sec
Max  memory usage:1476600
Epoch: 56	Time elapsed:1656.94 sec
Max  memory usage:1476600
Epoch: 57	Time elapsed:1685.36 sec
Max  memory usage:1476600
Epoch: 58	Time elapsed:1714.07 sec
Max  memory usage:1476600
Epoch: 59	Time elapsed:1744.73 sec
Max  memory usage:1476600
Epoch: 60	Time elapsed:1776.34 sec
Max  memory usage:1476600
Epoch: 61	Time elapsed:1804.22 sec
Max  memory usage:1476600
Epoch: 62	Time elapsed:1830.19 sec
Max  memory usage:1476600
Epoch: 63	Time elapsed:1858.78 sec
Max  memory usage:1476600
Epoch: 64	Time elapsed:1887.44 sec
Max  memory usage:1476600
Epoch: 65	Time elapsed:1916.30 sec
Max  memory usage:1476600
Epoch: 66	Time elapsed:1944.49 sec
Max  memory usage:1476600
Epoch: 67	Time elapsed:1971.70 sec
Max  memory usage:1476600
Epoch: 68	Time elapsed:1999.91 sec
Max  memory usage:1476600
Epoch: 69	Time elapsed:2027.78 sec
Max  memory usage:1476600
Epoch: 70	Time elapsed:2055.16 sec
Max  memory usage:1476600
Epoch: 71	Time elapsed:2081.49 sec
Max  memory usage:1476604
Epoch: 72	Time elapsed:2109.57 sec
Max  memory usage:1476604
Epoch: 73	Time elapsed:2137.38 sec
Max  memory usage:1476604
Epoch: 74	Time elapsed:2165.37 sec
Max  memory usage:1476604
Epoch: 75	Time elapsed:2194.56 sec
Max  memory usage:1476604
Epoch: 76	Time elapsed:2223.85 sec
Max  memory usage:1476604
Epoch: 77	Time elapsed:2253.41 sec
Max  memory usage:1476604
Epoch: 78	Time elapsed:2282.26 sec
Max  memory usage:1476604
Epoch: 79	Time elapsed:2310.97 sec
Max  memory usage:1476604
Epoch: 80	Time elapsed:2340.47 sec
Max  memory usage:1476604
Epoch: 81	Time elapsed:2369.68 sec
Max  memory usage:1476604
Epoch: 82	Time elapsed:2399.70 sec
Max  memory usage:1476604
Epoch: 83	Time elapsed:2428.00 sec
Max  memory usage:1476604
Epoch: 84	Time elapsed:2456.63 sec
Max  memory usage:1476604
Epoch: 85	Time elapsed:2484.62 sec
Max  memory usage:1476604
Epoch: 86	Time elapsed:2513.35 sec
Max  memory usage:1476604
Epoch: 87	Time elapsed:2540.53 sec
Max  memory usage:1476604
Epoch: 88	Time elapsed:2570.17 sec
Max  memory usage:1476604
Epoch: 89	Time elapsed:2599.01 sec
Max  memory usage:1476604
Epoch: 90	Time elapsed:2629.77 sec
Max  memory usage:1476604
Epoch: 91	Time elapsed:2657.54 sec
Max  memory usage:1476604
Epoch: 92	Time elapsed:2685.31 sec
Max  memory usage:1476604
Epoch: 93	Time elapsed:2715.79 sec
Max  memory usage:1476604
Epoch: 94	Time elapsed:2746.35 sec
Max  memory usage:1476604
Epoch: 95	Time elapsed:2776.26 sec
Max  memory usage:1476604
Epoch: 96	Time elapsed:2804.84 sec
Max  memory usage:1476604
Epoch: 97	Time elapsed:2834.99 sec
Max  memory usage:1476604
Epoch: 98	Time elapsed:2865.25 sec
Max  memory usage:1476604
Epoch: 99	Time elapsed:2896.47 sec
Max  memory usage:1476608
Epoch: 100	Time elapsed:2926.50 sec
Max  memory usage:1476608
Epoch: 101	Time elapsed:2956.94 sec
Max  memory usage:1476608
Epoch: 102	Time elapsed:2986.95 sec
Max  memory usage:1476608
Epoch: 103	Time elapsed:3015.71 sec
Max  memory usage:1476608
Epoch: 104	Time elapsed:3042.32 sec
Max  memory usage:1476608
Epoch: 105	Time elapsed:3067.38 sec
Max  memory usage:1476608
Epoch: 106	Time elapsed:3092.43 sec
Max  memory usage:1476608
Epoch: 107	Time elapsed:3118.97 sec
Max  memory usage:1476608
Epoch: 108	Time elapsed:3144.87 sec
Max  memory usage:1476608
Epoch: 109	Time elapsed:3173.10 sec
Max  memory usage:1476608
Epoch: 110	Time elapsed:3198.44 sec
Max  memory usage:1476608
Epoch: 111	Time elapsed:3224.78 sec
Max  memory usage:1476608
Epoch: 112	Time elapsed:3250.16 sec
Max  memory usage:1476608
Epoch: 113	Time elapsed:3276.21 sec
Max  memory usage:1476608
Epoch: 114	Time elapsed:3302.20 sec
Max  memory usage:1476608
Epoch: 115	Time elapsed:3330.12 sec
Max  memory usage:1476608
Epoch: 116	Time elapsed:3357.07 sec
Max  memory usage:1476608
Epoch: 117	Time elapsed:3384.09 sec
Max  memory usage:1476612
Epoch: 118	Time elapsed:3410.89 sec
Max  memory usage:1476612
Epoch: 119	Time elapsed:3439.48 sec
Max  memory usage:1476612
Epoch: 120	Time elapsed:3466.76 sec
Max  memory usage:1476612
Epoch: 121	Time elapsed:3493.73 sec
Max  memory usage:1476612
Epoch: 122	Time elapsed:3518.46 sec
Max  memory usage:1476612
Epoch: 123	Time elapsed:3543.74 sec
Max  memory usage:1476612
Epoch: 124	Time elapsed:3570.69 sec
Max  memory usage:1476612
Epoch: 125	Time elapsed:3598.03 sec
Max  memory usage:1476612
Epoch: 126	Time elapsed:3625.18 sec
Max  memory usage:1476612
Epoch: 127	Time elapsed:3653.14 sec
Max  memory usage:1476616
Epoch: 128	Time elapsed:3679.62 sec
Max  memory usage:1476616
Epoch: 129	Time elapsed:3707.60 sec
Max  memory usage:1476616
Epoch: 130	Time elapsed:3735.61 sec
Max  memory usage:1476616
Epoch: 131	Time elapsed:3764.81 sec
Max  memory usage:1476616
Epoch: 132	Time elapsed:3791.26 sec
Max  memory usage:1476616
Epoch: 133	Time elapsed:3816.44 sec
Max  memory usage:1476616
Epoch: 134	Time elapsed:3841.95 sec
Max  memory usage:1476616
Epoch: 135	Time elapsed:3867.48 sec
Max  memory usage:1476616
Epoch: 136	Time elapsed:3893.13 sec
Max  memory usage:1476616
Epoch: 137	Time elapsed:3918.63 sec
Max  memory usage:1476616
Epoch: 138	Time elapsed:3944.64 sec
Max  memory usage:1476616
Epoch: 139	Time elapsed:3969.69 sec
Max  memory usage:1476616
Epoch: 140	Time elapsed:3994.50 sec
Max  memory usage:1476616
Epoch: 141	Time elapsed:4021.47 sec
Max  memory usage:1476616
Epoch: 142	Time elapsed:4047.48 sec
Max  memory usage:1476616
Epoch: 143	Time elapsed:4074.49 sec
Max  memory usage:1476808
Epoch: 144	Time elapsed:4100.58 sec
Max  memory usage:1476812
Epoch: 145	Time elapsed:4126.30 sec
Max  memory usage:1476812
Epoch: 146	Time elapsed:4152.99 sec
Max  memory usage:1476812
Epoch: 147	Time elapsed:4179.58 sec
Max  memory usage:1476812
Epoch: 148	Time elapsed:4206.26 sec
Max  memory usage:1476812
Epoch: 149	Time elapsed:4231.61 sec
Max  memory usage:1476812
Epoch: 150	Time elapsed:4258.33 sec
Max  memory usage:1476812
Epoch: 151	Time elapsed:4284.31 sec
Max  memory usage:1476812
Epoch: 152	Time elapsed:4310.39 sec
Max  memory usage:1476812
Epoch: 153	Time elapsed:4336.39 sec
Max  memory usage:1476812
Epoch: 154	Time elapsed:4360.97 sec
Max  memory usage:1476812
Epoch: 155	Time elapsed:4386.66 sec
Max  memory usage:1476812
Epoch: 156	Time elapsed:4414.02 sec
Max  memory usage:1476812
Epoch: 157	Time elapsed:4441.07 sec
Max  memory usage:1476812
Epoch: 158	Time elapsed:4466.83 sec
Max  memory usage:1476812
Epoch: 159	Time elapsed:4493.56 sec
Max  memory usage:1476812
Epoch: 160	Time elapsed:4520.25 sec
Max  memory usage:1476812
Epoch: 161	Time elapsed:4546.89 sec
Max  memory usage:1476812
Epoch: 162	Time elapsed:4574.66 sec
Max  memory usage:1476812
Epoch: 163	Time elapsed:4604.18 sec
Max  memory usage:1476812
Epoch: 164	Time elapsed:4631.38 sec
Max  memory usage:1476812
Epoch: 165	Time elapsed:4657.27 sec
Max  memory usage:1476812
Epoch: 166	Time elapsed:4684.41 sec
Max  memory usage:1476812
Epoch: 167	Time elapsed:4711.40 sec
Max  memory usage:1476812
Epoch: 168	Time elapsed:4738.27 sec
Max  memory usage:1476812
Epoch: 169	Time elapsed:4765.10 sec
Max  memory usage:1476812
Epoch: 170	Time elapsed:4791.75 sec
Max  memory usage:1476812
Epoch: 171	Time elapsed:4817.94 sec
Max  memory usage:1476812
Epoch: 172	Time elapsed:4845.50 sec
Max  memory usage:1476812
Epoch: 173	Time elapsed:4871.94 sec
Max  memory usage:1476812
Epoch: 174	Time elapsed:4899.08 sec
Max  memory usage:1476812
Epoch: 175	Time elapsed:4926.75 sec
Max  memory usage:1476812
Epoch: 176	Time elapsed:4953.65 sec
Max  memory usage:1476812
Epoch: 177	Time elapsed:4980.50 sec
Max  memory usage:1476812
Epoch: 178	Time elapsed:5007.81 sec
Max  memory usage:1476812
Epoch: 179	Time elapsed:5035.65 sec
Max  memory usage:1476812
Epoch: 180	Time elapsed:5062.13 sec
Max  memory usage:1476812
Epoch: 181	Time elapsed:5088.51 sec
Max  memory usage:1476812
Epoch: 182	Time elapsed:5116.41 sec
Max  memory usage:1476812
Epoch: 183	Time elapsed:5143.86 sec
Max  memory usage:1476812
Epoch: 184	Time elapsed:5171.54 sec
Max  memory usage:1476812
Epoch: 185	Time elapsed:5199.52 sec
Max  memory usage:1476812
Epoch: 186	Time elapsed:5227.43 sec
Max  memory usage:1476812
Epoch: 187	Time elapsed:5255.21 sec
Max  memory usage:1476812
Epoch: 188	Time elapsed:5283.88 sec
Max  memory usage:1476812
Epoch: 189	Time elapsed:5312.30 sec
Max  memory usage:1476812
Epoch: 190	Time elapsed:5340.38 sec
Max  memory usage:1476812
Epoch: 191	Time elapsed:5368.13 sec
Max  memory usage:1476812
Epoch: 192	Time elapsed:5394.82 sec
Max  memory usage:1476812
Epoch: 193	Time elapsed:5421.85 sec
Max  memory usage:1476812
Epoch: 194	Time elapsed:5448.63 sec
Max  memory usage:1476812
Epoch: 195	Time elapsed:5476.16 sec
Max  memory usage:1476812
Epoch: 196	Time elapsed:5502.69 sec
Max  memory usage:1476812
Epoch: 197	Time elapsed:5529.68 sec
Max  memory usage:1476812
Epoch: 198	Time elapsed:5556.37 sec
Max  memory usage:1476812
Epoch: 199	Time elapsed:5584.67 sec
Max  memory usage:1476812
Epoch: 200	Time elapsed:5611.08 sec
Max  memory usage:1476812
Epoch: 201	Time elapsed:5636.48 sec
Max  memory usage:1476812
Epoch: 202	Time elapsed:5665.53 sec
Max  memory usage:1476812
Epoch: 203	Time elapsed:5693.88 sec
Max  memory usage:1476812
Epoch: 204	Time elapsed:5717.76 sec
Max  memory usage:1476812
Epoch: 205	Time elapsed:5745.54 sec
Max  memory usage:1476812
Epoch: 206	Time elapsed:5772.62 sec
Max  memory usage:1476812
Epoch: 207	Time elapsed:5798.78 sec
Max  memory usage:1476812
Epoch: 208	Time elapsed:5825.89 sec
Max  memory usage:1476812
Epoch: 209	Time elapsed:5854.32 sec
Max  memory usage:1476812
Epoch: 210	Time elapsed:5881.63 sec
Max  memory usage:1476812
Epoch: 211	Time elapsed:5909.68 sec
Max  memory usage:1476812
Epoch: 212	Time elapsed:5937.23 sec
Max  memory usage:1476812
Epoch: 213	Time elapsed:5964.78 sec
Max  memory usage:1476812
Epoch: 214	Time elapsed:5991.13 sec
Max  memory usage:1476812
Epoch: 215	Time elapsed:6017.87 sec
Max  memory usage:1476812
Epoch: 216	Time elapsed:6047.26 sec
Max  memory usage:1476812
Epoch: 217	Time elapsed:6074.49 sec
Max  memory usage:1476812
Epoch: 218	Time elapsed:6098.97 sec
Max  memory usage:1476812
Epoch: 219	Time elapsed:6124.67 sec
Max  memory usage:1476812
Epoch: 220	Time elapsed:6149.51 sec
Max  memory usage:1476812
Epoch: 221	Time elapsed:6175.37 sec
Max  memory usage:1476812
Epoch: 222	Time elapsed:6201.77 sec
Max  memory usage:1476812
Epoch: 223	Time elapsed:6230.11 sec
Max  memory usage:1476812
Epoch: 224	Time elapsed:6258.73 sec
Max  memory usage:1476812
Epoch: 225	Time elapsed:6283.91 sec
Max  memory usage:1476812
Epoch: 226	Time elapsed:6309.45 sec
Max  memory usage:1476812
Epoch: 227	Time elapsed:6334.05 sec
Max  memory usage:1476812
Epoch: 228	Time elapsed:6360.45 sec
Max  memory usage:1476812
Epoch: 229	Time elapsed:6385.79 sec
Max  memory usage:1476812
Epoch: 230	Time elapsed:6414.41 sec
Max  memory usage:1476812
Epoch: 231	Time elapsed:6442.08 sec
Max  memory usage:1476812
Epoch: 232	Time elapsed:6470.54 sec
Max  memory usage:1476812
Epoch: 233	Time elapsed:6495.58 sec
Max  memory usage:1476812
Epoch: 234	Time elapsed:6521.95 sec
Max  memory usage:1476812
Epoch: 235	Time elapsed:6548.03 sec
Max  memory usage:1476812
Epoch: 236	Time elapsed:6572.05 sec
Max  memory usage:1476812
Epoch: 237	Time elapsed:6597.43 sec
Max  memory usage:1476812
Epoch: 238	Time elapsed:6622.55 sec
Max  memory usage:1476812
Epoch: 239	Time elapsed:6646.62 sec
Max  memory usage:1476812
Epoch: 240	Time elapsed:6671.56 sec
Max  memory usage:1476812
Epoch: 241	Time elapsed:6696.88 sec
Max  memory usage:1476812
Epoch: 242	Time elapsed:6721.63 sec
Max  memory usage:1476812
Epoch: 243	Time elapsed:6746.16 sec
Max  memory usage:1476812
Epoch: 244	Time elapsed:6771.64 sec
Max  memory usage:1476812
Epoch: 245	Time elapsed:6795.91 sec
Max  memory usage:1476812
Epoch: 246	Time elapsed:6820.09 sec
Max  memory usage:1476812
Epoch: 247	Time elapsed:6844.42 sec
Max  memory usage:1476812
Epoch: 248	Time elapsed:6869.92 sec
Max  memory usage:1476816
Epoch: 249	Time elapsed:6894.72 sec
Max  memory usage:1476816
Epoch: 250	Time elapsed:6919.69 sec
Max  memory usage:1476816
Epoch: 251	Time elapsed:6944.13 sec
Max  memory usage:1476816
Epoch: 252	Time elapsed:6969.05 sec
Max  memory usage:1476816
Epoch: 253	Time elapsed:6993.57 sec
Max  memory usage:1482276
Epoch: 254	Time elapsed:7019.32 sec
Max  memory usage:1482276
Epoch: 255	Time elapsed:7044.88 sec
Max  memory usage:1482280
Epoch: 256	Time elapsed:7071.78 sec
Max  memory usage:1482280
Epoch: 257	Time elapsed:7097.43 sec
Max  memory usage:1482280
Epoch: 258	Time elapsed:7123.62 sec
Max  memory usage:1482280
Epoch: 259	Time elapsed:7148.77 sec
Max  memory usage:1482280
Epoch: 260	Time elapsed:7174.05 sec
Max  memory usage:1482280
Epoch: 261	Time elapsed:7200.04 sec
Max  memory usage:1482280
Epoch: 262	Time elapsed:7225.42 sec
Max  memory usage:1482280
Epoch: 263	Time elapsed:7249.70 sec
Max  memory usage:1482280
Epoch: 264	Time elapsed:7275.75 sec
Max  memory usage:1482280
Epoch: 265	Time elapsed:7300.86 sec
Max  memory usage:1482280
Epoch: 266	Time elapsed:7324.94 sec
Max  memory usage:1482280
Epoch: 267	Time elapsed:7349.73 sec
Max  memory usage:1482280
Epoch: 268	Time elapsed:7375.36 sec
Max  memory usage:1482280
Epoch: 269	Time elapsed:7402.40 sec
Max  memory usage:1482280
Epoch: 270	Time elapsed:7427.42 sec
Max  memory usage:1482280
Epoch: 271	Time elapsed:7452.84 sec
Max  memory usage:1482280
Epoch: 272	Time elapsed:7478.89 sec
Max  memory usage:1482280
Epoch: 273	Time elapsed:7504.17 sec
Max  memory usage:1482280
Epoch: 274	Time elapsed:7528.23 sec
Max  memory usage:1482280
Epoch: 275	Time elapsed:7553.16 sec
Max  memory usage:1482280
Epoch: 276	Time elapsed:7577.93 sec
Max  memory usage:1482280
Epoch: 277	Time elapsed:7602.67 sec
Max  memory usage:1482280
Epoch: 278	Time elapsed:7628.94 sec
Max  memory usage:1482280
Epoch: 279	Time elapsed:7654.15 sec
Max  memory usage:1482280
Epoch: 280	Time elapsed:7680.05 sec
Max  memory usage:1482280
Epoch: 281	Time elapsed:7705.55 sec
Max  memory usage:1482280
Epoch: 282	Time elapsed:7730.63 sec
Max  memory usage:1482280
Epoch: 283	Time elapsed:7756.69 sec
Max  memory usage:1482280
Epoch: 284	Time elapsed:7784.83 sec
Max  memory usage:1482280
Epoch: 285	Time elapsed:7810.60 sec
Max  memory usage:1482280
Epoch: 286	Time elapsed:7837.14 sec
Max  memory usage:1482280
Epoch: 287	Time elapsed:7861.59 sec
Max  memory usage:1482280
Epoch: 288	Time elapsed:7886.88 sec
Max  memory usage:1482280
Epoch: 289	Time elapsed:7911.60 sec
Max  memory usage:1482280
Epoch: 290	Time elapsed:7936.88 sec
Max  memory usage:1482280
Epoch: 291	Time elapsed:7962.93 sec
Max  memory usage:1482280
Epoch: 292	Time elapsed:7987.09 sec
Max  memory usage:1482280
Epoch: 293	Time elapsed:8011.72 sec
Max  memory usage:1482280
Epoch: 294	Time elapsed:8036.98 sec
Max  memory usage:1482280
Epoch: 295	Time elapsed:8063.98 sec
Max  memory usage:1482280
Epoch: 296	Time elapsed:8090.53 sec
Max  memory usage:1482280
Epoch: 297	Time elapsed:8115.75 sec
Max  memory usage:1482280
Epoch: 298	Time elapsed:8140.57 sec
Max  memory usage:1482280
Epoch: 299	Time elapsed:8164.62 sec
Max  memory usage:1482280
Epoch: 300	Time elapsed:8189.60 sec
Max  memory usage:1482280
Epoch: 301	Time elapsed:8215.24 sec
Max  memory usage:1482280
Epoch: 302	Time elapsed:8242.15 sec
Max  memory usage:1482280
Epoch: 303	Time elapsed:8269.14 sec
Max  memory usage:1482280
Epoch: 304	Time elapsed:8295.65 sec
Max  memory usage:1482280
Epoch: 305	Time elapsed:8321.42 sec
Max  memory usage:1482280
Epoch: 306	Time elapsed:8346.57 sec
Max  memory usage:1482280
Epoch: 307	Time elapsed:8372.64 sec
Max  memory usage:1482280
Epoch: 308	Time elapsed:8397.27 sec
Max  memory usage:1482280
Epoch: 309	Time elapsed:8422.07 sec
Max  memory usage:1482280
Epoch: 310	Time elapsed:8448.74 sec
Max  memory usage:1482280
Epoch: 311	Time elapsed:8474.17 sec
Max  memory usage:1482280
Epoch: 312	Time elapsed:8502.00 sec
Max  memory usage:1482280
Epoch: 313	Time elapsed:8529.74 sec
Max  memory usage:1482280
Epoch: 314	Time elapsed:8555.55 sec
Max  memory usage:1482280
Epoch: 315	Time elapsed:8580.27 sec
Max  memory usage:1482280
Epoch: 316	Time elapsed:8605.08 sec
Max  memory usage:1482280
Epoch: 317	Time elapsed:8633.16 sec
Max  memory usage:1482280
Epoch: 318	Time elapsed:8660.83 sec
Max  memory usage:1482280
Epoch: 319	Time elapsed:8687.11 sec
Max  memory usage:1482280
Epoch: 320	Time elapsed:8713.35 sec
Max  memory usage:1482280
Epoch: 321	Time elapsed:8741.20 sec
Max  memory usage:1482280
Epoch: 322	Time elapsed:8769.00 sec
Max  memory usage:1482280
Epoch: 323	Time elapsed:8795.20 sec
Max  memory usage:1482280
Epoch: 324	Time elapsed:8823.69 sec
Max  memory usage:1482280
Epoch: 325	Time elapsed:8850.67 sec
Max  memory usage:1482280
Epoch: 326	Time elapsed:8877.03 sec
Max  memory usage:1482280
Epoch: 327	Time elapsed:8903.75 sec
Max  memory usage:1482280
Epoch: 328	Time elapsed:8930.85 sec
Max  memory usage:1482280
Epoch: 329	Time elapsed:8956.34 sec
Max  memory usage:1482280
Epoch: 330	Time elapsed:8981.32 sec
Max  memory usage:1482280
Epoch: 331	Time elapsed:9006.64 sec
Max  memory usage:1482280
Epoch: 332	Time elapsed:9030.72 sec
Max  memory usage:1482280
Epoch: 333	Time elapsed:9057.01 sec
Max  memory usage:1482280
Epoch: 334	Time elapsed:9082.81 sec
Max  memory usage:1482280
Epoch: 335	Time elapsed:9107.80 sec
Max  memory usage:1482280
Epoch: 336	Time elapsed:9133.33 sec
Max  memory usage:1482280
Epoch: 337	Time elapsed:9158.43 sec
Max  memory usage:1482280
Epoch: 338	Time elapsed:9184.49 sec
Max  memory usage:1482280
Epoch: 339	Time elapsed:9209.34 sec
Max  memory usage:1482280
Epoch: 340	Time elapsed:9234.36 sec
Max  memory usage:1482280
Epoch: 341	Time elapsed:9259.73 sec
Max  memory usage:1482280
Epoch: 342	Time elapsed:9284.03 sec
Max  memory usage:1482280
Epoch: 343	Time elapsed:9308.68 sec
Max  memory usage:1482280
Epoch: 344	Time elapsed:9333.99 sec
Max  memory usage:1482280
Epoch: 345	Time elapsed:9358.99 sec
Max  memory usage:1482280
Epoch: 346	Time elapsed:9383.63 sec
Max  memory usage:1482280
Epoch: 347	Time elapsed:9408.06 sec
Max  memory usage:1482280
Epoch: 348	Time elapsed:9433.25 sec
Max  memory usage:1482284
Epoch: 349	Time elapsed:9457.46 sec
Max  memory usage:1482284
Epoch: 350	Time elapsed:9483.56 sec
Max  memory usage:1482284
Epoch: 351	Time elapsed:9508.06 sec
Max  memory usage:1482284
Epoch: 352	Time elapsed:9533.04 sec
Max  memory usage:1482284
Epoch: 353	Time elapsed:9557.74 sec
Max  memory usage:1482284
Epoch: 354	Time elapsed:9583.01 sec
Max  memory usage:1482284
Epoch: 355	Time elapsed:9607.46 sec
Max  memory usage:1482284
Epoch: 356	Time elapsed:9631.85 sec
Max  memory usage:1482284
Epoch: 357	Time elapsed:9657.17 sec
Max  memory usage:1482324
Epoch: 358	Time elapsed:9682.42 sec
Max  memory usage:1482324
Epoch: 359	Time elapsed:9706.62 sec
Max  memory usage:1482324
Epoch: 360	Time elapsed:9731.56 sec
Max  memory usage:1482324
Epoch: 361	Time elapsed:9756.70 sec
Max  memory usage:1482324
Epoch: 362	Time elapsed:9781.55 sec
Max  memory usage:1482324
Epoch: 363	Time elapsed:9806.04 sec
Max  memory usage:1482324
Epoch: 364	Time elapsed:9832.00 sec
Max  memory usage:1482324
Epoch: 365	Time elapsed:9857.69 sec
Max  memory usage:1482324
Epoch: 366	Time elapsed:9882.20 sec
Max  memory usage:1482324
Epoch: 367	Time elapsed:9907.16 sec
Max  memory usage:1482324
Epoch: 368	Time elapsed:9931.42 sec
Max  memory usage:1482324
Epoch: 369	Time elapsed:9956.29 sec
Max  memory usage:1482460
Epoch: 370	Time elapsed:9981.60 sec
Max  memory usage:1483956
Epoch: 371	Time elapsed:10007.91 sec
Max  memory usage:1483980
Epoch: 372	Time elapsed:10034.79 sec
Max  memory usage:1483996
Epoch: 373	Time elapsed:10060.63 sec
Max  memory usage:1484004
Epoch: 374	Time elapsed:10087.47 sec
Max  memory usage:1484024
Epoch: 375	Time elapsed:10112.20 sec
Max  memory usage:1484028
Epoch: 376	Time elapsed:10136.61 sec
Max  memory usage:1484032
Epoch: 377	Time elapsed:10160.40 sec
Max  memory usage:1484056
Epoch: 378	Time elapsed:10185.18 sec
Max  memory usage:1484068
Epoch: 379	Time elapsed:10210.29 sec
Max  memory usage:1484088
Epoch: 380	Time elapsed:10235.23 sec
Max  memory usage:1484120
Epoch: 381	Time elapsed:10259.33 sec
Max  memory usage:1484144
Epoch: 382	Time elapsed:10284.33 sec
Max  memory usage:1484156
Epoch: 383	Time elapsed:10309.00 sec
Max  memory usage:1484164
Epoch: 384	Time elapsed:10333.60 sec
Max  memory usage:1484184
Epoch: 385	Time elapsed:10361.13 sec
Max  memory usage:1484188
Epoch: 386	Time elapsed:10385.73 sec
Max  memory usage:1484208
Epoch: 387	Time elapsed:10410.88 sec
Max  memory usage:1484212
Epoch: 388	Time elapsed:10435.29 sec
Max  memory usage:1484228
Epoch: 389	Time elapsed:10460.78 sec
Max  memory usage:1484232
Epoch: 390	Time elapsed:10486.81 sec
Max  memory usage:1484232
Epoch: 391	Time elapsed:10512.00 sec
Max  memory usage:1484232
Epoch: 392	Time elapsed:10538.41 sec
Max  memory usage:1484232
Epoch: 393	Time elapsed:10562.27 sec
Max  memory usage:1484232
Epoch: 394	Time elapsed:10586.55 sec
Max  memory usage:1486272
Epoch: 395	Time elapsed:10611.92 sec
Max  memory usage:1486272
Epoch: 396	Time elapsed:10636.33 sec
Max  memory usage:1486272
Epoch: 397	Time elapsed:10659.53 sec
Max  memory usage:1486272
Epoch: 398	Time elapsed:10684.68 sec
Max  memory usage:1486272
Epoch: 399	Time elapsed:10708.67 sec
Max  memory usage:1486272
Epoch: 400	Time elapsed:10732.78 sec
Max  memory usage:1486272
Epoch: 401	Time elapsed:10755.96 sec
Max  memory usage:1486272
Epoch: 402	Time elapsed:10779.44 sec
Max  memory usage:1486272
Epoch: 403	Time elapsed:10803.20 sec
Max  memory usage:1486272
Epoch: 404	Time elapsed:10826.94 sec
Max  memory usage:1486272
Epoch: 405	Time elapsed:10851.23 sec
Max  memory usage:1486272
Epoch: 406	Time elapsed:10875.79 sec
Max  memory usage:1486272
Epoch: 407	Time elapsed:10899.75 sec
Max  memory usage:1486272
Epoch: 408	Time elapsed:10923.39 sec
Max  memory usage:1486272
Epoch: 409	Time elapsed:10947.08 sec
Max  memory usage:1486272
Epoch: 410	Time elapsed:10970.57 sec
Max  memory usage:1486272
Epoch: 411	Time elapsed:10994.58 sec
Max  memory usage:1486272
Epoch: 412	Time elapsed:11018.32 sec
Max  memory usage:1486272
Epoch: 413	Time elapsed:11042.43 sec
Max  memory usage:1486272
Epoch: 414	Time elapsed:11066.29 sec
Max  memory usage:1486272
Epoch: 415	Time elapsed:11090.06 sec
Max  memory usage:1486272
Epoch: 416	Time elapsed:11114.03 sec
Max  memory usage:1486272
Epoch: 417	Time elapsed:11137.66 sec
Max  memory usage:1486272
Epoch: 418	Time elapsed:11162.41 sec
Max  memory usage:1486272
Epoch: 419	Time elapsed:11185.89 sec
Max  memory usage:1486272
Epoch: 420	Time elapsed:11210.86 sec
Max  memory usage:1486272
Epoch: 421	Time elapsed:11236.76 sec
Max  memory usage:1486272
Epoch: 422	Time elapsed:11261.18 sec
Max  memory usage:1486272
Epoch: 423	Time elapsed:11287.01 sec
Max  memory usage:1486272
Epoch: 424	Time elapsed:11311.19 sec
Max  memory usage:1486272
Epoch: 425	Time elapsed:11335.65 sec
Max  memory usage:1486272
Epoch: 426	Time elapsed:11359.58 sec
Max  memory usage:1486272
Epoch: 427	Time elapsed:11383.13 sec
Max  memory usage:1486272
Epoch: 428	Time elapsed:11407.36 sec
Max  memory usage:1486272
Epoch: 429	Time elapsed:11431.01 sec
Max  memory usage:1486272
Epoch: 430	Time elapsed:11455.06 sec
Max  memory usage:1486272
Epoch: 431	Time elapsed:11477.85 sec
Max  memory usage:1486272
Epoch: 432	Time elapsed:11499.99 sec
Max  memory usage:1486272
Epoch: 433	Time elapsed:11523.52 sec
Max  memory usage:1486272
Epoch: 434	Time elapsed:11547.43 sec
Max  memory usage:1486272
Epoch: 435	Time elapsed:11570.44 sec
Max  memory usage:1486272
Epoch: 436	Time elapsed:11593.39 sec
Max  memory usage:1486272
Epoch: 437	Time elapsed:11616.66 sec
Max  memory usage:1486272
Epoch: 438	Time elapsed:11639.92 sec
Max  memory usage:1486272
Epoch: 439	Time elapsed:11662.97 sec
Max  memory usage:1486272
Epoch: 440	Time elapsed:11686.78 sec
Max  memory usage:1486272
Epoch: 441	Time elapsed:11710.72 sec
Max  memory usage:1486272
Epoch: 442	Time elapsed:11734.70 sec
Max  memory usage:1486272
Epoch: 443	Time elapsed:11758.41 sec
Max  memory usage:1486272
Epoch: 444	Time elapsed:11781.81 sec
Max  memory usage:1486272
Epoch: 445	Time elapsed:11805.44 sec
Max  memory usage:1486272
Epoch: 446	Time elapsed:11828.87 sec
Max  memory usage:1486272
Epoch: 447	Time elapsed:11852.25 sec
Max  memory usage:1486272
Epoch: 448	Time elapsed:11876.06 sec
Max  memory usage:1486272
Epoch: 449	Time elapsed:11899.29 sec
Max  memory usage:1486272
Epoch: 450	Time elapsed:11922.37 sec
Max  memory usage:1486272
Epoch: 451	Time elapsed:11945.94 sec
Max  memory usage:1486272
Epoch: 452	Time elapsed:11969.11 sec
Max  memory usage:1486272
Epoch: 453	Time elapsed:11992.05 sec
Max  memory usage:1486272
Epoch: 454	Time elapsed:12015.99 sec
Max  memory usage:1486272
Epoch: 455	Time elapsed:12039.31 sec
Max  memory usage:1486272
Epoch: 456	Time elapsed:12062.66 sec
Max  memory usage:1486272
Epoch: 457	Time elapsed:12086.94 sec
Max  memory usage:1486272
Epoch: 458	Time elapsed:12111.00 sec
Max  memory usage:1486272
Epoch: 459	Time elapsed:12135.03 sec
Max  memory usage:1486272
Epoch: 460	Time elapsed:12159.08 sec
Max  memory usage:1486272
Epoch: 461	Time elapsed:12183.00 sec
Max  memory usage:1486272
Epoch: 462	Time elapsed:12207.34 sec
Max  memory usage:1486272
Epoch: 463	Time elapsed:12231.57 sec
Max  memory usage:1486272
Epoch: 464	Time elapsed:12255.90 sec
Max  memory usage:1486272
Epoch: 465	Time elapsed:12279.84 sec
Max  memory usage:1486272
Epoch: 466	Time elapsed:12303.69 sec
Max  memory usage:1486272
Epoch: 467	Time elapsed:12328.19 sec
Max  memory usage:1486272
Epoch: 468	Time elapsed:12353.89 sec
Max  memory usage:1486272
Epoch: 469	Time elapsed:12380.80 sec
Max  memory usage:1486272
Epoch: 470	Time elapsed:12405.56 sec
Max  memory usage:1486272
Epoch: 471	Time elapsed:12429.90 sec
Max  memory usage:1486272
Epoch: 472	Time elapsed:12454.35 sec
Max  memory usage:1486272
Epoch: 473	Time elapsed:12480.32 sec
Max  memory usage:1486272
Epoch: 474	Time elapsed:12504.17 sec
Max  memory usage:1486272
Epoch: 475	Time elapsed:12528.08 sec
Max  memory usage:1486272
Epoch: 476	Time elapsed:12552.92 sec
Max  memory usage:1486272
Epoch: 477	Time elapsed:12577.24 sec
Max  memory usage:1486272
Epoch: 478	Time elapsed:12602.03 sec
Max  memory usage:1486272
Epoch: 479	Time elapsed:12626.20 sec
Max  memory usage:1486272
Epoch: 480	Time elapsed:12651.13 sec
Max  memory usage:1486272
Epoch: 481	Time elapsed:12675.86 sec
Max  memory usage:1486272
Epoch: 482	Time elapsed:12700.04 sec
Max  memory usage:1486272
Epoch: 483	Time elapsed:12724.98 sec
Max  memory usage:1486272
Epoch: 484	Time elapsed:12748.46 sec
Max  memory usage:1486272
Epoch: 485	Time elapsed:12772.90 sec
Max  memory usage:1486272
Epoch: 486	Time elapsed:12797.14 sec
Max  memory usage:1486272
Epoch: 487	Time elapsed:12820.63 sec
Max  memory usage:1486272
Epoch: 488	Time elapsed:12844.99 sec
Max  memory usage:1486272
Epoch: 489	Time elapsed:12870.30 sec
Max  memory usage:1486272
Epoch: 490	Time elapsed:12894.34 sec
Max  memory usage:1486272
Epoch: 491	Time elapsed:12917.99 sec
Max  memory usage:1486272
Epoch: 492	Time elapsed:12942.85 sec
Max  memory usage:1486276
Epoch: 493	Time elapsed:12967.33 sec
Max  memory usage:1486276
Epoch: 494	Time elapsed:12991.71 sec
Max  memory usage:1486276
Epoch: 495	Time elapsed:13015.27 sec
Max  memory usage:1486276
Epoch: 496	Time elapsed:13039.77 sec
Max  memory usage:1486276
Epoch: 497	Time elapsed:13064.99 sec
Max  memory usage:1486276
Epoch: 498	Time elapsed:13089.90 sec
Max  memory usage:1486276
Epoch: 499	Time elapsed:13115.95 sec
Saving Graph of loss function
Saving Latent space
Loading saved model...
