000 (6203219.005.000) 2020-05-26 09:44:28 Job submitted from host: <128.104.101.92:9618?addrs=128.104.101.92-9618+[2607-f388-107c-501-a236-9fff-fe3c-caa8]-9618&alias=submit2.chtc.wisc.edu&noUDP&sock=schedd_3841921_d3c3>
...
040 (6203219.005.000) 2020-05-26 22:42:04 Started transferring input files
	Transferring to host: <128.105.244.143:9618?addrs=128.105.244.143-9618&alias=gpulab2001.chtc.wisc.edu&noUDP&sock=slot1_3_6100_c071_930>
...
040 (6203219.005.000) 2020-05-26 22:42:04 Finished transferring input files
...
001 (6203219.005.000) 2020-05-26 22:42:05 Job executing on host: <128.105.244.143:9618?addrs=128.105.244.143-9618&alias=gpulab2001.chtc.wisc.edu&noUDP&sock=startd_4761_3a7d>
...
006 (6203219.005.000) 2020-05-26 22:42:14 Image size of job updated: 2
	1  -  MemoryUsage of job (MB)
	1156  -  ResidentSetSize of job (KB)
...
006 (6203219.005.000) 2020-05-26 22:47:15 Image size of job updated: 1048
	1048  -  MemoryUsage of job (MB)
	1073908  -  ResidentSetSize of job (KB)
...
006 (6203219.005.000) 2020-05-26 22:52:15 Image size of job updated: 1048
	1048  -  MemoryUsage of job (MB)
	1073912  -  ResidentSetSize of job (KB)
...
006 (6203219.005.000) 2020-05-26 23:02:15 Image size of job updated: 1048
	1048  -  MemoryUsage of job (MB)
	1073916  -  ResidentSetSize of job (KB)
...
006 (6203219.005.000) 2020-05-26 23:07:15 Image size of job updated: 1048
	1048  -  MemoryUsage of job (MB)
	1073920  -  ResidentSetSize of job (KB)
...
006 (6203219.005.000) 2020-05-26 23:12:15 Image size of job updated: 1048
	1048  -  MemoryUsage of job (MB)
	1073924  -  ResidentSetSize of job (KB)
...
006 (6203219.005.000) 2020-05-26 23:22:15 Image size of job updated: 1048
	1048  -  MemoryUsage of job (MB)
	1073928  -  ResidentSetSize of job (KB)
...
006 (6203219.005.000) 2020-05-26 23:37:17 Image size of job updated: 1048
	1048  -  MemoryUsage of job (MB)
	1073932  -  ResidentSetSize of job (KB)
...
006 (6203219.005.000) 2020-05-26 23:42:17 Image size of job updated: 1048
	1048  -  MemoryUsage of job (MB)
	1073936  -  ResidentSetSize of job (KB)
...
006 (6203219.005.000) 2020-05-26 23:52:19 Image size of job updated: 1048
	1048  -  MemoryUsage of job (MB)
	1073944  -  ResidentSetSize of job (KB)
...
006 (6203219.005.000) 2020-05-27 00:27:22 Image size of job updated: 1049
	1049  -  MemoryUsage of job (MB)
	1074716  -  ResidentSetSize of job (KB)
...
006 (6203219.005.000) 2020-05-27 00:47:24 Image size of job updated: 1049
	1049  -  MemoryUsage of job (MB)
	1075056  -  ResidentSetSize of job (KB)
...
006 (6203219.005.000) 2020-05-27 00:57:24 Image size of job updated: 1049
	1049  -  MemoryUsage of job (MB)
	1075064  -  ResidentSetSize of job (KB)
...
006 (6203219.005.000) 2020-05-27 01:12:25 Image size of job updated: 1050
	1050  -  MemoryUsage of job (MB)
	1075256  -  ResidentSetSize of job (KB)
...
006 (6203219.005.000) 2020-05-27 01:47:27 Image size of job updated: 1050
	1050  -  MemoryUsage of job (MB)
	1075264  -  ResidentSetSize of job (KB)
...
006 (6203219.005.000) 2020-05-27 01:57:27 Image size of job updated: 1054
	1054  -  MemoryUsage of job (MB)
	1080144  -  ResidentSetSize of job (KB)
...
006 (6203219.005.000) 2020-05-27 02:02:27 Image size of job updated: 1054
	1054  -  MemoryUsage of job (MB)
	1080148  -  ResidentSetSize of job (KB)
...
006 (6203219.005.000) 2020-05-27 02:07:27 Image size of job updated: 1054
	1054  -  MemoryUsage of job (MB)
	1080152  -  ResidentSetSize of job (KB)
...
006 (6203219.005.000) 2020-05-27 02:37:30 Image size of job updated: 1056
	1056  -  MemoryUsage of job (MB)
	1081816  -  ResidentSetSize of job (KB)
...
006 (6203219.005.000) 2020-05-27 02:42:30 Image size of job updated: 1056
	1056  -  MemoryUsage of job (MB)
	1081968  -  ResidentSetSize of job (KB)
...
006 (6203219.005.000) 2020-05-27 02:47:30 Image size of job updated: 1058
	1058  -  MemoryUsage of job (MB)
	1084060  -  ResidentSetSize of job (KB)
...
006 (6203219.005.000) 2020-05-27 03:02:00 Image size of job updated: 3052
	3052  -  MemoryUsage of job (MB)
	3125524  -  ResidentSetSize of job (KB)
...
040 (6203219.005.000) 2020-05-27 03:02:00 Started transferring output files
...
040 (6203219.005.000) 2020-05-27 03:02:02 Finished transferring output files
...
005 (6203219.005.000) 2020-05-27 03:02:03 Job terminated.
	(1) Normal termination (return value 0)
		Usr 0 00:00:00, Sys 0 00:00:00  -  Run Remote Usage
		Usr 0 00:00:00, Sys 0 00:00:00  -  Run Local Usage
		Usr 0 00:00:00, Sys 0 00:00:00  -  Total Remote Usage
		Usr 0 00:00:00, Sys 0 00:00:00  -  Total Local Usage
	109804376  -  Run Bytes Sent By Job
	16282  -  Run Bytes Received By Job
	109804376  -  Total Bytes Sent By Job
	16282  -  Total Bytes Received By Job
	Partitionable Resources :     Usage  Request Allocated Assigned
	   Cpus                 :      0.00        1         1 
	   Disk (KB)            : 130285    10485760  16441762 
	   Gpus (Average)       :      0.08        1         1 "CUDA2"
	   GpusMemory (MB)      :   1069                       
	   IoHeavy              :                            0 
	   Memory (MB)          :   3052       20480     20480 

	Job terminated of its own accord at 2020-05-27T08:02:00Z.
...
