
=============
== PyTorch ==
=============

NVIDIA Release 19.11 (build 8777600)
PyTorch Version 1.4.0a0+649135b

Container image Copyright (c) 2019, NVIDIA CORPORATION.  All rights reserved.

Copyright (c) 2014-2019 Facebook Inc.
Copyright (c) 2011-2014 Idiap Research Institute (Ronan Collobert)
Copyright (c) 2012-2014 Deepmind Technologies    (Koray Kavukcuoglu)
Copyright (c) 2011-2012 NEC Laboratories America (Koray Kavukcuoglu)
Copyright (c) 2011-2013 NYU                      (Clement Farabet)
Copyright (c) 2006-2010 NEC Laboratories America (Ronan Collobert, Leon Bottou, Iain Melvin, Jason Weston)
Copyright (c) 2006      Idiap Research Institute (Samy Bengio)
Copyright (c) 2001-2004 Idiap Research Institute (Ronan Collobert, Samy Bengio, Johnny Mariethoz)
Copyright (c) 2015      Google Inc.
Copyright (c) 2015      Yangqing Jia
Copyright (c) 2013-2016 The Caffe contributors
All rights reserved.

Various files include modifications (c) NVIDIA CORPORATION.  All rights reserved.
NVIDIA modifications are covered by the license terms that apply to the underlying project or file.

NOTE: MOFED driver for multi-node communication was not detected.
      Multi-node communication performance may be reduced.

NOTE: The SHMEM allocation limit is set to the default of 64MB.  This may be
   insufficient for PyTorch.  NVIDIA recommends the use of the following flags:
   nvidia-docker run --ipc=host ...

chtc_root.txt exist
.:
.
..
.chirp.config
.curl_plugin.in
.curl_plugin.out
.docker_sock
.job.ad
.machine.ad
.update.ad
_condor_stderr
_condor_stdout
chtc_root.txt
chtc_train_model.sh
condor_exec.exe
configs
docker_stderror
output
run
sequence_sets
sequences.tar.gz
source
staging.tar.gz
tmp
var

./configs:
.
..
config_1000_10.yaml
config_1000_100.yaml
config_1000_15.yaml
config_1000_2.yaml
config_1000_20.yaml
config_1000_30.yaml
config_1000_40.yaml
config_1000_5.yaml
config_1000_50.yaml
config_1000_500.yaml
config_200_10.yaml
config_200_100.yaml
config_200_15.yaml
config_200_2.yaml
config_200_20.yaml
config_200_30.yaml
config_200_40.yaml
config_200_5.yaml
config_200_50.yaml
config_200_500.yaml
config_500_10.yaml
config_500_100.yaml
config_500_15.yaml
config_500_2.yaml
config_500_20.yaml
config_500_30.yaml
config_500_40.yaml
config_500_5.yaml
config_500_50.yaml
config_500_500.yaml
configs.txt
make_configs.py

./output:
.
..

./run:
.
..
runmodel.sh

./sequence_sets:
.
..
.gitignore
README.md
cmx_aligned_blank_90.fasta
cmx_foreground.fasta
cmx_sequences.zip
processed_cmx_uniref100_90_80_10_100.fasta
processed_cmx_uniref100_90_80_10_100_small.fasta
test.fasta

./source:
.
..
dataloader.py
examine_model.py
make_dataset
model.py
plot_sequences.py
read_config.py
reweighting.py
train_model.py
utils.py

./source/make_dataset:
.
..
get_msa_stats.py
make_dataset.sh
process_msa.py

./tmp:
.
..

./var:
.
..
tmp

./var/tmp:
.
..
Weights do not exist. No weighted sampling will be done.
Max  memory usage:1289788
Epoch: 0	Time elapsed:0.00 sec
Max  memory usage:1470428
Epoch: 1	Time elapsed:31.83 sec
Max  memory usage:1470508
Epoch: 2	Time elapsed:62.44 sec
Max  memory usage:1470520
Epoch: 3	Time elapsed:93.74 sec
Max  memory usage:1470520
Epoch: 4	Time elapsed:122.74 sec
Max  memory usage:1474144
Epoch: 5	Time elapsed:153.43 sec
Max  memory usage:1474144
Epoch: 6	Time elapsed:183.38 sec
Max  memory usage:1474144
Epoch: 7	Time elapsed:213.23 sec
Max  memory usage:1474144
Epoch: 8	Time elapsed:243.57 sec
Max  memory usage:1474144
Epoch: 9	Time elapsed:274.29 sec
Max  memory usage:1474144
Epoch: 10	Time elapsed:305.08 sec
Max  memory usage:1474144
Epoch: 11	Time elapsed:334.76 sec
Max  memory usage:1474144
Epoch: 12	Time elapsed:364.68 sec
Max  memory usage:1474176
Epoch: 13	Time elapsed:392.18 sec
Max  memory usage:1474176
Epoch: 14	Time elapsed:422.43 sec
Max  memory usage:1474176
Epoch: 15	Time elapsed:453.74 sec
Max  memory usage:1474180
Epoch: 16	Time elapsed:483.71 sec
Max  memory usage:1474180
Epoch: 17	Time elapsed:514.05 sec
Max  memory usage:1474180
Epoch: 18	Time elapsed:542.63 sec
Max  memory usage:1474180
Epoch: 19	Time elapsed:572.80 sec
Max  memory usage:1474188
Epoch: 20	Time elapsed:601.12 sec
Max  memory usage:1474188
Epoch: 21	Time elapsed:631.27 sec
Max  memory usage:1474188
Epoch: 22	Time elapsed:661.28 sec
Max  memory usage:1474192
Epoch: 23	Time elapsed:691.22 sec
Max  memory usage:1474192
Epoch: 24	Time elapsed:720.60 sec
Max  memory usage:1474192
Epoch: 25	Time elapsed:750.76 sec
Max  memory usage:1474192
Epoch: 26	Time elapsed:779.97 sec
Max  memory usage:1474192
Epoch: 27	Time elapsed:810.10 sec
Max  memory usage:1474192
Epoch: 28	Time elapsed:839.20 sec
Max  memory usage:1474192
Epoch: 29	Time elapsed:868.32 sec
Max  memory usage:1474192
Epoch: 30	Time elapsed:897.21 sec
Max  memory usage:1474192
Epoch: 31	Time elapsed:924.88 sec
Max  memory usage:1474192
Epoch: 32	Time elapsed:953.49 sec
Max  memory usage:1474192
Epoch: 33	Time elapsed:982.98 sec
Max  memory usage:1474192
Epoch: 34	Time elapsed:1011.78 sec
Max  memory usage:1474192
Epoch: 35	Time elapsed:1041.75 sec
Max  memory usage:1474192
Epoch: 36	Time elapsed:1070.90 sec
Max  memory usage:1474192
Epoch: 37	Time elapsed:1100.90 sec
Max  memory usage:1474192
Epoch: 38	Time elapsed:1130.80 sec
Max  memory usage:1474192
Epoch: 39	Time elapsed:1160.11 sec
Max  memory usage:1474192
Epoch: 40	Time elapsed:1190.82 sec
Max  memory usage:1474192
Epoch: 41	Time elapsed:1219.39 sec
Max  memory usage:1474192
Epoch: 42	Time elapsed:1248.98 sec
Max  memory usage:1474192
Epoch: 43	Time elapsed:1279.79 sec
Max  memory usage:1474196
Epoch: 44	Time elapsed:1309.36 sec
Max  memory usage:1474196
Epoch: 45	Time elapsed:1340.35 sec
Max  memory usage:1474196
Epoch: 46	Time elapsed:1370.70 sec
Max  memory usage:1474196
Epoch: 47	Time elapsed:1400.46 sec
Max  memory usage:1474196
Epoch: 48	Time elapsed:1430.30 sec
Max  memory usage:1474196
Epoch: 49	Time elapsed:1460.53 sec
Max  memory usage:1474196
Epoch: 50	Time elapsed:1489.24 sec
Max  memory usage:1474196
Epoch: 51	Time elapsed:1518.58 sec
Max  memory usage:1474196
Epoch: 52	Time elapsed:1548.64 sec
Max  memory usage:1474196
Epoch: 53	Time elapsed:1577.36 sec
Max  memory usage:1474196
Epoch: 54	Time elapsed:1607.62 sec
Max  memory usage:1474200
Epoch: 55	Time elapsed:1637.35 sec
Max  memory usage:1474200
Epoch: 56	Time elapsed:1667.91 sec
Max  memory usage:1474200
Epoch: 57	Time elapsed:1697.08 sec
Max  memory usage:1474200
Epoch: 58	Time elapsed:1725.66 sec
Max  memory usage:1474200
Epoch: 59	Time elapsed:1754.31 sec
Max  memory usage:1474200
Epoch: 60	Time elapsed:1784.25 sec
Max  memory usage:1474200
Epoch: 61	Time elapsed:1814.10 sec
Max  memory usage:1474200
Epoch: 62	Time elapsed:1843.43 sec
Max  memory usage:1474200
Epoch: 63	Time elapsed:1872.94 sec
Max  memory usage:1474200
Epoch: 64	Time elapsed:1904.25 sec
Max  memory usage:1474200
Epoch: 65	Time elapsed:1935.40 sec
Max  memory usage:1474200
Epoch: 66	Time elapsed:1965.87 sec
Max  memory usage:1474200
Epoch: 67	Time elapsed:1996.82 sec
Max  memory usage:1474200
Epoch: 68	Time elapsed:2026.30 sec
Max  memory usage:1474200
Epoch: 69	Time elapsed:2056.03 sec
Max  memory usage:1474200
Epoch: 70	Time elapsed:2085.44 sec
Max  memory usage:1474200
Epoch: 71	Time elapsed:2116.43 sec
Max  memory usage:1474204
Epoch: 72	Time elapsed:2145.99 sec
Max  memory usage:1474204
Epoch: 73	Time elapsed:2176.66 sec
Max  memory usage:1474204
Epoch: 74	Time elapsed:2206.30 sec
Max  memory usage:1474204
Epoch: 75	Time elapsed:2236.76 sec
Max  memory usage:1474204
Epoch: 76	Time elapsed:2267.79 sec
Max  memory usage:1474204
Epoch: 77	Time elapsed:2297.35 sec
Max  memory usage:1474204
Epoch: 78	Time elapsed:2326.38 sec
Max  memory usage:1474204
Epoch: 79	Time elapsed:2356.01 sec
Max  memory usage:1474204
Epoch: 80	Time elapsed:2385.74 sec
Max  memory usage:1474204
Epoch: 81	Time elapsed:2414.97 sec
Max  memory usage:1474204
Epoch: 82	Time elapsed:2443.42 sec
Max  memory usage:1474204
Epoch: 83	Time elapsed:2472.71 sec
Max  memory usage:1474204
Epoch: 84	Time elapsed:2501.59 sec
Max  memory usage:1474204
Epoch: 85	Time elapsed:2530.87 sec
Max  memory usage:1474204
Epoch: 86	Time elapsed:2562.20 sec
Max  memory usage:1474204
Epoch: 87	Time elapsed:2592.07 sec
Max  memory usage:1474204
Epoch: 88	Time elapsed:2620.02 sec
Max  memory usage:1474204
Epoch: 89	Time elapsed:2649.06 sec
Max  memory usage:1474204
Epoch: 90	Time elapsed:2677.79 sec
Max  memory usage:1474204
Epoch: 91	Time elapsed:2706.87 sec
Max  memory usage:1474204
Epoch: 92	Time elapsed:2735.81 sec
Max  memory usage:1474204
Epoch: 93	Time elapsed:2765.93 sec
Max  memory usage:1474204
Epoch: 94	Time elapsed:2795.39 sec
Max  memory usage:1474204
Epoch: 95	Time elapsed:2825.08 sec
Max  memory usage:1474204
Epoch: 96	Time elapsed:2855.05 sec
Max  memory usage:1474204
Epoch: 97	Time elapsed:2883.50 sec
Max  memory usage:1474204
Epoch: 98	Time elapsed:2913.56 sec
Max  memory usage:1474204
Epoch: 99	Time elapsed:2946.22 sec
Max  memory usage:1474208
Epoch: 100	Time elapsed:2975.08 sec
Max  memory usage:1474208
Epoch: 101	Time elapsed:3006.67 sec
Max  memory usage:1474208
Epoch: 102	Time elapsed:3037.09 sec
Max  memory usage:1474208
Epoch: 103	Time elapsed:3066.54 sec
Max  memory usage:1474208
Epoch: 104	Time elapsed:3096.03 sec
Max  memory usage:1474208
Epoch: 105	Time elapsed:3126.10 sec
Max  memory usage:1474208
Epoch: 106	Time elapsed:3157.28 sec
Max  memory usage:1474208
Epoch: 107	Time elapsed:3186.24 sec
Max  memory usage:1474208
Epoch: 108	Time elapsed:3215.88 sec
Max  memory usage:1474208
Epoch: 109	Time elapsed:3244.43 sec
Max  memory usage:1474208
Epoch: 110	Time elapsed:3274.07 sec
Max  memory usage:1474208
Epoch: 111	Time elapsed:3305.43 sec
Max  memory usage:1474208
Epoch: 112	Time elapsed:3333.49 sec
Max  memory usage:1474208
Epoch: 113	Time elapsed:3360.10 sec
Max  memory usage:1474208
Epoch: 114	Time elapsed:3388.98 sec
Max  memory usage:1474208
Epoch: 115	Time elapsed:3416.82 sec
Max  memory usage:1474208
Epoch: 116	Time elapsed:3448.87 sec
Max  memory usage:1474208
Epoch: 117	Time elapsed:3478.87 sec
Max  memory usage:1474212
Epoch: 118	Time elapsed:3507.74 sec
Max  memory usage:1474212
Epoch: 119	Time elapsed:3537.10 sec
Max  memory usage:1474212
Epoch: 120	Time elapsed:3566.10 sec
Max  memory usage:1474212
Epoch: 121	Time elapsed:3595.56 sec
Max  memory usage:1474936
Epoch: 122	Time elapsed:3625.34 sec
Max  memory usage:1474936
Epoch: 123	Time elapsed:3654.26 sec
Max  memory usage:1474936
Epoch: 124	Time elapsed:3682.49 sec
Max  memory usage:1474936
Epoch: 125	Time elapsed:3712.80 sec
Max  memory usage:1474936
Epoch: 126	Time elapsed:3743.76 sec
Max  memory usage:1474936
Epoch: 127	Time elapsed:3772.49 sec
Max  memory usage:1474940
Epoch: 128	Time elapsed:3801.75 sec
Max  memory usage:1474940
Epoch: 129	Time elapsed:3830.66 sec
Max  memory usage:1474940
Epoch: 130	Time elapsed:3859.29 sec
Max  memory usage:1474940
Epoch: 131	Time elapsed:3890.13 sec
Max  memory usage:1474940
Epoch: 132	Time elapsed:3920.68 sec
Max  memory usage:1474940
Epoch: 133	Time elapsed:3948.76 sec
Max  memory usage:1474940
Epoch: 134	Time elapsed:3978.92 sec
Max  memory usage:1474940
Epoch: 135	Time elapsed:4010.16 sec
Max  memory usage:1474940
Epoch: 136	Time elapsed:4039.33 sec
Max  memory usage:1474940
Epoch: 137	Time elapsed:4069.82 sec
Max  memory usage:1474940
Epoch: 138	Time elapsed:4098.98 sec
Max  memory usage:1474944
Epoch: 139	Time elapsed:4128.78 sec
Max  memory usage:1474944
Epoch: 140	Time elapsed:4158.38 sec
Max  memory usage:1474944
Epoch: 141	Time elapsed:4188.08 sec
Max  memory usage:1474944
Epoch: 142	Time elapsed:4217.42 sec
Max  memory usage:1474944
Epoch: 143	Time elapsed:4246.44 sec
Max  memory usage:1474944
Epoch: 144	Time elapsed:4274.07 sec
Max  memory usage:1474944
Epoch: 145	Time elapsed:4303.19 sec
Max  memory usage:1474944
Epoch: 146	Time elapsed:4333.79 sec
Max  memory usage:1474944
Epoch: 147	Time elapsed:4366.18 sec
Max  memory usage:1474944
Epoch: 148	Time elapsed:4396.41 sec
Max  memory usage:1474944
Epoch: 149	Time elapsed:4426.82 sec
Max  memory usage:1474944
Epoch: 150	Time elapsed:4456.18 sec
Max  memory usage:1474944
Epoch: 151	Time elapsed:4485.16 sec
Max  memory usage:1474944
Epoch: 152	Time elapsed:4514.05 sec
Max  memory usage:1474944
Epoch: 153	Time elapsed:4540.95 sec
Max  memory usage:1474944
Epoch: 154	Time elapsed:4569.38 sec
Max  memory usage:1474944
Epoch: 155	Time elapsed:4597.62 sec
Max  memory usage:1474944
Epoch: 156	Time elapsed:4626.24 sec
Max  memory usage:1474944
Epoch: 157	Time elapsed:4657.73 sec
Max  memory usage:1474944
Epoch: 158	Time elapsed:4687.04 sec
Max  memory usage:1474944
Epoch: 159	Time elapsed:4716.41 sec
Max  memory usage:1474944
Epoch: 160	Time elapsed:4747.09 sec
Max  memory usage:1474944
Epoch: 161	Time elapsed:4776.20 sec
Max  memory usage:1474944
Epoch: 162	Time elapsed:4804.96 sec
Max  memory usage:1474944
Epoch: 163	Time elapsed:4833.47 sec
Max  memory usage:1474944
Epoch: 164	Time elapsed:4861.97 sec
Max  memory usage:1474944
Epoch: 165	Time elapsed:4889.92 sec
Max  memory usage:1474944
Epoch: 166	Time elapsed:4919.42 sec
Max  memory usage:1474944
Epoch: 167	Time elapsed:4950.62 sec
Max  memory usage:1474944
Epoch: 168	Time elapsed:4979.82 sec
Max  memory usage:1474944
Epoch: 169	Time elapsed:5011.08 sec
Max  memory usage:1474944
Epoch: 170	Time elapsed:5040.53 sec
Max  memory usage:1474944
Epoch: 171	Time elapsed:5070.18 sec
Max  memory usage:1474944
Epoch: 172	Time elapsed:5098.63 sec
Max  memory usage:1474944
Epoch: 173	Time elapsed:5126.87 sec
Max  memory usage:1474944
Epoch: 174	Time elapsed:5156.65 sec
Max  memory usage:1474944
Epoch: 175	Time elapsed:5185.93 sec
Max  memory usage:1474944
Epoch: 176	Time elapsed:5215.10 sec
Max  memory usage:1474944
Epoch: 177	Time elapsed:5245.93 sec
Max  memory usage:1474944
Epoch: 178	Time elapsed:5275.98 sec
Max  memory usage:1474944
Epoch: 179	Time elapsed:5306.02 sec
Max  memory usage:1474944
Epoch: 180	Time elapsed:5334.86 sec
Max  memory usage:1474944
Epoch: 181	Time elapsed:5364.61 sec
Max  memory usage:1474944
Epoch: 182	Time elapsed:5394.52 sec
Max  memory usage:1474944
Epoch: 183	Time elapsed:5424.89 sec
Max  memory usage:1474944
Epoch: 184	Time elapsed:5454.72 sec
Max  memory usage:1474944
Epoch: 185	Time elapsed:5483.44 sec
Max  memory usage:1474944
Epoch: 186	Time elapsed:5513.63 sec
Max  memory usage:1474944
Epoch: 187	Time elapsed:5546.06 sec
Max  memory usage:1474944
Epoch: 188	Time elapsed:5575.03 sec
Max  memory usage:1474944
Epoch: 189	Time elapsed:5604.10 sec
Max  memory usage:1474944
Epoch: 190	Time elapsed:5633.99 sec
Max  memory usage:1474944
Epoch: 191	Time elapsed:5664.30 sec
Max  memory usage:1474944
Epoch: 192	Time elapsed:5695.16 sec
Max  memory usage:1475236
Epoch: 193	Time elapsed:5724.13 sec
Max  memory usage:1475236
Epoch: 194	Time elapsed:5754.36 sec
Max  memory usage:1475236
Epoch: 195	Time elapsed:5782.26 sec
Max  memory usage:1475236
Epoch: 196	Time elapsed:5809.72 sec
Max  memory usage:1475236
Epoch: 197	Time elapsed:5839.15 sec
Max  memory usage:1475236
Epoch: 198	Time elapsed:5868.05 sec
Max  memory usage:1475236
Epoch: 199	Time elapsed:5898.81 sec
Max  memory usage:1475236
Epoch: 200	Time elapsed:5929.98 sec
Max  memory usage:1475236
Epoch: 201	Time elapsed:5959.18 sec
Max  memory usage:1475236
Epoch: 202	Time elapsed:5987.28 sec
Max  memory usage:1475236
Epoch: 203	Time elapsed:6015.27 sec
Max  memory usage:1475236
Epoch: 204	Time elapsed:6043.80 sec
Max  memory usage:1475236
Epoch: 205	Time elapsed:6072.17 sec
Max  memory usage:1475236
Epoch: 206	Time elapsed:6099.89 sec
Max  memory usage:1475236
Epoch: 207	Time elapsed:6128.46 sec
Max  memory usage:1475236
Epoch: 208	Time elapsed:6159.12 sec
Max  memory usage:1475236
Epoch: 209	Time elapsed:6189.62 sec
Max  memory usage:1475236
Epoch: 210	Time elapsed:6219.47 sec
Max  memory usage:1475236
Epoch: 211	Time elapsed:6247.75 sec
Max  memory usage:1475236
Epoch: 212	Time elapsed:6277.70 sec
Max  memory usage:1475236
Epoch: 213	Time elapsed:6306.53 sec
Max  memory usage:1475236
Epoch: 214	Time elapsed:6335.47 sec
Max  memory usage:1475236
Epoch: 215	Time elapsed:6365.14 sec
Max  memory usage:1475236
Epoch: 216	Time elapsed:6394.85 sec
Max  memory usage:1475236
Epoch: 217	Time elapsed:6424.68 sec
Max  memory usage:1475236
Epoch: 218	Time elapsed:6455.57 sec
Max  memory usage:1475236
Epoch: 219	Time elapsed:6484.55 sec
Max  memory usage:1475236
Epoch: 220	Time elapsed:6514.43 sec
Max  memory usage:1475236
Epoch: 221	Time elapsed:6544.33 sec
Max  memory usage:1475236
Epoch: 222	Time elapsed:6574.13 sec
Max  memory usage:1475236
Epoch: 223	Time elapsed:6602.97 sec
Max  memory usage:1475236
Epoch: 224	Time elapsed:6631.63 sec
Max  memory usage:1475236
Epoch: 225	Time elapsed:6661.29 sec
Max  memory usage:1475236
Epoch: 226	Time elapsed:6690.01 sec
Max  memory usage:1475236
Epoch: 227	Time elapsed:6719.62 sec
Max  memory usage:1475236
Epoch: 228	Time elapsed:6751.81 sec
Max  memory usage:1475236
Epoch: 229	Time elapsed:6781.66 sec
Max  memory usage:1475236
Epoch: 230	Time elapsed:6812.01 sec
Max  memory usage:1475236
Epoch: 231	Time elapsed:6840.64 sec
Max  memory usage:1481128
Epoch: 232	Time elapsed:6868.73 sec
Max  memory usage:1481128
Epoch: 233	Time elapsed:6898.83 sec
Max  memory usage:1481128
Epoch: 234	Time elapsed:6928.44 sec
Max  memory usage:1481128
Epoch: 235	Time elapsed:6957.73 sec
Max  memory usage:1481128
Epoch: 236	Time elapsed:6986.95 sec
Max  memory usage:1481128
Epoch: 237	Time elapsed:7016.24 sec
Max  memory usage:1481128
Epoch: 238	Time elapsed:7045.53 sec
Max  memory usage:1481128
Epoch: 239	Time elapsed:7076.00 sec
Max  memory usage:1481128
Epoch: 240	Time elapsed:7107.10 sec
Max  memory usage:1481128
Epoch: 241	Time elapsed:7136.38 sec
Max  memory usage:1481128
Epoch: 242	Time elapsed:7164.69 sec
Max  memory usage:1481128
Epoch: 243	Time elapsed:7194.27 sec
Max  memory usage:1481128
Epoch: 244	Time elapsed:7223.56 sec
Max  memory usage:1481128
Epoch: 245	Time elapsed:7252.25 sec
Max  memory usage:1481128
Epoch: 246	Time elapsed:7280.63 sec
Max  memory usage:1481128
Epoch: 247	Time elapsed:7309.14 sec
Max  memory usage:1481128
Epoch: 248	Time elapsed:7339.77 sec
Max  memory usage:1481132
Epoch: 249	Time elapsed:7372.34 sec
Max  memory usage:1481132
Epoch: 250	Time elapsed:7404.91 sec
Max  memory usage:1481132
Epoch: 251	Time elapsed:7437.81 sec
Max  memory usage:1481132
Epoch: 252	Time elapsed:7470.63 sec
Max  memory usage:1481132
Epoch: 253	Time elapsed:7500.25 sec
Max  memory usage:1481132
Epoch: 254	Time elapsed:7530.09 sec
Max  memory usage:1481132
Epoch: 255	Time elapsed:7559.93 sec
Max  memory usage:1481136
Epoch: 256	Time elapsed:7591.15 sec
Max  memory usage:1481136
Epoch: 257	Time elapsed:7619.12 sec
Max  memory usage:1481136
Epoch: 258	Time elapsed:7648.57 sec
Max  memory usage:1481136
Epoch: 259	Time elapsed:7677.07 sec
Max  memory usage:1481136
Epoch: 260	Time elapsed:7706.41 sec
Max  memory usage:1481136
Epoch: 261	Time elapsed:7736.30 sec
Max  memory usage:1481136
Epoch: 262	Time elapsed:7767.49 sec
Max  memory usage:1481136
Epoch: 263	Time elapsed:7800.75 sec
Max  memory usage:1481136
Epoch: 264	Time elapsed:7835.47 sec
Max  memory usage:1481136
Epoch: 265	Time elapsed:7867.24 sec
Max  memory usage:1481136
Epoch: 266	Time elapsed:7895.41 sec
Max  memory usage:1481136
Epoch: 267	Time elapsed:7924.00 sec
Max  memory usage:1481136
Epoch: 268	Time elapsed:7953.76 sec
Max  memory usage:1481136
Epoch: 269	Time elapsed:7980.72 sec
Max  memory usage:1481136
Epoch: 270	Time elapsed:8009.84 sec
Max  memory usage:1481136
Epoch: 271	Time elapsed:8038.91 sec
Max  memory usage:1481136
Epoch: 272	Time elapsed:8071.29 sec
Max  memory usage:1481136
Epoch: 273	Time elapsed:8099.80 sec
Max  memory usage:1481136
Epoch: 274	Time elapsed:8131.33 sec
Max  memory usage:1481136
Epoch: 275	Time elapsed:8160.89 sec
Max  memory usage:1481136
Epoch: 276	Time elapsed:8195.12 sec
Max  memory usage:1481136
Epoch: 277	Time elapsed:8221.81 sec
Max  memory usage:1481136
Epoch: 278	Time elapsed:8250.40 sec
Max  memory usage:1481136
Epoch: 279	Time elapsed:8281.97 sec
Max  memory usage:1481136
Epoch: 280	Time elapsed:8311.09 sec
Max  memory usage:1481136
Epoch: 281	Time elapsed:8340.19 sec
Max  memory usage:1481136
Epoch: 282	Time elapsed:8367.89 sec
Max  memory usage:1481136
Epoch: 283	Time elapsed:8395.67 sec
Max  memory usage:1481136
Epoch: 284	Time elapsed:8425.21 sec
Max  memory usage:1481136
Epoch: 285	Time elapsed:8453.40 sec
Max  memory usage:1481136
Epoch: 286	Time elapsed:8482.65 sec
Max  memory usage:1481136
Epoch: 287	Time elapsed:8510.77 sec
Max  memory usage:1481136
Epoch: 288	Time elapsed:8542.57 sec
Max  memory usage:1481136
Epoch: 289	Time elapsed:8574.59 sec
Max  memory usage:1481136
Epoch: 290	Time elapsed:8605.38 sec
Max  memory usage:1481136
Epoch: 291	Time elapsed:8634.87 sec
Max  memory usage:1481136
Epoch: 292	Time elapsed:8662.66 sec
Max  memory usage:1481136
Epoch: 293	Time elapsed:8693.18 sec
Max  memory usage:1481136
Epoch: 294	Time elapsed:8721.96 sec
Max  memory usage:1481136
Epoch: 295	Time elapsed:8753.97 sec
Max  memory usage:1481136
Epoch: 296	Time elapsed:8782.79 sec
Max  memory usage:1481136
Epoch: 297	Time elapsed:8810.52 sec
Max  memory usage:1481136
Epoch: 298	Time elapsed:8839.26 sec
Max  memory usage:1481136
Epoch: 299	Time elapsed:8869.17 sec
Max  memory usage:1481136
Epoch: 300	Time elapsed:8900.99 sec
Max  memory usage:1481136
Epoch: 301	Time elapsed:8930.84 sec
Max  memory usage:1481136
Epoch: 302	Time elapsed:8962.86 sec
Max  memory usage:1481136
Epoch: 303	Time elapsed:8993.36 sec
Max  memory usage:1481136
Epoch: 304	Time elapsed:9024.19 sec
Max  memory usage:1481136
Epoch: 305	Time elapsed:9053.22 sec
Max  memory usage:1481136
Epoch: 306	Time elapsed:9084.89 sec
Max  memory usage:1481136
Epoch: 307	Time elapsed:9119.51 sec
Max  memory usage:1481140
Epoch: 308	Time elapsed:9152.70 sec
Max  memory usage:1481140
Epoch: 309	Time elapsed:9183.86 sec
Max  memory usage:1481140
Epoch: 310	Time elapsed:9215.78 sec
Max  memory usage:1481140
Epoch: 311	Time elapsed:9247.66 sec
Max  memory usage:1481140
Epoch: 312	Time elapsed:9280.70 sec
Max  memory usage:1481140
Epoch: 313	Time elapsed:9309.00 sec
Max  memory usage:1481140
Epoch: 314	Time elapsed:9337.12 sec
Max  memory usage:1481140
Epoch: 315	Time elapsed:9368.64 sec
Max  memory usage:1481140
Epoch: 316	Time elapsed:9403.53 sec
Max  memory usage:1481140
Epoch: 317	Time elapsed:9433.89 sec
Max  memory usage:1481140
Epoch: 318	Time elapsed:9464.11 sec
Max  memory usage:1481140
Epoch: 319	Time elapsed:9491.62 sec
Max  memory usage:1481140
Epoch: 320	Time elapsed:9517.99 sec
Max  memory usage:1481140
Epoch: 321	Time elapsed:9544.56 sec
Max  memory usage:1481140
Epoch: 322	Time elapsed:9571.61 sec
Max  memory usage:1481140
Epoch: 323	Time elapsed:9598.10 sec
Max  memory usage:1481140
Epoch: 324	Time elapsed:9625.09 sec
Max  memory usage:1481140
Epoch: 325	Time elapsed:9654.85 sec
Max  memory usage:1481140
Epoch: 326	Time elapsed:9684.61 sec
Max  memory usage:1481140
Epoch: 327	Time elapsed:9712.13 sec
Max  memory usage:1481140
Epoch: 328	Time elapsed:9743.53 sec
Max  memory usage:1481140
Epoch: 329	Time elapsed:9775.02 sec
Max  memory usage:1481140
Epoch: 330	Time elapsed:9805.69 sec
Max  memory usage:1481140
Epoch: 331	Time elapsed:9832.59 sec
Max  memory usage:1481140
Epoch: 332	Time elapsed:9860.14 sec
Max  memory usage:1481140
Epoch: 333	Time elapsed:9888.09 sec
Max  memory usage:1481140
Epoch: 334	Time elapsed:9917.31 sec
Max  memory usage:1481140
Epoch: 335	Time elapsed:9945.33 sec
Max  memory usage:1481140
Epoch: 336	Time elapsed:9973.41 sec
Max  memory usage:1481140
Epoch: 337	Time elapsed:9999.92 sec
Max  memory usage:1481140
Epoch: 338	Time elapsed:10029.53 sec
Max  memory usage:1481140
Epoch: 339	Time elapsed:10057.79 sec
Max  memory usage:1481140
Epoch: 340	Time elapsed:10084.77 sec
Max  memory usage:1481140
Epoch: 341	Time elapsed:10112.62 sec
Max  memory usage:1481140
Epoch: 342	Time elapsed:10141.12 sec
Max  memory usage:1481140
Epoch: 343	Time elapsed:10172.83 sec
Max  memory usage:1481140
Epoch: 344	Time elapsed:10205.11 sec
Max  memory usage:1481140
Epoch: 345	Time elapsed:10237.60 sec
Max  memory usage:1481140
Epoch: 346	Time elapsed:10268.60 sec
Max  memory usage:1481140
Epoch: 347	Time elapsed:10297.54 sec
Max  memory usage:1481140
Epoch: 348	Time elapsed:10328.21 sec
Max  memory usage:1481144
Epoch: 349	Time elapsed:10359.94 sec
Max  memory usage:1481144
Epoch: 350	Time elapsed:10388.50 sec
Max  memory usage:1481144
Epoch: 351	Time elapsed:10417.11 sec
Max  memory usage:1481144
Epoch: 352	Time elapsed:10446.06 sec
Max  memory usage:1481144
Epoch: 353	Time elapsed:10474.35 sec
Max  memory usage:1481144
Epoch: 354	Time elapsed:10507.29 sec
Max  memory usage:1481144
Epoch: 355	Time elapsed:10537.75 sec
Max  memory usage:1481144
Epoch: 356	Time elapsed:10569.59 sec
Max  memory usage:1481144
Epoch: 357	Time elapsed:10599.60 sec
Max  memory usage:1481184
Epoch: 358	Time elapsed:10631.65 sec
Max  memory usage:1481184
Epoch: 359	Time elapsed:10660.08 sec
Max  memory usage:1481184
Epoch: 360	Time elapsed:10687.22 sec
Max  memory usage:1481184
Epoch: 361	Time elapsed:10716.21 sec
Max  memory usage:1481184
Epoch: 362	Time elapsed:10743.06 sec
Max  memory usage:1481184
Epoch: 363	Time elapsed:10771.12 sec
Max  memory usage:1481184
Epoch: 364	Time elapsed:10799.82 sec
Max  memory usage:1481184
Epoch: 365	Time elapsed:10831.40 sec
Max  memory usage:1481184
Epoch: 366	Time elapsed:10861.06 sec
Max  memory usage:1481184
Epoch: 367	Time elapsed:10887.70 sec
Max  memory usage:1481184
Epoch: 368	Time elapsed:10918.29 sec
Max  memory usage:1481184
Epoch: 369	Time elapsed:10950.72 sec
Max  memory usage:1481184
Epoch: 370	Time elapsed:10982.96 sec
Max  memory usage:1481188
Epoch: 371	Time elapsed:11012.41 sec
Max  memory usage:1481188
Epoch: 372	Time elapsed:11040.63 sec
Max  memory usage:1481188
Epoch: 373	Time elapsed:11068.95 sec
Max  memory usage:1481188
Epoch: 374	Time elapsed:11097.24 sec
Max  memory usage:1481188
Epoch: 375	Time elapsed:11125.97 sec
Max  memory usage:1481188
Epoch: 376	Time elapsed:11155.18 sec
Max  memory usage:1481188
Epoch: 377	Time elapsed:11183.88 sec
Max  memory usage:1481188
Epoch: 378	Time elapsed:11212.12 sec
Max  memory usage:1481188
Epoch: 379	Time elapsed:11245.05 sec
Max  memory usage:1481188
Epoch: 380	Time elapsed:11277.91 sec
Max  memory usage:1481188
Epoch: 381	Time elapsed:11312.30 sec
Max  memory usage:1481188
Epoch: 382	Time elapsed:11346.78 sec
Max  memory usage:1481188
Epoch: 383	Time elapsed:11379.50 sec
Max  memory usage:1481188
Epoch: 384	Time elapsed:11411.24 sec
Max  memory usage:1481188
Epoch: 385	Time elapsed:11445.65 sec
Max  memory usage:1481188
Epoch: 386	Time elapsed:11479.54 sec
Max  memory usage:1481188
Epoch: 387	Time elapsed:11512.74 sec
Max  memory usage:1481188
Epoch: 388	Time elapsed:11542.82 sec
Max  memory usage:1481192
Epoch: 389	Time elapsed:11576.21 sec
Max  memory usage:1481324
Epoch: 390	Time elapsed:11609.77 sec
Max  memory usage:1482812
Epoch: 391	Time elapsed:11642.27 sec
Max  memory usage:1482852
Epoch: 392	Time elapsed:11678.51 sec
Max  memory usage:1482876
Epoch: 393	Time elapsed:11711.69 sec
Max  memory usage:1482888
Epoch: 394	Time elapsed:11743.94 sec
Max  memory usage:1482888
Epoch: 395	Time elapsed:11777.64 sec
Max  memory usage:1482908
Epoch: 396	Time elapsed:11811.39 sec
Max  memory usage:1482916
Epoch: 397	Time elapsed:11844.18 sec
Max  memory usage:1482936
Epoch: 398	Time elapsed:11878.70 sec
Max  memory usage:1482956
Epoch: 399	Time elapsed:11912.10 sec
Max  memory usage:1482976
Epoch: 400	Time elapsed:11944.93 sec
Max  memory usage:1482992
Epoch: 401	Time elapsed:11979.76 sec
Max  memory usage:1483036
Epoch: 402	Time elapsed:12013.96 sec
Max  memory usage:1483056
Epoch: 403	Time elapsed:12046.78 sec
Max  memory usage:1483072
Epoch: 404	Time elapsed:12080.58 sec
Max  memory usage:1483088
Epoch: 405	Time elapsed:12112.52 sec
Max  memory usage:1483112
Epoch: 406	Time elapsed:12145.19 sec
Max  memory usage:1483116
Epoch: 407	Time elapsed:12178.52 sec
Max  memory usage:1483120
Epoch: 408	Time elapsed:12211.47 sec
Max  memory usage:1483120
Epoch: 409	Time elapsed:12239.19 sec
Max  memory usage:1485160
Epoch: 410	Time elapsed:12269.28 sec
Max  memory usage:1485160
Epoch: 411	Time elapsed:12297.41 sec
Max  memory usage:1485160
Epoch: 412	Time elapsed:12327.02 sec
Max  memory usage:1485160
Epoch: 413	Time elapsed:12358.80 sec
Max  memory usage:1485160
Epoch: 414	Time elapsed:12387.92 sec
Max  memory usage:1485160
Epoch: 415	Time elapsed:12418.30 sec
Max  memory usage:1485160
Epoch: 416	Time elapsed:12451.12 sec
Max  memory usage:1485160
Epoch: 417	Time elapsed:12482.78 sec
Max  memory usage:1485160
Epoch: 418	Time elapsed:12514.30 sec
Max  memory usage:1485160
Epoch: 419	Time elapsed:12545.41 sec
Max  memory usage:1485160
Epoch: 420	Time elapsed:12575.63 sec
Max  memory usage:1485160
Epoch: 421	Time elapsed:12604.54 sec
Max  memory usage:1485160
Epoch: 422	Time elapsed:12634.73 sec
Max  memory usage:1485160
Epoch: 423	Time elapsed:12665.57 sec
Max  memory usage:1485160
Epoch: 424	Time elapsed:12696.10 sec
Max  memory usage:1485160
Epoch: 425	Time elapsed:12726.47 sec
Max  memory usage:1485160
Epoch: 426	Time elapsed:12757.03 sec
Max  memory usage:1485160
Epoch: 427	Time elapsed:12785.96 sec
Max  memory usage:1485160
Epoch: 428	Time elapsed:12814.15 sec
Max  memory usage:1485160
Epoch: 429	Time elapsed:12843.80 sec
Max  memory usage:1485160
Epoch: 430	Time elapsed:12875.07 sec
Max  memory usage:1485160
Epoch: 431	Time elapsed:12906.03 sec
Max  memory usage:1485160
Epoch: 432	Time elapsed:12933.33 sec
Max  memory usage:1485160
Epoch: 433	Time elapsed:12961.78 sec
Max  memory usage:1485160
Epoch: 434	Time elapsed:12991.78 sec
Max  memory usage:1485160
Epoch: 435	Time elapsed:13022.07 sec
Max  memory usage:1485160
Epoch: 436	Time elapsed:13052.10 sec
Max  memory usage:1485160
Epoch: 437	Time elapsed:13082.63 sec
Max  memory usage:1485160
Epoch: 438	Time elapsed:13115.76 sec
Max  memory usage:1485160
Epoch: 439	Time elapsed:13145.09 sec
Max  memory usage:1485160
Epoch: 440	Time elapsed:13175.07 sec
Max  memory usage:1485160
Epoch: 441	Time elapsed:13203.25 sec
Max  memory usage:1485160
Epoch: 442	Time elapsed:13232.74 sec
Max  memory usage:1485160
Epoch: 443	Time elapsed:13262.53 sec
Max  memory usage:1485160
Epoch: 444	Time elapsed:13295.76 sec
Max  memory usage:1485160
Epoch: 445	Time elapsed:13326.86 sec
Max  memory usage:1485160
Epoch: 446	Time elapsed:13359.67 sec
Max  memory usage:1485160
Epoch: 447	Time elapsed:13389.04 sec
Max  memory usage:1485160
Epoch: 448	Time elapsed:13418.68 sec
Max  memory usage:1485160
Epoch: 449	Time elapsed:13446.73 sec
Max  memory usage:1485160
Epoch: 450	Time elapsed:13476.47 sec
Max  memory usage:1485160
Epoch: 451	Time elapsed:13505.06 sec
Max  memory usage:1485160
Epoch: 452	Time elapsed:13534.72 sec
Max  memory usage:1485160
Epoch: 453	Time elapsed:13564.70 sec
Max  memory usage:1485160
Epoch: 454	Time elapsed:13591.57 sec
Max  memory usage:1485160
Epoch: 455	Time elapsed:13622.19 sec
Max  memory usage:1485160
Epoch: 456	Time elapsed:13652.31 sec
Max  memory usage:1485160
Epoch: 457	Time elapsed:13682.19 sec
Max  memory usage:1485160
Epoch: 458	Time elapsed:13713.10 sec
Max  memory usage:1485160
Epoch: 459	Time elapsed:13742.05 sec
Max  memory usage:1485160
Epoch: 460	Time elapsed:13771.89 sec
Max  memory usage:1485160
Epoch: 461	Time elapsed:13802.47 sec
Max  memory usage:1485160
Epoch: 462	Time elapsed:13834.19 sec
Max  memory usage:1485160
Epoch: 463	Time elapsed:13863.46 sec
Max  memory usage:1485160
Epoch: 464	Time elapsed:13895.39 sec
Max  memory usage:1485160
Epoch: 465	Time elapsed:13924.65 sec
Max  memory usage:1485160
Epoch: 466	Time elapsed:13954.42 sec
Max  memory usage:1485160
Epoch: 467	Time elapsed:13981.21 sec
Max  memory usage:1485160
Epoch: 468	Time elapsed:14011.06 sec
Max  memory usage:1485160
Epoch: 469	Time elapsed:14040.94 sec
Max  memory usage:1485160
Epoch: 470	Time elapsed:14071.66 sec
Max  memory usage:1485160
Epoch: 471	Time elapsed:14103.15 sec
Max  memory usage:1485160
Epoch: 472	Time elapsed:14134.31 sec
Max  memory usage:1485160
Epoch: 473	Time elapsed:14164.88 sec
Max  memory usage:1485160
Epoch: 474	Time elapsed:14191.85 sec
Max  memory usage:1485160
Epoch: 475	Time elapsed:14219.02 sec
Max  memory usage:1485160
Epoch: 476	Time elapsed:14248.85 sec
Max  memory usage:1485160
Epoch: 477	Time elapsed:14279.40 sec
Max  memory usage:1485160
Epoch: 478	Time elapsed:14311.33 sec
Max  memory usage:1485160
Epoch: 479	Time elapsed:14343.30 sec
Max  memory usage:1485160
Epoch: 480	Time elapsed:14376.03 sec
Max  memory usage:1485160
Epoch: 481	Time elapsed:14405.79 sec
Max  memory usage:1485160
Epoch: 482	Time elapsed:14437.17 sec
Max  memory usage:1485160
Epoch: 483	Time elapsed:14469.59 sec
Max  memory usage:1485160
Epoch: 484	Time elapsed:14501.48 sec
Max  memory usage:1485160
Epoch: 485	Time elapsed:14532.05 sec
Max  memory usage:1485160
Epoch: 486	Time elapsed:14562.54 sec
Max  memory usage:1485160
Epoch: 487	Time elapsed:14588.72 sec
Max  memory usage:1485160
Epoch: 488	Time elapsed:14614.81 sec
Max  memory usage:1485160
Epoch: 489	Time elapsed:14642.50 sec
Max  memory usage:1485160
Epoch: 490	Time elapsed:14668.42 sec
Max  memory usage:1485160
Epoch: 491	Time elapsed:14694.88 sec
Max  memory usage:1485160
Epoch: 492	Time elapsed:14721.93 sec
Max  memory usage:1485164
Epoch: 493	Time elapsed:14747.67 sec
Max  memory usage:1485164
Epoch: 494	Time elapsed:14772.51 sec
Max  memory usage:1485164
Epoch: 495	Time elapsed:14800.47 sec
Max  memory usage:1485164
Epoch: 496	Time elapsed:14825.80 sec
Max  memory usage:1485164
Epoch: 497	Time elapsed:14852.12 sec
Max  memory usage:1485164
Epoch: 498	Time elapsed:14877.42 sec
Max  memory usage:1485164
Epoch: 499	Time elapsed:14903.88 sec
Saving Graph of loss function
Saving Latent space
Loading saved model...
