000 (6203219.013.000) 2020-05-26 09:44:28 Job submitted from host: <128.104.101.92:9618?addrs=128.104.101.92-9618+[2607-f388-107c-501-a236-9fff-fe3c-caa8]-9618&alias=submit2.chtc.wisc.edu&noUDP&sock=schedd_3841921_d3c3>
...
040 (6203219.013.000) 2020-05-27 05:00:09 Started transferring input files
	Transferring to host: <128.105.244.146:9618?addrs=128.105.244.146-9618&alias=gpulab2002.chtc.wisc.edu&noUDP&sock=slot1_7_6135_6993_1713>
...
040 (6203219.013.000) 2020-05-27 05:00:10 Finished transferring input files
...
001 (6203219.013.000) 2020-05-27 05:00:11 Job executing on host: <128.105.244.146:9618?addrs=128.105.244.146-9618&alias=gpulab2002.chtc.wisc.edu&noUDP&sock=startd_4871_ade8>
...
006 (6203219.013.000) 2020-05-27 05:00:22 Image size of job updated: 625
	625  -  MemoryUsage of job (MB)
	640604  -  ResidentSetSize of job (KB)
...
006 (6203219.013.000) 2020-05-27 05:05:23 Image size of job updated: 1042
	1042  -  MemoryUsage of job (MB)
	1067736  -  ResidentSetSize of job (KB)
...
006 (6203219.013.000) 2020-05-27 05:10:24 Image size of job updated: 1043
	1043  -  MemoryUsage of job (MB)
	1068996  -  ResidentSetSize of job (KB)
...
006 (6203219.013.000) 2020-05-27 05:20:24 Image size of job updated: 1044
	1044  -  MemoryUsage of job (MB)
	1069240  -  ResidentSetSize of job (KB)
...
006 (6203219.013.000) 2020-05-27 05:25:24 Image size of job updated: 1044
	1044  -  MemoryUsage of job (MB)
	1069244  -  ResidentSetSize of job (KB)
...
006 (6203219.013.000) 2020-05-27 05:30:24 Image size of job updated: 1044
	1044  -  MemoryUsage of job (MB)
	1069248  -  ResidentSetSize of job (KB)
...
006 (6203219.013.000) 2020-05-27 05:40:24 Image size of job updated: 1044
	1044  -  MemoryUsage of job (MB)
	1069448  -  ResidentSetSize of job (KB)
...
006 (6203219.013.000) 2020-05-27 05:45:24 Image size of job updated: 1044
	1044  -  MemoryUsage of job (MB)
	1069452  -  ResidentSetSize of job (KB)
...
006 (6203219.013.000) 2020-05-27 05:50:24 Image size of job updated: 1044
	1044  -  MemoryUsage of job (MB)
	1069456  -  ResidentSetSize of job (KB)
...
006 (6203219.013.000) 2020-05-27 05:55:25 Image size of job updated: 1044
	1044  -  MemoryUsage of job (MB)
	1069460  -  ResidentSetSize of job (KB)
...
006 (6203219.013.000) 2020-05-27 06:00:26 Image size of job updated: 1049
	1049  -  MemoryUsage of job (MB)
	1074868  -  ResidentSetSize of job (KB)
...
006 (6203219.013.000) 2020-05-27 06:15:28 Image size of job updated: 1051
	1051  -  MemoryUsage of job (MB)
	1076580  -  ResidentSetSize of job (KB)
...
006 (6203219.013.000) 2020-05-27 06:20:28 Image size of job updated: 1051
	1051  -  MemoryUsage of job (MB)
	1076744  -  ResidentSetSize of job (KB)
...
006 (6203219.013.000) 2020-05-27 06:25:28 Image size of job updated: 1053
	1053  -  MemoryUsage of job (MB)
	1078832  -  ResidentSetSize of job (KB)
...
006 (6203219.013.000) 2020-05-27 06:35:29 Image size of job updated: 1053
	1053  -  MemoryUsage of job (MB)
	1078940  -  ResidentSetSize of job (KB)
...
006 (6203219.013.000) 2020-05-27 07:00:33 Image size of job updated: 1054
	1054  -  MemoryUsage of job (MB)
	1079376  -  ResidentSetSize of job (KB)
...
006 (6203219.013.000) 2020-05-27 07:10:34 Image size of job updated: 1054
	1054  -  MemoryUsage of job (MB)
	1079384  -  ResidentSetSize of job (KB)
...
006 (6203219.013.000) 2020-05-27 07:20:35 Image size of job updated: 1054
	1054  -  MemoryUsage of job (MB)
	1079580  -  ResidentSetSize of job (KB)
...
006 (6203219.013.000) 2020-05-27 07:25:35 Image size of job updated: 1054
	1054  -  MemoryUsage of job (MB)
	1079584  -  ResidentSetSize of job (KB)
...
006 (6203219.013.000) 2020-05-27 08:00:41 Image size of job updated: 1054
	1054  -  MemoryUsage of job (MB)
	1079588  -  ResidentSetSize of job (KB)
...
006 (6203219.013.000) 2020-05-27 08:05:04 Image size of job updated: 4908
	4908  -  MemoryUsage of job (MB)
	5026504  -  ResidentSetSize of job (KB)
...
040 (6203219.013.000) 2020-05-27 08:05:04 Started transferring output files
...
040 (6203219.013.000) 2020-05-27 08:05:29 Finished transferring output files
...
005 (6203219.013.000) 2020-05-27 08:05:31 Job terminated.
	(1) Normal termination (return value 0)
		Usr 0 00:00:00, Sys 0 00:00:00  -  Run Remote Usage
		Usr 0 00:00:00, Sys 0 00:00:00  -  Run Local Usage
		Usr 0 00:00:00, Sys 0 00:00:00  -  Total Remote Usage
		Usr 0 00:00:00, Sys 0 00:00:00  -  Total Local Usage
	1736755712  -  Run Bytes Sent By Job
	16282  -  Run Bytes Received By Job
	1736755712  -  Total Bytes Sent By Job
	16282  -  Total Bytes Received By Job
	Partitionable Resources :      Usage  Request Allocated Assigned
	   Cpus                 :       0.00        1         1 
	   Disk (KB)            : 1719105    10485760  16518131 
	   Gpus (Average)       :       0.07        1         1 "CUDA6"
	   GpusMemory (MB)      :     829                       
	   IoHeavy              :                             0 
	   Memory (MB)          :    4908       20480     20480 

	Job terminated of its own accord at 2020-05-27T13:05:04Z.
...
