000 (6203219.009.000) 2020-05-26 09:44:28 Job submitted from host: <128.104.101.92:9618?addrs=128.104.101.92-9618+[2607-f388-107c-501-a236-9fff-fe3c-caa8]-9618&alias=submit2.chtc.wisc.edu&noUDP&sock=schedd_3841921_d3c3>
...
040 (6203219.009.000) 2020-05-27 02:48:03 Started transferring input files
	Transferring to host: <128.105.244.149:9618?addrs=128.105.244.149-9618&alias=gpulab2003.chtc.wisc.edu&noUDP&sock=slot1_1_6111_8092_1490>
...
040 (6203219.009.000) 2020-05-27 02:48:04 Finished transferring input files
...
001 (6203219.009.000) 2020-05-27 02:48:05 Job executing on host: <128.105.244.149:9618?addrs=128.105.244.149-9618&alias=gpulab2003.chtc.wisc.edu&noUDP&sock=startd_4749_ff5a>
...
006 (6203219.009.000) 2020-05-27 02:48:13 Image size of job updated: 246
	246  -  MemoryUsage of job (MB)
	252348  -  ResidentSetSize of job (KB)
...
006 (6203219.009.000) 2020-05-27 02:53:15 Image size of job updated: 1047
	1047  -  MemoryUsage of job (MB)
	1072972  -  ResidentSetSize of job (KB)
...
006 (6203219.009.000) 2020-05-27 02:58:15 Image size of job updated: 1047
	1047  -  MemoryUsage of job (MB)
	1072976  -  ResidentSetSize of job (KB)
...
006 (6203219.009.000) 2020-05-27 03:03:15 Image size of job updated: 1047
	1047  -  MemoryUsage of job (MB)
	1072980  -  ResidentSetSize of job (KB)
...
006 (6203219.009.000) 2020-05-27 03:13:16 Image size of job updated: 1047
	1047  -  MemoryUsage of job (MB)
	1072984  -  ResidentSetSize of job (KB)
...
006 (6203219.009.000) 2020-05-27 03:18:17 Image size of job updated: 1047
	1047  -  MemoryUsage of job (MB)
	1072988  -  ResidentSetSize of job (KB)
...
006 (6203219.009.000) 2020-05-27 03:28:19 Image size of job updated: 1047
	1047  -  MemoryUsage of job (MB)
	1072992  -  ResidentSetSize of job (KB)
...
006 (6203219.009.000) 2020-05-27 03:38:20 Image size of job updated: 1047
	1047  -  MemoryUsage of job (MB)
	1072996  -  ResidentSetSize of job (KB)
...
006 (6203219.009.000) 2020-05-27 03:48:22 Image size of job updated: 1047
	1047  -  MemoryUsage of job (MB)
	1073000  -  ResidentSetSize of job (KB)
...
006 (6203219.009.000) 2020-05-27 03:53:23 Image size of job updated: 1048
	1048  -  MemoryUsage of job (MB)
	1073728  -  ResidentSetSize of job (KB)
...
006 (6203219.009.000) 2020-05-27 03:58:23 Image size of job updated: 1048
	1048  -  MemoryUsage of job (MB)
	1073732  -  ResidentSetSize of job (KB)
...
006 (6203219.009.000) 2020-05-27 04:23:26 Image size of job updated: 1048
	1048  -  MemoryUsage of job (MB)
	1074024  -  ResidentSetSize of job (KB)
...
006 (6203219.009.000) 2020-05-27 04:43:29 Image size of job updated: 1054
	1054  -  MemoryUsage of job (MB)
	1079916  -  ResidentSetSize of job (KB)
...
006 (6203219.009.000) 2020-05-27 04:53:30 Image size of job updated: 1054
	1054  -  MemoryUsage of job (MB)
	1079920  -  ResidentSetSize of job (KB)
...
006 (6203219.009.000) 2020-05-27 04:58:30 Image size of job updated: 1054
	1054  -  MemoryUsage of job (MB)
	1079924  -  ResidentSetSize of job (KB)
...
006 (6203219.009.000) 2020-05-27 05:23:34 Image size of job updated: 1054
	1054  -  MemoryUsage of job (MB)
	1079928  -  ResidentSetSize of job (KB)
...
006 (6203219.009.000) 2020-05-27 05:43:36 Image size of job updated: 1054
	1054  -  MemoryUsage of job (MB)
	1079932  -  ResidentSetSize of job (KB)
...
006 (6203219.009.000) 2020-05-27 05:53:37 Image size of job updated: 1054
	1054  -  MemoryUsage of job (MB)
	1079936  -  ResidentSetSize of job (KB)
...
006 (6203219.009.000) 2020-05-27 06:03:39 Image size of job updated: 1056
	1056  -  MemoryUsage of job (MB)
	1082120  -  ResidentSetSize of job (KB)
...
006 (6203219.009.000) 2020-05-27 06:13:41 Image size of job updated: 1058
	1058  -  MemoryUsage of job (MB)
	1083908  -  ResidentSetSize of job (KB)
...
006 (6203219.009.000) 2020-05-27 06:53:41 Image size of job updated: 1058
	1058  -  MemoryUsage of job (MB)
	1083912  -  ResidentSetSize of job (KB)
...
006 (6203219.009.000) 2020-05-27 06:57:55 Image size of job updated: 1918
	1918  -  MemoryUsage of job (MB)
	1964356  -  ResidentSetSize of job (KB)
...
040 (6203219.009.000) 2020-05-27 06:57:55 Started transferring output files
...
040 (6203219.009.000) 2020-05-27 06:57:57 Finished transferring output files
...
005 (6203219.009.000) 2020-05-27 06:57:58 Job terminated.
	(1) Normal termination (return value 0)
		Usr 0 00:00:00, Sys 0 00:00:00  -  Run Remote Usage
		Usr 0 00:00:00, Sys 0 00:00:00  -  Run Local Usage
		Usr 0 00:00:00, Sys 0 00:00:00  -  Total Remote Usage
		Usr 0 00:00:00, Sys 0 00:00:00  -  Total Local Usage
	96504344  -  Run Bytes Sent By Job
	16282  -  Run Bytes Received By Job
	96504344  -  Total Bytes Sent By Job
	16282  -  Total Bytes Received By Job
	Partitionable Resources :     Usage  Request Allocated Assigned
	   Cpus                 :      0.00        1         1 
	   Disk (KB)            : 117297    10485760  16517554 
	   Gpus (Average)       :      0.08        1         1 "CUDA0"
	   GpusMemory (MB)      :   1069                       
	   IoHeavy              :                            0 
	   Memory (MB)          :   1918       20480     20480 

	Job terminated of its own accord at 2020-05-27T11:57:55Z.
...
