
=============
== PyTorch ==
=============

NVIDIA Release 19.11 (build 8777600)
PyTorch Version 1.4.0a0+649135b

Container image Copyright (c) 2019, NVIDIA CORPORATION.  All rights reserved.

Copyright (c) 2014-2019 Facebook Inc.
Copyright (c) 2011-2014 Idiap Research Institute (Ronan Collobert)
Copyright (c) 2012-2014 Deepmind Technologies    (Koray Kavukcuoglu)
Copyright (c) 2011-2012 NEC Laboratories America (Koray Kavukcuoglu)
Copyright (c) 2011-2013 NYU                      (Clement Farabet)
Copyright (c) 2006-2010 NEC Laboratories America (Ronan Collobert, Leon Bottou, Iain Melvin, Jason Weston)
Copyright (c) 2006      Idiap Research Institute (Samy Bengio)
Copyright (c) 2001-2004 Idiap Research Institute (Ronan Collobert, Samy Bengio, Johnny Mariethoz)
Copyright (c) 2015      Google Inc.
Copyright (c) 2015      Yangqing Jia
Copyright (c) 2013-2016 The Caffe contributors
All rights reserved.

Various files include modifications (c) NVIDIA CORPORATION.  All rights reserved.
NVIDIA modifications are covered by the license terms that apply to the underlying project or file.

NOTE: MOFED driver for multi-node communication was not detected.
      Multi-node communication performance may be reduced.

NOTE: The SHMEM allocation limit is set to the default of 64MB.  This may be
   insufficient for PyTorch.  NVIDIA recommends the use of the following flags:
   nvidia-docker run --ipc=host ...

chtc_root.txt exist
.:
.
..
.chirp.config
.curl_plugin.in
.curl_plugin.out
.docker_sock
.job.ad
.machine.ad
.update.ad
_condor_stderr
_condor_stdout
chtc_root.txt
chtc_train_model.sh
condor_exec.exe
configs
docker_stderror
output
run
sequence_sets
sequences.tar.gz
source
staging.tar.gz
tmp
var

./configs:
.
..
config_1000_10.yaml
config_1000_100.yaml
config_1000_15.yaml
config_1000_2.yaml
config_1000_20.yaml
config_1000_30.yaml
config_1000_40.yaml
config_1000_5.yaml
config_1000_50.yaml
config_1000_500.yaml
config_200_10.yaml
config_200_100.yaml
config_200_15.yaml
config_200_2.yaml
config_200_20.yaml
config_200_30.yaml
config_200_40.yaml
config_200_5.yaml
config_200_50.yaml
config_200_500.yaml
config_500_10.yaml
config_500_100.yaml
config_500_15.yaml
config_500_2.yaml
config_500_20.yaml
config_500_30.yaml
config_500_40.yaml
config_500_5.yaml
config_500_50.yaml
config_500_500.yaml
configs.txt
make_configs.py

./output:
.
..

./run:
.
..
runmodel.sh

./sequence_sets:
.
..
.gitignore
README.md
cmx_aligned_blank_90.fasta
cmx_foreground.fasta
cmx_sequences.zip
processed_cmx_uniref100_90_80_10_100.fasta
processed_cmx_uniref100_90_80_10_100_small.fasta
test.fasta

./source:
.
..
dataloader.py
examine_model.py
make_dataset
model.py
plot_sequences.py
read_config.py
reweighting.py
train_model.py
utils.py

./source/make_dataset:
.
..
get_msa_stats.py
make_dataset.sh
process_msa.py

./tmp:
.
..

./var:
.
..
tmp

./var/tmp:
.
..
Weights do not exist. No weighted sampling will be done.
Max  memory usage:1287184
Epoch: 0	Time elapsed:0.00 sec
Max  memory usage:1465676
Epoch: 1	Time elapsed:30.55 sec
Max  memory usage:1465700
Epoch: 2	Time elapsed:61.76 sec
Max  memory usage:1465712
Epoch: 3	Time elapsed:91.34 sec
Max  memory usage:1471412
Epoch: 4	Time elapsed:119.92 sec
Max  memory usage:1471412
Epoch: 5	Time elapsed:148.17 sec
Max  memory usage:1471412
Epoch: 6	Time elapsed:177.46 sec
Max  memory usage:1471412
Epoch: 7	Time elapsed:208.84 sec
Max  memory usage:1471448
Epoch: 8	Time elapsed:238.15 sec
Max  memory usage:1471448
Epoch: 9	Time elapsed:267.58 sec
Max  memory usage:1471448
Epoch: 10	Time elapsed:297.53 sec
Max  memory usage:1471452
Epoch: 11	Time elapsed:330.05 sec
Max  memory usage:1471452
Epoch: 12	Time elapsed:358.61 sec
Max  memory usage:1471452
Epoch: 13	Time elapsed:388.90 sec
Max  memory usage:1471452
Epoch: 14	Time elapsed:417.73 sec
Max  memory usage:1471452
Epoch: 15	Time elapsed:446.10 sec
Max  memory usage:1471456
Epoch: 16	Time elapsed:474.94 sec
Max  memory usage:1471456
Epoch: 17	Time elapsed:503.29 sec
Max  memory usage:1471456
Epoch: 18	Time elapsed:532.29 sec
Max  memory usage:1471456
Epoch: 19	Time elapsed:561.90 sec
Max  memory usage:1471464
Epoch: 20	Time elapsed:592.89 sec
Max  memory usage:1471464
Epoch: 21	Time elapsed:624.30 sec
Max  memory usage:1471464
Epoch: 22	Time elapsed:653.83 sec
Max  memory usage:1471464
Epoch: 23	Time elapsed:682.52 sec
Max  memory usage:1471464
Epoch: 24	Time elapsed:711.72 sec
Max  memory usage:1471464
Epoch: 25	Time elapsed:741.13 sec
Max  memory usage:1471464
Epoch: 26	Time elapsed:771.24 sec
Max  memory usage:1471464
Epoch: 27	Time elapsed:800.18 sec
Max  memory usage:1471464
Epoch: 28	Time elapsed:829.21 sec
Max  memory usage:1471464
Epoch: 29	Time elapsed:857.72 sec
Max  memory usage:1471464
Epoch: 30	Time elapsed:890.96 sec
Max  memory usage:1471464
Epoch: 31	Time elapsed:920.50 sec
Max  memory usage:1471464
Epoch: 32	Time elapsed:949.52 sec
Max  memory usage:1471464
Epoch: 33	Time elapsed:977.47 sec
Max  memory usage:1471464
Epoch: 34	Time elapsed:1006.03 sec
Max  memory usage:1471464
Epoch: 35	Time elapsed:1034.51 sec
Max  memory usage:1471464
Epoch: 36	Time elapsed:1063.59 sec
Max  memory usage:1471464
Epoch: 37	Time elapsed:1092.23 sec
Max  memory usage:1471516
Epoch: 38	Time elapsed:1121.69 sec
Max  memory usage:1471516
Epoch: 39	Time elapsed:1149.03 sec
Max  memory usage:1471516
Epoch: 40	Time elapsed:1179.24 sec
Max  memory usage:1471516
Epoch: 41	Time elapsed:1208.91 sec
Max  memory usage:1471516
Epoch: 42	Time elapsed:1237.92 sec
Max  memory usage:1471564
Epoch: 43	Time elapsed:1266.02 sec
Max  memory usage:1471568
Epoch: 44	Time elapsed:1294.93 sec
Max  memory usage:1471712
Epoch: 45	Time elapsed:1323.23 sec
Max  memory usage:1471712
Epoch: 46	Time elapsed:1352.20 sec
Max  memory usage:1471712
Epoch: 47	Time elapsed:1380.60 sec
Max  memory usage:1471712
Epoch: 48	Time elapsed:1410.57 sec
Max  memory usage:1471712
Epoch: 49	Time elapsed:1440.03 sec
Max  memory usage:1471712
Epoch: 50	Time elapsed:1468.07 sec
Max  memory usage:1471712
Epoch: 51	Time elapsed:1496.64 sec
Max  memory usage:1471712
Epoch: 52	Time elapsed:1524.67 sec
Max  memory usage:1471712
Epoch: 53	Time elapsed:1553.69 sec
Max  memory usage:1471712
Epoch: 54	Time elapsed:1581.87 sec
Max  memory usage:1471716
Epoch: 55	Time elapsed:1609.91 sec
Max  memory usage:1471716
Epoch: 56	Time elapsed:1638.96 sec
Max  memory usage:1471716
Epoch: 57	Time elapsed:1668.02 sec
Max  memory usage:1471716
Epoch: 58	Time elapsed:1697.41 sec
Max  memory usage:1471716
Epoch: 59	Time elapsed:1725.76 sec
Max  memory usage:1471716
Epoch: 60	Time elapsed:1753.37 sec
Max  memory usage:1471716
Epoch: 61	Time elapsed:1784.45 sec
Max  memory usage:1471716
Epoch: 62	Time elapsed:1812.86 sec
Max  memory usage:1471716
Epoch: 63	Time elapsed:1842.11 sec
Max  memory usage:1471716
Epoch: 64	Time elapsed:1869.77 sec
Max  memory usage:1471716
Epoch: 65	Time elapsed:1897.95 sec
Max  memory usage:1471764
Epoch: 66	Time elapsed:1926.68 sec
Max  memory usage:1471764
Epoch: 67	Time elapsed:1954.78 sec
Max  memory usage:1471764
Epoch: 68	Time elapsed:1982.57 sec
Max  memory usage:1471764
Epoch: 69	Time elapsed:2010.84 sec
Max  memory usage:1471764
Epoch: 70	Time elapsed:2038.81 sec
Max  memory usage:1471764
Epoch: 71	Time elapsed:2067.86 sec
Max  memory usage:1471768
Epoch: 72	Time elapsed:2098.70 sec
Max  memory usage:1471768
Epoch: 73	Time elapsed:2127.79 sec
Max  memory usage:1471768
Epoch: 74	Time elapsed:2157.23 sec
Max  memory usage:1471768
Epoch: 75	Time elapsed:2187.04 sec
Max  memory usage:1471768
Epoch: 76	Time elapsed:2214.44 sec
Max  memory usage:1471768
Epoch: 77	Time elapsed:2243.81 sec
Max  memory usage:1471768
Epoch: 78	Time elapsed:2274.23 sec
Max  memory usage:1471768
Epoch: 79	Time elapsed:2302.16 sec
Max  memory usage:1471768
Epoch: 80	Time elapsed:2329.42 sec
Max  memory usage:1471768
Epoch: 81	Time elapsed:2358.21 sec
Max  memory usage:1471768
Epoch: 82	Time elapsed:2388.98 sec
Max  memory usage:1471768
Epoch: 83	Time elapsed:2416.46 sec
Max  memory usage:1471768
Epoch: 84	Time elapsed:2446.09 sec
Max  memory usage:1471816
Epoch: 85	Time elapsed:2476.58 sec
Max  memory usage:1471816
Epoch: 86	Time elapsed:2504.43 sec
Max  memory usage:1471816
Epoch: 87	Time elapsed:2534.49 sec
Max  memory usage:1471912
Epoch: 88	Time elapsed:2565.62 sec
Max  memory usage:1471912
Epoch: 89	Time elapsed:2593.19 sec
Max  memory usage:1471912
Epoch: 90	Time elapsed:2622.85 sec
Max  memory usage:1471912
Epoch: 91	Time elapsed:2655.27 sec
Max  memory usage:1471912
Epoch: 92	Time elapsed:2683.63 sec
Max  memory usage:1477860
Epoch: 93	Time elapsed:2712.97 sec
Max  memory usage:1477860
Epoch: 94	Time elapsed:2741.97 sec
Max  memory usage:1477860
Epoch: 95	Time elapsed:2770.82 sec
Max  memory usage:1477860
Epoch: 96	Time elapsed:2798.81 sec
Max  memory usage:1477860
Epoch: 97	Time elapsed:2827.64 sec
Max  memory usage:1477860
Epoch: 98	Time elapsed:2857.51 sec
Max  memory usage:1477860
Epoch: 99	Time elapsed:2887.37 sec
Max  memory usage:1477864
Epoch: 100	Time elapsed:2915.55 sec
Max  memory usage:1477864
Epoch: 101	Time elapsed:2943.27 sec
Max  memory usage:1477864
Epoch: 102	Time elapsed:2970.47 sec
Max  memory usage:1477864
Epoch: 103	Time elapsed:3002.12 sec
Max  memory usage:1477864
Epoch: 104	Time elapsed:3030.66 sec
Max  memory usage:1477864
Epoch: 105	Time elapsed:3057.43 sec
Max  memory usage:1477864
Epoch: 106	Time elapsed:3085.31 sec
Max  memory usage:1477864
Epoch: 107	Time elapsed:3115.04 sec
Max  memory usage:1477864
Epoch: 108	Time elapsed:3142.91 sec
Max  memory usage:1477864
Epoch: 109	Time elapsed:3172.29 sec
Max  memory usage:1477864
Epoch: 110	Time elapsed:3201.24 sec
Max  memory usage:1477864
Epoch: 111	Time elapsed:3230.13 sec
Max  memory usage:1477864
Epoch: 112	Time elapsed:3259.15 sec
Max  memory usage:1477864
Epoch: 113	Time elapsed:3288.50 sec
Max  memory usage:1477864
Epoch: 114	Time elapsed:3318.71 sec
Max  memory usage:1477864
Epoch: 115	Time elapsed:3346.84 sec
Max  memory usage:1477864
Epoch: 116	Time elapsed:3376.12 sec
Max  memory usage:1477864
Epoch: 117	Time elapsed:3403.27 sec
Max  memory usage:1477868
Epoch: 118	Time elapsed:3432.30 sec
Max  memory usage:1477868
Epoch: 119	Time elapsed:3460.65 sec
Max  memory usage:1477868
Epoch: 120	Time elapsed:3488.47 sec
Max  memory usage:1477868
Epoch: 121	Time elapsed:3518.65 sec
Max  memory usage:1477868
Epoch: 122	Time elapsed:3547.05 sec
Max  memory usage:1477868
Epoch: 123	Time elapsed:3578.41 sec
Max  memory usage:1477868
Epoch: 124	Time elapsed:3608.02 sec
Max  memory usage:1477868
Epoch: 125	Time elapsed:3635.95 sec
Max  memory usage:1477868
Epoch: 126	Time elapsed:3666.62 sec
Max  memory usage:1477868
Epoch: 127	Time elapsed:3695.54 sec
Max  memory usage:1477872
Epoch: 128	Time elapsed:3725.12 sec
Max  memory usage:1477872
Epoch: 129	Time elapsed:3753.45 sec
Max  memory usage:1477872
Epoch: 130	Time elapsed:3781.97 sec
Max  memory usage:1477872
Epoch: 131	Time elapsed:3811.82 sec
Max  memory usage:1477872
Epoch: 132	Time elapsed:3839.81 sec
Max  memory usage:1477872
Epoch: 133	Time elapsed:3867.24 sec
Max  memory usage:1477872
Epoch: 134	Time elapsed:3896.28 sec
Max  memory usage:1477872
Epoch: 135	Time elapsed:3925.10 sec
Max  memory usage:1477872
Epoch: 136	Time elapsed:3955.11 sec
Max  memory usage:1477872
Epoch: 137	Time elapsed:3982.72 sec
Max  memory usage:1477872
Epoch: 138	Time elapsed:4012.01 sec
Max  memory usage:1477876
Epoch: 139	Time elapsed:4041.71 sec
Max  memory usage:1477876
Epoch: 140	Time elapsed:4070.96 sec
Max  memory usage:1477876
Epoch: 141	Time elapsed:4099.50 sec
Max  memory usage:1477876
Epoch: 142	Time elapsed:4128.02 sec
Max  memory usage:1477876
Epoch: 143	Time elapsed:4156.28 sec
Max  memory usage:1477876
Epoch: 144	Time elapsed:4186.01 sec
Max  memory usage:1477876
Epoch: 145	Time elapsed:4215.01 sec
Max  memory usage:1477876
Epoch: 146	Time elapsed:4243.05 sec
Max  memory usage:1477876
Epoch: 147	Time elapsed:4271.63 sec
Max  memory usage:1477876
Epoch: 148	Time elapsed:4301.26 sec
Max  memory usage:1477876
Epoch: 149	Time elapsed:4329.23 sec
Max  memory usage:1477876
Epoch: 150	Time elapsed:4360.15 sec
Max  memory usage:1477876
Epoch: 151	Time elapsed:4388.48 sec
Max  memory usage:1477876
Epoch: 152	Time elapsed:4417.79 sec
Max  memory usage:1477876
Epoch: 153	Time elapsed:4445.72 sec
Max  memory usage:1477876
Epoch: 154	Time elapsed:4472.52 sec
Max  memory usage:1477876
Epoch: 155	Time elapsed:4502.67 sec
Max  memory usage:1477876
Epoch: 156	Time elapsed:4532.85 sec
Max  memory usage:1477876
Epoch: 157	Time elapsed:4563.08 sec
Max  memory usage:1477876
Epoch: 158	Time elapsed:4592.87 sec
Max  memory usage:1477876
Epoch: 159	Time elapsed:4620.46 sec
Max  memory usage:1477876
Epoch: 160	Time elapsed:4648.38 sec
Max  memory usage:1477876
Epoch: 161	Time elapsed:4677.89 sec
Max  memory usage:1477876
Epoch: 162	Time elapsed:4706.81 sec
Max  memory usage:1477876
Epoch: 163	Time elapsed:4736.11 sec
Max  memory usage:1477876
Epoch: 164	Time elapsed:4764.45 sec
Max  memory usage:1477876
Epoch: 165	Time elapsed:4794.02 sec
Max  memory usage:1477876
Epoch: 166	Time elapsed:4822.92 sec
Max  memory usage:1477876
Epoch: 167	Time elapsed:4852.00 sec
Max  memory usage:1477876
Epoch: 168	Time elapsed:4880.12 sec
Max  memory usage:1477876
Epoch: 169	Time elapsed:4908.38 sec
Max  memory usage:1477876
Epoch: 170	Time elapsed:4936.47 sec
Max  memory usage:1477876
Epoch: 171	Time elapsed:4964.99 sec
Max  memory usage:1477876
Epoch: 172	Time elapsed:4994.25 sec
Max  memory usage:1477876
Epoch: 173	Time elapsed:5024.24 sec
Max  memory usage:1477876
Epoch: 174	Time elapsed:5052.24 sec
Max  memory usage:1477876
Epoch: 175	Time elapsed:5082.25 sec
Max  memory usage:1477876
Epoch: 176	Time elapsed:5113.18 sec
Max  memory usage:1477876
Epoch: 177	Time elapsed:5143.73 sec
Max  memory usage:1477876
Epoch: 178	Time elapsed:5174.38 sec
Max  memory usage:1477876
Epoch: 179	Time elapsed:5202.46 sec
Max  memory usage:1477876
Epoch: 180	Time elapsed:5230.56 sec
Max  memory usage:1477876
Epoch: 181	Time elapsed:5258.68 sec
Max  memory usage:1477876
Epoch: 182	Time elapsed:5288.25 sec
Max  memory usage:1477876
Epoch: 183	Time elapsed:5317.31 sec
Max  memory usage:1477876
Epoch: 184	Time elapsed:5347.51 sec
Max  memory usage:1477876
Epoch: 185	Time elapsed:5376.50 sec
Max  memory usage:1477876
Epoch: 186	Time elapsed:5406.44 sec
Max  memory usage:1477876
Epoch: 187	Time elapsed:5435.83 sec
Max  memory usage:1477876
Epoch: 188	Time elapsed:5463.99 sec
Max  memory usage:1477876
Epoch: 189	Time elapsed:5493.17 sec
Max  memory usage:1477876
Epoch: 190	Time elapsed:5522.25 sec
Max  memory usage:1477876
Epoch: 191	Time elapsed:5552.08 sec
Max  memory usage:1477876
Epoch: 192	Time elapsed:5581.08 sec
Max  memory usage:1477876
Epoch: 193	Time elapsed:5608.96 sec
Max  memory usage:1477876
Epoch: 194	Time elapsed:5637.87 sec
Max  memory usage:1477876
Epoch: 195	Time elapsed:5666.22 sec
Max  memory usage:1477876
Epoch: 196	Time elapsed:5696.79 sec
Max  memory usage:1477876
Epoch: 197	Time elapsed:5725.93 sec
Max  memory usage:1477876
Epoch: 198	Time elapsed:5755.65 sec
Max  memory usage:1477876
Epoch: 199	Time elapsed:5785.58 sec
Max  memory usage:1477876
Epoch: 200	Time elapsed:5813.20 sec
Max  memory usage:1477876
Epoch: 201	Time elapsed:5841.86 sec
Max  memory usage:1477876
Epoch: 202	Time elapsed:5871.04 sec
Max  memory usage:1477876
Epoch: 203	Time elapsed:5899.20 sec
Max  memory usage:1477876
Epoch: 204	Time elapsed:5926.21 sec
Max  memory usage:1477876
Epoch: 205	Time elapsed:5954.04 sec
Max  memory usage:1477876
Epoch: 206	Time elapsed:5983.26 sec
Max  memory usage:1477876
Epoch: 207	Time elapsed:6014.80 sec
Max  memory usage:1477876
Epoch: 208	Time elapsed:6046.30 sec
Max  memory usage:1477876
Epoch: 209	Time elapsed:6078.83 sec
Max  memory usage:1477876
Epoch: 210	Time elapsed:6111.47 sec
Max  memory usage:1477876
Epoch: 211	Time elapsed:6139.49 sec
Max  memory usage:1477876
Epoch: 212	Time elapsed:6168.13 sec
Max  memory usage:1477876
Epoch: 213	Time elapsed:6196.10 sec
Max  memory usage:1477876
Epoch: 214	Time elapsed:6224.47 sec
Max  memory usage:1477876
Epoch: 215	Time elapsed:6253.32 sec
Max  memory usage:1477876
Epoch: 216	Time elapsed:6281.16 sec
Max  memory usage:1477876
Epoch: 217	Time elapsed:6311.10 sec
Max  memory usage:1477876
Epoch: 218	Time elapsed:6339.08 sec
Max  memory usage:1477876
Epoch: 219	Time elapsed:6365.56 sec
Max  memory usage:1477876
Epoch: 220	Time elapsed:6396.34 sec
Max  memory usage:1477876
Epoch: 221	Time elapsed:6427.02 sec
Max  memory usage:1477876
Epoch: 222	Time elapsed:6458.94 sec
Max  memory usage:1477876
Epoch: 223	Time elapsed:6491.35 sec
Max  memory usage:1477876
Epoch: 224	Time elapsed:6521.01 sec
Max  memory usage:1477876
Epoch: 225	Time elapsed:6549.21 sec
Max  memory usage:1477876
Epoch: 226	Time elapsed:6576.60 sec
Max  memory usage:1477876
Epoch: 227	Time elapsed:6605.90 sec
Max  memory usage:1477876
Epoch: 228	Time elapsed:6632.88 sec
Max  memory usage:1477876
Epoch: 229	Time elapsed:6659.76 sec
Max  memory usage:1477876
Epoch: 230	Time elapsed:6688.24 sec
Max  memory usage:1477876
Epoch: 231	Time elapsed:6719.72 sec
Max  memory usage:1477876
Epoch: 232	Time elapsed:6746.35 sec
Max  memory usage:1477876
Epoch: 233	Time elapsed:6776.61 sec
Max  memory usage:1477876
Epoch: 234	Time elapsed:6805.28 sec
Max  memory usage:1477876
Epoch: 235	Time elapsed:6838.19 sec
Max  memory usage:1477876
Epoch: 236	Time elapsed:6864.52 sec
Max  memory usage:1477876
Epoch: 237	Time elapsed:6892.39 sec
Max  memory usage:1477876
Epoch: 238	Time elapsed:6923.59 sec
Max  memory usage:1477876
Epoch: 239	Time elapsed:6952.47 sec
Max  memory usage:1477876
Epoch: 240	Time elapsed:6981.93 sec
Max  memory usage:1477876
Epoch: 241	Time elapsed:7008.50 sec
Max  memory usage:1477876
Epoch: 242	Time elapsed:7036.66 sec
Max  memory usage:1477876
Epoch: 243	Time elapsed:7064.95 sec
Max  memory usage:1477876
Epoch: 244	Time elapsed:7093.76 sec
Max  memory usage:1477876
Epoch: 245	Time elapsed:7121.40 sec
Max  memory usage:1477876
Epoch: 246	Time elapsed:7150.29 sec
Max  memory usage:1477876
Epoch: 247	Time elapsed:7179.55 sec
Max  memory usage:1477876
Epoch: 248	Time elapsed:7212.05 sec
Max  memory usage:1477880
Epoch: 249	Time elapsed:7242.65 sec
Max  memory usage:1477880
Epoch: 250	Time elapsed:7271.44 sec
Max  memory usage:1477880
Epoch: 251	Time elapsed:7299.01 sec
Max  memory usage:1477880
Epoch: 252	Time elapsed:7327.79 sec
Max  memory usage:1477880
Epoch: 253	Time elapsed:7356.78 sec
Max  memory usage:1477880
Epoch: 254	Time elapsed:7387.22 sec
Max  memory usage:1477880
Epoch: 255	Time elapsed:7416.67 sec
Max  memory usage:1477884
Epoch: 256	Time elapsed:7443.13 sec
Max  memory usage:1477884
Epoch: 257	Time elapsed:7470.21 sec
Max  memory usage:1477884
Epoch: 258	Time elapsed:7498.27 sec
Max  memory usage:1477884
Epoch: 259	Time elapsed:7527.29 sec
Max  memory usage:1477884
Epoch: 260	Time elapsed:7558.11 sec
Max  memory usage:1477884
Epoch: 261	Time elapsed:7588.94 sec
Max  memory usage:1477884
Epoch: 262	Time elapsed:7620.21 sec
Max  memory usage:1477884
Epoch: 263	Time elapsed:7650.19 sec
Max  memory usage:1477884
Epoch: 264	Time elapsed:7680.41 sec
Max  memory usage:1477884
Epoch: 265	Time elapsed:7707.51 sec
Max  memory usage:1477884
Epoch: 266	Time elapsed:7738.37 sec
Max  memory usage:1477884
Epoch: 267	Time elapsed:7771.81 sec
Max  memory usage:1477884
Epoch: 268	Time elapsed:7804.83 sec
Max  memory usage:1477884
Epoch: 269	Time elapsed:7834.66 sec
Max  memory usage:1477884
Epoch: 270	Time elapsed:7866.08 sec
Max  memory usage:1477884
Epoch: 271	Time elapsed:7896.58 sec
Max  memory usage:1477884
Epoch: 272	Time elapsed:7929.95 sec
Max  memory usage:1477884
Epoch: 273	Time elapsed:7957.31 sec
Max  memory usage:1477884
Epoch: 274	Time elapsed:7984.41 sec
Max  memory usage:1477884
Epoch: 275	Time elapsed:8015.03 sec
Max  memory usage:1477884
Epoch: 276	Time elapsed:8048.81 sec
Max  memory usage:1477884
Epoch: 277	Time elapsed:8078.12 sec
Max  memory usage:1477884
Epoch: 278	Time elapsed:8106.85 sec
Max  memory usage:1477884
Epoch: 279	Time elapsed:8134.80 sec
Max  memory usage:1477884
Epoch: 280	Time elapsed:8161.08 sec
Max  memory usage:1477884
Epoch: 281	Time elapsed:8186.75 sec
Max  memory usage:1477884
Epoch: 282	Time elapsed:8213.68 sec
Max  memory usage:1477884
Epoch: 283	Time elapsed:8239.77 sec
Max  memory usage:1477884
Epoch: 284	Time elapsed:8266.00 sec
Max  memory usage:1477884
Epoch: 285	Time elapsed:8294.83 sec
Max  memory usage:1477884
Epoch: 286	Time elapsed:8323.33 sec
Max  memory usage:1477884
Epoch: 287	Time elapsed:8350.85 sec
Max  memory usage:1477884
Epoch: 288	Time elapsed:8379.48 sec
Max  memory usage:1477884
Epoch: 289	Time elapsed:8409.61 sec
Max  memory usage:1477884
Epoch: 290	Time elapsed:8441.35 sec
Max  memory usage:1477884
Epoch: 291	Time elapsed:8468.47 sec
Max  memory usage:1477884
Epoch: 292	Time elapsed:8494.95 sec
Max  memory usage:1477884
Epoch: 293	Time elapsed:8522.31 sec
Max  memory usage:1477884
Epoch: 294	Time elapsed:8554.53 sec
Max  memory usage:1477884
Epoch: 295	Time elapsed:8582.97 sec
Max  memory usage:1477884
Epoch: 296	Time elapsed:8610.44 sec
Max  memory usage:1477884
Epoch: 297	Time elapsed:8636.18 sec
Max  memory usage:1477884
Epoch: 298	Time elapsed:8665.31 sec
Max  memory usage:1477884
Epoch: 299	Time elapsed:8691.99 sec
Max  memory usage:1477884
Epoch: 300	Time elapsed:8718.20 sec
Max  memory usage:1477884
Epoch: 301	Time elapsed:8744.86 sec
Max  memory usage:1477884
Epoch: 302	Time elapsed:8773.58 sec
Max  memory usage:1477884
Epoch: 303	Time elapsed:8803.03 sec
Max  memory usage:1477884
Epoch: 304	Time elapsed:8834.43 sec
Max  memory usage:1477884
Epoch: 305	Time elapsed:8866.57 sec
Max  memory usage:1477884
Epoch: 306	Time elapsed:8899.67 sec
Max  memory usage:1477884
Epoch: 307	Time elapsed:8928.32 sec
Max  memory usage:1477884
Epoch: 308	Time elapsed:8957.17 sec
Max  memory usage:1477884
Epoch: 309	Time elapsed:8990.32 sec
Max  memory usage:1477884
Epoch: 310	Time elapsed:9018.50 sec
Max  memory usage:1477884
Epoch: 311	Time elapsed:9046.62 sec
Max  memory usage:1477884
Epoch: 312	Time elapsed:9075.07 sec
Max  memory usage:1477884
Epoch: 313	Time elapsed:9103.29 sec
Max  memory usage:1477884
Epoch: 314	Time elapsed:9133.83 sec
Max  memory usage:1477884
Epoch: 315	Time elapsed:9165.56 sec
Max  memory usage:1477884
Epoch: 316	Time elapsed:9195.79 sec
Max  memory usage:1477884
Epoch: 317	Time elapsed:9227.55 sec
Max  memory usage:1477884
Epoch: 318	Time elapsed:9255.56 sec
Max  memory usage:1477884
Epoch: 319	Time elapsed:9285.51 sec
Max  memory usage:1477884
Epoch: 320	Time elapsed:9313.82 sec
Max  memory usage:1477884
Epoch: 321	Time elapsed:9341.65 sec
Max  memory usage:1477884
Epoch: 322	Time elapsed:9367.78 sec
Max  memory usage:1477884
Epoch: 323	Time elapsed:9394.79 sec
Max  memory usage:1477884
Epoch: 324	Time elapsed:9422.50 sec
Max  memory usage:1477884
Epoch: 325	Time elapsed:9450.90 sec
Max  memory usage:1477884
Epoch: 326	Time elapsed:9481.21 sec
Max  memory usage:1477884
Epoch: 327	Time elapsed:9508.02 sec
Max  memory usage:1477884
Epoch: 328	Time elapsed:9534.51 sec
Max  memory usage:1477884
Epoch: 329	Time elapsed:9564.89 sec
Max  memory usage:1477884
Epoch: 330	Time elapsed:9596.35 sec
Max  memory usage:1477884
Epoch: 331	Time elapsed:9627.43 sec
Max  memory usage:1477884
Epoch: 332	Time elapsed:9655.74 sec
Max  memory usage:1477884
Epoch: 333	Time elapsed:9684.07 sec
Max  memory usage:1477884
Epoch: 334	Time elapsed:9711.32 sec
Max  memory usage:1477884
Epoch: 335	Time elapsed:9738.29 sec
Max  memory usage:1477884
Epoch: 336	Time elapsed:9767.13 sec
Max  memory usage:1477884
Epoch: 337	Time elapsed:9795.33 sec
Max  memory usage:1477884
Epoch: 338	Time elapsed:9824.05 sec
Max  memory usage:1477884
Epoch: 339	Time elapsed:9851.54 sec
Max  memory usage:1477884
Epoch: 340	Time elapsed:9883.47 sec
Max  memory usage:1477884
Epoch: 341	Time elapsed:9914.95 sec
Max  memory usage:1477884
Epoch: 342	Time elapsed:9948.37 sec
Max  memory usage:1477884
Epoch: 343	Time elapsed:9981.04 sec
Max  memory usage:1477884
Epoch: 344	Time elapsed:10013.84 sec
Max  memory usage:1477884
Epoch: 345	Time elapsed:10044.10 sec
Max  memory usage:1477884
Epoch: 346	Time elapsed:10077.02 sec
Max  memory usage:1477884
Epoch: 347	Time elapsed:10108.54 sec
Max  memory usage:1477884
Epoch: 348	Time elapsed:10141.64 sec
Max  memory usage:1477892
Epoch: 349	Time elapsed:10171.49 sec
Max  memory usage:1477892
Epoch: 350	Time elapsed:10202.74 sec
Max  memory usage:1477892
Epoch: 351	Time elapsed:10236.74 sec
Max  memory usage:1477892
Epoch: 352	Time elapsed:10268.75 sec
Max  memory usage:1477892
Epoch: 353	Time elapsed:10302.77 sec
Max  memory usage:1477892
Epoch: 354	Time elapsed:10338.59 sec
Max  memory usage:1477892
Epoch: 355	Time elapsed:10370.96 sec
Max  memory usage:1477892
Epoch: 356	Time elapsed:10403.90 sec
Max  memory usage:1477892
Epoch: 357	Time elapsed:10436.73 sec
Max  memory usage:1477932
Epoch: 358	Time elapsed:10469.19 sec
Max  memory usage:1477932
Epoch: 359	Time elapsed:10501.59 sec
Max  memory usage:1477932
Epoch: 360	Time elapsed:10534.29 sec
Max  memory usage:1477932
Epoch: 361	Time elapsed:10565.64 sec
Max  memory usage:1477932
Epoch: 362	Time elapsed:10596.93 sec
Max  memory usage:1477932
Epoch: 363	Time elapsed:10630.04 sec
Max  memory usage:1477932
Epoch: 364	Time elapsed:10663.41 sec
Max  memory usage:1477932
Epoch: 365	Time elapsed:10695.92 sec
Max  memory usage:1477932
Epoch: 366	Time elapsed:10729.14 sec
Max  memory usage:1477932
Epoch: 367	Time elapsed:10761.66 sec
Max  memory usage:1477932
Epoch: 368	Time elapsed:10795.43 sec
Max  memory usage:1477932
Epoch: 369	Time elapsed:10828.89 sec
Max  memory usage:1477932
Epoch: 370	Time elapsed:10859.52 sec
Max  memory usage:1477936
Epoch: 371	Time elapsed:10886.82 sec
Max  memory usage:1477936
Epoch: 372	Time elapsed:10915.97 sec
Max  memory usage:1477936
Epoch: 373	Time elapsed:10943.82 sec
Max  memory usage:1477936
Epoch: 374	Time elapsed:10973.50 sec
Max  memory usage:1477936
Epoch: 375	Time elapsed:11004.16 sec
Max  memory usage:1477936
Epoch: 376	Time elapsed:11032.92 sec
Max  memory usage:1477936
Epoch: 377	Time elapsed:11062.43 sec
Max  memory usage:1477936
Epoch: 378	Time elapsed:11094.21 sec
Max  memory usage:1477936
Epoch: 379	Time elapsed:11123.73 sec
Max  memory usage:1477936
Epoch: 380	Time elapsed:11156.67 sec
Max  memory usage:1477936
Epoch: 381	Time elapsed:11185.09 sec
Max  memory usage:1477936
Epoch: 382	Time elapsed:11217.01 sec
Max  memory usage:1477936
Epoch: 383	Time elapsed:11245.66 sec
Max  memory usage:1477936
Epoch: 384	Time elapsed:11275.42 sec
Max  memory usage:1477936
Epoch: 385	Time elapsed:11306.86 sec
Max  memory usage:1477936
Epoch: 386	Time elapsed:11337.82 sec
Max  memory usage:1477936
Epoch: 387	Time elapsed:11368.90 sec
Max  memory usage:1477936
Epoch: 388	Time elapsed:11399.21 sec
Max  memory usage:1477940
Epoch: 389	Time elapsed:11429.03 sec
Max  memory usage:1477940
Epoch: 390	Time elapsed:11458.23 sec
Max  memory usage:1477940
Epoch: 391	Time elapsed:11488.61 sec
Max  memory usage:1477940
Epoch: 392	Time elapsed:11521.49 sec
Max  memory usage:1477940
Epoch: 393	Time elapsed:11554.67 sec
Max  memory usage:1477940
Epoch: 394	Time elapsed:11582.60 sec
Max  memory usage:1477940
Epoch: 395	Time elapsed:11611.20 sec
Max  memory usage:1477940
Epoch: 396	Time elapsed:11640.57 sec
Max  memory usage:1477940
Epoch: 397	Time elapsed:11672.26 sec
Max  memory usage:1477940
Epoch: 398	Time elapsed:11703.18 sec
Max  memory usage:1477940
Epoch: 399	Time elapsed:11733.35 sec
Max  memory usage:1477940
Epoch: 400	Time elapsed:11764.17 sec
Max  memory usage:1477940
Epoch: 401	Time elapsed:11793.73 sec
Max  memory usage:1477940
Epoch: 402	Time elapsed:11825.01 sec
Max  memory usage:1477940
Epoch: 403	Time elapsed:11852.78 sec
Max  memory usage:1477940
Epoch: 404	Time elapsed:11882.42 sec
Max  memory usage:1477940
Epoch: 405	Time elapsed:11913.80 sec
Max  memory usage:1477940
Epoch: 406	Time elapsed:11948.19 sec
Max  memory usage:1477940
Epoch: 407	Time elapsed:11977.69 sec
Max  memory usage:1477940
Epoch: 408	Time elapsed:12011.30 sec
Max  memory usage:1477940
Epoch: 409	Time elapsed:12042.75 sec
Max  memory usage:1477940
Epoch: 410	Time elapsed:12073.85 sec
Max  memory usage:1477940
Epoch: 411	Time elapsed:12100.60 sec
Max  memory usage:1477940
Epoch: 412	Time elapsed:12128.63 sec
Max  memory usage:1477940
Epoch: 413	Time elapsed:12157.30 sec
Max  memory usage:1477940
Epoch: 414	Time elapsed:12187.17 sec
Max  memory usage:1478076
Epoch: 415	Time elapsed:12215.15 sec
Max  memory usage:1479564
Epoch: 416	Time elapsed:12242.22 sec
Max  memory usage:1479572
Epoch: 417	Time elapsed:12271.69 sec
Max  memory usage:1479584
Epoch: 418	Time elapsed:12301.66 sec
Max  memory usage:1479592
Epoch: 419	Time elapsed:12331.55 sec
Max  memory usage:1479616
Epoch: 420	Time elapsed:12361.62 sec
Max  memory usage:1479624
Epoch: 421	Time elapsed:12389.34 sec
Max  memory usage:1479664
Epoch: 422	Time elapsed:12418.56 sec
Max  memory usage:1479680
Epoch: 423	Time elapsed:12448.96 sec
Max  memory usage:1479696
Epoch: 424	Time elapsed:12480.18 sec
Max  memory usage:1479712
Epoch: 425	Time elapsed:12509.01 sec
Max  memory usage:1479736
Epoch: 426	Time elapsed:12537.64 sec
Max  memory usage:1479748
Epoch: 427	Time elapsed:12565.09 sec
Max  memory usage:1479752
Epoch: 428	Time elapsed:12594.63 sec
Max  memory usage:1479756
Epoch: 429	Time elapsed:12622.09 sec
Max  memory usage:1479768
Epoch: 430	Time elapsed:12651.31 sec
Max  memory usage:1479780
Epoch: 431	Time elapsed:12680.74 sec
Max  memory usage:1479788
Epoch: 432	Time elapsed:12711.09 sec
Max  memory usage:1479788
Epoch: 433	Time elapsed:12742.91 sec
Max  memory usage:1479796
Epoch: 434	Time elapsed:12773.29 sec
Max  memory usage:1479796
Epoch: 435	Time elapsed:12803.37 sec
Max  memory usage:1479796
Epoch: 436	Time elapsed:12829.91 sec
Max  memory usage:1481836
Epoch: 437	Time elapsed:12856.67 sec
Max  memory usage:1481836
Epoch: 438	Time elapsed:12884.26 sec
Max  memory usage:1481836
Epoch: 439	Time elapsed:12915.18 sec
Max  memory usage:1481836
Epoch: 440	Time elapsed:12946.31 sec
Max  memory usage:1481836
Epoch: 441	Time elapsed:12976.85 sec
Max  memory usage:1481836
Epoch: 442	Time elapsed:13010.56 sec
Max  memory usage:1481836
Epoch: 443	Time elapsed:13042.79 sec
Max  memory usage:1481836
Epoch: 444	Time elapsed:13073.17 sec
Max  memory usage:1481836
Epoch: 445	Time elapsed:13104.88 sec
Max  memory usage:1481836
Epoch: 446	Time elapsed:13136.62 sec
Max  memory usage:1481836
Epoch: 447	Time elapsed:13166.07 sec
Max  memory usage:1481836
Epoch: 448	Time elapsed:13196.91 sec
Max  memory usage:1481836
Epoch: 449	Time elapsed:13223.25 sec
Max  memory usage:1481836
Epoch: 450	Time elapsed:13248.56 sec
Max  memory usage:1481836
Epoch: 451	Time elapsed:13273.91 sec
Max  memory usage:1481836
Epoch: 452	Time elapsed:13300.87 sec
Max  memory usage:1481836
Epoch: 453	Time elapsed:13326.84 sec
Max  memory usage:1481836
Epoch: 454	Time elapsed:13353.21 sec
Max  memory usage:1481836
Epoch: 455	Time elapsed:13378.74 sec
Max  memory usage:1481836
Epoch: 456	Time elapsed:13403.74 sec
Max  memory usage:1481836
Epoch: 457	Time elapsed:13429.30 sec
Max  memory usage:1481836
Epoch: 458	Time elapsed:13455.71 sec
Max  memory usage:1481836
Epoch: 459	Time elapsed:13481.29 sec
Max  memory usage:1481836
Epoch: 460	Time elapsed:13506.73 sec
Max  memory usage:1481836
Epoch: 461	Time elapsed:13531.33 sec
Max  memory usage:1481836
Epoch: 462	Time elapsed:13556.47 sec
Max  memory usage:1481836
Epoch: 463	Time elapsed:13582.53 sec
Max  memory usage:1481836
Epoch: 464	Time elapsed:13610.02 sec
Max  memory usage:1481836
Epoch: 465	Time elapsed:13635.00 sec
Max  memory usage:1481836
Epoch: 466	Time elapsed:13659.34 sec
Max  memory usage:1481836
Epoch: 467	Time elapsed:13685.47 sec
Max  memory usage:1481836
Epoch: 468	Time elapsed:13710.89 sec
Max  memory usage:1481836
Epoch: 469	Time elapsed:13736.70 sec
Max  memory usage:1481836
Epoch: 470	Time elapsed:13762.99 sec
Max  memory usage:1481836
Epoch: 471	Time elapsed:13790.59 sec
Max  memory usage:1481836
Epoch: 472	Time elapsed:13817.59 sec
Max  memory usage:1481836
Epoch: 473	Time elapsed:13844.19 sec
Max  memory usage:1481836
Epoch: 474	Time elapsed:13870.86 sec
Max  memory usage:1481836
Epoch: 475	Time elapsed:13896.76 sec
Max  memory usage:1481836
Epoch: 476	Time elapsed:13924.11 sec
Max  memory usage:1481836
Epoch: 477	Time elapsed:13951.85 sec
Max  memory usage:1481836
Epoch: 478	Time elapsed:13978.38 sec
Max  memory usage:1481836
Epoch: 479	Time elapsed:14005.38 sec
Max  memory usage:1481836
Epoch: 480	Time elapsed:14032.60 sec
Max  memory usage:1481836
Epoch: 481	Time elapsed:14058.64 sec
Max  memory usage:1481836
Epoch: 482	Time elapsed:14085.07 sec
Max  memory usage:1481836
Epoch: 483	Time elapsed:14113.23 sec
Max  memory usage:1481836
Epoch: 484	Time elapsed:14138.61 sec
Max  memory usage:1481836
Epoch: 485	Time elapsed:14163.59 sec
Max  memory usage:1481836
Epoch: 486	Time elapsed:14191.17 sec
Max  memory usage:1481836
Epoch: 487	Time elapsed:14216.96 sec
Max  memory usage:1481836
Epoch: 488	Time elapsed:14244.37 sec
Max  memory usage:1481836
Epoch: 489	Time elapsed:14273.44 sec
Max  memory usage:1481836
Epoch: 490	Time elapsed:14304.57 sec
Max  memory usage:1481836
Epoch: 491	Time elapsed:14329.44 sec
Max  memory usage:1481836
Epoch: 492	Time elapsed:14354.81 sec
Max  memory usage:1481840
Epoch: 493	Time elapsed:14381.18 sec
Max  memory usage:1481840
Epoch: 494	Time elapsed:14409.39 sec
Max  memory usage:1481840
Epoch: 495	Time elapsed:14435.30 sec
Max  memory usage:1481840
Epoch: 496	Time elapsed:14462.61 sec
Max  memory usage:1481840
Epoch: 497	Time elapsed:14488.74 sec
Max  memory usage:1481840
Epoch: 498	Time elapsed:14515.01 sec
Max  memory usage:1481840
Epoch: 499	Time elapsed:14542.46 sec
Saving Graph of loss function
Saving Latent space
Loading saved model...
