
=============
== PyTorch ==
=============

NVIDIA Release 19.11 (build 8777600)
PyTorch Version 1.4.0a0+649135b

Container image Copyright (c) 2019, NVIDIA CORPORATION.  All rights reserved.

Copyright (c) 2014-2019 Facebook Inc.
Copyright (c) 2011-2014 Idiap Research Institute (Ronan Collobert)
Copyright (c) 2012-2014 Deepmind Technologies    (Koray Kavukcuoglu)
Copyright (c) 2011-2012 NEC Laboratories America (Koray Kavukcuoglu)
Copyright (c) 2011-2013 NYU                      (Clement Farabet)
Copyright (c) 2006-2010 NEC Laboratories America (Ronan Collobert, Leon Bottou, Iain Melvin, Jason Weston)
Copyright (c) 2006      Idiap Research Institute (Samy Bengio)
Copyright (c) 2001-2004 Idiap Research Institute (Ronan Collobert, Samy Bengio, Johnny Mariethoz)
Copyright (c) 2015      Google Inc.
Copyright (c) 2015      Yangqing Jia
Copyright (c) 2013-2016 The Caffe contributors
All rights reserved.

Various files include modifications (c) NVIDIA CORPORATION.  All rights reserved.
NVIDIA modifications are covered by the license terms that apply to the underlying project or file.

NOTE: MOFED driver for multi-node communication was not detected.
      Multi-node communication performance may be reduced.

NOTE: The SHMEM allocation limit is set to the default of 64MB.  This may be
   insufficient for PyTorch.  NVIDIA recommends the use of the following flags:
   nvidia-docker run --ipc=host ...

chtc_root.txt exist
.:
.
..
.chirp.config
.curl_plugin.in
.curl_plugin.out
.docker_sock
.job.ad
.machine.ad
.update.ad
_condor_stderr
_condor_stdout
chtc_root.txt
chtc_train_model.sh
condor_exec.exe
configs
docker_stderror
output
run
sequence_sets
sequences.tar.gz
source
staging.tar.gz
tmp
var

./configs:
.
..
config_1000_10.yaml
config_1000_100.yaml
config_1000_15.yaml
config_1000_2.yaml
config_1000_20.yaml
config_1000_30.yaml
config_1000_40.yaml
config_1000_5.yaml
config_1000_50.yaml
config_1000_500.yaml
config_200_10.yaml
config_200_100.yaml
config_200_15.yaml
config_200_2.yaml
config_200_20.yaml
config_200_30.yaml
config_200_40.yaml
config_200_5.yaml
config_200_50.yaml
config_200_500.yaml
config_500_10.yaml
config_500_100.yaml
config_500_15.yaml
config_500_2.yaml
config_500_20.yaml
config_500_30.yaml
config_500_40.yaml
config_500_5.yaml
config_500_50.yaml
config_500_500.yaml
configs.txt
make_configs.py

./output:
.
..

./run:
.
..
runmodel.sh

./sequence_sets:
.
..
.gitignore
README.md
cmx_aligned_blank_90.fasta
cmx_foreground.fasta
cmx_sequences.zip
processed_cmx_uniref100_90_80_10_100.fasta
processed_cmx_uniref100_90_80_10_100_small.fasta
test.fasta

./source:
.
..
dataloader.py
examine_model.py
make_dataset
model.py
plot_sequences.py
read_config.py
reweighting.py
train_model.py
utils.py

./source/make_dataset:
.
..
get_msa_stats.py
make_dataset.sh
process_msa.py

./tmp:
.
..

./var:
.
..
tmp

./var/tmp:
.
..
Weights do not exist. No weighted sampling will be done.
Max  memory usage:1289592
Epoch: 0	Time elapsed:0.00 sec
Max  memory usage:1473320
Epoch: 1	Time elapsed:35.64 sec
Max  memory usage:1473424
Epoch: 2	Time elapsed:67.77 sec
Max  memory usage:1473432
Epoch: 3	Time elapsed:101.11 sec
Max  memory usage:1473432
Epoch: 4	Time elapsed:135.65 sec
Max  memory usage:1473432
Epoch: 5	Time elapsed:170.20 sec
Max  memory usage:1473432
Epoch: 6	Time elapsed:205.33 sec
Max  memory usage:1473432
Epoch: 7	Time elapsed:239.55 sec
Max  memory usage:1473432
Epoch: 8	Time elapsed:276.69 sec
Max  memory usage:1473432
Epoch: 9	Time elapsed:311.89 sec
Max  memory usage:1473432
Epoch: 10	Time elapsed:351.72 sec
Max  memory usage:1473432
Epoch: 11	Time elapsed:386.96 sec
Max  memory usage:1473432
Epoch: 12	Time elapsed:423.74 sec
Max  memory usage:1473432
Epoch: 13	Time elapsed:462.40 sec
Max  memory usage:1473432
Epoch: 14	Time elapsed:501.14 sec
Max  memory usage:1473432
Epoch: 15	Time elapsed:537.60 sec
Max  memory usage:1473460
Epoch: 16	Time elapsed:576.73 sec
Max  memory usage:1473460
Epoch: 17	Time elapsed:611.47 sec
Max  memory usage:1473464
Epoch: 18	Time elapsed:646.08 sec
Max  memory usage:1473464
Epoch: 19	Time elapsed:684.58 sec
Max  memory usage:1473472
Epoch: 20	Time elapsed:724.74 sec
Max  memory usage:1473472
Epoch: 21	Time elapsed:762.86 sec
Max  memory usage:1473472
Epoch: 22	Time elapsed:803.20 sec
Max  memory usage:1473472
Epoch: 23	Time elapsed:843.84 sec
Max  memory usage:1473472
Epoch: 24	Time elapsed:884.82 sec
Max  memory usage:1473472
Epoch: 25	Time elapsed:926.29 sec
Max  memory usage:1473472
Epoch: 26	Time elapsed:966.11 sec
Max  memory usage:1473472
Epoch: 27	Time elapsed:1004.01 sec
Max  memory usage:1473472
Epoch: 28	Time elapsed:1038.09 sec
Max  memory usage:1473472
Epoch: 29	Time elapsed:1070.88 sec
Max  memory usage:1473472
Epoch: 30	Time elapsed:1110.92 sec
Max  memory usage:1473472
Epoch: 31	Time elapsed:1145.76 sec
Max  memory usage:1473472
Epoch: 32	Time elapsed:1173.91 sec
Max  memory usage:1473472
Epoch: 33	Time elapsed:1205.09 sec
Max  memory usage:1473472
Epoch: 34	Time elapsed:1233.32 sec
Max  memory usage:1473472
Epoch: 35	Time elapsed:1261.27 sec
Max  memory usage:1473472
Epoch: 36	Time elapsed:1291.74 sec
Max  memory usage:1473472
Epoch: 37	Time elapsed:1323.67 sec
Max  memory usage:1473476
Epoch: 38	Time elapsed:1354.73 sec
Max  memory usage:1473476
Epoch: 39	Time elapsed:1384.06 sec
Max  memory usage:1473476
Epoch: 40	Time elapsed:1411.44 sec
Max  memory usage:1473476
Epoch: 41	Time elapsed:1439.78 sec
Max  memory usage:1473476
Epoch: 42	Time elapsed:1467.09 sec
Max  memory usage:1473476
Epoch: 43	Time elapsed:1497.64 sec
Max  memory usage:1473476
Epoch: 44	Time elapsed:1527.20 sec
Max  memory usage:1473476
Epoch: 45	Time elapsed:1556.02 sec
Max  memory usage:1473480
Epoch: 46	Time elapsed:1583.50 sec
Max  memory usage:1473480
Epoch: 47	Time elapsed:1614.51 sec
Max  memory usage:1473480
Epoch: 48	Time elapsed:1642.34 sec
Max  memory usage:1473480
Epoch: 49	Time elapsed:1669.76 sec
Max  memory usage:1473480
Epoch: 50	Time elapsed:1698.43 sec
Max  memory usage:1473480
Epoch: 51	Time elapsed:1725.55 sec
Max  memory usage:1473480
Epoch: 52	Time elapsed:1753.57 sec
Max  memory usage:1473480
Epoch: 53	Time elapsed:1782.42 sec
Max  memory usage:1473480
Epoch: 54	Time elapsed:1812.88 sec
Max  memory usage:1473480
Epoch: 55	Time elapsed:1841.87 sec
Max  memory usage:1473484
Epoch: 56	Time elapsed:1873.24 sec
Max  memory usage:1473484
Epoch: 57	Time elapsed:1905.61 sec
Max  memory usage:1473484
Epoch: 58	Time elapsed:1933.94 sec
Max  memory usage:1473484
Epoch: 59	Time elapsed:1962.07 sec
Max  memory usage:1473484
Epoch: 60	Time elapsed:1989.64 sec
Max  memory usage:1473484
Epoch: 61	Time elapsed:2017.33 sec
Max  memory usage:1473484
Epoch: 62	Time elapsed:2047.60 sec
Max  memory usage:1473484
Epoch: 63	Time elapsed:2075.36 sec
Max  memory usage:1473484
Epoch: 64	Time elapsed:2105.34 sec
Max  memory usage:1473484
Epoch: 65	Time elapsed:2134.48 sec
Max  memory usage:1473484
Epoch: 66	Time elapsed:2164.02 sec
Max  memory usage:1473484
Epoch: 67	Time elapsed:2192.97 sec
Max  memory usage:1473484
Epoch: 68	Time elapsed:2224.28 sec
Max  memory usage:1473484
Epoch: 69	Time elapsed:2254.48 sec
Max  memory usage:1473484
Epoch: 70	Time elapsed:2281.82 sec
Max  memory usage:1473484
Epoch: 71	Time elapsed:2310.65 sec
Max  memory usage:1473484
Epoch: 72	Time elapsed:2338.94 sec
Max  memory usage:1473484
Epoch: 73	Time elapsed:2368.40 sec
Max  memory usage:1473488
Epoch: 74	Time elapsed:2398.66 sec
Max  memory usage:1473488
Epoch: 75	Time elapsed:2429.95 sec
Max  memory usage:1473488
Epoch: 76	Time elapsed:2458.14 sec
Max  memory usage:1473488
Epoch: 77	Time elapsed:2486.06 sec
Max  memory usage:1473488
Epoch: 78	Time elapsed:2512.79 sec
Max  memory usage:1473488
Epoch: 79	Time elapsed:2539.84 sec
Max  memory usage:1473488
Epoch: 80	Time elapsed:2567.64 sec
Max  memory usage:1473488
Epoch: 81	Time elapsed:2596.67 sec
Max  memory usage:1473488
Epoch: 82	Time elapsed:2623.80 sec
Max  memory usage:1473488
Epoch: 83	Time elapsed:2652.38 sec
Max  memory usage:1473488
Epoch: 84	Time elapsed:2681.78 sec
Max  memory usage:1473488
Epoch: 85	Time elapsed:2710.85 sec
Max  memory usage:1473488
Epoch: 86	Time elapsed:2738.59 sec
Max  memory usage:1473488
Epoch: 87	Time elapsed:2768.10 sec
Max  memory usage:1473488
Epoch: 88	Time elapsed:2798.34 sec
Max  memory usage:1473488
Epoch: 89	Time elapsed:2827.15 sec
Max  memory usage:1473488
Epoch: 90	Time elapsed:2856.60 sec
Max  memory usage:1473488
Epoch: 91	Time elapsed:2884.85 sec
Max  memory usage:1473488
Epoch: 92	Time elapsed:2913.20 sec
Max  memory usage:1473488
Epoch: 93	Time elapsed:2942.16 sec
Max  memory usage:1473488
Epoch: 94	Time elapsed:2971.49 sec
Max  memory usage:1473488
Epoch: 95	Time elapsed:3001.76 sec
Max  memory usage:1473488
Epoch: 96	Time elapsed:3030.56 sec
Max  memory usage:1473488
Epoch: 97	Time elapsed:3060.44 sec
Max  memory usage:1473488
Epoch: 98	Time elapsed:3090.54 sec
Max  memory usage:1473488
Epoch: 99	Time elapsed:3118.80 sec
Max  memory usage:1473488
Epoch: 100	Time elapsed:3147.64 sec
Max  memory usage:1473488
Epoch: 101	Time elapsed:3176.56 sec
Max  memory usage:1473492
Epoch: 102	Time elapsed:3204.46 sec
Max  memory usage:1473492
Epoch: 103	Time elapsed:3233.06 sec
Max  memory usage:1473492
Epoch: 104	Time elapsed:3260.76 sec
Max  memory usage:1473492
Epoch: 105	Time elapsed:3290.75 sec
Max  memory usage:1473492
Epoch: 106	Time elapsed:3320.01 sec
Max  memory usage:1473492
Epoch: 107	Time elapsed:3349.27 sec
Max  memory usage:1473492
Epoch: 108	Time elapsed:3378.62 sec
Max  memory usage:1473492
Epoch: 109	Time elapsed:3407.10 sec
Max  memory usage:1473492
Epoch: 110	Time elapsed:3436.39 sec
Max  memory usage:1473492
Epoch: 111	Time elapsed:3466.44 sec
Max  memory usage:1473492
Epoch: 112	Time elapsed:3495.90 sec
Max  memory usage:1473492
Epoch: 113	Time elapsed:3524.36 sec
Max  memory usage:1473492
Epoch: 114	Time elapsed:3552.26 sec
Max  memory usage:1473492
Epoch: 115	Time elapsed:3580.84 sec
Max  memory usage:1473492
Epoch: 116	Time elapsed:3611.12 sec
Max  memory usage:1473492
Epoch: 117	Time elapsed:3638.51 sec
Max  memory usage:1473492
Epoch: 118	Time elapsed:3667.68 sec
Max  memory usage:1473496
Epoch: 119	Time elapsed:3698.02 sec
Max  memory usage:1473496
Epoch: 120	Time elapsed:3726.53 sec
Max  memory usage:1473496
Epoch: 121	Time elapsed:3754.66 sec
Max  memory usage:1473496
Epoch: 122	Time elapsed:3783.82 sec
Max  memory usage:1473496
Epoch: 123	Time elapsed:3814.70 sec
Max  memory usage:1473496
Epoch: 124	Time elapsed:3842.56 sec
Max  memory usage:1473496
Epoch: 125	Time elapsed:3871.46 sec
Max  memory usage:1473496
Epoch: 126	Time elapsed:3901.21 sec
Max  memory usage:1473496
Epoch: 127	Time elapsed:3929.91 sec
Max  memory usage:1473496
Epoch: 128	Time elapsed:3958.10 sec
Max  memory usage:1473496
Epoch: 129	Time elapsed:3987.35 sec
Max  memory usage:1473500
Epoch: 130	Time elapsed:4016.18 sec
Max  memory usage:1473500
Epoch: 131	Time elapsed:4045.39 sec
Max  memory usage:1473500
Epoch: 132	Time elapsed:4074.92 sec
Max  memory usage:1473500
Epoch: 133	Time elapsed:4104.50 sec
Max  memory usage:1473500
Epoch: 134	Time elapsed:4134.30 sec
Max  memory usage:1473500
Epoch: 135	Time elapsed:4163.48 sec
Max  memory usage:1473500
Epoch: 136	Time elapsed:4193.83 sec
Max  memory usage:1473500
Epoch: 137	Time elapsed:4222.66 sec
Max  memory usage:1473500
Epoch: 138	Time elapsed:4253.97 sec
Max  memory usage:1473500
Epoch: 139	Time elapsed:4283.22 sec
Max  memory usage:1473500
Epoch: 140	Time elapsed:4311.99 sec
Max  memory usage:1473500
Epoch: 141	Time elapsed:4342.24 sec
Max  memory usage:1473500
Epoch: 142	Time elapsed:4371.38 sec
Max  memory usage:1473500
Epoch: 143	Time elapsed:4400.51 sec
Max  memory usage:1473500
Epoch: 144	Time elapsed:4429.72 sec
Max  memory usage:1473500
Epoch: 145	Time elapsed:4459.20 sec
Max  memory usage:1473500
Epoch: 146	Time elapsed:4490.10 sec
Max  memory usage:1473500
Epoch: 147	Time elapsed:4520.48 sec
Max  memory usage:1473500
Epoch: 148	Time elapsed:4550.89 sec
Max  memory usage:1473500
Epoch: 149	Time elapsed:4580.84 sec
Max  memory usage:1473500
Epoch: 150	Time elapsed:4609.94 sec
Max  memory usage:1473504
Epoch: 151	Time elapsed:4639.06 sec
Max  memory usage:1473504
Epoch: 152	Time elapsed:4667.41 sec
Max  memory usage:1473504
Epoch: 153	Time elapsed:4697.54 sec
Max  memory usage:1473504
Epoch: 154	Time elapsed:4728.36 sec
Max  memory usage:1473504
Epoch: 155	Time elapsed:4756.99 sec
Max  memory usage:1473504
Epoch: 156	Time elapsed:4786.60 sec
Max  memory usage:1473504
Epoch: 157	Time elapsed:4814.35 sec
Max  memory usage:1473504
Epoch: 158	Time elapsed:4843.66 sec
Max  memory usage:1473504
Epoch: 159	Time elapsed:4874.23 sec
Max  memory usage:1473504
Epoch: 160	Time elapsed:4903.76 sec
Max  memory usage:1473504
Epoch: 161	Time elapsed:4933.03 sec
Max  memory usage:1473504
Epoch: 162	Time elapsed:4963.25 sec
Max  memory usage:1473504
Epoch: 163	Time elapsed:4993.19 sec
Max  memory usage:1479688
Epoch: 164	Time elapsed:5022.45 sec
Max  memory usage:1479688
Epoch: 165	Time elapsed:5052.71 sec
Max  memory usage:1479688
Epoch: 166	Time elapsed:5081.20 sec
Max  memory usage:1479688
Epoch: 167	Time elapsed:5111.76 sec
Max  memory usage:1479688
Epoch: 168	Time elapsed:5140.39 sec
Max  memory usage:1479688
Epoch: 169	Time elapsed:5169.83 sec
Max  memory usage:1479688
Epoch: 170	Time elapsed:5199.33 sec
Max  memory usage:1479688
Epoch: 171	Time elapsed:5227.76 sec
Max  memory usage:1479688
Epoch: 172	Time elapsed:5256.47 sec
Max  memory usage:1479688
Epoch: 173	Time elapsed:5284.97 sec
Max  memory usage:1479688
Epoch: 174	Time elapsed:5313.48 sec
Max  memory usage:1479688
Epoch: 175	Time elapsed:5341.28 sec
Max  memory usage:1479688
Epoch: 176	Time elapsed:5370.67 sec
Max  memory usage:1479688
Epoch: 177	Time elapsed:5399.87 sec
Max  memory usage:1479688
Epoch: 178	Time elapsed:5429.60 sec
Max  memory usage:1479688
Epoch: 179	Time elapsed:5458.16 sec
Max  memory usage:1479688
Epoch: 180	Time elapsed:5486.61 sec
Max  memory usage:1479688
Epoch: 181	Time elapsed:5514.93 sec
Max  memory usage:1479688
Epoch: 182	Time elapsed:5545.78 sec
Max  memory usage:1479688
Epoch: 183	Time elapsed:5573.31 sec
Max  memory usage:1479688
Epoch: 184	Time elapsed:5603.74 sec
Max  memory usage:1479688
Epoch: 185	Time elapsed:5632.07 sec
Max  memory usage:1479688
Epoch: 186	Time elapsed:5661.93 sec
Max  memory usage:1479688
Epoch: 187	Time elapsed:5693.64 sec
Max  memory usage:1479688
Epoch: 188	Time elapsed:5722.04 sec
Max  memory usage:1479688
Epoch: 189	Time elapsed:5751.30 sec
Max  memory usage:1479688
Epoch: 190	Time elapsed:5778.88 sec
Max  memory usage:1479688
Epoch: 191	Time elapsed:5806.92 sec
Max  memory usage:1479688
Epoch: 192	Time elapsed:5835.93 sec
Max  memory usage:1479688
Epoch: 193	Time elapsed:5866.24 sec
Max  memory usage:1479688
Epoch: 194	Time elapsed:5896.34 sec
Max  memory usage:1479688
Epoch: 195	Time elapsed:5925.32 sec
Max  memory usage:1479688
Epoch: 196	Time elapsed:5954.23 sec
Max  memory usage:1479688
Epoch: 197	Time elapsed:5982.53 sec
Max  memory usage:1479688
Epoch: 198	Time elapsed:6014.39 sec
Max  memory usage:1479688
Epoch: 199	Time elapsed:6042.77 sec
Max  memory usage:1479688
Epoch: 200	Time elapsed:6070.61 sec
Max  memory usage:1479688
Epoch: 201	Time elapsed:6100.94 sec
Max  memory usage:1479688
Epoch: 202	Time elapsed:6131.47 sec
Max  memory usage:1479688
Epoch: 203	Time elapsed:6160.72 sec
Max  memory usage:1479688
Epoch: 204	Time elapsed:6190.97 sec
Max  memory usage:1479688
Epoch: 205	Time elapsed:6221.31 sec
Max  memory usage:1479688
Epoch: 206	Time elapsed:6250.71 sec
Max  memory usage:1479688
Epoch: 207	Time elapsed:6280.92 sec
Max  memory usage:1479688
Epoch: 208	Time elapsed:6312.85 sec
Max  memory usage:1479688
Epoch: 209	Time elapsed:6342.94 sec
Max  memory usage:1479688
Epoch: 210	Time elapsed:6371.96 sec
Max  memory usage:1479688
Epoch: 211	Time elapsed:6403.17 sec
Max  memory usage:1479688
Epoch: 212	Time elapsed:6432.61 sec
Max  memory usage:1479688
Epoch: 213	Time elapsed:6463.26 sec
Max  memory usage:1479688
Epoch: 214	Time elapsed:6492.86 sec
Max  memory usage:1479688
Epoch: 215	Time elapsed:6521.57 sec
Max  memory usage:1479688
Epoch: 216	Time elapsed:6552.01 sec
Max  memory usage:1479688
Epoch: 217	Time elapsed:6582.35 sec
Max  memory usage:1479688
Epoch: 218	Time elapsed:6611.76 sec
Max  memory usage:1479688
Epoch: 219	Time elapsed:6642.16 sec
Max  memory usage:1479688
Epoch: 220	Time elapsed:6671.14 sec
Max  memory usage:1479688
Epoch: 221	Time elapsed:6699.20 sec
Max  memory usage:1479688
Epoch: 222	Time elapsed:6729.61 sec
Max  memory usage:1479688
Epoch: 223	Time elapsed:6758.10 sec
Max  memory usage:1479688
Epoch: 224	Time elapsed:6787.79 sec
Max  memory usage:1479688
Epoch: 225	Time elapsed:6815.81 sec
Max  memory usage:1479688
Epoch: 226	Time elapsed:6846.27 sec
Max  memory usage:1479688
Epoch: 227	Time elapsed:6873.50 sec
Max  memory usage:1479688
Epoch: 228	Time elapsed:6903.50 sec
Max  memory usage:1479688
Epoch: 229	Time elapsed:6932.82 sec
Max  memory usage:1479688
Epoch: 230	Time elapsed:6960.68 sec
Max  memory usage:1479688
Epoch: 231	Time elapsed:6989.14 sec
Max  memory usage:1479688
Epoch: 232	Time elapsed:7019.55 sec
Max  memory usage:1479688
Epoch: 233	Time elapsed:7047.87 sec
Max  memory usage:1479688
Epoch: 234	Time elapsed:7076.14 sec
Max  memory usage:1479688
Epoch: 235	Time elapsed:7104.77 sec
Max  memory usage:1479688
Epoch: 236	Time elapsed:7133.13 sec
Max  memory usage:1479688
Epoch: 237	Time elapsed:7162.22 sec
Max  memory usage:1479688
Epoch: 238	Time elapsed:7191.77 sec
Max  memory usage:1479688
Epoch: 239	Time elapsed:7219.75 sec
Max  memory usage:1479688
Epoch: 240	Time elapsed:7249.78 sec
Max  memory usage:1479688
Epoch: 241	Time elapsed:7278.48 sec
Max  memory usage:1479688
Epoch: 242	Time elapsed:7308.21 sec
Max  memory usage:1479688
Epoch: 243	Time elapsed:7339.01 sec
Max  memory usage:1479688
Epoch: 244	Time elapsed:7366.47 sec
Max  memory usage:1479688
Epoch: 245	Time elapsed:7395.04 sec
Max  memory usage:1479688
Epoch: 246	Time elapsed:7423.00 sec
Max  memory usage:1479688
Epoch: 247	Time elapsed:7451.18 sec
Max  memory usage:1479688
Epoch: 248	Time elapsed:7480.78 sec
Max  memory usage:1479688
Epoch: 249	Time elapsed:7511.68 sec
Max  memory usage:1479688
Epoch: 250	Time elapsed:7540.75 sec
Max  memory usage:1479688
Epoch: 251	Time elapsed:7571.99 sec
Max  memory usage:1479692
Epoch: 252	Time elapsed:7599.85 sec
Max  memory usage:1479692
Epoch: 253	Time elapsed:7628.24 sec
Max  memory usage:1479692
Epoch: 254	Time elapsed:7659.35 sec
Max  memory usage:1479692
Epoch: 255	Time elapsed:7688.84 sec
Max  memory usage:1479696
Epoch: 256	Time elapsed:7717.27 sec
Max  memory usage:1479696
Epoch: 257	Time elapsed:7746.15 sec
Max  memory usage:1479696
Epoch: 258	Time elapsed:7774.89 sec
Max  memory usage:1479696
Epoch: 259	Time elapsed:7802.82 sec
Max  memory usage:1479696
Epoch: 260	Time elapsed:7831.50 sec
Max  memory usage:1479696
Epoch: 261	Time elapsed:7859.86 sec
Max  memory usage:1479696
Epoch: 262	Time elapsed:7887.99 sec
Max  memory usage:1479696
Epoch: 263	Time elapsed:7916.47 sec
Max  memory usage:1479696
Epoch: 264	Time elapsed:7945.40 sec
Max  memory usage:1479696
Epoch: 265	Time elapsed:7973.45 sec
Max  memory usage:1479696
Epoch: 266	Time elapsed:8003.31 sec
Max  memory usage:1479696
Epoch: 267	Time elapsed:8031.32 sec
Max  memory usage:1479696
Epoch: 268	Time elapsed:8060.49 sec
Max  memory usage:1479696
Epoch: 269	Time elapsed:8090.60 sec
Max  memory usage:1479696
Epoch: 270	Time elapsed:8118.31 sec
Max  memory usage:1479696
Epoch: 271	Time elapsed:8146.35 sec
Max  memory usage:1479696
Epoch: 272	Time elapsed:8174.12 sec
Max  memory usage:1479696
Epoch: 273	Time elapsed:8201.48 sec
Max  memory usage:1479696
Epoch: 274	Time elapsed:8231.34 sec
Max  memory usage:1479696
Epoch: 275	Time elapsed:8261.46 sec
Max  memory usage:1479696
Epoch: 276	Time elapsed:8291.55 sec
Max  memory usage:1479696
Epoch: 277	Time elapsed:8320.10 sec
Max  memory usage:1479696
Epoch: 278	Time elapsed:8349.23 sec
Max  memory usage:1479696
Epoch: 279	Time elapsed:8377.45 sec
Max  memory usage:1479696
Epoch: 280	Time elapsed:8407.47 sec
Max  memory usage:1479696
Epoch: 281	Time elapsed:8437.08 sec
Max  memory usage:1479696
Epoch: 282	Time elapsed:8467.63 sec
Max  memory usage:1479696
Epoch: 283	Time elapsed:8496.19 sec
Max  memory usage:1479696
Epoch: 284	Time elapsed:8526.31 sec
Max  memory usage:1479696
Epoch: 285	Time elapsed:8556.16 sec
Max  memory usage:1479696
Epoch: 286	Time elapsed:8584.95 sec
Max  memory usage:1479696
Epoch: 287	Time elapsed:8614.89 sec
Max  memory usage:1479696
Epoch: 288	Time elapsed:8643.58 sec
Max  memory usage:1479696
Epoch: 289	Time elapsed:8673.76 sec
Max  memory usage:1479696
Epoch: 290	Time elapsed:8705.28 sec
Max  memory usage:1479696
Epoch: 291	Time elapsed:8737.74 sec
Max  memory usage:1479696
Epoch: 292	Time elapsed:8766.80 sec
Max  memory usage:1479696
Epoch: 293	Time elapsed:8796.35 sec
Max  memory usage:1479696
Epoch: 294	Time elapsed:8825.30 sec
Max  memory usage:1479696
Epoch: 295	Time elapsed:8854.14 sec
Max  memory usage:1479696
Epoch: 296	Time elapsed:8884.69 sec
Max  memory usage:1479696
Epoch: 297	Time elapsed:8913.14 sec
Max  memory usage:1479696
Epoch: 298	Time elapsed:8944.72 sec
Max  memory usage:1479696
Epoch: 299	Time elapsed:8974.77 sec
Max  memory usage:1479696
Epoch: 300	Time elapsed:9003.60 sec
Max  memory usage:1479696
Epoch: 301	Time elapsed:9033.77 sec
Max  memory usage:1479696
Epoch: 302	Time elapsed:9063.24 sec
Max  memory usage:1479696
Epoch: 303	Time elapsed:9091.77 sec
Max  memory usage:1479696
Epoch: 304	Time elapsed:9121.92 sec
Max  memory usage:1479696
Epoch: 305	Time elapsed:9151.69 sec
Max  memory usage:1479696
Epoch: 306	Time elapsed:9181.90 sec
Max  memory usage:1479696
Epoch: 307	Time elapsed:9211.94 sec
Max  memory usage:1479696
Epoch: 308	Time elapsed:9241.05 sec
Max  memory usage:1479696
Epoch: 309	Time elapsed:9271.80 sec
Max  memory usage:1479696
Epoch: 310	Time elapsed:9303.50 sec
Max  memory usage:1479696
Epoch: 311	Time elapsed:9333.73 sec
Max  memory usage:1479696
Epoch: 312	Time elapsed:9363.91 sec
Max  memory usage:1479696
Epoch: 313	Time elapsed:9395.23 sec
Max  memory usage:1479696
Epoch: 314	Time elapsed:9424.36 sec
Max  memory usage:1479696
Epoch: 315	Time elapsed:9453.61 sec
Max  memory usage:1479696
Epoch: 316	Time elapsed:9484.04 sec
Max  memory usage:1485880
Epoch: 317	Time elapsed:9513.58 sec
Max  memory usage:1485880
Epoch: 318	Time elapsed:9542.59 sec
Max  memory usage:1485880
Epoch: 319	Time elapsed:9571.95 sec
Max  memory usage:1485880
Epoch: 320	Time elapsed:9602.16 sec
Max  memory usage:1485880
Epoch: 321	Time elapsed:9630.97 sec
Max  memory usage:1485880
Epoch: 322	Time elapsed:9662.27 sec
Max  memory usage:1485880
Epoch: 323	Time elapsed:9691.02 sec
Max  memory usage:1485880
Epoch: 324	Time elapsed:9721.38 sec
Max  memory usage:1485880
Epoch: 325	Time elapsed:9753.37 sec
Max  memory usage:1485880
Epoch: 326	Time elapsed:9783.15 sec
Max  memory usage:1485880
Epoch: 327	Time elapsed:9812.91 sec
Max  memory usage:1485880
Epoch: 328	Time elapsed:9842.84 sec
Max  memory usage:1485880
Epoch: 329	Time elapsed:9874.21 sec
Max  memory usage:1485880
Epoch: 330	Time elapsed:9905.18 sec
Max  memory usage:1485880
Epoch: 331	Time elapsed:9934.96 sec
Max  memory usage:1485880
Epoch: 332	Time elapsed:9964.48 sec
Max  memory usage:1485880
Epoch: 333	Time elapsed:9993.34 sec
Max  memory usage:1485880
Epoch: 334	Time elapsed:10024.07 sec
Max  memory usage:1485880
Epoch: 335	Time elapsed:10055.34 sec
Max  memory usage:1485880
Epoch: 336	Time elapsed:10086.00 sec
Max  memory usage:1485880
Epoch: 337	Time elapsed:10118.01 sec
Max  memory usage:1485880
Epoch: 338	Time elapsed:10147.60 sec
Max  memory usage:1485880
Epoch: 339	Time elapsed:10180.71 sec
Max  memory usage:1485880
Epoch: 340	Time elapsed:10211.03 sec
Max  memory usage:1485880
Epoch: 341	Time elapsed:10239.95 sec
Max  memory usage:1485880
Epoch: 342	Time elapsed:10268.87 sec
Max  memory usage:1485880
Epoch: 343	Time elapsed:10298.51 sec
Max  memory usage:1485880
Epoch: 344	Time elapsed:10327.90 sec
Max  memory usage:1485880
Epoch: 345	Time elapsed:10357.32 sec
Max  memory usage:1485880
Epoch: 346	Time elapsed:10386.74 sec
Max  memory usage:1485880
Epoch: 347	Time elapsed:10416.02 sec
Max  memory usage:1485880
Epoch: 348	Time elapsed:10446.35 sec
Max  memory usage:1485884
Epoch: 349	Time elapsed:10475.95 sec
Max  memory usage:1485884
Epoch: 350	Time elapsed:10507.37 sec
Max  memory usage:1485884
Epoch: 351	Time elapsed:10536.03 sec
Max  memory usage:1485884
Epoch: 352	Time elapsed:10566.71 sec
Max  memory usage:1485884
Epoch: 353	Time elapsed:10597.47 sec
Max  memory usage:1485884
Epoch: 354	Time elapsed:10626.85 sec
Max  memory usage:1485888
Epoch: 355	Time elapsed:10656.10 sec
Max  memory usage:1485888
Epoch: 356	Time elapsed:10685.31 sec
Max  memory usage:1485888
Epoch: 357	Time elapsed:10715.59 sec
Max  memory usage:1485928
Epoch: 358	Time elapsed:10746.06 sec
Max  memory usage:1485928
Epoch: 359	Time elapsed:10777.79 sec
Max  memory usage:1485928
Epoch: 360	Time elapsed:10807.04 sec
Max  memory usage:1485928
Epoch: 361	Time elapsed:10838.88 sec
Max  memory usage:1485928
Epoch: 362	Time elapsed:10869.04 sec
Max  memory usage:1485928
Epoch: 363	Time elapsed:10897.43 sec
Max  memory usage:1485928
Epoch: 364	Time elapsed:10927.17 sec
Max  memory usage:1485928
Epoch: 365	Time elapsed:10957.08 sec
Max  memory usage:1485928
Epoch: 366	Time elapsed:10986.84 sec
Max  memory usage:1485928
Epoch: 367	Time elapsed:11018.75 sec
Max  memory usage:1485928
Epoch: 368	Time elapsed:11048.08 sec
Max  memory usage:1485928
Epoch: 369	Time elapsed:11076.81 sec
Max  memory usage:1485928
Epoch: 370	Time elapsed:11108.45 sec
Max  memory usage:1485928
Epoch: 371	Time elapsed:11139.54 sec
Max  memory usage:1485928
Epoch: 372	Time elapsed:11168.62 sec
Max  memory usage:1485928
Epoch: 373	Time elapsed:11198.09 sec
Max  memory usage:1485932
Epoch: 374	Time elapsed:11228.27 sec
Max  memory usage:1485932
Epoch: 375	Time elapsed:11259.19 sec
Max  memory usage:1485932
Epoch: 376	Time elapsed:11288.65 sec
Max  memory usage:1485932
Epoch: 377	Time elapsed:11316.68 sec
Max  memory usage:1485932
Epoch: 378	Time elapsed:11346.09 sec
Max  memory usage:1485932
Epoch: 379	Time elapsed:11375.06 sec
Max  memory usage:1485932
Epoch: 380	Time elapsed:11404.48 sec
Max  memory usage:1485932
Epoch: 381	Time elapsed:11435.01 sec
Max  memory usage:1485932
Epoch: 382	Time elapsed:11465.00 sec
Max  memory usage:1485932
Epoch: 383	Time elapsed:11495.23 sec
Max  memory usage:1485932
Epoch: 384	Time elapsed:11523.66 sec
Max  memory usage:1485932
Epoch: 385	Time elapsed:11551.03 sec
Max  memory usage:1485932
Epoch: 386	Time elapsed:11578.94 sec
Max  memory usage:1485932
Epoch: 387	Time elapsed:11608.17 sec
Max  memory usage:1485932
Epoch: 388	Time elapsed:11636.94 sec
Max  memory usage:1485936
Epoch: 389	Time elapsed:11666.11 sec
Max  memory usage:1485936
Epoch: 390	Time elapsed:11695.86 sec
Max  memory usage:1485936
Epoch: 391	Time elapsed:11725.34 sec
Max  memory usage:1485936
Epoch: 392	Time elapsed:11754.06 sec
Max  memory usage:1485936
Epoch: 393	Time elapsed:11783.86 sec
Max  memory usage:1485936
Epoch: 394	Time elapsed:11814.05 sec
Max  memory usage:1485936
Epoch: 395	Time elapsed:11843.26 sec
Max  memory usage:1485936
Epoch: 396	Time elapsed:11874.15 sec
Max  memory usage:1485936
Epoch: 397	Time elapsed:11904.05 sec
Max  memory usage:1485936
Epoch: 398	Time elapsed:11933.66 sec
Max  memory usage:1485936
Epoch: 399	Time elapsed:11963.65 sec
Max  memory usage:1485936
Epoch: 400	Time elapsed:11991.71 sec
Max  memory usage:1485936
Epoch: 401	Time elapsed:12020.78 sec
Max  memory usage:1485936
Epoch: 402	Time elapsed:12049.98 sec
Max  memory usage:1485936
Epoch: 403	Time elapsed:12080.26 sec
Max  memory usage:1485936
Epoch: 404	Time elapsed:12109.37 sec
Max  memory usage:1485936
Epoch: 405	Time elapsed:12139.11 sec
Max  memory usage:1485936
Epoch: 406	Time elapsed:12166.81 sec
Max  memory usage:1485936
Epoch: 407	Time elapsed:12195.84 sec
Max  memory usage:1485936
Epoch: 408	Time elapsed:12225.07 sec
Max  memory usage:1485936
Epoch: 409	Time elapsed:12254.58 sec
Max  memory usage:1485936
Epoch: 410	Time elapsed:12285.12 sec
Max  memory usage:1485936
Epoch: 411	Time elapsed:12315.44 sec
Max  memory usage:1485936
Epoch: 412	Time elapsed:12344.03 sec
Max  memory usage:1485936
Epoch: 413	Time elapsed:12372.53 sec
Max  memory usage:1485936
Epoch: 414	Time elapsed:12401.50 sec
Max  memory usage:1485936
Epoch: 415	Time elapsed:12431.24 sec
Max  memory usage:1485936
Epoch: 416	Time elapsed:12461.05 sec
Max  memory usage:1485936
Epoch: 417	Time elapsed:12489.45 sec
Max  memory usage:1485936
Epoch: 418	Time elapsed:12520.42 sec
Max  memory usage:1485936
Epoch: 419	Time elapsed:12550.46 sec
Max  memory usage:1485936
Epoch: 420	Time elapsed:12581.59 sec
Max  memory usage:1485936
Epoch: 421	Time elapsed:12611.19 sec
Max  memory usage:1485936
Epoch: 422	Time elapsed:12640.29 sec
Max  memory usage:1485936
Epoch: 423	Time elapsed:12670.80 sec
Max  memory usage:1485936
Epoch: 424	Time elapsed:12700.71 sec
Max  memory usage:1485936
Epoch: 425	Time elapsed:12730.52 sec
Max  memory usage:1485936
Epoch: 426	Time elapsed:12762.57 sec
Max  memory usage:1485936
Epoch: 427	Time elapsed:12793.41 sec
Max  memory usage:1485936
Epoch: 428	Time elapsed:12823.16 sec
Max  memory usage:1485936
Epoch: 429	Time elapsed:12852.18 sec
Max  memory usage:1485936
Epoch: 430	Time elapsed:12881.99 sec
Max  memory usage:1485936
Epoch: 431	Time elapsed:12912.83 sec
Max  memory usage:1485936
Epoch: 432	Time elapsed:12941.82 sec
Max  memory usage:1485936
Epoch: 433	Time elapsed:12971.52 sec
Max  memory usage:1492120
Epoch: 434	Time elapsed:13002.14 sec
Max  memory usage:1492120
Epoch: 435	Time elapsed:13030.74 sec
Max  memory usage:1492120
Epoch: 436	Time elapsed:13060.26 sec
Max  memory usage:1492120
Epoch: 437	Time elapsed:13090.98 sec
Max  memory usage:1492120
Epoch: 438	Time elapsed:13120.15 sec
Max  memory usage:1492120
Epoch: 439	Time elapsed:13151.11 sec
Max  memory usage:1492120
Epoch: 440	Time elapsed:13179.98 sec
Max  memory usage:1492120
Epoch: 441	Time elapsed:13209.66 sec
Max  memory usage:1492120
Epoch: 442	Time elapsed:13239.86 sec
Max  memory usage:1492120
Epoch: 443	Time elapsed:13269.10 sec
Max  memory usage:1492120
Epoch: 444	Time elapsed:13298.58 sec
Max  memory usage:1492120
Epoch: 445	Time elapsed:13327.88 sec
Max  memory usage:1492120
Epoch: 446	Time elapsed:13357.45 sec
Max  memory usage:1492120
Epoch: 447	Time elapsed:13387.86 sec
Max  memory usage:1492120
Epoch: 448	Time elapsed:13417.33 sec
Max  memory usage:1492120
Epoch: 449	Time elapsed:13447.57 sec
Max  memory usage:1492120
Epoch: 450	Time elapsed:13476.71 sec
Max  memory usage:1492120
Epoch: 451	Time elapsed:13507.67 sec
Max  memory usage:1492120
Epoch: 452	Time elapsed:13538.92 sec
Max  memory usage:1492120
Epoch: 453	Time elapsed:13569.41 sec
Max  memory usage:1492120
Epoch: 454	Time elapsed:13600.38 sec
Max  memory usage:1492120
Epoch: 455	Time elapsed:13629.11 sec
Max  memory usage:1492120
Epoch: 456	Time elapsed:13657.53 sec
Max  memory usage:1492120
Epoch: 457	Time elapsed:13686.99 sec
Max  memory usage:1492120
Epoch: 458	Time elapsed:13716.82 sec
Max  memory usage:1492120
Epoch: 459	Time elapsed:13748.05 sec
Max  memory usage:1492120
Epoch: 460	Time elapsed:13778.86 sec
Max  memory usage:1492120
Epoch: 461	Time elapsed:13808.61 sec
Max  memory usage:1492120
Epoch: 462	Time elapsed:13838.56 sec
Max  memory usage:1492120
Epoch: 463	Time elapsed:13869.73 sec
Max  memory usage:1492120
Epoch: 464	Time elapsed:13901.94 sec
Max  memory usage:1492120
Epoch: 465	Time elapsed:13933.13 sec
Max  memory usage:1492120
Epoch: 466	Time elapsed:13962.48 sec
Max  memory usage:1492120
Epoch: 467	Time elapsed:13990.30 sec
Max  memory usage:1492120
Epoch: 468	Time elapsed:14021.78 sec
Max  memory usage:1492120
Epoch: 469	Time elapsed:14051.38 sec
Max  memory usage:1492120
Epoch: 470	Time elapsed:14081.54 sec
Max  memory usage:1492120
Epoch: 471	Time elapsed:14113.99 sec
Max  memory usage:1492120
Epoch: 472	Time elapsed:14141.59 sec
Max  memory usage:1492120
Epoch: 473	Time elapsed:14172.07 sec
Max  memory usage:1492120
Epoch: 474	Time elapsed:14206.04 sec
Max  memory usage:1492120
Epoch: 475	Time elapsed:14237.27 sec
Max  memory usage:1492120
Epoch: 476	Time elapsed:14268.02 sec
Max  memory usage:1492120
Epoch: 477	Time elapsed:14297.80 sec
Max  memory usage:1492120
Epoch: 478	Time elapsed:14328.41 sec
Max  memory usage:1492204
Epoch: 479	Time elapsed:14359.58 sec
Max  memory usage:1493732
Epoch: 480	Time elapsed:14393.94 sec
Max  memory usage:1493748
Epoch: 481	Time elapsed:14423.96 sec
Max  memory usage:1493784
Epoch: 482	Time elapsed:14456.26 sec
Max  memory usage:1493804
Epoch: 483	Time elapsed:14488.59 sec
Max  memory usage:1493828
Epoch: 484	Time elapsed:14518.56 sec
Max  memory usage:1493828
Epoch: 485	Time elapsed:14548.88 sec
Max  memory usage:1493836
Epoch: 486	Time elapsed:14576.73 sec
Max  memory usage:1493848
Epoch: 487	Time elapsed:14607.69 sec
Max  memory usage:1493884
Epoch: 488	Time elapsed:14636.76 sec
Max  memory usage:1493904
Epoch: 489	Time elapsed:14664.74 sec
Max  memory usage:1493912
Epoch: 490	Time elapsed:14695.08 sec
Max  memory usage:1493932
Epoch: 491	Time elapsed:14726.46 sec
Max  memory usage:1493944
Epoch: 492	Time elapsed:14758.01 sec
Max  memory usage:1493956
Epoch: 493	Time elapsed:14788.60 sec
Max  memory usage:1493980
Epoch: 494	Time elapsed:14819.29 sec
Max  memory usage:1494000
Epoch: 495	Time elapsed:14850.79 sec
Max  memory usage:1494020
Epoch: 496	Time elapsed:14881.16 sec
Max  memory usage:1494032
Epoch: 497	Time elapsed:14909.26 sec
Max  memory usage:1494036
Epoch: 498	Time elapsed:14939.52 sec
Max  memory usage:1494036
Epoch: 499	Time elapsed:14967.96 sec
Saving Graph of loss function
Saving Latent space
Loading saved model...
