
=============
== PyTorch ==
=============

NVIDIA Release 19.11 (build 8777600)
PyTorch Version 1.4.0a0+649135b

Container image Copyright (c) 2019, NVIDIA CORPORATION.  All rights reserved.

Copyright (c) 2014-2019 Facebook Inc.
Copyright (c) 2011-2014 Idiap Research Institute (Ronan Collobert)
Copyright (c) 2012-2014 Deepmind Technologies    (Koray Kavukcuoglu)
Copyright (c) 2011-2012 NEC Laboratories America (Koray Kavukcuoglu)
Copyright (c) 2011-2013 NYU                      (Clement Farabet)
Copyright (c) 2006-2010 NEC Laboratories America (Ronan Collobert, Leon Bottou, Iain Melvin, Jason Weston)
Copyright (c) 2006      Idiap Research Institute (Samy Bengio)
Copyright (c) 2001-2004 Idiap Research Institute (Ronan Collobert, Samy Bengio, Johnny Mariethoz)
Copyright (c) 2015      Google Inc.
Copyright (c) 2015      Yangqing Jia
Copyright (c) 2013-2016 The Caffe contributors
All rights reserved.

Various files include modifications (c) NVIDIA CORPORATION.  All rights reserved.
NVIDIA modifications are covered by the license terms that apply to the underlying project or file.

NOTE: MOFED driver for multi-node communication was not detected.
      Multi-node communication performance may be reduced.

NOTE: The SHMEM allocation limit is set to the default of 64MB.  This may be
   insufficient for PyTorch.  NVIDIA recommends the use of the following flags:
   nvidia-docker run --ipc=host ...

chtc_root.txt exist
.:
.
..
.chirp.config
.curl_plugin.in
.curl_plugin.out
.docker_sock
.job.ad
.machine.ad
.update.ad
_condor_stderr
_condor_stdout
chtc_root.txt
chtc_train_model.sh
condor_exec.exe
configs
docker_stderror
output
run
sequence_sets
sequences.tar.gz
source
staging.tar.gz
tmp
var

./configs:
.
..
config_1000_10.yaml
config_1000_100.yaml
config_1000_15.yaml
config_1000_2.yaml
config_1000_20.yaml
config_1000_30.yaml
config_1000_40.yaml
config_1000_5.yaml
config_1000_50.yaml
config_1000_500.yaml
config_200_10.yaml
config_200_100.yaml
config_200_15.yaml
config_200_2.yaml
config_200_20.yaml
config_200_30.yaml
config_200_40.yaml
config_200_5.yaml
config_200_50.yaml
config_200_500.yaml
config_500_10.yaml
config_500_100.yaml
config_500_15.yaml
config_500_2.yaml
config_500_20.yaml
config_500_30.yaml
config_500_40.yaml
config_500_5.yaml
config_500_50.yaml
config_500_500.yaml
configs.txt
make_configs.py

./output:
.
..

./run:
.
..
runmodel.sh

./sequence_sets:
.
..
.gitignore
README.md
cmx_aligned_blank_90.fasta
cmx_foreground.fasta
cmx_sequences.zip
processed_cmx_uniref100_90_80_10_100.fasta
processed_cmx_uniref100_90_80_10_100_small.fasta
test.fasta

./source:
.
..
dataloader.py
examine_model.py
make_dataset
model.py
plot_sequences.py
read_config.py
reweighting.py
train_model.py
utils.py

./source/make_dataset:
.
..
get_msa_stats.py
make_dataset.sh
process_msa.py

./tmp:
.
..

./var:
.
..
tmp

./var/tmp:
.
..
Weights do not exist. No weighted sampling will be done.
Max  memory usage:1271072
Epoch: 0	Time elapsed:0.00 sec
Max  memory usage:1462308
Epoch: 1	Time elapsed:23.56 sec
Max  memory usage:1462424
Epoch: 2	Time elapsed:46.50 sec
Max  memory usage:1462436
Epoch: 3	Time elapsed:70.32 sec
Max  memory usage:1462436
Epoch: 4	Time elapsed:94.59 sec
Max  memory usage:1462436
Epoch: 5	Time elapsed:117.62 sec
Max  memory usage:1462436
Epoch: 6	Time elapsed:140.14 sec
Max  memory usage:1462436
Epoch: 7	Time elapsed:163.00 sec
Max  memory usage:1462436
Epoch: 8	Time elapsed:185.61 sec
Max  memory usage:1462436
Epoch: 9	Time elapsed:207.80 sec
Max  memory usage:1462436
Epoch: 10	Time elapsed:231.46 sec
Max  memory usage:1462436
Epoch: 11	Time elapsed:253.95 sec
Max  memory usage:1462436
Epoch: 12	Time elapsed:276.75 sec
Max  memory usage:1462436
Epoch: 13	Time elapsed:299.90 sec
Max  memory usage:1462436
Epoch: 14	Time elapsed:321.94 sec
Max  memory usage:1462436
Epoch: 15	Time elapsed:344.16 sec
Max  memory usage:1462440
Epoch: 16	Time elapsed:366.67 sec
Max  memory usage:1462440
Epoch: 17	Time elapsed:388.87 sec
Max  memory usage:1462440
Epoch: 18	Time elapsed:411.58 sec
Max  memory usage:1462440
Epoch: 19	Time elapsed:435.73 sec
Max  memory usage:1462448
Epoch: 20	Time elapsed:458.98 sec
Max  memory usage:1462448
Epoch: 21	Time elapsed:481.18 sec
Max  memory usage:1462448
Epoch: 22	Time elapsed:503.62 sec
Max  memory usage:1462448
Epoch: 23	Time elapsed:527.29 sec
Max  memory usage:1462448
Epoch: 24	Time elapsed:549.56 sec
Max  memory usage:1462448
Epoch: 25	Time elapsed:571.44 sec
Max  memory usage:1462448
Epoch: 26	Time elapsed:594.15 sec
Max  memory usage:1462448
Epoch: 27	Time elapsed:620.49 sec
Max  memory usage:1462448
Epoch: 28	Time elapsed:645.37 sec
Max  memory usage:1462448
Epoch: 29	Time elapsed:669.77 sec
Max  memory usage:1468632
Epoch: 30	Time elapsed:693.50 sec
Max  memory usage:1468632
Epoch: 31	Time elapsed:718.43 sec
Max  memory usage:1468632
Epoch: 32	Time elapsed:742.62 sec
Max  memory usage:1468632
Epoch: 33	Time elapsed:766.05 sec
Max  memory usage:1468632
Epoch: 34	Time elapsed:788.95 sec
Max  memory usage:1468632
Epoch: 35	Time elapsed:812.02 sec
Max  memory usage:1468632
Epoch: 36	Time elapsed:834.71 sec
Max  memory usage:1468636
Epoch: 37	Time elapsed:858.31 sec
Max  memory usage:1468636
Epoch: 38	Time elapsed:881.78 sec
Max  memory usage:1468636
Epoch: 39	Time elapsed:904.86 sec
Max  memory usage:1468636
Epoch: 40	Time elapsed:927.34 sec
Max  memory usage:1468636
Epoch: 41	Time elapsed:950.05 sec
Max  memory usage:1468636
Epoch: 42	Time elapsed:972.98 sec
Max  memory usage:1468636
Epoch: 43	Time elapsed:995.66 sec
Max  memory usage:1468640
Epoch: 44	Time elapsed:1018.91 sec
Max  memory usage:1468640
Epoch: 45	Time elapsed:1042.10 sec
Max  memory usage:1468640
Epoch: 46	Time elapsed:1066.05 sec
Max  memory usage:1468640
Epoch: 47	Time elapsed:1088.94 sec
Max  memory usage:1468640
Epoch: 48	Time elapsed:1114.69 sec
Max  memory usage:1468640
Epoch: 49	Time elapsed:1138.19 sec
Max  memory usage:1468640
Epoch: 50	Time elapsed:1161.13 sec
Max  memory usage:1468640
Epoch: 51	Time elapsed:1185.49 sec
Max  memory usage:1468640
Epoch: 52	Time elapsed:1209.91 sec
Max  memory usage:1468640
Epoch: 53	Time elapsed:1234.15 sec
Max  memory usage:1468644
Epoch: 54	Time elapsed:1257.70 sec
Max  memory usage:1468644
Epoch: 55	Time elapsed:1282.08 sec
Max  memory usage:1468644
Epoch: 56	Time elapsed:1308.15 sec
Max  memory usage:1468644
Epoch: 57	Time elapsed:1331.97 sec
Max  memory usage:1468644
Epoch: 58	Time elapsed:1355.86 sec
Max  memory usage:1468644
Epoch: 59	Time elapsed:1380.01 sec
Max  memory usage:1468644
Epoch: 60	Time elapsed:1404.32 sec
Max  memory usage:1468644
Epoch: 61	Time elapsed:1429.82 sec
Max  memory usage:1468644
Epoch: 62	Time elapsed:1455.25 sec
Max  memory usage:1468644
Epoch: 63	Time elapsed:1479.40 sec
Max  memory usage:1468644
Epoch: 64	Time elapsed:1502.86 sec
Max  memory usage:1468644
Epoch: 65	Time elapsed:1525.51 sec
Max  memory usage:1468644
Epoch: 66	Time elapsed:1548.25 sec
Max  memory usage:1468644
Epoch: 67	Time elapsed:1571.21 sec
Max  memory usage:1468644
Epoch: 68	Time elapsed:1593.47 sec
Max  memory usage:1468644
Epoch: 69	Time elapsed:1616.10 sec
Max  memory usage:1468644
Epoch: 70	Time elapsed:1638.73 sec
Max  memory usage:1468644
Epoch: 71	Time elapsed:1660.94 sec
Max  memory usage:1468648
Epoch: 72	Time elapsed:1682.56 sec
Max  memory usage:1468648
Epoch: 73	Time elapsed:1704.55 sec
Max  memory usage:1468648
Epoch: 74	Time elapsed:1727.61 sec
Max  memory usage:1468648
Epoch: 75	Time elapsed:1749.70 sec
Max  memory usage:1468648
Epoch: 76	Time elapsed:1772.14 sec
Max  memory usage:1468648
Epoch: 77	Time elapsed:1794.46 sec
Max  memory usage:1468648
Epoch: 78	Time elapsed:1816.53 sec
Max  memory usage:1468648
Epoch: 79	Time elapsed:1838.77 sec
Max  memory usage:1468648
Epoch: 80	Time elapsed:1860.13 sec
Max  memory usage:1468648
Epoch: 81	Time elapsed:1882.24 sec
Max  memory usage:1468648
Epoch: 82	Time elapsed:1904.90 sec
Max  memory usage:1468648
Epoch: 83	Time elapsed:1927.34 sec
Max  memory usage:1468648
Epoch: 84	Time elapsed:1948.67 sec
Max  memory usage:1468648
Epoch: 85	Time elapsed:1970.88 sec
Max  memory usage:1468648
Epoch: 86	Time elapsed:1992.90 sec
Max  memory usage:1468648
Epoch: 87	Time elapsed:2014.61 sec
Max  memory usage:1468648
Epoch: 88	Time elapsed:2036.09 sec
Max  memory usage:1468648
Epoch: 89	Time elapsed:2057.87 sec
Max  memory usage:1468648
Epoch: 90	Time elapsed:2080.29 sec
Max  memory usage:1468648
Epoch: 91	Time elapsed:2102.34 sec
Max  memory usage:1468648
Epoch: 92	Time elapsed:2123.79 sec
Max  memory usage:1468648
Epoch: 93	Time elapsed:2146.08 sec
Max  memory usage:1468648
Epoch: 94	Time elapsed:2168.64 sec
Max  memory usage:1468648
Epoch: 95	Time elapsed:2191.13 sec
Max  memory usage:1468648
Epoch: 96	Time elapsed:2213.31 sec
Max  memory usage:1468648
Epoch: 97	Time elapsed:2235.56 sec
Max  memory usage:1468648
Epoch: 98	Time elapsed:2257.26 sec
Max  memory usage:1468648
Epoch: 99	Time elapsed:2280.07 sec
Max  memory usage:1468652
Epoch: 100	Time elapsed:2303.00 sec
Max  memory usage:1468652
Epoch: 101	Time elapsed:2325.49 sec
Max  memory usage:1468652
Epoch: 102	Time elapsed:2347.31 sec
Max  memory usage:1468652
Epoch: 103	Time elapsed:2369.74 sec
Max  memory usage:1468652
Epoch: 104	Time elapsed:2392.86 sec
Max  memory usage:1468652
Epoch: 105	Time elapsed:2415.22 sec
Max  memory usage:1468652
Epoch: 106	Time elapsed:2436.04 sec
Max  memory usage:1468652
Epoch: 107	Time elapsed:2457.61 sec
Max  memory usage:1468652
Epoch: 108	Time elapsed:2480.60 sec
Max  memory usage:1468652
Epoch: 109	Time elapsed:2503.56 sec
Max  memory usage:1468652
Epoch: 110	Time elapsed:2525.92 sec
Max  memory usage:1468652
Epoch: 111	Time elapsed:2548.24 sec
Max  memory usage:1468652
Epoch: 112	Time elapsed:2571.19 sec
Max  memory usage:1468652
Epoch: 113	Time elapsed:2593.20 sec
Max  memory usage:1468652
Epoch: 114	Time elapsed:2615.65 sec
Max  memory usage:1468652
Epoch: 115	Time elapsed:2637.91 sec
Max  memory usage:1468652
Epoch: 116	Time elapsed:2659.92 sec
Max  memory usage:1468656
Epoch: 117	Time elapsed:2682.12 sec
Max  memory usage:1468656
Epoch: 118	Time elapsed:2703.67 sec
Max  memory usage:1468656
Epoch: 119	Time elapsed:2724.82 sec
Max  memory usage:1468656
Epoch: 120	Time elapsed:2745.79 sec
Max  memory usage:1468656
Epoch: 121	Time elapsed:2766.66 sec
Max  memory usage:1468656
Epoch: 122	Time elapsed:2788.75 sec
Max  memory usage:1468656
Epoch: 123	Time elapsed:2810.58 sec
Max  memory usage:1468656
Epoch: 124	Time elapsed:2832.41 sec
Max  memory usage:1468656
Epoch: 125	Time elapsed:2854.68 sec
Max  memory usage:1468656
Epoch: 126	Time elapsed:2876.94 sec
Max  memory usage:1468656
Epoch: 127	Time elapsed:2899.05 sec
Max  memory usage:1468660
Epoch: 128	Time elapsed:2920.78 sec
Max  memory usage:1468660
Epoch: 129	Time elapsed:2942.94 sec
Max  memory usage:1468660
Epoch: 130	Time elapsed:2965.61 sec
Max  memory usage:1468660
Epoch: 131	Time elapsed:2987.18 sec
Max  memory usage:1468660
Epoch: 132	Time elapsed:3009.18 sec
Max  memory usage:1468660
Epoch: 133	Time elapsed:3030.95 sec
Max  memory usage:1468660
Epoch: 134	Time elapsed:3052.52 sec
Max  memory usage:1468660
Epoch: 135	Time elapsed:3074.41 sec
Max  memory usage:1468660
Epoch: 136	Time elapsed:3096.21 sec
Max  memory usage:1468660
Epoch: 137	Time elapsed:3118.25 sec
Max  memory usage:1468660
Epoch: 138	Time elapsed:3140.08 sec
Max  memory usage:1468664
Epoch: 139	Time elapsed:3161.32 sec
Max  memory usage:1468664
Epoch: 140	Time elapsed:3182.98 sec
Max  memory usage:1468664
Epoch: 141	Time elapsed:3204.65 sec
Max  memory usage:1468664
Epoch: 142	Time elapsed:3226.19 sec
Max  memory usage:1468664
Epoch: 143	Time elapsed:3247.42 sec
Max  memory usage:1468664
Epoch: 144	Time elapsed:3269.09 sec
Max  memory usage:1468664
Epoch: 145	Time elapsed:3291.07 sec
Max  memory usage:1468664
Epoch: 146	Time elapsed:3312.66 sec
Max  memory usage:1468664
Epoch: 147	Time elapsed:3334.30 sec
Max  memory usage:1468664
Epoch: 148	Time elapsed:3355.71 sec
Max  memory usage:1468664
Epoch: 149	Time elapsed:3376.73 sec
Max  memory usage:1468664
Epoch: 150	Time elapsed:3398.11 sec
Max  memory usage:1468664
Epoch: 151	Time elapsed:3420.46 sec
Max  memory usage:1468664
Epoch: 152	Time elapsed:3442.84 sec
Max  memory usage:1468664
Epoch: 153	Time elapsed:3465.14 sec
Max  memory usage:1468664
Epoch: 154	Time elapsed:3488.06 sec
Max  memory usage:1468664
Epoch: 155	Time elapsed:3510.25 sec
Max  memory usage:1468664
Epoch: 156	Time elapsed:3531.92 sec
Max  memory usage:1468664
Epoch: 157	Time elapsed:3554.74 sec
Max  memory usage:1468664
Epoch: 158	Time elapsed:3577.03 sec
Max  memory usage:1468664
Epoch: 159	Time elapsed:3599.63 sec
Max  memory usage:1468664
Epoch: 160	Time elapsed:3621.71 sec
Max  memory usage:1468664
Epoch: 161	Time elapsed:3644.83 sec
Max  memory usage:1468664
Epoch: 162	Time elapsed:3667.59 sec
Max  memory usage:1468664
Epoch: 163	Time elapsed:3691.87 sec
Max  memory usage:1468664
Epoch: 164	Time elapsed:3715.80 sec
Max  memory usage:1468664
Epoch: 165	Time elapsed:3738.44 sec
Max  memory usage:1468664
Epoch: 166	Time elapsed:3760.59 sec
Max  memory usage:1468664
Epoch: 167	Time elapsed:3783.45 sec
Max  memory usage:1468664
Epoch: 168	Time elapsed:3806.77 sec
Max  memory usage:1468664
Epoch: 169	Time elapsed:3829.76 sec
Max  memory usage:1468664
Epoch: 170	Time elapsed:3852.44 sec
Max  memory usage:1468664
Epoch: 171	Time elapsed:3875.48 sec
Max  memory usage:1468664
Epoch: 172	Time elapsed:3898.61 sec
Max  memory usage:1468664
Epoch: 173	Time elapsed:3922.50 sec
Max  memory usage:1468664
Epoch: 174	Time elapsed:3945.78 sec
Max  memory usage:1468664
Epoch: 175	Time elapsed:3968.75 sec
Max  memory usage:1468664
Epoch: 176	Time elapsed:3991.84 sec
Max  memory usage:1468664
Epoch: 177	Time elapsed:4014.70 sec
Max  memory usage:1468664
Epoch: 178	Time elapsed:4038.65 sec
Max  memory usage:1468664
Epoch: 179	Time elapsed:4061.78 sec
Max  memory usage:1468664
Epoch: 180	Time elapsed:4085.06 sec
Max  memory usage:1468664
Epoch: 181	Time elapsed:4107.95 sec
Max  memory usage:1468664
Epoch: 182	Time elapsed:4131.23 sec
Max  memory usage:1468664
Epoch: 183	Time elapsed:4154.36 sec
Max  memory usage:1468664
Epoch: 184	Time elapsed:4178.42 sec
Max  memory usage:1468664
Epoch: 185	Time elapsed:4202.03 sec
Max  memory usage:1468664
Epoch: 186	Time elapsed:4227.14 sec
Max  memory usage:1468664
Epoch: 187	Time elapsed:4250.89 sec
Max  memory usage:1468664
Epoch: 188	Time elapsed:4273.90 sec
Max  memory usage:1468664
Epoch: 189	Time elapsed:4296.71 sec
Max  memory usage:1468664
Epoch: 190	Time elapsed:4320.74 sec
Max  memory usage:1468664
Epoch: 191	Time elapsed:4344.12 sec
Max  memory usage:1468664
Epoch: 192	Time elapsed:4366.66 sec
Max  memory usage:1468664
Epoch: 193	Time elapsed:4389.23 sec
Max  memory usage:1468664
Epoch: 194	Time elapsed:4411.71 sec
Max  memory usage:1468664
Epoch: 195	Time elapsed:4433.95 sec
Max  memory usage:1468664
Epoch: 196	Time elapsed:4456.84 sec
Max  memory usage:1468664
Epoch: 197	Time elapsed:4480.70 sec
Max  memory usage:1468664
Epoch: 198	Time elapsed:4503.30 sec
Max  memory usage:1468664
Epoch: 199	Time elapsed:4526.13 sec
Max  memory usage:1468664
Epoch: 200	Time elapsed:4549.09 sec
Max  memory usage:1468664
Epoch: 201	Time elapsed:4572.18 sec
Max  memory usage:1468664
Epoch: 202	Time elapsed:4594.79 sec
Max  memory usage:1468664
Epoch: 203	Time elapsed:4617.11 sec
Max  memory usage:1468664
Epoch: 204	Time elapsed:4639.84 sec
Max  memory usage:1468664
Epoch: 205	Time elapsed:4661.99 sec
Max  memory usage:1468664
Epoch: 206	Time elapsed:4684.52 sec
Max  memory usage:1468664
Epoch: 207	Time elapsed:4706.77 sec
Max  memory usage:1468664
Epoch: 208	Time elapsed:4729.26 sec
Max  memory usage:1468664
Epoch: 209	Time elapsed:4751.56 sec
Max  memory usage:1468664
Epoch: 210	Time elapsed:4774.33 sec
Max  memory usage:1468664
Epoch: 211	Time elapsed:4796.67 sec
Max  memory usage:1468664
Epoch: 212	Time elapsed:4819.52 sec
Max  memory usage:1468664
Epoch: 213	Time elapsed:4842.23 sec
Max  memory usage:1468664
Epoch: 214	Time elapsed:4865.39 sec
Max  memory usage:1468664
Epoch: 215	Time elapsed:4888.02 sec
Max  memory usage:1468664
Epoch: 216	Time elapsed:4909.68 sec
Max  memory usage:1468664
Epoch: 217	Time elapsed:4932.07 sec
Max  memory usage:1468664
Epoch: 218	Time elapsed:4954.97 sec
Max  memory usage:1468664
Epoch: 219	Time elapsed:4977.61 sec
Max  memory usage:1468664
Epoch: 220	Time elapsed:5001.03 sec
Max  memory usage:1468664
Epoch: 221	Time elapsed:5024.55 sec
Max  memory usage:1468664
Epoch: 222	Time elapsed:5048.48 sec
Max  memory usage:1468664
Epoch: 223	Time elapsed:5071.60 sec
Max  memory usage:1468664
Epoch: 224	Time elapsed:5094.09 sec
Max  memory usage:1468664
Epoch: 225	Time elapsed:5116.54 sec
Max  memory usage:1468664
Epoch: 226	Time elapsed:5137.62 sec
Max  memory usage:1468664
Epoch: 227	Time elapsed:5159.27 sec
Max  memory usage:1468664
Epoch: 228	Time elapsed:5181.06 sec
Max  memory usage:1468664
Epoch: 229	Time elapsed:5202.34 sec
Max  memory usage:1468664
Epoch: 230	Time elapsed:5224.27 sec
Max  memory usage:1468664
Epoch: 231	Time elapsed:5245.55 sec
Max  memory usage:1468664
Epoch: 232	Time elapsed:5266.75 sec
Max  memory usage:1468664
Epoch: 233	Time elapsed:5288.09 sec
Max  memory usage:1468664
Epoch: 234	Time elapsed:5311.13 sec
Max  memory usage:1468664
Epoch: 235	Time elapsed:5333.71 sec
Max  memory usage:1468664
Epoch: 236	Time elapsed:5356.00 sec
Max  memory usage:1468664
Epoch: 237	Time elapsed:5378.02 sec
Max  memory usage:1468664
Epoch: 238	Time elapsed:5400.23 sec
Max  memory usage:1468664
Epoch: 239	Time elapsed:5421.87 sec
Max  memory usage:1468664
Epoch: 240	Time elapsed:5443.64 sec
Max  memory usage:1468664
Epoch: 241	Time elapsed:5465.80 sec
Max  memory usage:1468664
Epoch: 242	Time elapsed:5487.69 sec
Max  memory usage:1468664
Epoch: 243	Time elapsed:5509.34 sec
Max  memory usage:1468664
Epoch: 244	Time elapsed:5531.53 sec
Max  memory usage:1468664
Epoch: 245	Time elapsed:5553.86 sec
Max  memory usage:1468664
Epoch: 246	Time elapsed:5576.84 sec
Max  memory usage:1468664
Epoch: 247	Time elapsed:5599.45 sec
Max  memory usage:1468664
Epoch: 248	Time elapsed:5621.36 sec
Max  memory usage:1468668
Epoch: 249	Time elapsed:5643.00 sec
Max  memory usage:1468668
Epoch: 250	Time elapsed:5664.36 sec
Max  memory usage:1468668
Epoch: 251	Time elapsed:5684.95 sec
Max  memory usage:1468668
Epoch: 252	Time elapsed:5705.46 sec
Max  memory usage:1468668
Epoch: 253	Time elapsed:5725.91 sec
Max  memory usage:1468668
Epoch: 254	Time elapsed:5747.67 sec
Max  memory usage:1468668
Epoch: 255	Time elapsed:5768.73 sec
Max  memory usage:1468672
Epoch: 256	Time elapsed:5790.21 sec
Max  memory usage:1468672
Epoch: 257	Time elapsed:5811.70 sec
Max  memory usage:1468672
Epoch: 258	Time elapsed:5833.32 sec
Max  memory usage:1468672
Epoch: 259	Time elapsed:5855.99 sec
Max  memory usage:1468672
Epoch: 260	Time elapsed:5879.59 sec
Max  memory usage:1468672
Epoch: 261	Time elapsed:5902.71 sec
Max  memory usage:1468672
Epoch: 262	Time elapsed:5924.86 sec
Max  memory usage:1468672
Epoch: 263	Time elapsed:5947.17 sec
Max  memory usage:1468672
Epoch: 264	Time elapsed:5969.86 sec
Max  memory usage:1468672
Epoch: 265	Time elapsed:5993.29 sec
Max  memory usage:1468672
Epoch: 266	Time elapsed:6015.40 sec
Max  memory usage:1468672
Epoch: 267	Time elapsed:6037.35 sec
Max  memory usage:1468672
Epoch: 268	Time elapsed:6060.15 sec
Max  memory usage:1468672
Epoch: 269	Time elapsed:6082.73 sec
Max  memory usage:1468672
Epoch: 270	Time elapsed:6106.26 sec
Max  memory usage:1468672
Epoch: 271	Time elapsed:6129.61 sec
Max  memory usage:1468672
Epoch: 272	Time elapsed:6152.04 sec
Max  memory usage:1468672
Epoch: 273	Time elapsed:6174.59 sec
Max  memory usage:1468672
Epoch: 274	Time elapsed:6197.93 sec
Max  memory usage:1468672
Epoch: 275	Time elapsed:6220.86 sec
Max  memory usage:1468672
Epoch: 276	Time elapsed:6244.14 sec
Max  memory usage:1468672
Epoch: 277	Time elapsed:6266.61 sec
Max  memory usage:1468672
Epoch: 278	Time elapsed:6290.36 sec
Max  memory usage:1468672
Epoch: 279	Time elapsed:6313.76 sec
Max  memory usage:1468672
Epoch: 280	Time elapsed:6336.91 sec
Max  memory usage:1468672
Epoch: 281	Time elapsed:6360.42 sec
Max  memory usage:1468672
Epoch: 282	Time elapsed:6383.64 sec
Max  memory usage:1468672
Epoch: 283	Time elapsed:6406.57 sec
Max  memory usage:1468672
Epoch: 284	Time elapsed:6428.83 sec
Max  memory usage:1468672
Epoch: 285	Time elapsed:6451.85 sec
Max  memory usage:1468672
Epoch: 286	Time elapsed:6474.98 sec
Max  memory usage:1468672
Epoch: 287	Time elapsed:6497.58 sec
Max  memory usage:1468672
Epoch: 288	Time elapsed:6520.72 sec
Max  memory usage:1468672
Epoch: 289	Time elapsed:6543.14 sec
Max  memory usage:1468672
Epoch: 290	Time elapsed:6565.87 sec
Max  memory usage:1468672
Epoch: 291	Time elapsed:6588.05 sec
Max  memory usage:1468672
Epoch: 292	Time elapsed:6610.76 sec
Max  memory usage:1468672
Epoch: 293	Time elapsed:6633.99 sec
Max  memory usage:1468800
Epoch: 294	Time elapsed:6656.67 sec
Max  memory usage:1470276
Epoch: 295	Time elapsed:6678.77 sec
Max  memory usage:1470304
Epoch: 296	Time elapsed:6700.07 sec
Max  memory usage:1470324
Epoch: 297	Time elapsed:6721.66 sec
Max  memory usage:1470336
Epoch: 298	Time elapsed:6743.60 sec
Max  memory usage:1470356
Epoch: 299	Time elapsed:6765.24 sec
Max  memory usage:1470368
Epoch: 300	Time elapsed:6787.72 sec
Max  memory usage:1470372
Epoch: 301	Time elapsed:6809.56 sec
Max  memory usage:1470392
Epoch: 302	Time elapsed:6831.52 sec
Max  memory usage:1470404
Epoch: 303	Time elapsed:6853.04 sec
Max  memory usage:1470440
Epoch: 304	Time elapsed:6875.41 sec
Max  memory usage:1470440
Epoch: 305	Time elapsed:6897.79 sec
Max  memory usage:1470452
Epoch: 306	Time elapsed:6920.07 sec
Max  memory usage:1470464
Epoch: 307	Time elapsed:6942.38 sec
Max  memory usage:1470476
Epoch: 308	Time elapsed:6964.92 sec
Max  memory usage:1470480
Epoch: 309	Time elapsed:6986.75 sec
Max  memory usage:1470480
Epoch: 310	Time elapsed:7009.66 sec
Max  memory usage:1470508
Epoch: 311	Time elapsed:7031.66 sec
Max  memory usage:1470532
Epoch: 312	Time elapsed:7054.16 sec
Max  memory usage:1470540
Epoch: 313	Time elapsed:7076.13 sec
Max  memory usage:1470548
Epoch: 314	Time elapsed:7097.96 sec
Max  memory usage:1470564
Epoch: 315	Time elapsed:7120.42 sec
Max  memory usage:1470568
Epoch: 316	Time elapsed:7142.48 sec
Max  memory usage:1470588
Epoch: 317	Time elapsed:7164.43 sec
Max  memory usage:1470592
Epoch: 318	Time elapsed:7186.63 sec
Max  memory usage:1470592
Epoch: 319	Time elapsed:7209.21 sec
Max  memory usage:1470592
Epoch: 320	Time elapsed:7231.50 sec
Max  memory usage:1470592
Epoch: 321	Time elapsed:7253.56 sec
Max  memory usage:1470592
Epoch: 322	Time elapsed:7275.53 sec
Max  memory usage:1472632
Epoch: 323	Time elapsed:7297.37 sec
Max  memory usage:1472632
Epoch: 324	Time elapsed:7319.39 sec
Max  memory usage:1472632
Epoch: 325	Time elapsed:7340.91 sec
Max  memory usage:1472632
Epoch: 326	Time elapsed:7362.46 sec
Max  memory usage:1472632
Epoch: 327	Time elapsed:7384.91 sec
Max  memory usage:1472632
Epoch: 328	Time elapsed:7406.87 sec
Max  memory usage:1472632
Epoch: 329	Time elapsed:7428.77 sec
Max  memory usage:1472632
Epoch: 330	Time elapsed:7450.84 sec
Max  memory usage:1472632
Epoch: 331	Time elapsed:7473.27 sec
Max  memory usage:1472632
Epoch: 332	Time elapsed:7495.37 sec
Max  memory usage:1472632
Epoch: 333	Time elapsed:7516.98 sec
Max  memory usage:1472632
Epoch: 334	Time elapsed:7538.99 sec
Max  memory usage:1472632
Epoch: 335	Time elapsed:7561.82 sec
Max  memory usage:1472632
Epoch: 336	Time elapsed:7583.82 sec
Max  memory usage:1472632
Epoch: 337	Time elapsed:7605.43 sec
Max  memory usage:1472632
Epoch: 338	Time elapsed:7627.24 sec
Max  memory usage:1472632
Epoch: 339	Time elapsed:7648.95 sec
Max  memory usage:1472632
Epoch: 340	Time elapsed:7670.74 sec
Max  memory usage:1472632
Epoch: 341	Time elapsed:7692.93 sec
Max  memory usage:1472632
Epoch: 342	Time elapsed:7714.74 sec
Max  memory usage:1472632
Epoch: 343	Time elapsed:7735.99 sec
Max  memory usage:1472632
Epoch: 344	Time elapsed:7758.21 sec
Max  memory usage:1472632
Epoch: 345	Time elapsed:7780.97 sec
Max  memory usage:1472632
Epoch: 346	Time elapsed:7803.97 sec
Max  memory usage:1472632
Epoch: 347	Time elapsed:7825.56 sec
Max  memory usage:1472632
Epoch: 348	Time elapsed:7847.40 sec
Max  memory usage:1472632
Epoch: 349	Time elapsed:7869.55 sec
Max  memory usage:1472632
Epoch: 350	Time elapsed:7891.03 sec
Max  memory usage:1472640
Epoch: 351	Time elapsed:7913.09 sec
Max  memory usage:1472640
Epoch: 352	Time elapsed:7935.38 sec
Max  memory usage:1472640
Epoch: 353	Time elapsed:7956.85 sec
Max  memory usage:1472640
Epoch: 354	Time elapsed:7978.44 sec
Max  memory usage:1472640
Epoch: 355	Time elapsed:8000.28 sec
Max  memory usage:1472640
Epoch: 356	Time elapsed:8022.17 sec
Max  memory usage:1472640
Epoch: 357	Time elapsed:8043.78 sec
Max  memory usage:1472680
Epoch: 358	Time elapsed:8065.25 sec
Max  memory usage:1472680
Epoch: 359	Time elapsed:8087.47 sec
Max  memory usage:1472680
Epoch: 360	Time elapsed:8109.13 sec
Max  memory usage:1472680
Epoch: 361	Time elapsed:8131.27 sec
Max  memory usage:1472680
Epoch: 362	Time elapsed:8152.86 sec
Max  memory usage:1472680
Epoch: 363	Time elapsed:8174.54 sec
Max  memory usage:1472680
Epoch: 364	Time elapsed:8196.48 sec
Max  memory usage:1472680
Epoch: 365	Time elapsed:8217.96 sec
Max  memory usage:1472680
Epoch: 366	Time elapsed:8239.76 sec
Max  memory usage:1472680
Epoch: 367	Time elapsed:8261.89 sec
Max  memory usage:1472680
Epoch: 368	Time elapsed:8283.63 sec
Max  memory usage:1472680
Epoch: 369	Time elapsed:8305.42 sec
Max  memory usage:1472680
Epoch: 370	Time elapsed:8326.95 sec
Max  memory usage:1472684
Epoch: 371	Time elapsed:8348.97 sec
Max  memory usage:1472684
Epoch: 372	Time elapsed:8371.77 sec
Max  memory usage:1472684
Epoch: 373	Time elapsed:8394.69 sec
Max  memory usage:1472684
Epoch: 374	Time elapsed:8417.22 sec
Max  memory usage:1472684
Epoch: 375	Time elapsed:8439.08 sec
Max  memory usage:1472684
Epoch: 376	Time elapsed:8461.10 sec
Max  memory usage:1472684
Epoch: 377	Time elapsed:8482.99 sec
Max  memory usage:1472684
Epoch: 378	Time elapsed:8504.87 sec
Max  memory usage:1472684
Epoch: 379	Time elapsed:8526.01 sec
Max  memory usage:1472684
Epoch: 380	Time elapsed:8547.49 sec
Max  memory usage:1472684
Epoch: 381	Time elapsed:8569.55 sec
Max  memory usage:1472684
Epoch: 382	Time elapsed:8591.38 sec
Max  memory usage:1472684
Epoch: 383	Time elapsed:8613.76 sec
Max  memory usage:1472684
Epoch: 384	Time elapsed:8635.38 sec
Max  memory usage:1472684
Epoch: 385	Time elapsed:8656.97 sec
Max  memory usage:1472684
Epoch: 386	Time elapsed:8679.70 sec
Max  memory usage:1472684
Epoch: 387	Time elapsed:8702.01 sec
Max  memory usage:1472684
Epoch: 388	Time elapsed:8723.41 sec
Max  memory usage:1472688
Epoch: 389	Time elapsed:8744.78 sec
Max  memory usage:1472688
Epoch: 390	Time elapsed:8767.17 sec
Max  memory usage:1472688
Epoch: 391	Time elapsed:8789.15 sec
Max  memory usage:1472688
Epoch: 392	Time elapsed:8810.86 sec
Max  memory usage:1472688
Epoch: 393	Time elapsed:8832.77 sec
Max  memory usage:1472688
Epoch: 394	Time elapsed:8854.45 sec
Max  memory usage:1472688
Epoch: 395	Time elapsed:8876.16 sec
Max  memory usage:1472688
Epoch: 396	Time elapsed:8898.36 sec
Max  memory usage:1472688
Epoch: 397	Time elapsed:8920.21 sec
Max  memory usage:1472688
Epoch: 398	Time elapsed:8942.27 sec
Max  memory usage:1472688
Epoch: 399	Time elapsed:8964.14 sec
Max  memory usage:1472688
Epoch: 400	Time elapsed:8986.09 sec
Max  memory usage:1472688
Epoch: 401	Time elapsed:9007.78 sec
Max  memory usage:1472688
Epoch: 402	Time elapsed:9029.33 sec
Max  memory usage:1472688
Epoch: 403	Time elapsed:9050.98 sec
Max  memory usage:1472688
Epoch: 404	Time elapsed:9072.73 sec
Max  memory usage:1472688
Epoch: 405	Time elapsed:9094.57 sec
Max  memory usage:1472688
Epoch: 406	Time elapsed:9116.33 sec
Max  memory usage:1472688
Epoch: 407	Time elapsed:9138.33 sec
Max  memory usage:1472688
Epoch: 408	Time elapsed:9160.60 sec
Max  memory usage:1472688
Epoch: 409	Time elapsed:9182.55 sec
Max  memory usage:1472688
Epoch: 410	Time elapsed:9205.40 sec
Max  memory usage:1472688
Epoch: 411	Time elapsed:9228.29 sec
Max  memory usage:1472688
Epoch: 412	Time elapsed:9250.31 sec
Max  memory usage:1472688
Epoch: 413	Time elapsed:9272.38 sec
Max  memory usage:1472688
Epoch: 414	Time elapsed:9295.54 sec
Max  memory usage:1472688
Epoch: 415	Time elapsed:9317.30 sec
Max  memory usage:1472688
Epoch: 416	Time elapsed:9339.28 sec
Max  memory usage:1472688
Epoch: 417	Time elapsed:9360.95 sec
Max  memory usage:1472688
Epoch: 418	Time elapsed:9382.74 sec
Max  memory usage:1472688
Epoch: 419	Time elapsed:9404.29 sec
Max  memory usage:1472688
Epoch: 420	Time elapsed:9425.82 sec
Max  memory usage:1472688
Epoch: 421	Time elapsed:9447.55 sec
Max  memory usage:1472688
Epoch: 422	Time elapsed:9469.46 sec
Max  memory usage:1472688
Epoch: 423	Time elapsed:9490.73 sec
Max  memory usage:1472688
Epoch: 424	Time elapsed:9512.08 sec
Max  memory usage:1472688
Epoch: 425	Time elapsed:9533.99 sec
Max  memory usage:1472688
Epoch: 426	Time elapsed:9555.75 sec
Max  memory usage:1472688
Epoch: 427	Time elapsed:9577.48 sec
Max  memory usage:1472688
Epoch: 428	Time elapsed:9599.14 sec
Max  memory usage:1472688
Epoch: 429	Time elapsed:9621.14 sec
Max  memory usage:1472688
Epoch: 430	Time elapsed:9642.87 sec
Max  memory usage:1472688
Epoch: 431	Time elapsed:9664.54 sec
Max  memory usage:1472688
Epoch: 432	Time elapsed:9686.00 sec
Max  memory usage:1472688
Epoch: 433	Time elapsed:9707.70 sec
Max  memory usage:1472688
Epoch: 434	Time elapsed:9729.00 sec
Max  memory usage:1472688
Epoch: 435	Time elapsed:9750.57 sec
Max  memory usage:1472688
Epoch: 436	Time elapsed:9772.22 sec
Max  memory usage:1472688
Epoch: 437	Time elapsed:9793.74 sec
Max  memory usage:1472688
Epoch: 438	Time elapsed:9815.42 sec
Max  memory usage:1472688
Epoch: 439	Time elapsed:9837.08 sec
Max  memory usage:1472688
Epoch: 440	Time elapsed:9859.71 sec
Max  memory usage:1472688
Epoch: 441	Time elapsed:9881.81 sec
Max  memory usage:1472688
Epoch: 442	Time elapsed:9903.66 sec
Max  memory usage:1472688
Epoch: 443	Time elapsed:9925.93 sec
Max  memory usage:1472688
Epoch: 444	Time elapsed:9947.57 sec
Max  memory usage:1472688
Epoch: 445	Time elapsed:9969.78 sec
Max  memory usage:1472688
Epoch: 446	Time elapsed:9990.85 sec
Max  memory usage:1472688
Epoch: 447	Time elapsed:10012.53 sec
Max  memory usage:1472688
Epoch: 448	Time elapsed:10034.09 sec
Max  memory usage:1472688
Epoch: 449	Time elapsed:10055.85 sec
Max  memory usage:1472688
Epoch: 450	Time elapsed:10077.91 sec
Max  memory usage:1472688
Epoch: 451	Time elapsed:10099.24 sec
Max  memory usage:1472688
Epoch: 452	Time elapsed:10121.08 sec
Max  memory usage:1472688
Epoch: 453	Time elapsed:10142.11 sec
Max  memory usage:1472688
Epoch: 454	Time elapsed:10163.38 sec
Max  memory usage:1472688
Epoch: 455	Time elapsed:10185.09 sec
Max  memory usage:1472688
Epoch: 456	Time elapsed:10206.46 sec
Max  memory usage:1472688
Epoch: 457	Time elapsed:10228.46 sec
Max  memory usage:1472688
Epoch: 458	Time elapsed:10249.81 sec
Max  memory usage:1472688
Epoch: 459	Time elapsed:10271.76 sec
Max  memory usage:1472688
Epoch: 460	Time elapsed:10293.74 sec
Max  memory usage:1472688
Epoch: 461	Time elapsed:10315.31 sec
Max  memory usage:1472688
Epoch: 462	Time elapsed:10336.99 sec
Max  memory usage:1472688
Epoch: 463	Time elapsed:10358.91 sec
Max  memory usage:1472688
Epoch: 464	Time elapsed:10380.51 sec
Max  memory usage:1472688
Epoch: 465	Time elapsed:10402.15 sec
Max  memory usage:1472688
Epoch: 466	Time elapsed:10423.61 sec
Max  memory usage:1472688
Epoch: 467	Time elapsed:10445.47 sec
Max  memory usage:1472688
Epoch: 468	Time elapsed:10467.41 sec
Max  memory usage:1472688
Epoch: 469	Time elapsed:10489.93 sec
Max  memory usage:1472688
Epoch: 470	Time elapsed:10511.24 sec
Max  memory usage:1472688
Epoch: 471	Time elapsed:10532.90 sec
Max  memory usage:1472688
Epoch: 472	Time elapsed:10554.78 sec
Max  memory usage:1472688
Epoch: 473	Time elapsed:10576.89 sec
Max  memory usage:1472688
Epoch: 474	Time elapsed:10598.50 sec
Max  memory usage:1472688
Epoch: 475	Time elapsed:10620.24 sec
Max  memory usage:1472688
Epoch: 476	Time elapsed:10642.20 sec
Max  memory usage:1472688
Epoch: 477	Time elapsed:10664.16 sec
Max  memory usage:1472688
Epoch: 478	Time elapsed:10685.72 sec
Max  memory usage:1472688
Epoch: 479	Time elapsed:10707.62 sec
Max  memory usage:1472688
Epoch: 480	Time elapsed:10729.62 sec
Max  memory usage:1472688
Epoch: 481	Time elapsed:10751.29 sec
Max  memory usage:1472688
Epoch: 482	Time elapsed:10772.59 sec
Max  memory usage:1472688
Epoch: 483	Time elapsed:10794.07 sec
Max  memory usage:1472688
Epoch: 484	Time elapsed:10816.12 sec
Max  memory usage:1472688
Epoch: 485	Time elapsed:10837.98 sec
Max  memory usage:1472688
Epoch: 486	Time elapsed:10860.20 sec
Max  memory usage:1472688
Epoch: 487	Time elapsed:10882.36 sec
Max  memory usage:1472688
Epoch: 488	Time elapsed:10903.91 sec
Max  memory usage:1472688
Epoch: 489	Time elapsed:10925.55 sec
Max  memory usage:1472688
Epoch: 490	Time elapsed:10947.58 sec
Max  memory usage:1472688
Epoch: 491	Time elapsed:10970.04 sec
Max  memory usage:1472688
Epoch: 492	Time elapsed:10993.40 sec
Max  memory usage:1472692
Epoch: 493	Time elapsed:11016.29 sec
Max  memory usage:1472692
Epoch: 494	Time elapsed:11039.52 sec
Max  memory usage:1472692
Epoch: 495	Time elapsed:11062.01 sec
Max  memory usage:1472692
Epoch: 496	Time elapsed:11084.58 sec
Max  memory usage:1472692
Epoch: 497	Time elapsed:11106.78 sec
Max  memory usage:1472692
Epoch: 498	Time elapsed:11129.46 sec
Max  memory usage:1472692
Epoch: 499	Time elapsed:11151.78 sec
Saving Graph of loss function
Saving Latent space
Loading saved model...
