
=============
== PyTorch ==
=============

NVIDIA Release 19.11 (build 8777600)
PyTorch Version 1.4.0a0+649135b

Container image Copyright (c) 2019, NVIDIA CORPORATION.  All rights reserved.

Copyright (c) 2014-2019 Facebook Inc.
Copyright (c) 2011-2014 Idiap Research Institute (Ronan Collobert)
Copyright (c) 2012-2014 Deepmind Technologies    (Koray Kavukcuoglu)
Copyright (c) 2011-2012 NEC Laboratories America (Koray Kavukcuoglu)
Copyright (c) 2011-2013 NYU                      (Clement Farabet)
Copyright (c) 2006-2010 NEC Laboratories America (Ronan Collobert, Leon Bottou, Iain Melvin, Jason Weston)
Copyright (c) 2006      Idiap Research Institute (Samy Bengio)
Copyright (c) 2001-2004 Idiap Research Institute (Ronan Collobert, Samy Bengio, Johnny Mariethoz)
Copyright (c) 2015      Google Inc.
Copyright (c) 2015      Yangqing Jia
Copyright (c) 2013-2016 The Caffe contributors
All rights reserved.

Various files include modifications (c) NVIDIA CORPORATION.  All rights reserved.
NVIDIA modifications are covered by the license terms that apply to the underlying project or file.

NOTE: MOFED driver for multi-node communication was not detected.
      Multi-node communication performance may be reduced.

NOTE: The SHMEM allocation limit is set to the default of 64MB.  This may be
   insufficient for PyTorch.  NVIDIA recommends the use of the following flags:
   nvidia-docker run --ipc=host ...

chtc_root.txt exist
.:
.
..
.chirp.config
.curl_plugin.in
.curl_plugin.out
.docker_sock
.job.ad
.machine.ad
.update.ad
_condor_stderr
_condor_stdout
chtc_root.txt
chtc_train_model.sh
condor_exec.exe
configs
docker_stderror
output
run
sequence_sets
sequences.tar.gz
source
staging.tar.gz
tmp
var

./configs:
.
..
config_1000_10.yaml
config_1000_100.yaml
config_1000_15.yaml
config_1000_2.yaml
config_1000_20.yaml
config_1000_30.yaml
config_1000_40.yaml
config_1000_5.yaml
config_1000_50.yaml
config_1000_500.yaml
config_200_10.yaml
config_200_100.yaml
config_200_15.yaml
config_200_2.yaml
config_200_20.yaml
config_200_30.yaml
config_200_40.yaml
config_200_5.yaml
config_200_50.yaml
config_200_500.yaml
config_500_10.yaml
config_500_100.yaml
config_500_15.yaml
config_500_2.yaml
config_500_20.yaml
config_500_30.yaml
config_500_40.yaml
config_500_5.yaml
config_500_50.yaml
config_500_500.yaml
configs.txt
make_configs.py

./output:
.
..

./run:
.
..
runmodel.sh

./sequence_sets:
.
..
.gitignore
README.md
cmx_aligned_blank_90.fasta
cmx_foreground.fasta
cmx_sequences.zip
processed_cmx_uniref100_90_80_10_100.fasta
processed_cmx_uniref100_90_80_10_100_small.fasta
test.fasta

./source:
.
..
dataloader.py
examine_model.py
make_dataset
model.py
plot_sequences.py
read_config.py
reweighting.py
train_model.py
utils.py

./source/make_dataset:
.
..
get_msa_stats.py
make_dataset.sh
process_msa.py

./tmp:
.
..

./var:
.
..
tmp

./var/tmp:
.
..
Weights do not exist. No weighted sampling will be done.
Max  memory usage:1265144
Epoch: 0	Time elapsed:0.00 sec
Max  memory usage:1464812
Epoch: 1	Time elapsed:25.17 sec
Max  memory usage:1464936
Epoch: 2	Time elapsed:48.00 sec
Max  memory usage:1464948
Epoch: 3	Time elapsed:70.50 sec
Max  memory usage:1464948
Epoch: 4	Time elapsed:92.57 sec
Max  memory usage:1464948
Epoch: 5	Time elapsed:115.98 sec
Max  memory usage:1464948
Epoch: 6	Time elapsed:138.68 sec
Max  memory usage:1464948
Epoch: 7	Time elapsed:161.76 sec
Max  memory usage:1464948
Epoch: 8	Time elapsed:184.19 sec
Max  memory usage:1464948
Epoch: 9	Time elapsed:206.80 sec
Max  memory usage:1464948
Epoch: 10	Time elapsed:229.21 sec
Max  memory usage:1464948
Epoch: 11	Time elapsed:252.32 sec
Max  memory usage:1464948
Epoch: 12	Time elapsed:274.47 sec
Max  memory usage:1464948
Epoch: 13	Time elapsed:296.53 sec
Max  memory usage:1464948
Epoch: 14	Time elapsed:319.02 sec
Max  memory usage:1464948
Epoch: 15	Time elapsed:340.97 sec
Max  memory usage:1464952
Epoch: 16	Time elapsed:363.73 sec
Max  memory usage:1464952
Epoch: 17	Time elapsed:386.60 sec
Max  memory usage:1464952
Epoch: 18	Time elapsed:409.23 sec
Max  memory usage:1464952
Epoch: 19	Time elapsed:431.26 sec
Max  memory usage:1464960
Epoch: 20	Time elapsed:453.77 sec
Max  memory usage:1464960
Epoch: 21	Time elapsed:477.35 sec
Max  memory usage:1464960
Epoch: 22	Time elapsed:499.30 sec
Max  memory usage:1464960
Epoch: 23	Time elapsed:521.75 sec
Max  memory usage:1464960
Epoch: 24	Time elapsed:545.68 sec
Max  memory usage:1464960
Epoch: 25	Time elapsed:571.39 sec
Max  memory usage:1464960
Epoch: 26	Time elapsed:595.62 sec
Max  memory usage:1464960
Epoch: 27	Time elapsed:619.17 sec
Max  memory usage:1464960
Epoch: 28	Time elapsed:642.82 sec
Max  memory usage:1464960
Epoch: 29	Time elapsed:666.77 sec
Max  memory usage:1464960
Epoch: 30	Time elapsed:690.17 sec
Max  memory usage:1464960
Epoch: 31	Time elapsed:712.68 sec
Max  memory usage:1464960
Epoch: 32	Time elapsed:734.70 sec
Max  memory usage:1464960
Epoch: 33	Time elapsed:756.63 sec
Max  memory usage:1464960
Epoch: 34	Time elapsed:778.49 sec
Max  memory usage:1464960
Epoch: 35	Time elapsed:800.27 sec
Max  memory usage:1471144
Epoch: 36	Time elapsed:822.24 sec
Max  memory usage:1471144
Epoch: 37	Time elapsed:843.92 sec
Max  memory usage:1471144
Epoch: 38	Time elapsed:866.11 sec
Max  memory usage:1471148
Epoch: 39	Time elapsed:888.19 sec
Max  memory usage:1471148
Epoch: 40	Time elapsed:909.87 sec
Max  memory usage:1471148
Epoch: 41	Time elapsed:931.15 sec
Max  memory usage:1471148
Epoch: 42	Time elapsed:952.85 sec
Max  memory usage:1471148
Epoch: 43	Time elapsed:974.22 sec
Max  memory usage:1471152
Epoch: 44	Time elapsed:996.25 sec
Max  memory usage:1471152
Epoch: 45	Time elapsed:1018.69 sec
Max  memory usage:1471152
Epoch: 46	Time elapsed:1041.22 sec
Max  memory usage:1471152
Epoch: 47	Time elapsed:1063.16 sec
Max  memory usage:1471152
Epoch: 48	Time elapsed:1086.31 sec
Max  memory usage:1471152
Epoch: 49	Time elapsed:1108.46 sec
Max  memory usage:1471152
Epoch: 50	Time elapsed:1130.55 sec
Max  memory usage:1471152
Epoch: 51	Time elapsed:1152.48 sec
Max  memory usage:1471152
Epoch: 52	Time elapsed:1174.59 sec
Max  memory usage:1471152
Epoch: 53	Time elapsed:1196.18 sec
Max  memory usage:1471156
Epoch: 54	Time elapsed:1218.68 sec
Max  memory usage:1471156
Epoch: 55	Time elapsed:1241.70 sec
Max  memory usage:1471156
Epoch: 56	Time elapsed:1263.82 sec
Max  memory usage:1471156
Epoch: 57	Time elapsed:1285.86 sec
Max  memory usage:1471156
Epoch: 58	Time elapsed:1308.58 sec
Max  memory usage:1471156
Epoch: 59	Time elapsed:1331.14 sec
Max  memory usage:1471156
Epoch: 60	Time elapsed:1353.69 sec
Max  memory usage:1471156
Epoch: 61	Time elapsed:1375.64 sec
Max  memory usage:1471156
Epoch: 62	Time elapsed:1397.47 sec
Max  memory usage:1471156
Epoch: 63	Time elapsed:1419.53 sec
Max  memory usage:1471156
Epoch: 64	Time elapsed:1440.88 sec
Max  memory usage:1471156
Epoch: 65	Time elapsed:1461.60 sec
Max  memory usage:1471156
Epoch: 66	Time elapsed:1482.39 sec
Max  memory usage:1471156
Epoch: 67	Time elapsed:1503.06 sec
Max  memory usage:1471156
Epoch: 68	Time elapsed:1524.01 sec
Max  memory usage:1471156
Epoch: 69	Time elapsed:1544.63 sec
Max  memory usage:1471156
Epoch: 70	Time elapsed:1565.47 sec
Max  memory usage:1471156
Epoch: 71	Time elapsed:1586.47 sec
Max  memory usage:1471160
Epoch: 72	Time elapsed:1607.93 sec
Max  memory usage:1471160
Epoch: 73	Time elapsed:1629.20 sec
Max  memory usage:1471160
Epoch: 74	Time elapsed:1650.20 sec
Max  memory usage:1471160
Epoch: 75	Time elapsed:1671.47 sec
Max  memory usage:1471160
Epoch: 76	Time elapsed:1692.61 sec
Max  memory usage:1471160
Epoch: 77	Time elapsed:1714.55 sec
Max  memory usage:1471160
Epoch: 78	Time elapsed:1735.61 sec
Max  memory usage:1471160
Epoch: 79	Time elapsed:1757.14 sec
Max  memory usage:1471160
Epoch: 80	Time elapsed:1777.93 sec
Max  memory usage:1471160
Epoch: 81	Time elapsed:1798.87 sec
Max  memory usage:1471160
Epoch: 82	Time elapsed:1820.13 sec
Max  memory usage:1471160
Epoch: 83	Time elapsed:1840.93 sec
Max  memory usage:1471160
Epoch: 84	Time elapsed:1862.36 sec
Max  memory usage:1471160
Epoch: 85	Time elapsed:1883.79 sec
Max  memory usage:1471160
Epoch: 86	Time elapsed:1904.71 sec
Max  memory usage:1471160
Epoch: 87	Time elapsed:1925.89 sec
Max  memory usage:1471160
Epoch: 88	Time elapsed:1946.53 sec
Max  memory usage:1471160
Epoch: 89	Time elapsed:1967.62 sec
Max  memory usage:1471160
Epoch: 90	Time elapsed:1988.40 sec
Max  memory usage:1471160
Epoch: 91	Time elapsed:2009.35 sec
Max  memory usage:1471160
Epoch: 92	Time elapsed:2031.08 sec
Max  memory usage:1471160
Epoch: 93	Time elapsed:2051.53 sec
Max  memory usage:1471160
Epoch: 94	Time elapsed:2072.64 sec
Max  memory usage:1471160
Epoch: 95	Time elapsed:2093.78 sec
Max  memory usage:1471160
Epoch: 96	Time elapsed:2115.32 sec
Max  memory usage:1471160
Epoch: 97	Time elapsed:2136.89 sec
Max  memory usage:1471160
Epoch: 98	Time elapsed:2157.54 sec
Max  memory usage:1471160
Epoch: 99	Time elapsed:2178.46 sec
Max  memory usage:1471164
Epoch: 100	Time elapsed:2199.52 sec
Max  memory usage:1471164
Epoch: 101	Time elapsed:2221.37 sec
Max  memory usage:1471164
Epoch: 102	Time elapsed:2242.89 sec
Max  memory usage:1471164
Epoch: 103	Time elapsed:2264.07 sec
Max  memory usage:1471164
Epoch: 104	Time elapsed:2285.13 sec
Max  memory usage:1471164
Epoch: 105	Time elapsed:2306.02 sec
Max  memory usage:1471164
Epoch: 106	Time elapsed:2327.82 sec
Max  memory usage:1471164
Epoch: 107	Time elapsed:2349.26 sec
Max  memory usage:1471164
Epoch: 108	Time elapsed:2370.14 sec
Max  memory usage:1471164
Epoch: 109	Time elapsed:2390.89 sec
Max  memory usage:1471164
Epoch: 110	Time elapsed:2412.27 sec
Max  memory usage:1471164
Epoch: 111	Time elapsed:2433.57 sec
Max  memory usage:1471164
Epoch: 112	Time elapsed:2454.97 sec
Max  memory usage:1471164
Epoch: 113	Time elapsed:2476.12 sec
Max  memory usage:1471164
Epoch: 114	Time elapsed:2497.36 sec
Max  memory usage:1471164
Epoch: 115	Time elapsed:2519.27 sec
Max  memory usage:1471164
Epoch: 116	Time elapsed:2541.08 sec
Max  memory usage:1471168
Epoch: 117	Time elapsed:2561.85 sec
Max  memory usage:1471168
Epoch: 118	Time elapsed:2582.98 sec
Max  memory usage:1471168
Epoch: 119	Time elapsed:2603.89 sec
Max  memory usage:1471168
Epoch: 120	Time elapsed:2624.56 sec
Max  memory usage:1471168
Epoch: 121	Time elapsed:2645.04 sec
Max  memory usage:1471168
Epoch: 122	Time elapsed:2665.84 sec
Max  memory usage:1471168
Epoch: 123	Time elapsed:2686.57 sec
Max  memory usage:1471168
Epoch: 124	Time elapsed:2707.54 sec
Max  memory usage:1471168
Epoch: 125	Time elapsed:2729.08 sec
Max  memory usage:1471168
Epoch: 126	Time elapsed:2750.29 sec
Max  memory usage:1471168
Epoch: 127	Time elapsed:2772.36 sec
Max  memory usage:1471172
Epoch: 128	Time elapsed:2792.59 sec
Max  memory usage:1471172
Epoch: 129	Time elapsed:2812.94 sec
Max  memory usage:1471172
Epoch: 130	Time elapsed:2834.49 sec
Max  memory usage:1471172
Epoch: 131	Time elapsed:2855.99 sec
Max  memory usage:1471172
Epoch: 132	Time elapsed:2877.82 sec
Max  memory usage:1471172
Epoch: 133	Time elapsed:2898.92 sec
Max  memory usage:1471172
Epoch: 134	Time elapsed:2919.62 sec
Max  memory usage:1471172
Epoch: 135	Time elapsed:2940.41 sec
Max  memory usage:1471172
Epoch: 136	Time elapsed:2961.80 sec
Max  memory usage:1471172
Epoch: 137	Time elapsed:2984.03 sec
Max  memory usage:1471172
Epoch: 138	Time elapsed:3005.70 sec
Max  memory usage:1471172
Epoch: 139	Time elapsed:3026.84 sec
Max  memory usage:1471172
Epoch: 140	Time elapsed:3047.69 sec
Max  memory usage:1471172
Epoch: 141	Time elapsed:3069.28 sec
Max  memory usage:1471172
Epoch: 142	Time elapsed:3090.52 sec
Max  memory usage:1471172
Epoch: 143	Time elapsed:3111.28 sec
Max  memory usage:1471172
Epoch: 144	Time elapsed:3132.17 sec
Max  memory usage:1471172
Epoch: 145	Time elapsed:3152.97 sec
Max  memory usage:1471172
Epoch: 146	Time elapsed:3173.81 sec
Max  memory usage:1471172
Epoch: 147	Time elapsed:3194.27 sec
Max  memory usage:1471172
Epoch: 148	Time elapsed:3215.22 sec
Max  memory usage:1471172
Epoch: 149	Time elapsed:3236.21 sec
Max  memory usage:1471172
Epoch: 150	Time elapsed:3257.08 sec
Max  memory usage:1471172
Epoch: 151	Time elapsed:3277.95 sec
Max  memory usage:1471172
Epoch: 152	Time elapsed:3299.04 sec
Max  memory usage:1471172
Epoch: 153	Time elapsed:3320.19 sec
Max  memory usage:1471172
Epoch: 154	Time elapsed:3341.45 sec
Max  memory usage:1471172
Epoch: 155	Time elapsed:3362.20 sec
Max  memory usage:1471172
Epoch: 156	Time elapsed:3382.65 sec
Max  memory usage:1471172
Epoch: 157	Time elapsed:3403.74 sec
Max  memory usage:1471172
Epoch: 158	Time elapsed:3424.43 sec
Max  memory usage:1471172
Epoch: 159	Time elapsed:3445.29 sec
Max  memory usage:1471172
Epoch: 160	Time elapsed:3465.58 sec
Max  memory usage:1471172
Epoch: 161	Time elapsed:3486.12 sec
Max  memory usage:1471172
Epoch: 162	Time elapsed:3507.64 sec
Max  memory usage:1471176
Epoch: 163	Time elapsed:3529.49 sec
Max  memory usage:1471176
Epoch: 164	Time elapsed:3550.57 sec
Max  memory usage:1471176
Epoch: 165	Time elapsed:3572.25 sec
Max  memory usage:1471176
Epoch: 166	Time elapsed:3594.16 sec
Max  memory usage:1471176
Epoch: 167	Time elapsed:3615.73 sec
Max  memory usage:1471176
Epoch: 168	Time elapsed:3637.63 sec
Max  memory usage:1471176
Epoch: 169	Time elapsed:3659.20 sec
Max  memory usage:1471176
Epoch: 170	Time elapsed:3681.36 sec
Max  memory usage:1471176
Epoch: 171	Time elapsed:3702.92 sec
Max  memory usage:1471176
Epoch: 172	Time elapsed:3724.70 sec
Max  memory usage:1471176
Epoch: 173	Time elapsed:3746.26 sec
Max  memory usage:1471176
Epoch: 174	Time elapsed:3768.24 sec
Max  memory usage:1471176
Epoch: 175	Time elapsed:3789.79 sec
Max  memory usage:1471176
Epoch: 176	Time elapsed:3811.08 sec
Max  memory usage:1471176
Epoch: 177	Time elapsed:3832.83 sec
Max  memory usage:1471176
Epoch: 178	Time elapsed:3854.04 sec
Max  memory usage:1471176
Epoch: 179	Time elapsed:3875.89 sec
Max  memory usage:1471176
Epoch: 180	Time elapsed:3897.86 sec
Max  memory usage:1471176
Epoch: 181	Time elapsed:3919.73 sec
Max  memory usage:1471176
Epoch: 182	Time elapsed:3941.13 sec
Max  memory usage:1471176
Epoch: 183	Time elapsed:3963.44 sec
Max  memory usage:1471176
Epoch: 184	Time elapsed:3985.45 sec
Max  memory usage:1471176
Epoch: 185	Time elapsed:4007.28 sec
Max  memory usage:1471176
Epoch: 186	Time elapsed:4028.78 sec
Max  memory usage:1471176
Epoch: 187	Time elapsed:4050.11 sec
Max  memory usage:1471176
Epoch: 188	Time elapsed:4072.18 sec
Max  memory usage:1471176
Epoch: 189	Time elapsed:4094.21 sec
Max  memory usage:1471176
Epoch: 190	Time elapsed:4115.69 sec
Max  memory usage:1471176
Epoch: 191	Time elapsed:4137.32 sec
Max  memory usage:1471176
Epoch: 192	Time elapsed:4159.28 sec
Max  memory usage:1471176
Epoch: 193	Time elapsed:4181.20 sec
Max  memory usage:1471176
Epoch: 194	Time elapsed:4202.85 sec
Max  memory usage:1471176
Epoch: 195	Time elapsed:4224.56 sec
Max  memory usage:1471176
Epoch: 196	Time elapsed:4246.33 sec
Max  memory usage:1471176
Epoch: 197	Time elapsed:4267.94 sec
Max  memory usage:1471176
Epoch: 198	Time elapsed:4290.13 sec
Max  memory usage:1471176
Epoch: 199	Time elapsed:4312.16 sec
Max  memory usage:1471176
Epoch: 200	Time elapsed:4333.86 sec
Max  memory usage:1471176
Epoch: 201	Time elapsed:4355.73 sec
Max  memory usage:1471176
Epoch: 202	Time elapsed:4376.67 sec
Max  memory usage:1471176
Epoch: 203	Time elapsed:4398.11 sec
Max  memory usage:1471176
Epoch: 204	Time elapsed:4419.72 sec
Max  memory usage:1471176
Epoch: 205	Time elapsed:4441.97 sec
Max  memory usage:1471176
Epoch: 206	Time elapsed:4463.83 sec
Max  memory usage:1471176
Epoch: 207	Time elapsed:4485.50 sec
Max  memory usage:1471176
Epoch: 208	Time elapsed:4507.60 sec
Max  memory usage:1471176
Epoch: 209	Time elapsed:4528.92 sec
Max  memory usage:1471176
Epoch: 210	Time elapsed:4550.62 sec
Max  memory usage:1471176
Epoch: 211	Time elapsed:4572.62 sec
Max  memory usage:1471176
Epoch: 212	Time elapsed:4594.97 sec
Max  memory usage:1471176
Epoch: 213	Time elapsed:4617.04 sec
Max  memory usage:1471176
Epoch: 214	Time elapsed:4639.37 sec
Max  memory usage:1471176
Epoch: 215	Time elapsed:4661.65 sec
Max  memory usage:1471176
Epoch: 216	Time elapsed:4683.87 sec
Max  memory usage:1471176
Epoch: 217	Time elapsed:4705.35 sec
Max  memory usage:1471176
Epoch: 218	Time elapsed:4726.21 sec
Max  memory usage:1471176
Epoch: 219	Time elapsed:4747.47 sec
Max  memory usage:1471176
Epoch: 220	Time elapsed:4768.70 sec
Max  memory usage:1471176
Epoch: 221	Time elapsed:4790.42 sec
Max  memory usage:1471176
Epoch: 222	Time elapsed:4811.67 sec
Max  memory usage:1471176
Epoch: 223	Time elapsed:4833.88 sec
Max  memory usage:1471176
Epoch: 224	Time elapsed:4855.35 sec
Max  memory usage:1471176
Epoch: 225	Time elapsed:4877.25 sec
Max  memory usage:1471176
Epoch: 226	Time elapsed:4898.72 sec
Max  memory usage:1471176
Epoch: 227	Time elapsed:4920.65 sec
Max  memory usage:1471176
Epoch: 228	Time elapsed:4942.67 sec
Max  memory usage:1471176
Epoch: 229	Time elapsed:4964.80 sec
Max  memory usage:1471176
Epoch: 230	Time elapsed:4986.97 sec
Max  memory usage:1471176
Epoch: 231	Time elapsed:5008.75 sec
Max  memory usage:1471176
Epoch: 232	Time elapsed:5032.18 sec
Max  memory usage:1471176
Epoch: 233	Time elapsed:5054.29 sec
Max  memory usage:1471176
Epoch: 234	Time elapsed:5076.04 sec
Max  memory usage:1471176
Epoch: 235	Time elapsed:5097.85 sec
Max  memory usage:1471176
Epoch: 236	Time elapsed:5119.46 sec
Max  memory usage:1471176
Epoch: 237	Time elapsed:5141.14 sec
Max  memory usage:1471176
Epoch: 238	Time elapsed:5162.91 sec
Max  memory usage:1471176
Epoch: 239	Time elapsed:5184.75 sec
Max  memory usage:1471176
Epoch: 240	Time elapsed:5206.65 sec
Max  memory usage:1471176
Epoch: 241	Time elapsed:5228.12 sec
Max  memory usage:1471176
Epoch: 242	Time elapsed:5251.19 sec
Max  memory usage:1471176
Epoch: 243	Time elapsed:5273.26 sec
Max  memory usage:1471176
Epoch: 244	Time elapsed:5295.19 sec
Max  memory usage:1471176
Epoch: 245	Time elapsed:5317.17 sec
Max  memory usage:1471176
Epoch: 246	Time elapsed:5340.01 sec
Max  memory usage:1471176
Epoch: 247	Time elapsed:5361.63 sec
Max  memory usage:1471176
Epoch: 248	Time elapsed:5383.75 sec
Max  memory usage:1471180
Epoch: 249	Time elapsed:5405.49 sec
Max  memory usage:1471180
Epoch: 250	Time elapsed:5427.29 sec
Max  memory usage:1471180
Epoch: 251	Time elapsed:5449.00 sec
Max  memory usage:1471180
Epoch: 252	Time elapsed:5470.60 sec
Max  memory usage:1471180
Epoch: 253	Time elapsed:5492.26 sec
Max  memory usage:1471180
Epoch: 254	Time elapsed:5513.64 sec
Max  memory usage:1471180
Epoch: 255	Time elapsed:5535.04 sec
Max  memory usage:1471184
Epoch: 256	Time elapsed:5556.57 sec
Max  memory usage:1471184
Epoch: 257	Time elapsed:5578.55 sec
Max  memory usage:1471184
Epoch: 258	Time elapsed:5600.11 sec
Max  memory usage:1471184
Epoch: 259	Time elapsed:5622.80 sec
Max  memory usage:1471184
Epoch: 260	Time elapsed:5644.44 sec
Max  memory usage:1471184
Epoch: 261	Time elapsed:5666.96 sec
Max  memory usage:1471184
Epoch: 262	Time elapsed:5688.80 sec
Max  memory usage:1471184
Epoch: 263	Time elapsed:5710.19 sec
Max  memory usage:1471184
Epoch: 264	Time elapsed:5731.71 sec
Max  memory usage:1471184
Epoch: 265	Time elapsed:5753.30 sec
Max  memory usage:1471184
Epoch: 266	Time elapsed:5775.58 sec
Max  memory usage:1471184
Epoch: 267	Time elapsed:5797.75 sec
Max  memory usage:1471184
Epoch: 268	Time elapsed:5819.61 sec
Max  memory usage:1471184
Epoch: 269	Time elapsed:5842.44 sec
Max  memory usage:1471184
Epoch: 270	Time elapsed:5864.37 sec
Max  memory usage:1471184
Epoch: 271	Time elapsed:5886.36 sec
Max  memory usage:1471184
Epoch: 272	Time elapsed:5909.35 sec
Max  memory usage:1471184
Epoch: 273	Time elapsed:5931.59 sec
Max  memory usage:1471184
Epoch: 274	Time elapsed:5953.40 sec
Max  memory usage:1471184
Epoch: 275	Time elapsed:5975.06 sec
Max  memory usage:1471184
Epoch: 276	Time elapsed:5996.66 sec
Max  memory usage:1471184
Epoch: 277	Time elapsed:6018.45 sec
Max  memory usage:1471184
Epoch: 278	Time elapsed:6040.31 sec
Max  memory usage:1471184
Epoch: 279	Time elapsed:6062.93 sec
Max  memory usage:1471184
Epoch: 280	Time elapsed:6084.52 sec
Max  memory usage:1471184
Epoch: 281	Time elapsed:6106.34 sec
Max  memory usage:1471184
Epoch: 282	Time elapsed:6128.18 sec
Max  memory usage:1471184
Epoch: 283	Time elapsed:6150.06 sec
Max  memory usage:1471184
Epoch: 284	Time elapsed:6172.06 sec
Max  memory usage:1471184
Epoch: 285	Time elapsed:6194.33 sec
Max  memory usage:1471184
Epoch: 286	Time elapsed:6217.41 sec
Max  memory usage:1471184
Epoch: 287	Time elapsed:6239.17 sec
Max  memory usage:1471184
Epoch: 288	Time elapsed:6260.99 sec
Max  memory usage:1471184
Epoch: 289	Time elapsed:6283.09 sec
Max  memory usage:1471184
Epoch: 290	Time elapsed:6305.37 sec
Max  memory usage:1471184
Epoch: 291	Time elapsed:6327.23 sec
Max  memory usage:1471184
Epoch: 292	Time elapsed:6350.59 sec
Max  memory usage:1471184
Epoch: 293	Time elapsed:6372.57 sec
Max  memory usage:1471184
Epoch: 294	Time elapsed:6394.53 sec
Max  memory usage:1471184
Epoch: 295	Time elapsed:6416.82 sec
Max  memory usage:1471184
Epoch: 296	Time elapsed:6439.03 sec
Max  memory usage:1471184
Epoch: 297	Time elapsed:6461.61 sec
Max  memory usage:1471184
Epoch: 298	Time elapsed:6483.43 sec
Max  memory usage:1471184
Epoch: 299	Time elapsed:6505.86 sec
Max  memory usage:1471184
Epoch: 300	Time elapsed:6527.90 sec
Max  memory usage:1471184
Epoch: 301	Time elapsed:6549.49 sec
Max  memory usage:1471184
Epoch: 302	Time elapsed:6570.89 sec
Max  memory usage:1471184
Epoch: 303	Time elapsed:6592.54 sec
Max  memory usage:1471184
Epoch: 304	Time elapsed:6614.25 sec
Max  memory usage:1471184
Epoch: 305	Time elapsed:6636.48 sec
Max  memory usage:1471184
Epoch: 306	Time elapsed:6658.45 sec
Max  memory usage:1471184
Epoch: 307	Time elapsed:6680.07 sec
Max  memory usage:1471184
Epoch: 308	Time elapsed:6701.74 sec
Max  memory usage:1471184
Epoch: 309	Time elapsed:6724.12 sec
Max  memory usage:1471184
Epoch: 310	Time elapsed:6745.79 sec
Max  memory usage:1471184
Epoch: 311	Time elapsed:6767.41 sec
Max  memory usage:1471184
Epoch: 312	Time elapsed:6789.70 sec
Max  memory usage:1471184
Epoch: 313	Time elapsed:6811.10 sec
Max  memory usage:1471184
Epoch: 314	Time elapsed:6833.56 sec
Max  memory usage:1471184
Epoch: 315	Time elapsed:6854.95 sec
Max  memory usage:1471184
Epoch: 316	Time elapsed:6877.00 sec
Max  memory usage:1471184
Epoch: 317	Time elapsed:6898.42 sec
Max  memory usage:1471184
Epoch: 318	Time elapsed:6920.09 sec
Max  memory usage:1471184
Epoch: 319	Time elapsed:6942.16 sec
Max  memory usage:1471184
Epoch: 320	Time elapsed:6964.22 sec
Max  memory usage:1471184
Epoch: 321	Time elapsed:6986.25 sec
Max  memory usage:1471184
Epoch: 322	Time elapsed:7008.15 sec
Max  memory usage:1471184
Epoch: 323	Time elapsed:7029.81 sec
Max  memory usage:1471184
Epoch: 324	Time elapsed:7051.65 sec
Max  memory usage:1471184
Epoch: 325	Time elapsed:7073.41 sec
Max  memory usage:1471184
Epoch: 326	Time elapsed:7094.71 sec
Max  memory usage:1471184
Epoch: 327	Time elapsed:7116.40 sec
Max  memory usage:1471184
Epoch: 328	Time elapsed:7137.86 sec
Max  memory usage:1471184
Epoch: 329	Time elapsed:7159.29 sec
Max  memory usage:1471184
Epoch: 330	Time elapsed:7180.71 sec
Max  memory usage:1471184
Epoch: 331	Time elapsed:7202.39 sec
Max  memory usage:1471184
Epoch: 332	Time elapsed:7223.87 sec
Max  memory usage:1471184
Epoch: 333	Time elapsed:7245.93 sec
Max  memory usage:1471184
Epoch: 334	Time elapsed:7267.38 sec
Max  memory usage:1471184
Epoch: 335	Time elapsed:7288.92 sec
Max  memory usage:1471184
Epoch: 336	Time elapsed:7310.44 sec
Max  memory usage:1471184
Epoch: 337	Time elapsed:7331.88 sec
Max  memory usage:1471184
Epoch: 338	Time elapsed:7353.29 sec
Max  memory usage:1471184
Epoch: 339	Time elapsed:7374.75 sec
Max  memory usage:1471184
Epoch: 340	Time elapsed:7396.74 sec
Max  memory usage:1471184
Epoch: 341	Time elapsed:7419.02 sec
Max  memory usage:1471184
Epoch: 342	Time elapsed:7440.64 sec
Max  memory usage:1471184
Epoch: 343	Time elapsed:7462.09 sec
Max  memory usage:1471184
Epoch: 344	Time elapsed:7484.07 sec
Max  memory usage:1471184
Epoch: 345	Time elapsed:7505.70 sec
Max  memory usage:1471184
Epoch: 346	Time elapsed:7527.24 sec
Max  memory usage:1471184
Epoch: 347	Time elapsed:7548.42 sec
Max  memory usage:1471184
Epoch: 348	Time elapsed:7569.61 sec
Max  memory usage:1471188
Epoch: 349	Time elapsed:7591.11 sec
Max  memory usage:1471188
Epoch: 350	Time elapsed:7613.46 sec
Max  memory usage:1471188
Epoch: 351	Time elapsed:7636.08 sec
Max  memory usage:1471188
Epoch: 352	Time elapsed:7658.17 sec
Max  memory usage:1471188
Epoch: 353	Time elapsed:7679.61 sec
Max  memory usage:1471188
Epoch: 354	Time elapsed:7701.63 sec
Max  memory usage:1471188
Epoch: 355	Time elapsed:7723.39 sec
Max  memory usage:1471188
Epoch: 356	Time elapsed:7745.04 sec
Max  memory usage:1471188
Epoch: 357	Time elapsed:7766.33 sec
Max  memory usage:1471228
Epoch: 358	Time elapsed:7787.64 sec
Max  memory usage:1471228
Epoch: 359	Time elapsed:7809.13 sec
Max  memory usage:1471228
Epoch: 360	Time elapsed:7830.34 sec
Max  memory usage:1471228
Epoch: 361	Time elapsed:7851.72 sec
Max  memory usage:1471228
Epoch: 362	Time elapsed:7873.00 sec
Max  memory usage:1471228
Epoch: 363	Time elapsed:7894.16 sec
Max  memory usage:1471228
Epoch: 364	Time elapsed:7915.70 sec
Max  memory usage:1471228
Epoch: 365	Time elapsed:7936.93 sec
Max  memory usage:1471228
Epoch: 366	Time elapsed:7958.10 sec
Max  memory usage:1471228
Epoch: 367	Time elapsed:7979.52 sec
Max  memory usage:1471228
Epoch: 368	Time elapsed:8001.22 sec
Max  memory usage:1471228
Epoch: 369	Time elapsed:8023.59 sec
Max  memory usage:1471228
Epoch: 370	Time elapsed:8044.97 sec
Max  memory usage:1477416
Epoch: 371	Time elapsed:8066.36 sec
Max  memory usage:1477416
Epoch: 372	Time elapsed:8088.59 sec
Max  memory usage:1477416
Epoch: 373	Time elapsed:8109.76 sec
Max  memory usage:1477548
Epoch: 374	Time elapsed:8131.05 sec
Max  memory usage:1479032
Epoch: 375	Time elapsed:8152.07 sec
Max  memory usage:1479040
Epoch: 376	Time elapsed:8173.02 sec
Max  memory usage:1479040
Epoch: 377	Time elapsed:8193.95 sec
Max  memory usage:1479076
Epoch: 378	Time elapsed:8214.92 sec
Max  memory usage:1479080
Epoch: 379	Time elapsed:8236.06 sec
Max  memory usage:1479088
Epoch: 380	Time elapsed:8258.04 sec
Max  memory usage:1479112
Epoch: 381	Time elapsed:8279.50 sec
Max  memory usage:1479128
Epoch: 382	Time elapsed:8300.85 sec
Max  memory usage:1479136
Epoch: 383	Time elapsed:8322.39 sec
Max  memory usage:1479152
Epoch: 384	Time elapsed:8343.96 sec
Max  memory usage:1479152
Epoch: 385	Time elapsed:8364.99 sec
Max  memory usage:1479188
Epoch: 386	Time elapsed:8386.02 sec
Max  memory usage:1479188
Epoch: 387	Time elapsed:8407.59 sec
Max  memory usage:1479188
Epoch: 388	Time elapsed:8429.13 sec
Max  memory usage:1479204
Epoch: 389	Time elapsed:8450.20 sec
Max  memory usage:1479224
Epoch: 390	Time elapsed:8471.44 sec
Max  memory usage:1479236
Epoch: 391	Time elapsed:8492.80 sec
Max  memory usage:1479240
Epoch: 392	Time elapsed:8513.96 sec
Max  memory usage:1479260
Epoch: 393	Time elapsed:8535.31 sec
Max  memory usage:1479284
Epoch: 394	Time elapsed:8556.67 sec
Max  memory usage:1479304
Epoch: 395	Time elapsed:8577.58 sec
Max  memory usage:1479304
Epoch: 396	Time elapsed:8598.60 sec
Max  memory usage:1479316
Epoch: 397	Time elapsed:8620.27 sec
Max  memory usage:1479328
Epoch: 398	Time elapsed:8641.52 sec
Max  memory usage:1479332
Epoch: 399	Time elapsed:8662.64 sec
Max  memory usage:1479332
Epoch: 400	Time elapsed:8683.65 sec
Max  memory usage:1479340
Epoch: 401	Time elapsed:8704.94 sec
Max  memory usage:1479340
Epoch: 402	Time elapsed:8726.20 sec
Max  memory usage:1479340
Epoch: 403	Time elapsed:8747.38 sec
Max  memory usage:1481380
Epoch: 404	Time elapsed:8768.24 sec
Max  memory usage:1481380
Epoch: 405	Time elapsed:8789.47 sec
Max  memory usage:1481380
Epoch: 406	Time elapsed:8810.53 sec
Max  memory usage:1481380
Epoch: 407	Time elapsed:8831.55 sec
Max  memory usage:1481380
Epoch: 408	Time elapsed:8852.24 sec
Max  memory usage:1481380
Epoch: 409	Time elapsed:8872.94 sec
Max  memory usage:1481380
Epoch: 410	Time elapsed:8893.58 sec
Max  memory usage:1481380
Epoch: 411	Time elapsed:8914.39 sec
Max  memory usage:1481380
Epoch: 412	Time elapsed:8935.17 sec
Max  memory usage:1481380
Epoch: 413	Time elapsed:8955.93 sec
Max  memory usage:1481380
Epoch: 414	Time elapsed:8976.63 sec
Max  memory usage:1481380
Epoch: 415	Time elapsed:8997.40 sec
Max  memory usage:1481380
Epoch: 416	Time elapsed:9018.12 sec
Max  memory usage:1481380
Epoch: 417	Time elapsed:9038.80 sec
Max  memory usage:1481380
Epoch: 418	Time elapsed:9059.76 sec
Max  memory usage:1481380
Epoch: 419	Time elapsed:9080.72 sec
Max  memory usage:1481380
Epoch: 420	Time elapsed:9101.92 sec
Max  memory usage:1481380
Epoch: 421	Time elapsed:9122.99 sec
Max  memory usage:1481380
Epoch: 422	Time elapsed:9144.06 sec
Max  memory usage:1481380
Epoch: 423	Time elapsed:9165.17 sec
Max  memory usage:1481380
Epoch: 424	Time elapsed:9186.14 sec
Max  memory usage:1481380
Epoch: 425	Time elapsed:9207.21 sec
Max  memory usage:1481380
Epoch: 426	Time elapsed:9228.80 sec
Max  memory usage:1481380
Epoch: 427	Time elapsed:9250.22 sec
Max  memory usage:1481380
Epoch: 428	Time elapsed:9271.20 sec
Max  memory usage:1481380
Epoch: 429	Time elapsed:9292.39 sec
Max  memory usage:1481380
Epoch: 430	Time elapsed:9313.09 sec
Max  memory usage:1481380
Epoch: 431	Time elapsed:9333.88 sec
Max  memory usage:1481380
Epoch: 432	Time elapsed:9354.95 sec
Max  memory usage:1481380
Epoch: 433	Time elapsed:9375.71 sec
Max  memory usage:1481380
Epoch: 434	Time elapsed:9396.46 sec
Max  memory usage:1481380
Epoch: 435	Time elapsed:9417.25 sec
Max  memory usage:1481380
Epoch: 436	Time elapsed:9438.05 sec
Max  memory usage:1481380
Epoch: 437	Time elapsed:9458.76 sec
Max  memory usage:1481380
Epoch: 438	Time elapsed:9479.57 sec
Max  memory usage:1481380
Epoch: 439	Time elapsed:9500.29 sec
Max  memory usage:1481380
Epoch: 440	Time elapsed:9521.28 sec
Max  memory usage:1481380
Epoch: 441	Time elapsed:9542.54 sec
Max  memory usage:1481380
Epoch: 442	Time elapsed:9563.19 sec
Max  memory usage:1481380
Epoch: 443	Time elapsed:9583.89 sec
Max  memory usage:1481380
Epoch: 444	Time elapsed:9604.51 sec
Max  memory usage:1481380
Epoch: 445	Time elapsed:9625.11 sec
Max  memory usage:1481380
Epoch: 446	Time elapsed:9645.88 sec
Max  memory usage:1481380
Epoch: 447	Time elapsed:9666.62 sec
Max  memory usage:1481380
Epoch: 448	Time elapsed:9687.70 sec
Max  memory usage:1481380
Epoch: 449	Time elapsed:9708.42 sec
Max  memory usage:1481380
Epoch: 450	Time elapsed:9729.26 sec
Max  memory usage:1481380
Epoch: 451	Time elapsed:9750.13 sec
Max  memory usage:1481380
Epoch: 452	Time elapsed:9770.88 sec
Max  memory usage:1481380
Epoch: 453	Time elapsed:9791.65 sec
Max  memory usage:1481380
Epoch: 454	Time elapsed:9812.29 sec
Max  memory usage:1481380
Epoch: 455	Time elapsed:9833.44 sec
Max  memory usage:1481380
Epoch: 456	Time elapsed:9854.23 sec
Max  memory usage:1481380
Epoch: 457	Time elapsed:9875.23 sec
Max  memory usage:1481380
Epoch: 458	Time elapsed:9895.99 sec
Max  memory usage:1481380
Epoch: 459	Time elapsed:9916.63 sec
Max  memory usage:1481380
Epoch: 460	Time elapsed:9937.40 sec
Max  memory usage:1481380
Epoch: 461	Time elapsed:9958.07 sec
Max  memory usage:1481380
Epoch: 462	Time elapsed:9978.97 sec
Max  memory usage:1481380
Epoch: 463	Time elapsed:9999.89 sec
Max  memory usage:1481380
Epoch: 464	Time elapsed:10021.09 sec
Max  memory usage:1481380
Epoch: 465	Time elapsed:10041.98 sec
Max  memory usage:1481380
Epoch: 466	Time elapsed:10062.61 sec
Max  memory usage:1481380
Epoch: 467	Time elapsed:10083.64 sec
Max  memory usage:1481380
Epoch: 468	Time elapsed:10104.19 sec
Max  memory usage:1481380
Epoch: 469	Time elapsed:10125.21 sec
Max  memory usage:1487564
Epoch: 470	Time elapsed:10146.88 sec
Max  memory usage:1487564
Epoch: 471	Time elapsed:10168.31 sec
Max  memory usage:1487564
Epoch: 472	Time elapsed:10189.03 sec
Max  memory usage:1487564
Epoch: 473	Time elapsed:10209.68 sec
Max  memory usage:1487564
Epoch: 474	Time elapsed:10230.43 sec
Max  memory usage:1487564
Epoch: 475	Time elapsed:10251.24 sec
Max  memory usage:1487564
Epoch: 476	Time elapsed:10272.67 sec
Max  memory usage:1487564
Epoch: 477	Time elapsed:10293.92 sec
Max  memory usage:1487564
Epoch: 478	Time elapsed:10314.71 sec
Max  memory usage:1487564
Epoch: 479	Time elapsed:10335.63 sec
Max  memory usage:1487564
Epoch: 480	Time elapsed:10356.47 sec
Max  memory usage:1487564
Epoch: 481	Time elapsed:10377.54 sec
Max  memory usage:1487564
Epoch: 482	Time elapsed:10398.53 sec
Max  memory usage:1487564
Epoch: 483	Time elapsed:10420.11 sec
Max  memory usage:1487564
Epoch: 484	Time elapsed:10440.77 sec
Max  memory usage:1487564
Epoch: 485	Time elapsed:10461.41 sec
Max  memory usage:1487564
Epoch: 486	Time elapsed:10482.14 sec
Max  memory usage:1487564
Epoch: 487	Time elapsed:10502.80 sec
Max  memory usage:1487564
Epoch: 488	Time elapsed:10523.54 sec
Max  memory usage:1487564
Epoch: 489	Time elapsed:10544.29 sec
Max  memory usage:1487564
Epoch: 490	Time elapsed:10565.08 sec
Max  memory usage:1487564
Epoch: 491	Time elapsed:10586.07 sec
Max  memory usage:1487564
Epoch: 492	Time elapsed:10606.74 sec
Max  memory usage:1487568
Epoch: 493	Time elapsed:10628.06 sec
Max  memory usage:1487568
Epoch: 494	Time elapsed:10648.91 sec
Max  memory usage:1487568
Epoch: 495	Time elapsed:10669.58 sec
Max  memory usage:1487568
Epoch: 496	Time elapsed:10690.60 sec
Max  memory usage:1487568
Epoch: 497	Time elapsed:10711.32 sec
Max  memory usage:1487568
Epoch: 498	Time elapsed:10732.09 sec
Max  memory usage:1487568
Epoch: 499	Time elapsed:10753.02 sec
Saving Graph of loss function
Saving Latent space
Loading saved model...
