000 (6203219.022.000) 2020-05-26 09:44:28 Job submitted from host: <128.104.101.92:9618?addrs=128.104.101.92-9618+[2607-f388-107c-501-a236-9fff-fe3c-caa8]-9618&alias=submit2.chtc.wisc.edu&noUDP&sock=schedd_3841921_d3c3>
...
040 (6203219.022.000) 2020-05-27 05:45:22 Started transferring input files
	Transferring to host: <128.105.244.143:9618?addrs=128.105.244.143-9618&alias=gpulab2001.chtc.wisc.edu&noUDP&sock=slot1_5_6100_c071_1896>
...
040 (6203219.022.000) 2020-05-27 05:45:22 Finished transferring input files
...
001 (6203219.022.000) 2020-05-27 05:45:23 Job executing on host: <128.105.244.143:9618?addrs=128.105.244.143-9618&alias=gpulab2001.chtc.wisc.edu&noUDP&sock=startd_4761_3a7d>
...
006 (6203219.022.000) 2020-05-27 05:45:32 Image size of job updated: 652
	652  -  MemoryUsage of job (MB)
	668292  -  ResidentSetSize of job (KB)
...
006 (6203219.022.000) 2020-05-27 05:50:32 Image size of job updated: 1050
	1050  -  MemoryUsage of job (MB)
	1076072  -  ResidentSetSize of job (KB)
...
006 (6203219.022.000) 2020-05-27 05:55:33 Image size of job updated: 1050
	1050  -  MemoryUsage of job (MB)
	1076076  -  ResidentSetSize of job (KB)
...
006 (6203219.022.000) 2020-05-27 06:05:33 Image size of job updated: 1050
	1050  -  MemoryUsage of job (MB)
	1076080  -  ResidentSetSize of job (KB)
...
006 (6203219.022.000) 2020-05-27 06:10:34 Image size of job updated: 1050
	1050  -  MemoryUsage of job (MB)
	1076084  -  ResidentSetSize of job (KB)
...
006 (6203219.022.000) 2020-05-27 06:15:34 Image size of job updated: 1050
	1050  -  MemoryUsage of job (MB)
	1076088  -  ResidentSetSize of job (KB)
...
006 (6203219.022.000) 2020-05-27 06:20:35 Image size of job updated: 1050
	1050  -  MemoryUsage of job (MB)
	1076092  -  ResidentSetSize of job (KB)
...
006 (6203219.022.000) 2020-05-27 06:35:36 Image size of job updated: 1050
	1050  -  MemoryUsage of job (MB)
	1076096  -  ResidentSetSize of job (KB)
...
006 (6203219.022.000) 2020-05-27 06:45:36 Image size of job updated: 1050
	1050  -  MemoryUsage of job (MB)
	1076100  -  ResidentSetSize of job (KB)
...
006 (6203219.022.000) 2020-05-27 06:50:37 Image size of job updated: 1050
	1050  -  MemoryUsage of job (MB)
	1076104  -  ResidentSetSize of job (KB)
...
006 (6203219.022.000) 2020-05-27 07:10:39 Image size of job updated: 1050
	1050  -  MemoryUsage of job (MB)
	1076108  -  ResidentSetSize of job (KB)
...
006 (6203219.022.000) 2020-05-27 07:40:42 Image size of job updated: 1050
	1050  -  MemoryUsage of job (MB)
	1076116  -  ResidentSetSize of job (KB)
...
006 (6203219.022.000) 2020-05-27 08:20:47 Image size of job updated: 1052
	1052  -  MemoryUsage of job (MB)
	1077764  -  ResidentSetSize of job (KB)
...
006 (6203219.022.000) 2020-05-27 08:25:47 Image size of job updated: 1052
	1052  -  MemoryUsage of job (MB)
	1077944  -  ResidentSetSize of job (KB)
...
006 (6203219.022.000) 2020-05-27 08:30:47 Image size of job updated: 1054
	1054  -  MemoryUsage of job (MB)
	1080036  -  ResidentSetSize of job (KB)
...
006 (6203219.022.000) 2020-05-27 08:35:48 Image size of job updated: 1054
	1054  -  MemoryUsage of job (MB)
	1080040  -  ResidentSetSize of job (KB)
...
006 (6203219.022.000) 2020-05-27 09:20:53 Image size of job updated: 1054
	1054  -  MemoryUsage of job (MB)
	1080044  -  ResidentSetSize of job (KB)
...
006 (6203219.022.000) 2020-05-27 09:25:25 Image size of job updated: 5823
	5823  -  MemoryUsage of job (MB)
	5962952  -  ResidentSetSize of job (KB)
...
040 (6203219.022.000) 2020-05-27 09:25:25 Started transferring output files
...
040 (6203219.022.000) 2020-05-27 09:25:58 Finished transferring output files
...
005 (6203219.022.000) 2020-05-27 09:26:00 Job terminated.
	(1) Normal termination (return value 0)
		Usr 0 00:00:00, Sys 0 00:00:00  -  Run Remote Usage
		Usr 0 00:00:00, Sys 0 00:00:00  -  Run Local Usage
		Usr 0 00:00:00, Sys 0 00:00:00  -  Total Remote Usage
		Usr 0 00:00:00, Sys 0 00:00:00  -  Total Local Usage
	2139380864  -  Run Bytes Sent By Job
	16282  -  Run Bytes Received By Job
	2139380864  -  Total Bytes Sent By Job
	16282  -  Total Bytes Received By Job
	Partitionable Resources :      Usage  Request Allocated Assigned
	   Cpus                 :       0.00        1         1 
	   Disk (KB)            : 2112293    10485760  16441762 
	   Gpus (Average)       :       0.03        1         1 "CUDA4"
	   GpusMemory (MB)      :     687                       
	   IoHeavy              :                             0 
	   Memory (MB)          :    5823       20480     20480 

	Job terminated of its own accord at 2020-05-27T14:25:25Z.
...
