000 (6203219.021.000) 2020-05-26 09:44:28 Job submitted from host: <128.104.101.92:9618?addrs=128.104.101.92-9618+[2607-f388-107c-501-a236-9fff-fe3c-caa8]-9618&alias=submit2.chtc.wisc.edu&noUDP&sock=schedd_3841921_d3c3>
...
040 (6203219.021.000) 2020-05-27 05:45:13 Started transferring input files
	Transferring to host: <128.105.244.143:9618?addrs=128.105.244.143-9618&alias=gpulab2001.chtc.wisc.edu&noUDP&sock=slot1_1_6100_c071_1895>
...
040 (6203219.021.000) 2020-05-27 05:45:13 Finished transferring input files
...
001 (6203219.021.000) 2020-05-27 05:45:14 Job executing on host: <128.105.244.143:9618?addrs=128.105.244.143-9618&alias=gpulab2001.chtc.wisc.edu&noUDP&sock=startd_4761_3a7d>
...
006 (6203219.021.000) 2020-05-27 05:45:23 Image size of job updated: 325
	325  -  MemoryUsage of job (MB)
	332828  -  ResidentSetSize of job (KB)
...
006 (6203219.021.000) 2020-05-27 05:50:23 Image size of job updated: 1044
	1044  -  MemoryUsage of job (MB)
	1069412  -  ResidentSetSize of job (KB)
...
006 (6203219.021.000) 2020-05-27 05:55:23 Image size of job updated: 1047
	1047  -  MemoryUsage of job (MB)
	1072800  -  ResidentSetSize of job (KB)
...
006 (6203219.021.000) 2020-05-27 06:00:24 Image size of job updated: 1053
	1053  -  MemoryUsage of job (MB)
	1078984  -  ResidentSetSize of job (KB)
...
006 (6203219.021.000) 2020-05-27 06:10:25 Image size of job updated: 1053
	1053  -  MemoryUsage of job (MB)
	1078988  -  ResidentSetSize of job (KB)
...
006 (6203219.021.000) 2020-05-27 06:15:25 Image size of job updated: 1053
	1053  -  MemoryUsage of job (MB)
	1078992  -  ResidentSetSize of job (KB)
...
006 (6203219.021.000) 2020-05-27 06:20:26 Image size of job updated: 1053
	1053  -  MemoryUsage of job (MB)
	1078996  -  ResidentSetSize of job (KB)
...
006 (6203219.021.000) 2020-05-27 06:35:26 Image size of job updated: 1053
	1053  -  MemoryUsage of job (MB)
	1079000  -  ResidentSetSize of job (KB)
...
006 (6203219.021.000) 2020-05-27 06:45:28 Image size of job updated: 1053
	1053  -  MemoryUsage of job (MB)
	1079004  -  ResidentSetSize of job (KB)
...
006 (6203219.021.000) 2020-05-27 06:50:28 Image size of job updated: 1053
	1053  -  MemoryUsage of job (MB)
	1079008  -  ResidentSetSize of job (KB)
...
006 (6203219.021.000) 2020-05-27 06:55:29 Image size of job updated: 1053
	1053  -  MemoryUsage of job (MB)
	1079012  -  ResidentSetSize of job (KB)
...
006 (6203219.021.000) 2020-05-27 07:40:35 Image size of job updated: 1053
	1053  -  MemoryUsage of job (MB)
	1079016  -  ResidentSetSize of job (KB)
...
006 (6203219.021.000) 2020-05-27 07:45:35 Image size of job updated: 1053
	1053  -  MemoryUsage of job (MB)
	1079020  -  ResidentSetSize of job (KB)
...
006 (6203219.021.000) 2020-05-27 08:10:37 Image size of job updated: 1055
	1055  -  MemoryUsage of job (MB)
	1080816  -  ResidentSetSize of job (KB)
...
006 (6203219.021.000) 2020-05-27 08:15:37 Image size of job updated: 1055
	1055  -  MemoryUsage of job (MB)
	1080912  -  ResidentSetSize of job (KB)
...
006 (6203219.021.000) 2020-05-27 08:20:37 Image size of job updated: 1057
	1057  -  MemoryUsage of job (MB)
	1082956  -  ResidentSetSize of job (KB)
...
006 (6203219.021.000) 2020-05-27 08:25:38 Image size of job updated: 1057
	1057  -  MemoryUsage of job (MB)
	1082964  -  ResidentSetSize of job (KB)
...
006 (6203219.021.000) 2020-05-27 08:35:38 Image size of job updated: 1057
	1057  -  MemoryUsage of job (MB)
	1082968  -  ResidentSetSize of job (KB)
...
006 (6203219.021.000) 2020-05-27 08:40:40 Image size of job updated: 1057
	1057  -  MemoryUsage of job (MB)
	1082972  -  ResidentSetSize of job (KB)
...
006 (6203219.021.000) 2020-05-27 09:20:42 Image size of job updated: 1057
	1057  -  MemoryUsage of job (MB)
	1082976  -  ResidentSetSize of job (KB)
...
006 (6203219.021.000) 2020-05-27 09:25:42 Image size of job updated: 10395
	10395  -  MemoryUsage of job (MB)
	10644800  -  ResidentSetSize of job (KB)
...
040 (6203219.021.000) 2020-05-27 09:29:39 Started transferring output files
...
040 (6203219.021.000) 2020-05-27 09:30:43 Finished transferring output files
...
007 (6203219.021.000) 2020-05-27 09:30:43 Shadow exception!
	Error from slot1_1@gpulab2001.chtc.wisc.edu: STARTER at 128.105.244.143 failed to send file(s) to <128.104.101.92:9618>; SHADOW at 128.104.101.92 failed to write to file /home/jlwang5/VAEs/run/training_output_21.tar.gz: (errno 122) Disk quota exceeded
	4264701440  -  Run Bytes Sent By Job
	16282  -  Run Bytes Received By Job
...
012 (6203219.021.000) 2020-05-27 09:30:43 Job was held.
	Error from slot1_1@gpulab2001.chtc.wisc.edu: STARTER at 128.105.244.143 failed to send file(s) to <128.104.101.92:9618>; SHADOW at 128.104.101.92 failed to write to file /home/jlwang5/VAEs/run/training_output_21.tar.gz: (errno 122) Disk quota exceeded
	Code 12 Subcode 122
...
