000 (6203219.001.000) 2020-05-26 09:44:28 Job submitted from host: <128.104.101.92:9618?addrs=128.104.101.92-9618+[2607-f388-107c-501-a236-9fff-fe3c-caa8]-9618&alias=submit2.chtc.wisc.edu&noUDP&sock=schedd_3841921_d3c3>
...
040 (6203219.001.000) 2020-05-26 16:01:31 Started transferring input files
	Transferring to host: <128.105.244.149:9618?addrs=128.105.244.149-9618&alias=gpulab2003.chtc.wisc.edu&noUDP&sock=slot1_5_6111_8092_32>
...
040 (6203219.001.000) 2020-05-26 16:01:32 Finished transferring input files
...
001 (6203219.001.000) 2020-05-26 16:01:33 Job executing on host: <128.105.244.149:9618?addrs=128.105.244.149-9618&alias=gpulab2003.chtc.wisc.edu&noUDP&sock=startd_4749_ff5a>
...
006 (6203219.001.000) 2020-05-26 16:16:43 Image size of job updated: 1041
	1041  -  MemoryUsage of job (MB)
	1066560  -  ResidentSetSize of job (KB)
...
006 (6203219.001.000) 2020-05-26 16:21:44 Image size of job updated: 1043
	1043  -  MemoryUsage of job (MB)
	1068444  -  ResidentSetSize of job (KB)
...
006 (6203219.001.000) 2020-05-26 16:26:44 Image size of job updated: 1043
	1043  -  MemoryUsage of job (MB)
	1068448  -  ResidentSetSize of job (KB)
...
006 (6203219.001.000) 2020-05-26 16:41:45 Image size of job updated: 1044
	1044  -  MemoryUsage of job (MB)
	1069128  -  ResidentSetSize of job (KB)
...
006 (6203219.001.000) 2020-05-26 16:46:45 Image size of job updated: 1044
	1044  -  MemoryUsage of job (MB)
	1069132  -  ResidentSetSize of job (KB)
...
006 (6203219.001.000) 2020-05-26 16:56:46 Image size of job updated: 1044
	1044  -  MemoryUsage of job (MB)
	1069136  -  ResidentSetSize of job (KB)
...
006 (6203219.001.000) 2020-05-26 17:06:48 Image size of job updated: 1044
	1044  -  MemoryUsage of job (MB)
	1069140  -  ResidentSetSize of job (KB)
...
006 (6203219.001.000) 2020-05-26 17:16:49 Image size of job updated: 1044
	1044  -  MemoryUsage of job (MB)
	1069144  -  ResidentSetSize of job (KB)
...
006 (6203219.001.000) 2020-05-26 17:21:49 Image size of job updated: 1044
	1044  -  MemoryUsage of job (MB)
	1069148  -  ResidentSetSize of job (KB)
...
006 (6203219.001.000) 2020-05-26 17:26:50 Image size of job updated: 1044
	1044  -  MemoryUsage of job (MB)
	1069152  -  ResidentSetSize of job (KB)
...
006 (6203219.001.000) 2020-05-26 18:11:54 Image size of job updated: 1045
	1045  -  MemoryUsage of job (MB)
	1070852  -  ResidentSetSize of job (KB)
...
006 (6203219.001.000) 2020-05-26 18:16:55 Image size of job updated: 1045
	1045  -  MemoryUsage of job (MB)
	1070984  -  ResidentSetSize of job (KB)
...
006 (6203219.001.000) 2020-05-26 18:21:55 Image size of job updated: 1049
	1049  -  MemoryUsage of job (MB)
	1074652  -  ResidentSetSize of job (KB)
...
006 (6203219.001.000) 2020-05-26 18:26:55 Image size of job updated: 1049
	1049  -  MemoryUsage of job (MB)
	1074656  -  ResidentSetSize of job (KB)
...
006 (6203219.001.000) 2020-05-26 19:11:59 Image size of job updated: 1049
	1049  -  MemoryUsage of job (MB)
	1074660  -  ResidentSetSize of job (KB)
...
006 (6203219.001.000) 2020-05-26 19:16:59 Image size of job updated: 1049
	1049  -  MemoryUsage of job (MB)
	1074664  -  ResidentSetSize of job (KB)
...
006 (6203219.001.000) 2020-05-26 19:22:00 Image size of job updated: 1049
	1049  -  MemoryUsage of job (MB)
	1074668  -  ResidentSetSize of job (KB)
...
006 (6203219.001.000) 2020-05-26 19:32:02 Image size of job updated: 1049
	1049  -  MemoryUsage of job (MB)
	1074672  -  ResidentSetSize of job (KB)
...
006 (6203219.001.000) 2020-05-26 20:22:08 Image size of job updated: 1049
	1049  -  MemoryUsage of job (MB)
	1074676  -  ResidentSetSize of job (KB)
...
006 (6203219.001.000) 2020-05-26 20:27:09 Image size of job updated: 10395
	10395  -  MemoryUsage of job (MB)
	10644772  -  ResidentSetSize of job (KB)
...
040 (6203219.001.000) 2020-05-26 20:29:28 Started transferring output files
...
040 (6203219.001.000) 2020-05-26 20:30:38 Finished transferring output files
...
005 (6203219.001.000) 2020-05-26 20:30:38 Job terminated.
	(1) Normal termination (return value 0)
		Usr 0 00:00:00, Sys 0 00:00:00  -  Run Remote Usage
		Usr 0 00:00:00, Sys 0 00:00:00  -  Run Local Usage
		Usr 0 00:00:00, Sys 0 00:00:00  -  Total Remote Usage
		Usr 0 00:00:00, Sys 0 00:00:00  -  Total Local Usage
	4343689216  -  Run Bytes Sent By Job
	16282  -  Run Bytes Received By Job
	4343689216  -  Total Bytes Sent By Job
	16282  -  Total Bytes Received By Job
	Partitionable Resources :      Usage  Request Allocated Assigned
	   Cpus                 :       0.96        1         1 
	   Disk (KB)            : 4264938    10485760  16517554 
	   Gpus (Average)       :       0.08        1         1 "CUDA4"
	   GpusMemory (MB)      :    1075                       
	   IoHeavy              :                             0 
	   Memory (MB)          :   10395       20480     20480 

	Job terminated of its own accord at 2020-05-27T01:29:28Z.
...
