000 (6203219.020.000) 2020-05-26 09:44:28 Job submitted from host: <128.104.101.92:9618?addrs=128.104.101.92-9618+[2607-f388-107c-501-a236-9fff-fe3c-caa8]-9618&alias=submit2.chtc.wisc.edu&noUDP&sock=schedd_3841921_d3c3>
...
040 (6203219.020.000) 2020-05-27 05:44:47 Started transferring input files
	Transferring to host: <128.105.244.143:9618?addrs=128.105.244.143-9618&alias=gpulab2001.chtc.wisc.edu&noUDP&sock=slot1_4_6100_c071_1894>
...
040 (6203219.020.000) 2020-05-27 05:44:47 Finished transferring input files
...
001 (6203219.020.000) 2020-05-27 05:44:48 Job executing on host: <128.105.244.143:9618?addrs=128.105.244.143-9618&alias=gpulab2001.chtc.wisc.edu&noUDP&sock=startd_4761_3a7d>
...
006 (6203219.020.000) 2020-05-27 05:44:57 Image size of job updated: 520
	520  -  MemoryUsage of job (MB)
	532524  -  ResidentSetSize of job (KB)
...
006 (6203219.020.000) 2020-05-27 05:49:58 Image size of job updated: 1045
	1045  -  MemoryUsage of job (MB)
	1070240  -  ResidentSetSize of job (KB)
...
006 (6203219.020.000) 2020-05-27 05:54:59 Image size of job updated: 1045
	1045  -  MemoryUsage of job (MB)
	1070244  -  ResidentSetSize of job (KB)
...
006 (6203219.020.000) 2020-05-27 06:10:00 Image size of job updated: 1045
	1045  -  MemoryUsage of job (MB)
	1070248  -  ResidentSetSize of job (KB)
...
006 (6203219.020.000) 2020-05-27 06:15:00 Image size of job updated: 1045
	1045  -  MemoryUsage of job (MB)
	1070252  -  ResidentSetSize of job (KB)
...
006 (6203219.020.000) 2020-05-27 06:20:01 Image size of job updated: 1051
	1051  -  MemoryUsage of job (MB)
	1076444  -  ResidentSetSize of job (KB)
...
006 (6203219.020.000) 2020-05-27 06:35:03 Image size of job updated: 1051
	1051  -  MemoryUsage of job (MB)
	1076448  -  ResidentSetSize of job (KB)
...
006 (6203219.020.000) 2020-05-27 06:45:03 Image size of job updated: 1051
	1051  -  MemoryUsage of job (MB)
	1076452  -  ResidentSetSize of job (KB)
...
006 (6203219.020.000) 2020-05-27 06:50:04 Image size of job updated: 1051
	1051  -  MemoryUsage of job (MB)
	1076456  -  ResidentSetSize of job (KB)
...
006 (6203219.020.000) 2020-05-27 06:55:04 Image size of job updated: 1051
	1051  -  MemoryUsage of job (MB)
	1076460  -  ResidentSetSize of job (KB)
...
006 (6203219.020.000) 2020-05-27 07:35:09 Image size of job updated: 1057
	1057  -  MemoryUsage of job (MB)
	1082644  -  ResidentSetSize of job (KB)
...
006 (6203219.020.000) 2020-05-27 07:45:09 Image size of job updated: 1057
	1057  -  MemoryUsage of job (MB)
	1082652  -  ResidentSetSize of job (KB)
...
006 (6203219.020.000) 2020-05-27 07:55:11 Image size of job updated: 1058
	1058  -  MemoryUsage of job (MB)
	1084328  -  ResidentSetSize of job (KB)
...
006 (6203219.020.000) 2020-05-27 08:00:11 Image size of job updated: 1059
	1059  -  MemoryUsage of job (MB)
	1084520  -  ResidentSetSize of job (KB)
...
006 (6203219.020.000) 2020-05-27 08:05:11 Image size of job updated: 1061
	1061  -  MemoryUsage of job (MB)
	1086620  -  ResidentSetSize of job (KB)
...
006 (6203219.020.000) 2020-05-27 08:25:14 Image size of job updated: 1061
	1061  -  MemoryUsage of job (MB)
	1086628  -  ResidentSetSize of job (KB)
...
006 (6203219.020.000) 2020-05-27 08:35:16 Image size of job updated: 1061
	1061  -  MemoryUsage of job (MB)
	1086632  -  ResidentSetSize of job (KB)
...
006 (6203219.020.000) 2020-05-27 08:45:16 Image size of job updated: 1061
	1061  -  MemoryUsage of job (MB)
	1086640  -  ResidentSetSize of job (KB)
...
007 (6203219.020.000) 2020-05-27 09:31:43 Shadow exception!
	Error from slot1_4@gpulab2001.chtc.wisc.edu: Docker job has gone over memory limit of 20480 Mb
	0  -  Run Bytes Sent By Job
	16282  -  Run Bytes Received By Job
...
012 (6203219.020.000) 2020-05-27 09:31:43 Job was held.
	Error from slot1_4@gpulab2001.chtc.wisc.edu: Docker job has gone over memory limit of 20480 Mb
	Code 34 Subcode 0
...
