
=============
== PyTorch ==
=============

NVIDIA Release 19.11 (build 8777600)
PyTorch Version 1.4.0a0+649135b

Container image Copyright (c) 2019, NVIDIA CORPORATION.  All rights reserved.

Copyright (c) 2014-2019 Facebook Inc.
Copyright (c) 2011-2014 Idiap Research Institute (Ronan Collobert)
Copyright (c) 2012-2014 Deepmind Technologies    (Koray Kavukcuoglu)
Copyright (c) 2011-2012 NEC Laboratories America (Koray Kavukcuoglu)
Copyright (c) 2011-2013 NYU                      (Clement Farabet)
Copyright (c) 2006-2010 NEC Laboratories America (Ronan Collobert, Leon Bottou, Iain Melvin, Jason Weston)
Copyright (c) 2006      Idiap Research Institute (Samy Bengio)
Copyright (c) 2001-2004 Idiap Research Institute (Ronan Collobert, Samy Bengio, Johnny Mariethoz)
Copyright (c) 2015      Google Inc.
Copyright (c) 2015      Yangqing Jia
Copyright (c) 2013-2016 The Caffe contributors
All rights reserved.

Various files include modifications (c) NVIDIA CORPORATION.  All rights reserved.
NVIDIA modifications are covered by the license terms that apply to the underlying project or file.

NOTE: MOFED driver for multi-node communication was not detected.
      Multi-node communication performance may be reduced.

NOTE: The SHMEM allocation limit is set to the default of 64MB.  This may be
   insufficient for PyTorch.  NVIDIA recommends the use of the following flags:
   nvidia-docker run --ipc=host ...

chtc_root.txt exist
.:
.
..
.chirp.config
.curl_plugin.in
.curl_plugin.out
.docker_sock
.job.ad
.machine.ad
.update.ad
_condor_stderr
_condor_stdout
chtc_root.txt
chtc_train_model.sh
condor_exec.exe
configs
docker_stderror
output
run
sequence_sets
sequences.tar.gz
source
staging.tar.gz
tmp
var

./configs:
.
..
config_1000_10.yaml
config_1000_100.yaml
config_1000_15.yaml
config_1000_2.yaml
config_1000_20.yaml
config_1000_30.yaml
config_1000_40.yaml
config_1000_5.yaml
config_1000_50.yaml
config_1000_500.yaml
config_200_10.yaml
config_200_100.yaml
config_200_15.yaml
config_200_2.yaml
config_200_20.yaml
config_200_30.yaml
config_200_40.yaml
config_200_5.yaml
config_200_50.yaml
config_200_500.yaml
config_500_10.yaml
config_500_100.yaml
config_500_15.yaml
config_500_2.yaml
config_500_20.yaml
config_500_30.yaml
config_500_40.yaml
config_500_5.yaml
config_500_50.yaml
config_500_500.yaml
configs.txt
make_configs.py

./output:
.
..

./run:
.
..
runmodel.sh

./sequence_sets:
.
..
.gitignore
README.md
cmx_aligned_blank_90.fasta
cmx_foreground.fasta
cmx_sequences.zip
processed_cmx_uniref100_90_80_10_100.fasta
processed_cmx_uniref100_90_80_10_100_small.fasta
test.fasta

./source:
.
..
dataloader.py
examine_model.py
make_dataset
model.py
plot_sequences.py
read_config.py
reweighting.py
train_model.py
utils.py

./source/make_dataset:
.
..
get_msa_stats.py
make_dataset.sh
process_msa.py

./tmp:
.
..

./var:
.
..
tmp

./var/tmp:
.
..
Weights do not exist. No weighted sampling will be done.
Max  memory usage:1286928
Epoch: 0	Time elapsed:0.00 sec
Max  memory usage:1466032
Epoch: 1	Time elapsed:39.94 sec
Max  memory usage:1466148
Epoch: 2	Time elapsed:74.16 sec
Max  memory usage:1466200
Epoch: 3	Time elapsed:109.92 sec
Max  memory usage:1466200
Epoch: 4	Time elapsed:143.38 sec
Max  memory usage:1466200
Epoch: 5	Time elapsed:180.24 sec
Max  memory usage:1466200
Epoch: 6	Time elapsed:213.87 sec
Max  memory usage:1466200
Epoch: 7	Time elapsed:250.25 sec
Max  memory usage:1467256
Epoch: 8	Time elapsed:286.57 sec
Max  memory usage:1467256
Epoch: 9	Time elapsed:318.93 sec
Max  memory usage:1467256
Epoch: 10	Time elapsed:356.45 sec
Max  memory usage:1467256
Epoch: 11	Time elapsed:392.37 sec
Max  memory usage:1467256
Epoch: 12	Time elapsed:429.24 sec
Max  memory usage:1467256
Epoch: 13	Time elapsed:464.94 sec
Max  memory usage:1467256
Epoch: 14	Time elapsed:501.21 sec
Max  memory usage:1467288
Epoch: 15	Time elapsed:536.05 sec
Max  memory usage:1467288
Epoch: 16	Time elapsed:573.58 sec
Max  memory usage:1467288
Epoch: 17	Time elapsed:607.13 sec
Max  memory usage:1467292
Epoch: 18	Time elapsed:641.66 sec
Max  memory usage:1467292
Epoch: 19	Time elapsed:679.18 sec
Max  memory usage:1467300
Epoch: 20	Time elapsed:716.67 sec
Max  memory usage:1467300
Epoch: 21	Time elapsed:751.95 sec
Max  memory usage:1467300
Epoch: 22	Time elapsed:790.24 sec
Max  memory usage:1467300
Epoch: 23	Time elapsed:830.39 sec
Max  memory usage:1467300
Epoch: 24	Time elapsed:868.23 sec
Max  memory usage:1467300
Epoch: 25	Time elapsed:907.52 sec
Max  memory usage:1467300
Epoch: 26	Time elapsed:945.37 sec
Max  memory usage:1467300
Epoch: 27	Time elapsed:981.63 sec
Max  memory usage:1467300
Epoch: 28	Time elapsed:1019.96 sec
Max  memory usage:1467300
Epoch: 29	Time elapsed:1058.39 sec
Max  memory usage:1467300
Epoch: 30	Time elapsed:1095.68 sec
Max  memory usage:1467300
Epoch: 31	Time elapsed:1131.23 sec
Max  memory usage:1467300
Epoch: 32	Time elapsed:1166.39 sec
Max  memory usage:1467300
Epoch: 33	Time elapsed:1197.77 sec
Max  memory usage:1467300
Epoch: 34	Time elapsed:1232.12 sec
Max  memory usage:1467300
Epoch: 35	Time elapsed:1269.26 sec
Max  memory usage:1467300
Epoch: 36	Time elapsed:1300.68 sec
Max  memory usage:1467304
Epoch: 37	Time elapsed:1331.31 sec
Max  memory usage:1467304
Epoch: 38	Time elapsed:1360.74 sec
Max  memory usage:1467304
Epoch: 39	Time elapsed:1390.06 sec
Max  memory usage:1467304
Epoch: 40	Time elapsed:1418.43 sec
Max  memory usage:1467304
Epoch: 41	Time elapsed:1446.30 sec
Max  memory usage:1467304
Epoch: 42	Time elapsed:1477.36 sec
Max  memory usage:1467304
Epoch: 43	Time elapsed:1507.82 sec
Max  memory usage:1467304
Epoch: 44	Time elapsed:1538.21 sec
Max  memory usage:1467304
Epoch: 45	Time elapsed:1566.07 sec
Max  memory usage:1467308
Epoch: 46	Time elapsed:1595.14 sec
Max  memory usage:1467308
Epoch: 47	Time elapsed:1622.61 sec
Max  memory usage:1467308
Epoch: 48	Time elapsed:1649.78 sec
Max  memory usage:1467308
Epoch: 49	Time elapsed:1678.42 sec
Max  memory usage:1467308
Epoch: 50	Time elapsed:1708.24 sec
Max  memory usage:1467308
Epoch: 51	Time elapsed:1736.74 sec
Max  memory usage:1467308
Epoch: 52	Time elapsed:1766.13 sec
Max  memory usage:1467308
Epoch: 53	Time elapsed:1795.60 sec
Max  memory usage:1467308
Epoch: 54	Time elapsed:1825.01 sec
Max  memory usage:1467308
Epoch: 55	Time elapsed:1855.42 sec
Max  memory usage:1467312
Epoch: 56	Time elapsed:1884.63 sec
Max  memory usage:1467312
Epoch: 57	Time elapsed:1911.19 sec
Max  memory usage:1467312
Epoch: 58	Time elapsed:1940.01 sec
Max  memory usage:1467312
Epoch: 59	Time elapsed:1968.11 sec
Max  memory usage:1467312
Epoch: 60	Time elapsed:1996.48 sec
Max  memory usage:1467312
Epoch: 61	Time elapsed:2024.81 sec
Max  memory usage:1467312
Epoch: 62	Time elapsed:2052.73 sec
Max  memory usage:1467312
Epoch: 63	Time elapsed:2080.50 sec
Max  memory usage:1467312
Epoch: 64	Time elapsed:2111.47 sec
Max  memory usage:1467312
Epoch: 65	Time elapsed:2145.18 sec
Max  memory usage:1467312
Epoch: 66	Time elapsed:2174.13 sec
Max  memory usage:1467312
Epoch: 67	Time elapsed:2203.93 sec
Max  memory usage:1467312
Epoch: 68	Time elapsed:2234.67 sec
Max  memory usage:1467312
Epoch: 69	Time elapsed:2262.59 sec
Max  memory usage:1467312
Epoch: 70	Time elapsed:2291.62 sec
Max  memory usage:1467312
Epoch: 71	Time elapsed:2321.64 sec
Max  memory usage:1467312
Epoch: 72	Time elapsed:2349.63 sec
Max  memory usage:1467312
Epoch: 73	Time elapsed:2377.47 sec
Max  memory usage:1467316
Epoch: 74	Time elapsed:2405.64 sec
Max  memory usage:1467316
Epoch: 75	Time elapsed:2435.95 sec
Max  memory usage:1467316
Epoch: 76	Time elapsed:2468.79 sec
Max  memory usage:1467316
Epoch: 77	Time elapsed:2500.78 sec
Max  memory usage:1467316
Epoch: 78	Time elapsed:2530.78 sec
Max  memory usage:1467316
Epoch: 79	Time elapsed:2559.50 sec
Max  memory usage:1467316
Epoch: 80	Time elapsed:2589.58 sec
Max  memory usage:1467316
Epoch: 81	Time elapsed:2618.52 sec
Max  memory usage:1467316
Epoch: 82	Time elapsed:2648.07 sec
Max  memory usage:1467316
Epoch: 83	Time elapsed:2677.05 sec
Max  memory usage:1467316
Epoch: 84	Time elapsed:2706.65 sec
Max  memory usage:1467316
Epoch: 85	Time elapsed:2737.64 sec
Max  memory usage:1467316
Epoch: 86	Time elapsed:2768.76 sec
Max  memory usage:1467316
Epoch: 87	Time elapsed:2799.48 sec
Max  memory usage:1467316
Epoch: 88	Time elapsed:2829.53 sec
Max  memory usage:1467316
Epoch: 89	Time elapsed:2858.58 sec
Max  memory usage:1467316
Epoch: 90	Time elapsed:2888.53 sec
Max  memory usage:1467316
Epoch: 91	Time elapsed:2917.85 sec
Max  memory usage:1467316
Epoch: 92	Time elapsed:2947.18 sec
Max  memory usage:1467316
Epoch: 93	Time elapsed:2977.07 sec
Max  memory usage:1467316
Epoch: 94	Time elapsed:3004.67 sec
Max  memory usage:1467316
Epoch: 95	Time elapsed:3035.01 sec
Max  memory usage:1467316
Epoch: 96	Time elapsed:3065.18 sec
Max  memory usage:1467316
Epoch: 97	Time elapsed:3096.00 sec
Max  memory usage:1467316
Epoch: 98	Time elapsed:3127.97 sec
Max  memory usage:1467316
Epoch: 99	Time elapsed:3160.93 sec
Max  memory usage:1467316
Epoch: 100	Time elapsed:3188.80 sec
Max  memory usage:1467316
Epoch: 101	Time elapsed:3218.98 sec
Max  memory usage:1467320
Epoch: 102	Time elapsed:3250.06 sec
Max  memory usage:1467320
Epoch: 103	Time elapsed:3281.97 sec
Max  memory usage:1467320
Epoch: 104	Time elapsed:3312.37 sec
Max  memory usage:1467320
Epoch: 105	Time elapsed:3342.39 sec
Max  memory usage:1467320
Epoch: 106	Time elapsed:3373.07 sec
Max  memory usage:1467320
Epoch: 107	Time elapsed:3402.29 sec
Max  memory usage:1467320
Epoch: 108	Time elapsed:3432.53 sec
Max  memory usage:1467320
Epoch: 109	Time elapsed:3462.07 sec
Max  memory usage:1467320
Epoch: 110	Time elapsed:3492.61 sec
Max  memory usage:1467320
Epoch: 111	Time elapsed:3520.82 sec
Max  memory usage:1467320
Epoch: 112	Time elapsed:3553.92 sec
Max  memory usage:1467320
Epoch: 113	Time elapsed:3585.71 sec
Max  memory usage:1467320
Epoch: 114	Time elapsed:3616.73 sec
Max  memory usage:1467320
Epoch: 115	Time elapsed:3648.50 sec
Max  memory usage:1467320
Epoch: 116	Time elapsed:3680.19 sec
Max  memory usage:1467320
Epoch: 117	Time elapsed:3710.86 sec
Max  memory usage:1467320
Epoch: 118	Time elapsed:3744.26 sec
Max  memory usage:1467324
Epoch: 119	Time elapsed:3774.80 sec
Max  memory usage:1467324
Epoch: 120	Time elapsed:3807.59 sec
Max  memory usage:1467324
Epoch: 121	Time elapsed:3837.90 sec
Max  memory usage:1467324
Epoch: 122	Time elapsed:3866.51 sec
Max  memory usage:1467324
Epoch: 123	Time elapsed:3895.24 sec
Max  memory usage:1467324
Epoch: 124	Time elapsed:3924.72 sec
Max  memory usage:1467324
Epoch: 125	Time elapsed:3957.78 sec
Max  memory usage:1467324
Epoch: 126	Time elapsed:3987.06 sec
Max  memory usage:1467324
Epoch: 127	Time elapsed:4017.46 sec
Max  memory usage:1467324
Epoch: 128	Time elapsed:4047.31 sec
Max  memory usage:1467324
Epoch: 129	Time elapsed:4076.93 sec
Max  memory usage:1467328
Epoch: 130	Time elapsed:4108.09 sec
Max  memory usage:1467328
Epoch: 131	Time elapsed:4139.88 sec
Max  memory usage:1467328
Epoch: 132	Time elapsed:4169.35 sec
Max  memory usage:1467328
Epoch: 133	Time elapsed:4199.28 sec
Max  memory usage:1467328
Epoch: 134	Time elapsed:4233.20 sec
Max  memory usage:1467328
Epoch: 135	Time elapsed:4265.38 sec
Max  memory usage:1467328
Epoch: 136	Time elapsed:4296.19 sec
Max  memory usage:1467328
Epoch: 137	Time elapsed:4325.05 sec
Max  memory usage:1467328
Epoch: 138	Time elapsed:4352.87 sec
Max  memory usage:1467332
Epoch: 139	Time elapsed:4384.71 sec
Max  memory usage:1467332
Epoch: 140	Time elapsed:4416.05 sec
Max  memory usage:1467332
Epoch: 141	Time elapsed:4445.35 sec
Max  memory usage:1467332
Epoch: 142	Time elapsed:4476.17 sec
Max  memory usage:1467332
Epoch: 143	Time elapsed:4506.16 sec
Max  memory usage:1467332
Epoch: 144	Time elapsed:4535.77 sec
Max  memory usage:1467332
Epoch: 145	Time elapsed:4565.21 sec
Max  memory usage:1467332
Epoch: 146	Time elapsed:4594.06 sec
Max  memory usage:1467332
Epoch: 147	Time elapsed:4623.34 sec
Max  memory usage:1467332
Epoch: 148	Time elapsed:4652.55 sec
Max  memory usage:1467332
Epoch: 149	Time elapsed:4683.09 sec
Max  memory usage:1467332
Epoch: 150	Time elapsed:4710.79 sec
Max  memory usage:1467332
Epoch: 151	Time elapsed:4739.31 sec
Max  memory usage:1467332
Epoch: 152	Time elapsed:4767.99 sec
Max  memory usage:1467332
Epoch: 153	Time elapsed:4796.78 sec
Max  memory usage:1467332
Epoch: 154	Time elapsed:4824.95 sec
Max  memory usage:1467332
Epoch: 155	Time elapsed:4857.75 sec
Max  memory usage:1467332
Epoch: 156	Time elapsed:4887.32 sec
Max  memory usage:1467332
Epoch: 157	Time elapsed:4918.50 sec
Max  memory usage:1467332
Epoch: 158	Time elapsed:4947.50 sec
Max  memory usage:1467332
Epoch: 159	Time elapsed:4976.07 sec
Max  memory usage:1467332
Epoch: 160	Time elapsed:5005.31 sec
Max  memory usage:1467332
Epoch: 161	Time elapsed:5034.65 sec
Max  memory usage:1467332
Epoch: 162	Time elapsed:5065.63 sec
Max  memory usage:1467332
Epoch: 163	Time elapsed:5097.91 sec
Max  memory usage:1467332
Epoch: 164	Time elapsed:5126.57 sec
Max  memory usage:1467332
Epoch: 165	Time elapsed:5158.13 sec
Max  memory usage:1467332
Epoch: 166	Time elapsed:5189.95 sec
Max  memory usage:1467332
Epoch: 167	Time elapsed:5219.53 sec
Max  memory usage:1467332
Epoch: 168	Time elapsed:5247.41 sec
Max  memory usage:1467332
Epoch: 169	Time elapsed:5277.17 sec
Max  memory usage:1467332
Epoch: 170	Time elapsed:5309.52 sec
Max  memory usage:1467332
Epoch: 171	Time elapsed:5337.54 sec
Max  memory usage:1467332
Epoch: 172	Time elapsed:5365.63 sec
Max  memory usage:1467332
Epoch: 173	Time elapsed:5394.16 sec
Max  memory usage:1467332
Epoch: 174	Time elapsed:5422.00 sec
Max  memory usage:1467332
Epoch: 175	Time elapsed:5454.98 sec
Max  memory usage:1467332
Epoch: 176	Time elapsed:5486.41 sec
Max  memory usage:1467332
Epoch: 177	Time elapsed:5515.12 sec
Max  memory usage:1467332
Epoch: 178	Time elapsed:5544.13 sec
Max  memory usage:1467332
Epoch: 179	Time elapsed:5571.55 sec
Max  memory usage:1467332
Epoch: 180	Time elapsed:5601.42 sec
Max  memory usage:1467332
Epoch: 181	Time elapsed:5628.45 sec
Max  memory usage:1467332
Epoch: 182	Time elapsed:5657.09 sec
Max  memory usage:1467332
Epoch: 183	Time elapsed:5685.95 sec
Max  memory usage:1467332
Epoch: 184	Time elapsed:5716.80 sec
Max  memory usage:1467332
Epoch: 185	Time elapsed:5746.56 sec
Max  memory usage:1467332
Epoch: 186	Time elapsed:5775.32 sec
Max  memory usage:1467332
Epoch: 187	Time elapsed:5804.79 sec
Max  memory usage:1467332
Epoch: 188	Time elapsed:5835.42 sec
Max  memory usage:1467332
Epoch: 189	Time elapsed:5864.36 sec
Max  memory usage:1467332
Epoch: 190	Time elapsed:5893.92 sec
Max  memory usage:1467332
Epoch: 191	Time elapsed:5920.71 sec
Max  memory usage:1467332
Epoch: 192	Time elapsed:5949.60 sec
Max  memory usage:1467332
Epoch: 193	Time elapsed:5977.38 sec
Max  memory usage:1467332
Epoch: 194	Time elapsed:6006.12 sec
Max  memory usage:1467332
Epoch: 195	Time elapsed:6038.21 sec
Max  memory usage:1467332
Epoch: 196	Time elapsed:6068.04 sec
Max  memory usage:1467332
Epoch: 197	Time elapsed:6098.63 sec
Max  memory usage:1467332
Epoch: 198	Time elapsed:6127.00 sec
Max  memory usage:1467332
Epoch: 199	Time elapsed:6156.93 sec
Max  memory usage:1467332
Epoch: 200	Time elapsed:6184.66 sec
Max  memory usage:1467332
Epoch: 201	Time elapsed:6213.67 sec
Max  memory usage:1467332
Epoch: 202	Time elapsed:6242.66 sec
Max  memory usage:1467332
Epoch: 203	Time elapsed:6270.36 sec
Max  memory usage:1467332
Epoch: 204	Time elapsed:6297.70 sec
Max  memory usage:1467332
Epoch: 205	Time elapsed:6326.65 sec
Max  memory usage:1467332
Epoch: 206	Time elapsed:6357.54 sec
Max  memory usage:1467332
Epoch: 207	Time elapsed:6386.38 sec
Max  memory usage:1467332
Epoch: 208	Time elapsed:6414.18 sec
Max  memory usage:1467332
Epoch: 209	Time elapsed:6444.49 sec
Max  memory usage:1467332
Epoch: 210	Time elapsed:6472.71 sec
Max  memory usage:1467332
Epoch: 211	Time elapsed:6501.41 sec
Max  memory usage:1467332
Epoch: 212	Time elapsed:6528.66 sec
Max  memory usage:1467332
Epoch: 213	Time elapsed:6556.47 sec
Max  memory usage:1467332
Epoch: 214	Time elapsed:6584.27 sec
Max  memory usage:1467332
Epoch: 215	Time elapsed:6612.44 sec
Max  memory usage:1467332
Epoch: 216	Time elapsed:6641.37 sec
Max  memory usage:1467332
Epoch: 217	Time elapsed:6672.22 sec
Max  memory usage:1467332
Epoch: 218	Time elapsed:6700.45 sec
Max  memory usage:1467332
Epoch: 219	Time elapsed:6729.12 sec
Max  memory usage:1467332
Epoch: 220	Time elapsed:6757.79 sec
Max  memory usage:1467332
Epoch: 221	Time elapsed:6785.79 sec
Max  memory usage:1467332
Epoch: 222	Time elapsed:6812.59 sec
Max  memory usage:1467332
Epoch: 223	Time elapsed:6839.98 sec
Max  memory usage:1467332
Epoch: 224	Time elapsed:6868.95 sec
Max  memory usage:1467332
Epoch: 225	Time elapsed:6897.45 sec
Max  memory usage:1467332
Epoch: 226	Time elapsed:6924.62 sec
Max  memory usage:1467332
Epoch: 227	Time elapsed:6953.67 sec
Max  memory usage:1467332
Epoch: 228	Time elapsed:6981.66 sec
Max  memory usage:1467332
Epoch: 229	Time elapsed:7010.53 sec
Max  memory usage:1467332
Epoch: 230	Time elapsed:7040.02 sec
Max  memory usage:1467332
Epoch: 231	Time elapsed:7068.67 sec
Max  memory usage:1467332
Epoch: 232	Time elapsed:7097.94 sec
Max  memory usage:1467332
Epoch: 233	Time elapsed:7128.02 sec
Max  memory usage:1467332
Epoch: 234	Time elapsed:7161.29 sec
Max  memory usage:1467332
Epoch: 235	Time elapsed:7190.66 sec
Max  memory usage:1473516
Epoch: 236	Time elapsed:7223.37 sec
Max  memory usage:1473516
Epoch: 237	Time elapsed:7256.15 sec
Max  memory usage:1473516
Epoch: 238	Time elapsed:7288.48 sec
Max  memory usage:1473516
Epoch: 239	Time elapsed:7319.34 sec
Max  memory usage:1473516
Epoch: 240	Time elapsed:7347.87 sec
Max  memory usage:1473516
Epoch: 241	Time elapsed:7376.00 sec
Max  memory usage:1473516
Epoch: 242	Time elapsed:7405.21 sec
Max  memory usage:1473516
Epoch: 243	Time elapsed:7435.34 sec
Max  memory usage:1473516
Epoch: 244	Time elapsed:7465.91 sec
Max  memory usage:1473516
Epoch: 245	Time elapsed:7493.81 sec
Max  memory usage:1473516
Epoch: 246	Time elapsed:7522.40 sec
Max  memory usage:1473516
Epoch: 247	Time elapsed:7553.05 sec
Max  memory usage:1473516
Epoch: 248	Time elapsed:7581.70 sec
Max  memory usage:1473516
Epoch: 249	Time elapsed:7610.71 sec
Max  memory usage:1473516
Epoch: 250	Time elapsed:7640.30 sec
Max  memory usage:1473516
Epoch: 251	Time elapsed:7668.40 sec
Max  memory usage:1473520
Epoch: 252	Time elapsed:7697.44 sec
Max  memory usage:1473520
Epoch: 253	Time elapsed:7725.92 sec
Max  memory usage:1473520
Epoch: 254	Time elapsed:7757.74 sec
Max  memory usage:1473520
Epoch: 255	Time elapsed:7787.83 sec
Max  memory usage:1473524
Epoch: 256	Time elapsed:7816.73 sec
Max  memory usage:1473524
Epoch: 257	Time elapsed:7847.66 sec
Max  memory usage:1473524
Epoch: 258	Time elapsed:7876.75 sec
Max  memory usage:1473524
Epoch: 259	Time elapsed:7907.52 sec
Max  memory usage:1473524
Epoch: 260	Time elapsed:7937.23 sec
Max  memory usage:1473524
Epoch: 261	Time elapsed:7966.00 sec
Max  memory usage:1473524
Epoch: 262	Time elapsed:7994.46 sec
Max  memory usage:1473524
Epoch: 263	Time elapsed:8022.66 sec
Max  memory usage:1473524
Epoch: 264	Time elapsed:8051.38 sec
Max  memory usage:1473524
Epoch: 265	Time elapsed:8079.66 sec
Max  memory usage:1473524
Epoch: 266	Time elapsed:8107.21 sec
Max  memory usage:1473524
Epoch: 267	Time elapsed:8136.51 sec
Max  memory usage:1473524
Epoch: 268	Time elapsed:8166.85 sec
Max  memory usage:1473524
Epoch: 269	Time elapsed:8196.57 sec
Max  memory usage:1473524
Epoch: 270	Time elapsed:8225.43 sec
Max  memory usage:1473524
Epoch: 271	Time elapsed:8254.84 sec
Max  memory usage:1473524
Epoch: 272	Time elapsed:8284.83 sec
Max  memory usage:1473524
Epoch: 273	Time elapsed:8313.36 sec
Max  memory usage:1473524
Epoch: 274	Time elapsed:8341.74 sec
Max  memory usage:1473524
Epoch: 275	Time elapsed:8370.25 sec
Max  memory usage:1473524
Epoch: 276	Time elapsed:8399.68 sec
Max  memory usage:1473524
Epoch: 277	Time elapsed:8428.04 sec
Max  memory usage:1473524
Epoch: 278	Time elapsed:8459.37 sec
Max  memory usage:1473524
Epoch: 279	Time elapsed:8490.08 sec
Max  memory usage:1473524
Epoch: 280	Time elapsed:8519.39 sec
Max  memory usage:1473524
Epoch: 281	Time elapsed:8548.35 sec
Max  memory usage:1473524
Epoch: 282	Time elapsed:8577.88 sec
Max  memory usage:1473524
Epoch: 283	Time elapsed:8608.17 sec
Max  memory usage:1473524
Epoch: 284	Time elapsed:8636.69 sec
Max  memory usage:1479708
Epoch: 285	Time elapsed:8667.13 sec
Max  memory usage:1479708
Epoch: 286	Time elapsed:8696.50 sec
Max  memory usage:1479708
Epoch: 287	Time elapsed:8725.96 sec
Max  memory usage:1479708
Epoch: 288	Time elapsed:8756.02 sec
Max  memory usage:1479708
Epoch: 289	Time elapsed:8784.80 sec
Max  memory usage:1479708
Epoch: 290	Time elapsed:8814.39 sec
Max  memory usage:1479708
Epoch: 291	Time elapsed:8842.13 sec
Max  memory usage:1479708
Epoch: 292	Time elapsed:8871.88 sec
Max  memory usage:1479708
Epoch: 293	Time elapsed:8901.02 sec
Max  memory usage:1479708
Epoch: 294	Time elapsed:8929.60 sec
Max  memory usage:1479708
Epoch: 295	Time elapsed:8957.64 sec
Max  memory usage:1479708
Epoch: 296	Time elapsed:8986.30 sec
Max  memory usage:1479708
Epoch: 297	Time elapsed:9016.28 sec
Max  memory usage:1479708
Epoch: 298	Time elapsed:9048.02 sec
Max  memory usage:1479708
Epoch: 299	Time elapsed:9077.70 sec
Max  memory usage:1479708
Epoch: 300	Time elapsed:9108.05 sec
Max  memory usage:1479708
Epoch: 301	Time elapsed:9137.44 sec
Max  memory usage:1479708
Epoch: 302	Time elapsed:9166.83 sec
Max  memory usage:1479708
Epoch: 303	Time elapsed:9196.31 sec
Max  memory usage:1479708
Epoch: 304	Time elapsed:9225.43 sec
Max  memory usage:1479708
Epoch: 305	Time elapsed:9253.42 sec
Max  memory usage:1479708
Epoch: 306	Time elapsed:9282.59 sec
Max  memory usage:1479708
Epoch: 307	Time elapsed:9311.49 sec
Max  memory usage:1479708
Epoch: 308	Time elapsed:9340.83 sec
Max  memory usage:1479708
Epoch: 309	Time elapsed:9370.50 sec
Max  memory usage:1479708
Epoch: 310	Time elapsed:9399.84 sec
Max  memory usage:1479708
Epoch: 311	Time elapsed:9428.37 sec
Max  memory usage:1479708
Epoch: 312	Time elapsed:9457.66 sec
Max  memory usage:1479708
Epoch: 313	Time elapsed:9485.92 sec
Max  memory usage:1479708
Epoch: 314	Time elapsed:9515.48 sec
Max  memory usage:1479708
Epoch: 315	Time elapsed:9543.78 sec
Max  memory usage:1479708
Epoch: 316	Time elapsed:9572.81 sec
Max  memory usage:1479708
Epoch: 317	Time elapsed:9601.21 sec
Max  memory usage:1479708
Epoch: 318	Time elapsed:9630.21 sec
Max  memory usage:1479708
Epoch: 319	Time elapsed:9660.86 sec
Max  memory usage:1479708
Epoch: 320	Time elapsed:9692.04 sec
Max  memory usage:1479708
Epoch: 321	Time elapsed:9720.93 sec
Max  memory usage:1479708
Epoch: 322	Time elapsed:9749.96 sec
Max  memory usage:1479708
Epoch: 323	Time elapsed:9778.37 sec
Max  memory usage:1479708
Epoch: 324	Time elapsed:9808.57 sec
Max  memory usage:1479708
Epoch: 325	Time elapsed:9839.15 sec
Max  memory usage:1479708
Epoch: 326	Time elapsed:9868.70 sec
Max  memory usage:1479708
Epoch: 327	Time elapsed:9897.26 sec
Max  memory usage:1479708
Epoch: 328	Time elapsed:9927.69 sec
Max  memory usage:1479708
Epoch: 329	Time elapsed:9957.51 sec
Max  memory usage:1479708
Epoch: 330	Time elapsed:9985.81 sec
Max  memory usage:1479708
Epoch: 331	Time elapsed:10015.21 sec
Max  memory usage:1479708
Epoch: 332	Time elapsed:10045.81 sec
Max  memory usage:1479708
Epoch: 333	Time elapsed:10074.94 sec
Max  memory usage:1479708
Epoch: 334	Time elapsed:10104.21 sec
Max  memory usage:1479708
Epoch: 335	Time elapsed:10133.51 sec
Max  memory usage:1479708
Epoch: 336	Time elapsed:10162.65 sec
Max  memory usage:1479708
Epoch: 337	Time elapsed:10190.98 sec
Max  memory usage:1479708
Epoch: 338	Time elapsed:10219.35 sec
Max  memory usage:1479708
Epoch: 339	Time elapsed:10250.10 sec
Max  memory usage:1479708
Epoch: 340	Time elapsed:10277.77 sec
Max  memory usage:1479708
Epoch: 341	Time elapsed:10307.67 sec
Max  memory usage:1479708
Epoch: 342	Time elapsed:10336.27 sec
Max  memory usage:1479708
Epoch: 343	Time elapsed:10364.74 sec
Max  memory usage:1479708
Epoch: 344	Time elapsed:10394.33 sec
Max  memory usage:1479708
Epoch: 345	Time elapsed:10423.24 sec
Max  memory usage:1479708
Epoch: 346	Time elapsed:10449.45 sec
Max  memory usage:1479708
Epoch: 347	Time elapsed:10477.15 sec
Max  memory usage:1479708
Epoch: 348	Time elapsed:10506.12 sec
Max  memory usage:1479712
Epoch: 349	Time elapsed:10533.61 sec
Max  memory usage:1479712
Epoch: 350	Time elapsed:10563.83 sec
Max  memory usage:1479712
Epoch: 351	Time elapsed:10592.92 sec
Max  memory usage:1479712
Epoch: 352	Time elapsed:10621.67 sec
Max  memory usage:1479712
Epoch: 353	Time elapsed:10650.25 sec
Max  memory usage:1479712
Epoch: 354	Time elapsed:10679.44 sec
Max  memory usage:1479712
Epoch: 355	Time elapsed:10707.80 sec
Max  memory usage:1479712
Epoch: 356	Time elapsed:10739.14 sec
Max  memory usage:1479712
Epoch: 357	Time elapsed:10768.15 sec
Max  memory usage:1479752
Epoch: 358	Time elapsed:10796.54 sec
Max  memory usage:1479752
Epoch: 359	Time elapsed:10825.41 sec
Max  memory usage:1479752
Epoch: 360	Time elapsed:10855.67 sec
Max  memory usage:1479752
Epoch: 361	Time elapsed:10884.75 sec
Max  memory usage:1479752
Epoch: 362	Time elapsed:10914.47 sec
Max  memory usage:1479752
Epoch: 363	Time elapsed:10942.92 sec
Max  memory usage:1479752
Epoch: 364	Time elapsed:10972.03 sec
Max  memory usage:1479752
Epoch: 365	Time elapsed:11000.16 sec
Max  memory usage:1479752
Epoch: 366	Time elapsed:11029.26 sec
Max  memory usage:1479752
Epoch: 367	Time elapsed:11058.55 sec
Max  memory usage:1479752
Epoch: 368	Time elapsed:11089.01 sec
Max  memory usage:1479752
Epoch: 369	Time elapsed:11118.93 sec
Max  memory usage:1479752
Epoch: 370	Time elapsed:11147.79 sec
Max  memory usage:1479752
Epoch: 371	Time elapsed:11177.26 sec
Max  memory usage:1479752
Epoch: 372	Time elapsed:11207.34 sec
Max  memory usage:1479752
Epoch: 373	Time elapsed:11236.26 sec
Max  memory usage:1479756
Epoch: 374	Time elapsed:11265.27 sec
Max  memory usage:1479756
Epoch: 375	Time elapsed:11295.74 sec
Max  memory usage:1479756
Epoch: 376	Time elapsed:11324.34 sec
Max  memory usage:1479756
Epoch: 377	Time elapsed:11352.77 sec
Max  memory usage:1479756
Epoch: 378	Time elapsed:11382.24 sec
Max  memory usage:1479756
Epoch: 379	Time elapsed:11410.80 sec
Max  memory usage:1479756
Epoch: 380	Time elapsed:11440.85 sec
Max  memory usage:1479756
Epoch: 381	Time elapsed:11472.14 sec
Max  memory usage:1479756
Epoch: 382	Time elapsed:11502.37 sec
Max  memory usage:1479756
Epoch: 383	Time elapsed:11529.82 sec
Max  memory usage:1479756
Epoch: 384	Time elapsed:11559.17 sec
Max  memory usage:1479756
Epoch: 385	Time elapsed:11588.95 sec
Max  memory usage:1479756
Epoch: 386	Time elapsed:11617.36 sec
Max  memory usage:1479756
Epoch: 387	Time elapsed:11644.98 sec
Max  memory usage:1479756
Epoch: 388	Time elapsed:11674.80 sec
Max  memory usage:1479760
Epoch: 389	Time elapsed:11702.62 sec
Max  memory usage:1479760
Epoch: 390	Time elapsed:11732.42 sec
Max  memory usage:1479760
Epoch: 391	Time elapsed:11762.88 sec
Max  memory usage:1479760
Epoch: 392	Time elapsed:11793.51 sec
Max  memory usage:1479760
Epoch: 393	Time elapsed:11821.99 sec
Max  memory usage:1479760
Epoch: 394	Time elapsed:11850.93 sec
Max  memory usage:1479760
Epoch: 395	Time elapsed:11879.26 sec
Max  memory usage:1479760
Epoch: 396	Time elapsed:11907.75 sec
Max  memory usage:1479760
Epoch: 397	Time elapsed:11936.69 sec
Max  memory usage:1479760
Epoch: 398	Time elapsed:11965.26 sec
Max  memory usage:1479760
Epoch: 399	Time elapsed:11993.04 sec
Max  memory usage:1479760
Epoch: 400	Time elapsed:12020.27 sec
Max  memory usage:1479760
Epoch: 401	Time elapsed:12050.70 sec
Max  memory usage:1479760
Epoch: 402	Time elapsed:12080.62 sec
Max  memory usage:1479760
Epoch: 403	Time elapsed:12110.07 sec
Max  memory usage:1479760
Epoch: 404	Time elapsed:12138.23 sec
Max  memory usage:1479760
Epoch: 405	Time elapsed:12168.44 sec
Max  memory usage:1479760
Epoch: 406	Time elapsed:12196.74 sec
Max  memory usage:1479760
Epoch: 407	Time elapsed:12225.33 sec
Max  memory usage:1479760
Epoch: 408	Time elapsed:12254.08 sec
Max  memory usage:1479760
Epoch: 409	Time elapsed:12282.78 sec
Max  memory usage:1479760
Epoch: 410	Time elapsed:12311.45 sec
Max  memory usage:1479760
Epoch: 411	Time elapsed:12339.93 sec
Max  memory usage:1479760
Epoch: 412	Time elapsed:12371.96 sec
Max  memory usage:1479760
Epoch: 413	Time elapsed:12401.20 sec
Max  memory usage:1479760
Epoch: 414	Time elapsed:12430.29 sec
Max  memory usage:1479760
Epoch: 415	Time elapsed:12459.89 sec
Max  memory usage:1479760
Epoch: 416	Time elapsed:12487.61 sec
Max  memory usage:1479760
Epoch: 417	Time elapsed:12517.32 sec
Max  memory usage:1479760
Epoch: 418	Time elapsed:12545.96 sec
Max  memory usage:1479760
Epoch: 419	Time elapsed:12576.39 sec
Max  memory usage:1479760
Epoch: 420	Time elapsed:12604.52 sec
Max  memory usage:1479760
Epoch: 421	Time elapsed:12633.20 sec
Max  memory usage:1479760
Epoch: 422	Time elapsed:12663.41 sec
Max  memory usage:1479760
Epoch: 423	Time elapsed:12694.09 sec
Max  memory usage:1479760
Epoch: 424	Time elapsed:12722.89 sec
Max  memory usage:1479760
Epoch: 425	Time elapsed:12750.78 sec
Max  memory usage:1479760
Epoch: 426	Time elapsed:12779.66 sec
Max  memory usage:1479760
Epoch: 427	Time elapsed:12808.39 sec
Max  memory usage:1479760
Epoch: 428	Time elapsed:12837.08 sec
Max  memory usage:1479760
Epoch: 429	Time elapsed:12867.19 sec
Max  memory usage:1479760
Epoch: 430	Time elapsed:12896.25 sec
Max  memory usage:1479760
Epoch: 431	Time elapsed:12924.05 sec
Max  memory usage:1479760
Epoch: 432	Time elapsed:12955.05 sec
Max  memory usage:1479760
Epoch: 433	Time elapsed:12984.81 sec
Max  memory usage:1479760
Epoch: 434	Time elapsed:13014.03 sec
Max  memory usage:1479760
Epoch: 435	Time elapsed:13043.19 sec
Max  memory usage:1479760
Epoch: 436	Time elapsed:13072.63 sec
Max  memory usage:1479760
Epoch: 437	Time elapsed:13100.55 sec
Max  memory usage:1479760
Epoch: 438	Time elapsed:13129.64 sec
Max  memory usage:1479760
Epoch: 439	Time elapsed:13158.00 sec
Max  memory usage:1479760
Epoch: 440	Time elapsed:13185.62 sec
Max  memory usage:1479760
Epoch: 441	Time elapsed:13214.11 sec
Max  memory usage:1479760
Epoch: 442	Time elapsed:13244.11 sec
Max  memory usage:1479760
Epoch: 443	Time elapsed:13273.82 sec
Max  memory usage:1479760
Epoch: 444	Time elapsed:13302.93 sec
Max  memory usage:1479760
Epoch: 445	Time elapsed:13331.45 sec
Max  memory usage:1479760
Epoch: 446	Time elapsed:13358.89 sec
Max  memory usage:1479760
Epoch: 447	Time elapsed:13387.93 sec
Max  memory usage:1479760
Epoch: 448	Time elapsed:13416.14 sec
Max  memory usage:1479760
Epoch: 449	Time elapsed:13445.33 sec
Max  memory usage:1479760
Epoch: 450	Time elapsed:13474.22 sec
Max  memory usage:1479760
Epoch: 451	Time elapsed:13503.61 sec
Max  memory usage:1479760
Epoch: 452	Time elapsed:13532.76 sec
Max  memory usage:1479760
Epoch: 453	Time elapsed:13562.15 sec
Max  memory usage:1479760
Epoch: 454	Time elapsed:13591.23 sec
Max  memory usage:1479892
Epoch: 455	Time elapsed:13620.87 sec
Max  memory usage:1481380
Epoch: 456	Time elapsed:13650.71 sec
Max  memory usage:1481388
Epoch: 457	Time elapsed:13680.40 sec
Max  memory usage:1481396
Epoch: 458	Time elapsed:13708.22 sec
Max  memory usage:1481420
Epoch: 459	Time elapsed:13737.13 sec
Max  memory usage:1481440
Epoch: 460	Time elapsed:13767.23 sec
Max  memory usage:1481448
Epoch: 461	Time elapsed:13796.51 sec
Max  memory usage:1481472
Epoch: 462	Time elapsed:13826.13 sec
Max  memory usage:1481484
Epoch: 463	Time elapsed:13858.63 sec
Max  memory usage:1481492
Epoch: 464	Time elapsed:13888.15 sec
Max  memory usage:1481500
Epoch: 465	Time elapsed:13915.82 sec
Max  memory usage:1481500
Epoch: 466	Time elapsed:13944.55 sec
Max  memory usage:1481508
Epoch: 467	Time elapsed:13972.63 sec
Max  memory usage:1481508
Epoch: 468	Time elapsed:14001.91 sec
Max  memory usage:1481520
Epoch: 469	Time elapsed:14031.38 sec
Max  memory usage:1481552
Epoch: 470	Time elapsed:14058.73 sec
Max  memory usage:1481572
Epoch: 471	Time elapsed:14087.60 sec
Max  memory usage:1481600
Epoch: 472	Time elapsed:14115.74 sec
Max  memory usage:1481600
Epoch: 473	Time elapsed:14145.53 sec
Max  memory usage:1481600
Epoch: 474	Time elapsed:14174.44 sec
Max  memory usage:1481600
Epoch: 475	Time elapsed:14204.16 sec
Max  memory usage:1481600
Epoch: 476	Time elapsed:14232.98 sec
Max  memory usage:1483640
Epoch: 477	Time elapsed:14261.68 sec
Max  memory usage:1483640
Epoch: 478	Time elapsed:14290.35 sec
Max  memory usage:1483640
Epoch: 479	Time elapsed:14318.21 sec
Max  memory usage:1483640
Epoch: 480	Time elapsed:14346.16 sec
Max  memory usage:1483640
Epoch: 481	Time elapsed:14374.37 sec
Max  memory usage:1483640
Epoch: 482	Time elapsed:14401.71 sec
Max  memory usage:1483640
Epoch: 483	Time elapsed:14429.10 sec
Max  memory usage:1483640
Epoch: 484	Time elapsed:14458.99 sec
Max  memory usage:1483640
Epoch: 485	Time elapsed:14492.50 sec
Max  memory usage:1483640
Epoch: 486	Time elapsed:14524.77 sec
Max  memory usage:1483640
Epoch: 487	Time elapsed:14553.64 sec
Max  memory usage:1483640
Epoch: 488	Time elapsed:14582.48 sec
Max  memory usage:1483640
Epoch: 489	Time elapsed:14609.82 sec
Max  memory usage:1483640
Epoch: 490	Time elapsed:14637.75 sec
Max  memory usage:1483640
Epoch: 491	Time elapsed:14667.08 sec
Max  memory usage:1483640
Epoch: 492	Time elapsed:14694.45 sec
Max  memory usage:1483640
Epoch: 493	Time elapsed:14722.43 sec
Max  memory usage:1483640
Epoch: 494	Time elapsed:14751.36 sec
Max  memory usage:1483640
Epoch: 495	Time elapsed:14779.78 sec
Max  memory usage:1483644
Epoch: 496	Time elapsed:14807.38 sec
Max  memory usage:1483644
Epoch: 497	Time elapsed:14834.10 sec
Max  memory usage:1483644
Epoch: 498	Time elapsed:14865.36 sec
Max  memory usage:1483644
Epoch: 499	Time elapsed:14894.98 sec
Saving Graph of loss function
Saving Latent space
Loading saved model...
