000 (6203219.011.000) 2020-05-26 09:44:28 Job submitted from host: <128.104.101.92:9618?addrs=128.104.101.92-9618+[2607-f388-107c-501-a236-9fff-fe3c-caa8]-9618&alias=submit2.chtc.wisc.edu&noUDP&sock=schedd_3841921_d3c3>
...
040 (6203219.011.000) 2020-05-27 03:10:38 Started transferring input files
	Transferring to host: <128.105.244.149:9618?addrs=128.105.244.149-9618&alias=gpulab2003.chtc.wisc.edu&noUDP&sock=slot1_7_6111_8092_1558>
...
040 (6203219.011.000) 2020-05-27 03:10:39 Finished transferring input files
...
001 (6203219.011.000) 2020-05-27 03:10:40 Job executing on host: <128.105.244.149:9618?addrs=128.105.244.149-9618&alias=gpulab2003.chtc.wisc.edu&noUDP&sock=startd_4749_ff5a>
...
006 (6203219.011.000) 2020-05-27 03:10:49 Image size of job updated: 562
	562  -  MemoryUsage of job (MB)
	576280  -  ResidentSetSize of job (KB)
...
006 (6203219.011.000) 2020-05-27 03:15:50 Image size of job updated: 1045
	1045  -  MemoryUsage of job (MB)
	1070228  -  ResidentSetSize of job (KB)
...
006 (6203219.011.000) 2020-05-27 03:20:51 Image size of job updated: 1045
	1045  -  MemoryUsage of job (MB)
	1070232  -  ResidentSetSize of job (KB)
...
006 (6203219.011.000) 2020-05-27 03:30:52 Image size of job updated: 1045
	1045  -  MemoryUsage of job (MB)
	1070284  -  ResidentSetSize of job (KB)
...
006 (6203219.011.000) 2020-05-27 03:35:52 Image size of job updated: 1045
	1045  -  MemoryUsage of job (MB)
	1070480  -  ResidentSetSize of job (KB)
...
006 (6203219.011.000) 2020-05-27 03:40:52 Image size of job updated: 1045
	1045  -  MemoryUsage of job (MB)
	1070484  -  ResidentSetSize of job (KB)
...
006 (6203219.011.000) 2020-05-27 03:45:53 Image size of job updated: 1045
	1045  -  MemoryUsage of job (MB)
	1070536  -  ResidentSetSize of job (KB)
...
006 (6203219.011.000) 2020-05-27 03:55:54 Image size of job updated: 1051
	1051  -  MemoryUsage of job (MB)
	1076628  -  ResidentSetSize of job (KB)
...
006 (6203219.011.000) 2020-05-27 04:00:54 Image size of job updated: 1051
	1051  -  MemoryUsage of job (MB)
	1076632  -  ResidentSetSize of job (KB)
...
006 (6203219.011.000) 2020-05-27 04:10:55 Image size of job updated: 1051
	1051  -  MemoryUsage of job (MB)
	1076636  -  ResidentSetSize of job (KB)
...
006 (6203219.011.000) 2020-05-27 04:15:55 Image size of job updated: 1051
	1051  -  MemoryUsage of job (MB)
	1076640  -  ResidentSetSize of job (KB)
...
006 (6203219.011.000) 2020-05-27 04:20:55 Image size of job updated: 1051
	1051  -  MemoryUsage of job (MB)
	1076644  -  ResidentSetSize of job (KB)
...
006 (6203219.011.000) 2020-05-27 05:16:01 Image size of job updated: 1051
	1051  -  MemoryUsage of job (MB)
	1076652  -  ResidentSetSize of job (KB)
...
006 (6203219.011.000) 2020-05-27 06:01:06 Image size of job updated: 1051
	1051  -  MemoryUsage of job (MB)
	1076660  -  ResidentSetSize of job (KB)
...
006 (6203219.011.000) 2020-05-27 06:16:09 Image size of job updated: 1051
	1051  -  MemoryUsage of job (MB)
	1076664  -  ResidentSetSize of job (KB)
...
006 (6203219.011.000) 2020-05-27 06:21:09 Image size of job updated: 1051
	1051  -  MemoryUsage of job (MB)
	1076668  -  ResidentSetSize of job (KB)
...
006 (6203219.011.000) 2020-05-27 06:36:10 Image size of job updated: 1053
	1053  -  MemoryUsage of job (MB)
	1078320  -  ResidentSetSize of job (KB)
...
006 (6203219.011.000) 2020-05-27 06:41:10 Image size of job updated: 1053
	1053  -  MemoryUsage of job (MB)
	1078484  -  ResidentSetSize of job (KB)
...
006 (6203219.011.000) 2020-05-27 06:46:10 Image size of job updated: 1055
	1055  -  MemoryUsage of job (MB)
	1080564  -  ResidentSetSize of job (KB)
...
006 (6203219.011.000) 2020-05-27 07:11:12 Image size of job updated: 1055
	1055  -  MemoryUsage of job (MB)
	1080568  -  ResidentSetSize of job (KB)
...
006 (6203219.011.000) 2020-05-27 07:16:14 Image size of job updated: 10397
	10397  -  MemoryUsage of job (MB)
	10646932  -  ResidentSetSize of job (KB)
...
040 (6203219.011.000) 2020-05-27 07:19:13 Started transferring output files
...
040 (6203219.011.000) 2020-05-27 07:20:19 Finished transferring output files
...
005 (6203219.011.000) 2020-05-27 07:20:21 Job terminated.
	(1) Normal termination (return value 0)
		Usr 0 00:00:00, Sys 0 00:00:00  -  Run Remote Usage
		Usr 0 00:00:00, Sys 0 00:00:00  -  Run Local Usage
		Usr 0 00:00:00, Sys 0 00:00:00  -  Total Remote Usage
		Usr 0 00:00:00, Sys 0 00:00:00  -  Total Local Usage
	4291362816  -  Run Bytes Sent By Job
	16282  -  Run Bytes Received By Job
	4291362816  -  Total Bytes Sent By Job
	16282  -  Total Bytes Received By Job
	Partitionable Resources :      Usage  Request Allocated Assigned
	   Cpus                 :       0.00        1         1 
	   Disk (KB)            : 4213838    10485760  16517554 
	   Gpus (Average)       :       0.05        1         1 "CUDA6"
	   GpusMemory (MB)      :     831                       
	   IoHeavy              :                             0 
	   Memory (MB)          :   10397       20480     20480 

	Job terminated of its own accord at 2020-05-27T12:19:13Z.
...
