000 (6203219.023.000) 2020-05-26 09:44:28 Job submitted from host: <128.104.101.92:9618?addrs=128.104.101.92-9618+[2607-f388-107c-501-a236-9fff-fe3c-caa8]-9618&alias=submit2.chtc.wisc.edu&noUDP&sock=schedd_3841921_d3c3>
...
040 (6203219.023.000) 2020-05-27 05:45:33 Started transferring input files
	Transferring to host: <128.105.244.143:9618?addrs=128.105.244.143-9618&alias=gpulab2001.chtc.wisc.edu&noUDP&sock=slot1_7_6100_c071_1897>
...
040 (6203219.023.000) 2020-05-27 05:45:34 Finished transferring input files
...
001 (6203219.023.000) 2020-05-27 05:45:35 Job executing on host: <128.105.244.143:9618?addrs=128.105.244.143-9618&alias=gpulab2001.chtc.wisc.edu&noUDP&sock=startd_4761_3a7d>
...
006 (6203219.023.000) 2020-05-27 05:45:43 Image size of job updated: 600
	600  -  MemoryUsage of job (MB)
	614992  -  ResidentSetSize of job (KB)
...
006 (6203219.023.000) 2020-05-27 05:50:45 Image size of job updated: 1050
	1050  -  MemoryUsage of job (MB)
	1075380  -  ResidentSetSize of job (KB)
...
006 (6203219.023.000) 2020-05-27 05:55:45 Image size of job updated: 1050
	1050  -  MemoryUsage of job (MB)
	1075384  -  ResidentSetSize of job (KB)
...
006 (6203219.023.000) 2020-05-27 06:05:46 Image size of job updated: 1050
	1050  -  MemoryUsage of job (MB)
	1075388  -  ResidentSetSize of job (KB)
...
006 (6203219.023.000) 2020-05-27 06:10:46 Image size of job updated: 1050
	1050  -  MemoryUsage of job (MB)
	1075392  -  ResidentSetSize of job (KB)
...
006 (6203219.023.000) 2020-05-27 06:15:47 Image size of job updated: 1050
	1050  -  MemoryUsage of job (MB)
	1075396  -  ResidentSetSize of job (KB)
...
006 (6203219.023.000) 2020-05-27 06:20:47 Image size of job updated: 1050
	1050  -  MemoryUsage of job (MB)
	1075400  -  ResidentSetSize of job (KB)
...
006 (6203219.023.000) 2020-05-27 06:35:49 Image size of job updated: 1050
	1050  -  MemoryUsage of job (MB)
	1075404  -  ResidentSetSize of job (KB)
...
006 (6203219.023.000) 2020-05-27 06:45:51 Image size of job updated: 1050
	1050  -  MemoryUsage of job (MB)
	1075408  -  ResidentSetSize of job (KB)
...
006 (6203219.023.000) 2020-05-27 06:50:52 Image size of job updated: 1050
	1050  -  MemoryUsage of job (MB)
	1075412  -  ResidentSetSize of job (KB)
...
006 (6203219.023.000) 2020-05-27 06:55:52 Image size of job updated: 1050
	1050  -  MemoryUsage of job (MB)
	1075608  -  ResidentSetSize of job (KB)
...
006 (6203219.023.000) 2020-05-27 07:40:56 Image size of job updated: 1050
	1050  -  MemoryUsage of job (MB)
	1075612  -  ResidentSetSize of job (KB)
...
006 (6203219.023.000) 2020-05-27 07:45:57 Image size of job updated: 1055
	1055  -  MemoryUsage of job (MB)
	1081076  -  ResidentSetSize of job (KB)
...
006 (6203219.023.000) 2020-05-27 08:26:02 Image size of job updated: 1055
	1055  -  MemoryUsage of job (MB)
	1081080  -  ResidentSetSize of job (KB)
...
006 (6203219.023.000) 2020-05-27 08:36:03 Image size of job updated: 1057
	1057  -  MemoryUsage of job (MB)
	1082832  -  ResidentSetSize of job (KB)
...
006 (6203219.023.000) 2020-05-27 08:41:03 Image size of job updated: 1057
	1057  -  MemoryUsage of job (MB)
	1082988  -  ResidentSetSize of job (KB)
...
006 (6203219.023.000) 2020-05-27 08:46:05 Image size of job updated: 1059
	1059  -  MemoryUsage of job (MB)
	1085028  -  ResidentSetSize of job (KB)
...
006 (6203219.023.000) 2020-05-27 09:26:07 Image size of job updated: 4909
	4909  -  MemoryUsage of job (MB)
	5026944  -  ResidentSetSize of job (KB)
...
040 (6203219.023.000) 2020-05-27 09:27:20 Started transferring output files
...
040 (6203219.023.000) 2020-05-27 09:27:45 Finished transferring output files
...
005 (6203219.023.000) 2020-05-27 09:27:47 Job terminated.
	(1) Normal termination (return value 0)
		Usr 0 00:00:00, Sys 0 00:00:00  -  Run Remote Usage
		Usr 0 00:00:00, Sys 0 00:00:00  -  Run Local Usage
		Usr 0 00:00:00, Sys 0 00:00:00  -  Total Remote Usage
		Usr 0 00:00:00, Sys 0 00:00:00  -  Total Local Usage
	1705566592  -  Run Bytes Sent By Job
	16282  -  Run Bytes Received By Job
	1705566592  -  Total Bytes Sent By Job
	16282  -  Total Bytes Received By Job
	Partitionable Resources :      Usage  Request Allocated Assigned
	   Cpus                 :       0           1         1 
	   Disk (KB)            : 1688647    10485760  16441762 
	   Gpus (Average)       :       0.03        1         1 "CUDA6"
	   GpusMemory (MB)      :     687                       
	   IoHeavy              :                             0 
	   Memory (MB)          :    4909       20480     20480 

	Job terminated of its own accord at 2020-05-27T14:27:19Z.
...
