000 (6203219.003.000) 2020-05-26 09:44:28 Job submitted from host: <128.104.101.92:9618?addrs=128.104.101.92-9618+[2607-f388-107c-501-a236-9fff-fe3c-caa8]-9618&alias=submit2.chtc.wisc.edu&noUDP&sock=schedd_3841921_d3c3>
...
040 (6203219.003.000) 2020-05-26 20:30:42 Started transferring input files
	Transferring to host: <128.105.244.149:9618?addrs=128.105.244.149-9618&alias=gpulab2003.chtc.wisc.edu&noUDP&sock=slot1_5_6111_8092_686>
...
040 (6203219.003.000) 2020-05-26 20:30:42 Finished transferring input files
...
001 (6203219.003.000) 2020-05-26 20:30:43 Job executing on host: <128.105.244.149:9618?addrs=128.105.244.149-9618&alias=gpulab2003.chtc.wisc.edu&noUDP&sock=startd_4749_ff5a>
...
006 (6203219.003.000) 2020-05-26 20:30:55 Image size of job updated: 152
	152  -  MemoryUsage of job (MB)
	155824  -  ResidentSetSize of job (KB)
...
006 (6203219.003.000) 2020-05-26 20:35:56 Image size of job updated: 1043
	1043  -  MemoryUsage of job (MB)
	1068996  -  ResidentSetSize of job (KB)
...
006 (6203219.003.000) 2020-05-26 20:40:57 Image size of job updated: 1043
	1043  -  MemoryUsage of job (MB)
	1069000  -  ResidentSetSize of job (KB)
...
006 (6203219.003.000) 2020-05-26 20:56:00 Image size of job updated: 1043
	1043  -  MemoryUsage of job (MB)
	1069008  -  ResidentSetSize of job (KB)
...
006 (6203219.003.000) 2020-05-26 21:01:00 Image size of job updated: 1043
	1043  -  MemoryUsage of job (MB)
	1069012  -  ResidentSetSize of job (KB)
...
006 (6203219.003.000) 2020-05-26 21:11:01 Image size of job updated: 1043
	1043  -  MemoryUsage of job (MB)
	1069016  -  ResidentSetSize of job (KB)
...
006 (6203219.003.000) 2020-05-26 21:26:02 Image size of job updated: 1050
	1050  -  MemoryUsage of job (MB)
	1075204  -  ResidentSetSize of job (KB)
...
006 (6203219.003.000) 2020-05-26 21:31:02 Image size of job updated: 1050
	1050  -  MemoryUsage of job (MB)
	1075208  -  ResidentSetSize of job (KB)
...
006 (6203219.003.000) 2020-05-26 21:36:03 Image size of job updated: 1050
	1050  -  MemoryUsage of job (MB)
	1075212  -  ResidentSetSize of job (KB)
...
006 (6203219.003.000) 2020-05-26 21:41:04 Image size of job updated: 1050
	1050  -  MemoryUsage of job (MB)
	1075216  -  ResidentSetSize of job (KB)
...
006 (6203219.003.000) 2020-05-26 22:41:11 Image size of job updated: 1050
	1050  -  MemoryUsage of job (MB)
	1075224  -  ResidentSetSize of job (KB)
...
006 (6203219.003.000) 2020-05-26 23:06:13 Image size of job updated: 1056
	1056  -  MemoryUsage of job (MB)
	1081408  -  ResidentSetSize of job (KB)
...
006 (6203219.003.000) 2020-05-26 23:31:16 Image size of job updated: 1056
	1056  -  MemoryUsage of job (MB)
	1081416  -  ResidentSetSize of job (KB)
...
006 (6203219.003.000) 2020-05-26 23:41:16 Image size of job updated: 1056
	1056  -  MemoryUsage of job (MB)
	1081420  -  ResidentSetSize of job (KB)
...
006 (6203219.003.000) 2020-05-26 23:51:17 Image size of job updated: 1056
	1056  -  MemoryUsage of job (MB)
	1081424  -  ResidentSetSize of job (KB)
...
006 (6203219.003.000) 2020-05-27 00:21:23 Image size of job updated: 1057
	1057  -  MemoryUsage of job (MB)
	1083124  -  ResidentSetSize of job (KB)
...
006 (6203219.003.000) 2020-05-27 00:26:24 Image size of job updated: 1057
	1057  -  MemoryUsage of job (MB)
	1083264  -  ResidentSetSize of job (KB)
...
006 (6203219.003.000) 2020-05-27 00:31:25 Image size of job updated: 1059
	1059  -  MemoryUsage of job (MB)
	1085328  -  ResidentSetSize of job (KB)
...
006 (6203219.003.000) 2020-05-27 00:46:25 Image size of job updated: 2651
	2651  -  MemoryUsage of job (MB)
	2715104  -  ResidentSetSize of job (KB)
...
006 (6203219.003.000) 2020-05-27 00:49:04 Image size of job updated: 4908
	4908  -  MemoryUsage of job (MB)
	5026496  -  ResidentSetSize of job (KB)
...
040 (6203219.003.000) 2020-05-27 00:49:04 Started transferring output files
...
040 (6203219.003.000) 2020-05-27 00:49:32 Finished transferring output files
...
005 (6203219.003.000) 2020-05-27 00:49:33 Job terminated.
	(1) Normal termination (return value 0)
		Usr 0 00:00:00, Sys 0 00:00:00  -  Run Remote Usage
		Usr 0 00:00:00, Sys 0 00:00:00  -  Run Local Usage
		Usr 0 00:00:00, Sys 0 00:00:00  -  Total Remote Usage
		Usr 0 00:00:00, Sys 0 00:00:00  -  Total Local Usage
	1766744320  -  Run Bytes Sent By Job
	16282  -  Run Bytes Received By Job
	1766744320  -  Total Bytes Sent By Job
	16282  -  Total Bytes Received By Job
	Partitionable Resources :      Usage  Request Allocated Assigned
	   Cpus                 :       0.00        1         1 
	   Disk (KB)            : 1748391    10485760  16517554 
	   Gpus (Average)       :       0.08        1         1 "CUDA4"
	   GpusMemory (MB)      :    1071                       
	   IoHeavy              :                             0 
	   Memory (MB)          :    4908       20480     20480 

	Job terminated of its own accord at 2020-05-27T05:49:04Z.
...
