000 (6203219.017.000) 2020-05-26 09:44:28 Job submitted from host: <128.104.101.92:9618?addrs=128.104.101.92-9618+[2607-f388-107c-501-a236-9fff-fe3c-caa8]-9618&alias=submit2.chtc.wisc.edu&noUDP&sock=schedd_3841921_d3c3>
...
040 (6203219.017.000) 2020-05-27 05:01:27 Started transferring input files
	Transferring to host: <128.105.244.146:9618?addrs=128.105.244.146-9618&alias=gpulab2002.chtc.wisc.edu&noUDP&sock=slot1_6_6135_6993_1718>
...
040 (6203219.017.000) 2020-05-27 05:01:27 Finished transferring input files
...
001 (6203219.017.000) 2020-05-27 05:01:28 Job executing on host: <128.105.244.146:9618?addrs=128.105.244.146-9618&alias=gpulab2002.chtc.wisc.edu&noUDP&sock=startd_4871_ade8>
...
006 (6203219.017.000) 2020-05-27 05:01:37 Image size of job updated: 1000
	1000  -  MemoryUsage of job (MB)
	1024964  -  ResidentSetSize of job (KB)
...
006 (6203219.017.000) 2020-05-27 05:06:38 Image size of job updated: 1046
	1046  -  MemoryUsage of job (MB)
	1071264  -  ResidentSetSize of job (KB)
...
006 (6203219.017.000) 2020-05-27 05:11:38 Image size of job updated: 1046
	1046  -  MemoryUsage of job (MB)
	1071268  -  ResidentSetSize of job (KB)
...
006 (6203219.017.000) 2020-05-27 05:16:38 Image size of job updated: 1046
	1046  -  MemoryUsage of job (MB)
	1071272  -  ResidentSetSize of job (KB)
...
006 (6203219.017.000) 2020-05-27 05:21:38 Image size of job updated: 1046
	1046  -  MemoryUsage of job (MB)
	1071280  -  ResidentSetSize of job (KB)
...
006 (6203219.017.000) 2020-05-27 05:31:38 Image size of job updated: 1046
	1046  -  MemoryUsage of job (MB)
	1071284  -  ResidentSetSize of job (KB)
...
006 (6203219.017.000) 2020-05-27 05:41:38 Image size of job updated: 1046
	1046  -  MemoryUsage of job (MB)
	1071288  -  ResidentSetSize of job (KB)
...
006 (6203219.017.000) 2020-05-27 05:46:38 Image size of job updated: 1046
	1046  -  MemoryUsage of job (MB)
	1071292  -  ResidentSetSize of job (KB)
...
006 (6203219.017.000) 2020-05-27 05:51:38 Image size of job updated: 1046
	1046  -  MemoryUsage of job (MB)
	1071296  -  ResidentSetSize of job (KB)
...
006 (6203219.017.000) 2020-05-27 05:56:39 Image size of job updated: 1046
	1046  -  MemoryUsage of job (MB)
	1071300  -  ResidentSetSize of job (KB)
...
006 (6203219.017.000) 2020-05-27 06:36:45 Image size of job updated: 1046
	1046  -  MemoryUsage of job (MB)
	1071308  -  ResidentSetSize of job (KB)
...
006 (6203219.017.000) 2020-05-27 07:06:49 Image size of job updated: 1047
	1047  -  MemoryUsage of job (MB)
	1072956  -  ResidentSetSize of job (KB)
...
006 (6203219.017.000) 2020-05-27 07:11:49 Image size of job updated: 1047
	1047  -  MemoryUsage of job (MB)
	1073096  -  ResidentSetSize of job (KB)
...
006 (6203219.017.000) 2020-05-27 07:16:49 Image size of job updated: 1049
	1049  -  MemoryUsage of job (MB)
	1075188  -  ResidentSetSize of job (KB)
...
006 (6203219.017.000) 2020-05-27 07:21:49 Image size of job updated: 1049
	1049  -  MemoryUsage of job (MB)
	1075192  -  ResidentSetSize of job (KB)
...
006 (6203219.017.000) 2020-05-27 07:26:50 Image size of job updated: 1049
	1049  -  MemoryUsage of job (MB)
	1075196  -  ResidentSetSize of job (KB)
...
006 (6203219.017.000) 2020-05-27 07:41:52 Image size of job updated: 1056
	1056  -  MemoryUsage of job (MB)
	1081380  -  ResidentSetSize of job (KB)
...
006 (6203219.017.000) 2020-05-27 08:01:54 Image size of job updated: 1056
	1056  -  MemoryUsage of job (MB)
	1081384  -  ResidentSetSize of job (KB)
...
006 (6203219.017.000) 2020-05-27 08:03:51 Image size of job updated: 1868
	1868  -  MemoryUsage of job (MB)
	1912944  -  ResidentSetSize of job (KB)
...
040 (6203219.017.000) 2020-05-27 08:03:51 Started transferring output files
...
040 (6203219.017.000) 2020-05-27 08:03:53 Finished transferring output files
...
005 (6203219.017.000) 2020-05-27 08:03:53 Job terminated.
	(1) Normal termination (return value 0)
		Usr 0 00:00:00, Sys 0 00:00:00  -  Run Remote Usage
		Usr 0 00:00:00, Sys 0 00:00:00  -  Run Local Usage
		Usr 0 00:00:00, Sys 0 00:00:00  -  Total Remote Usage
		Usr 0 00:00:00, Sys 0 00:00:00  -  Total Local Usage
	56314488  -  Run Bytes Sent By Job
	16282  -  Run Bytes Received By Job
	56314488  -  Total Bytes Sent By Job
	16282  -  Total Bytes Received By Job
	Partitionable Resources :    Usage  Request Allocated Assigned
	   Cpus                 :     0.01        1         1 
	   Disk (KB)            : 78049    10485760  16518131 
	   Gpus (Average)       :     0.07        1         1 "CUDA5"
	   GpusMemory (MB)      :   827                       
	   IoHeavy              :                           0 
	   Memory (MB)          :  1868       20480     20480 

	Job terminated of its own accord at 2020-05-27T13:03:51Z.
...
