000 (6203219.024.000) 2020-05-26 09:44:28 Job submitted from host: <128.104.101.92:9618?addrs=128.104.101.92-9618+[2607-f388-107c-501-a236-9fff-fe3c-caa8]-9618&alias=submit2.chtc.wisc.edu&noUDP&sock=schedd_3841921_d3c3>
...
040 (6203219.024.000) 2020-05-27 06:36:10 Started transferring input files
	Transferring to host: <128.105.244.143:9618?addrs=128.105.244.143-9618&alias=gpulab2001.chtc.wisc.edu&noUDP&sock=slot1_6_6100_c071_2036>
...
040 (6203219.024.000) 2020-05-27 06:36:11 Finished transferring input files
...
001 (6203219.024.000) 2020-05-27 06:36:12 Job executing on host: <128.105.244.143:9618?addrs=128.105.244.143-9618&alias=gpulab2001.chtc.wisc.edu&noUDP&sock=startd_4761_3a7d>
...
006 (6203219.024.000) 2020-05-27 06:36:20 Image size of job updated: 686
	686  -  MemoryUsage of job (MB)
	703164  -  ResidentSetSize of job (KB)
...
006 (6203219.024.000) 2020-05-27 06:41:20 Image size of job updated: 1045
	1045  -  MemoryUsage of job (MB)
	1070164  -  ResidentSetSize of job (KB)
...
006 (6203219.024.000) 2020-05-27 06:46:20 Image size of job updated: 1045
	1045  -  MemoryUsage of job (MB)
	1070168  -  ResidentSetSize of job (KB)
...
006 (6203219.024.000) 2020-05-27 06:56:21 Image size of job updated: 1045
	1045  -  MemoryUsage of job (MB)
	1070176  -  ResidentSetSize of job (KB)
...
006 (6203219.024.000) 2020-05-27 07:01:21 Image size of job updated: 1045
	1045  -  MemoryUsage of job (MB)
	1070180  -  ResidentSetSize of job (KB)
...
006 (6203219.024.000) 2020-05-27 07:06:22 Image size of job updated: 1045
	1045  -  MemoryUsage of job (MB)
	1070184  -  ResidentSetSize of job (KB)
...
006 (6203219.024.000) 2020-05-27 07:21:25 Image size of job updated: 1045
	1045  -  MemoryUsage of job (MB)
	1070192  -  ResidentSetSize of job (KB)
...
006 (6203219.024.000) 2020-05-27 07:26:26 Image size of job updated: 1045
	1045  -  MemoryUsage of job (MB)
	1070196  -  ResidentSetSize of job (KB)
...
006 (6203219.024.000) 2020-05-27 07:31:26 Image size of job updated: 1045
	1045  -  MemoryUsage of job (MB)
	1070200  -  ResidentSetSize of job (KB)
...
006 (6203219.024.000) 2020-05-27 07:36:27 Image size of job updated: 1045
	1045  -  MemoryUsage of job (MB)
	1070204  -  ResidentSetSize of job (KB)
...
006 (6203219.024.000) 2020-05-27 07:46:27 Image size of job updated: 1050
	1050  -  MemoryUsage of job (MB)
	1075512  -  ResidentSetSize of job (KB)
...
006 (6203219.024.000) 2020-05-27 08:06:28 Image size of job updated: 1050
	1050  -  MemoryUsage of job (MB)
	1075516  -  ResidentSetSize of job (KB)
...
006 (6203219.024.000) 2020-05-27 08:21:30 Image size of job updated: 1050
	1050  -  MemoryUsage of job (MB)
	1075524  -  ResidentSetSize of job (KB)
...
006 (6203219.024.000) 2020-05-27 09:01:35 Image size of job updated: 1050
	1050  -  MemoryUsage of job (MB)
	1075528  -  ResidentSetSize of job (KB)
...
006 (6203219.024.000) 2020-05-27 09:11:36 Image size of job updated: 1050
	1050  -  MemoryUsage of job (MB)
	1075532  -  ResidentSetSize of job (KB)
...
006 (6203219.024.000) 2020-05-27 09:16:36 Image size of job updated: 1051
	1051  -  MemoryUsage of job (MB)
	1077156  -  ResidentSetSize of job (KB)
...
006 (6203219.024.000) 2020-05-27 09:21:37 Image size of job updated: 1052
	1052  -  MemoryUsage of job (MB)
	1077288  -  ResidentSetSize of job (KB)
...
006 (6203219.024.000) 2020-05-27 09:26:37 Image size of job updated: 1054
	1054  -  MemoryUsage of job (MB)
	1079432  -  ResidentSetSize of job (KB)
...
